[2025-12-02T08:18:45.051+0000] {local_task_job_runner.py:123} INFO - ::group::Pre task execution logs
[2025-12-02T08:18:45.071+0000] {taskinstance.py:2612} INFO - Dependencies all met for dep_context=non-requeueable deps ti=<TaskInstance: f1_polesight_pipeline.end_pipeline scheduled__2025-12-01T00:00:00+00:00 [queued]>
[2025-12-02T08:18:45.083+0000] {taskinstance.py:2612} INFO - Dependencies all met for dep_context=requeueable deps ti=<TaskInstance: f1_polesight_pipeline.end_pipeline scheduled__2025-12-01T00:00:00+00:00 [queued]>
[2025-12-02T08:18:45.084+0000] {taskinstance.py:2865} INFO - Starting attempt 1 of 1
[2025-12-02T08:18:45.103+0000] {taskinstance.py:2888} INFO - Executing <Task(BashOperator): end_pipeline> on 2025-12-01 00:00:00+00:00
[2025-12-02T08:18:45.113+0000] {standard_task_runner.py:104} INFO - Running: ['***', 'tasks', 'run', 'f1_polesight_pipeline', 'end_pipeline', 'scheduled__2025-12-01T00:00:00+00:00', '--job-id', '59', '--raw', '--subdir', 'DAGS_FOLDER/f1_pipeline_dag.py', '--cfg-path', '/tmp/tmphx9lthno']
[2025-12-02T08:18:45.118+0000] {standard_task_runner.py:105} INFO - Job 59: Subtask end_pipeline
[2025-12-02T08:18:45.121+0000] {logging_mixin.py:190} WARNING - /home/***/.local/lib/python3.12/site-packages/***/task/task_runner/standard_task_runner.py:70 DeprecationWarning: This process (pid=418) is multi-threaded, use of fork() may lead to deadlocks in the child.
[2025-12-02T08:18:45.122+0000] {standard_task_runner.py:72} INFO - Started process 419 to run task
[2025-12-02T08:18:45.205+0000] {task_command.py:467} INFO - Running <TaskInstance: f1_polesight_pipeline.end_pipeline scheduled__2025-12-01T00:00:00+00:00 [running]> on host 5f0ca9dcc785
[2025-12-02T08:18:45.444+0000] {taskinstance.py:3131} INFO - Exporting env vars: AIRFLOW_CTX_DAG_OWNER='f1_admin' AIRFLOW_CTX_DAG_ID='f1_polesight_pipeline' AIRFLOW_CTX_TASK_ID='end_pipeline' AIRFLOW_CTX_EXECUTION_DATE='2025-12-01T00:00:00+00:00' AIRFLOW_CTX_TRY_NUMBER='1' AIRFLOW_CTX_DAG_RUN_ID='scheduled__2025-12-01T00:00:00+00:00'
[2025-12-02T08:18:45.448+0000] {taskinstance.py:731} INFO - ::endgroup::
[2025-12-02T08:18:45.501+0000] {subprocess.py:63} INFO - Tmp dir root location: /tmp
[2025-12-02T08:18:45.506+0000] {subprocess.py:75} INFO - Running command: ['/usr/bin/bash', '-c', 'echo "Pipeline Selesai! Data Full Tersimpan."']
[2025-12-02T08:18:45.528+0000] {subprocess.py:86} INFO - Output:
[2025-12-02T08:18:45.531+0000] {subprocess.py:93} INFO - Pipeline Selesai! Data Full Tersimpan.
[2025-12-02T08:18:45.533+0000] {subprocess.py:97} INFO - Command exited with return code 0
[2025-12-02T08:18:45.579+0000] {taskinstance.py:340} INFO - ::group::Post task execution logs
[2025-12-02T08:18:45.580+0000] {taskinstance.py:352} INFO - Marking task as SUCCESS. dag_id=f1_polesight_pipeline, task_id=end_pipeline, run_id=scheduled__2025-12-01T00:00:00+00:00, execution_date=20251201T000000, start_date=20251202T081845, end_date=20251202T081845
[2025-12-02T08:18:45.620+0000] {local_task_job_runner.py:266} INFO - Task exited with return code 0
[2025-12-02T08:18:45.641+0000] {taskinstance.py:3900} INFO - 0 downstream tasks scheduled from follow-on schedule check
[2025-12-02T08:18:45.644+0000] {local_task_job_runner.py:245} INFO - ::endgroup::
