[2025-11-30T17:39:11.158+0000] {local_task_job_runner.py:123} INFO - ::group::Pre task execution logs
[2025-11-30T17:39:11.205+0000] {taskinstance.py:2612} INFO - Dependencies all met for dep_context=non-requeueable deps ti=<TaskInstance: f1_polesight_pipeline.run_spark_etl_job manual__2025-11-30T17:39:06.672910+00:00 [queued]>
[2025-11-30T17:39:11.229+0000] {taskinstance.py:2612} INFO - Dependencies all met for dep_context=requeueable deps ti=<TaskInstance: f1_polesight_pipeline.run_spark_etl_job manual__2025-11-30T17:39:06.672910+00:00 [queued]>
[2025-11-30T17:39:11.230+0000] {taskinstance.py:2865} INFO - Starting attempt 1 of 1
[2025-11-30T17:39:11.270+0000] {taskinstance.py:2888} INFO - Executing <Task(BashOperator): run_spark_etl_job> on 2025-11-30 17:39:06.672910+00:00
[2025-11-30T17:39:11.290+0000] {standard_task_runner.py:104} INFO - Running: ['***', 'tasks', 'run', 'f1_polesight_pipeline', 'run_spark_etl_job', 'manual__2025-11-30T17:39:06.672910+00:00', '--job-id', '45', '--raw', '--subdir', 'DAGS_FOLDER/f1_pipeline_dag.py', '--cfg-path', '/tmp/tmpgu8dgxys']
[2025-11-30T17:39:11.301+0000] {standard_task_runner.py:105} INFO - Job 45: Subtask run_spark_etl_job
[2025-11-30T17:39:11.306+0000] {logging_mixin.py:190} WARNING - /home/***/.local/lib/python3.12/site-packages/***/task/task_runner/standard_task_runner.py:70 DeprecationWarning: This process (pid=15252) is multi-threaded, use of fork() may lead to deadlocks in the child.
[2025-11-30T17:39:11.307+0000] {standard_task_runner.py:72} INFO - Started process 15259 to run task
[2025-11-30T17:39:11.491+0000] {task_command.py:467} INFO - Running <TaskInstance: f1_polesight_pipeline.run_spark_etl_job manual__2025-11-30T17:39:06.672910+00:00 [running]> on host 5f0ca9dcc785
[2025-11-30T17:39:11.782+0000] {taskinstance.py:3131} INFO - Exporting env vars: AIRFLOW_CTX_DAG_OWNER='f1_admin' AIRFLOW_CTX_DAG_ID='f1_polesight_pipeline' AIRFLOW_CTX_TASK_ID='run_spark_etl_job' AIRFLOW_CTX_EXECUTION_DATE='2025-11-30T17:39:06.672910+00:00' AIRFLOW_CTX_TRY_NUMBER='1' AIRFLOW_CTX_DAG_RUN_ID='manual__2025-11-30T17:39:06.672910+00:00'
[2025-11-30T17:39:11.784+0000] {taskinstance.py:731} INFO - ::endgroup::
[2025-11-30T17:39:11.855+0000] {subprocess.py:63} INFO - Tmp dir root location: /tmp
[2025-11-30T17:39:11.861+0000] {subprocess.py:75} INFO - Running command: ['/usr/bin/bash', '-c', 'python /opt/***/jobs/etl_process.py']
[2025-11-30T17:39:11.897+0000] {subprocess.py:86} INFO - Output:
[2025-11-30T17:39:14.733+0000] {subprocess.py:93} INFO - /home/***/.local/lib/python3.12/site-packages/pyspark/bin/load-spark-env.sh: line 68: ps: command not found
[2025-11-30T17:39:19.326+0000] {subprocess.py:93} INFO - :: loading settings :: url = jar:file:/home/***/.local/lib/python3.12/site-packages/pyspark/jars/ivy-2.5.1.jar!/org/apache/ivy/core/settings/ivysettings.xml
[2025-11-30T17:39:19.647+0000] {subprocess.py:93} INFO - Ivy Default Cache set to: /home/***/.ivy2/cache
[2025-11-30T17:39:19.650+0000] {subprocess.py:93} INFO - The jars for the packages stored in: /home/***/.ivy2/jars
[2025-11-30T17:39:19.669+0000] {subprocess.py:93} INFO - org.mongodb.spark#mongo-spark-connector_2.12 added as a dependency
[2025-11-30T17:39:19.671+0000] {subprocess.py:93} INFO - org.postgresql#postgresql added as a dependency
[2025-11-30T17:39:19.676+0000] {subprocess.py:93} INFO - :: resolving dependencies :: org.apache.spark#spark-submit-parent-4f20e14f-3f9d-45c1-95d0-d0245d34a1dc;1.0
[2025-11-30T17:39:19.679+0000] {subprocess.py:93} INFO - 	confs: [default]
[2025-11-30T17:39:19.988+0000] {subprocess.py:93} INFO - 	found org.mongodb.spark#mongo-spark-connector_2.12;10.4.0 in central
[2025-11-30T17:39:28.741+0000] {subprocess.py:93} INFO - 	found org.mongodb#mongodb-driver-sync;5.1.4 in central
[2025-11-30T17:39:28.768+0000] {subprocess.py:93} INFO - 	[5.1.4] org.mongodb#mongodb-driver-sync;[5.1.1,5.1.99)
[2025-11-30T17:39:29.180+0000] {subprocess.py:93} INFO - 	found org.mongodb#bson;5.1.4 in central
[2025-11-30T17:39:29.650+0000] {subprocess.py:93} INFO - 	found org.mongodb#mongodb-driver-core;5.1.4 in central
[2025-11-30T17:39:30.027+0000] {subprocess.py:93} INFO - 	found org.mongodb#bson-record-codec;5.1.4 in central
[2025-11-30T17:39:30.224+0000] {subprocess.py:93} INFO - 	found org.postgresql#postgresql;42.6.0 in central
[2025-11-30T17:39:30.282+0000] {subprocess.py:93} INFO - 	found org.checkerframework#checker-qual;3.31.0 in central
[2025-11-30T17:39:30.393+0000] {subprocess.py:93} INFO - :: resolution report :: resolve 10642ms :: artifacts dl 72ms
[2025-11-30T17:39:30.418+0000] {subprocess.py:93} INFO - 	:: modules in use:
[2025-11-30T17:39:30.427+0000] {subprocess.py:93} INFO - 	org.checkerframework#checker-qual;3.31.0 from central in [default]
[2025-11-30T17:39:30.432+0000] {subprocess.py:93} INFO - 	org.mongodb#bson;5.1.4 from central in [default]
[2025-11-30T17:39:30.434+0000] {subprocess.py:93} INFO - 	org.mongodb#bson-record-codec;5.1.4 from central in [default]
[2025-11-30T17:39:30.442+0000] {subprocess.py:93} INFO - 	org.mongodb#mongodb-driver-core;5.1.4 from central in [default]
[2025-11-30T17:39:30.446+0000] {subprocess.py:93} INFO - 	org.mongodb#mongodb-driver-sync;5.1.4 from central in [default]
[2025-11-30T17:39:30.448+0000] {subprocess.py:93} INFO - 	org.mongodb.spark#mongo-spark-connector_2.12;10.4.0 from central in [default]
[2025-11-30T17:39:30.450+0000] {subprocess.py:93} INFO - 	org.postgresql#postgresql;42.6.0 from central in [default]
[2025-11-30T17:39:30.454+0000] {subprocess.py:93} INFO - 	---------------------------------------------------------------------
[2025-11-30T17:39:30.462+0000] {subprocess.py:93} INFO - 	|                  |            modules            ||   artifacts   |
[2025-11-30T17:39:30.463+0000] {subprocess.py:93} INFO - 	|       conf       | number| search|dwnlded|evicted|| number|dwnlded|
[2025-11-30T17:39:30.465+0000] {subprocess.py:93} INFO - 	---------------------------------------------------------------------
[2025-11-30T17:39:30.471+0000] {subprocess.py:93} INFO - 	|      default     |   7   |   1   |   0   |   0   ||   7   |   0   |
[2025-11-30T17:39:30.478+0000] {subprocess.py:93} INFO - 	---------------------------------------------------------------------
[2025-11-30T17:39:30.486+0000] {subprocess.py:93} INFO - :: retrieving :: org.apache.spark#spark-submit-parent-4f20e14f-3f9d-45c1-95d0-d0245d34a1dc
[2025-11-30T17:39:30.490+0000] {subprocess.py:93} INFO - 	confs: [default]
[2025-11-30T17:39:30.527+0000] {subprocess.py:93} INFO - 	0 artifacts copied, 7 already retrieved (0kB/68ms)
[2025-11-30T17:39:31.750+0000] {subprocess.py:93} INFO - 25/11/30 17:39:31 WARN NativeCodeLoader: Unable to load native-hadoop library for your platform... using builtin-java classes where applicable
[2025-11-30T17:39:32.999+0000] {subprocess.py:93} INFO - Setting default log level to "WARN".
[2025-11-30T17:39:33.001+0000] {subprocess.py:93} INFO - To adjust logging level use sc.setLogLevel(newLevel). For SparkR, use setLogLevel(newLevel).
[2025-11-30T17:39:38.613+0000] {subprocess.py:93} INFO - 25/11/30 17:39:38 WARN Utils: Service 'SparkUI' could not bind on port 4040. Attempting port 4041.
[2025-11-30T17:39:49.952+0000] {subprocess.py:93} INFO - 25/11/30 17:39:49 WARN SparkStringUtils: Truncated the string representation of a plan since it was too large. This behavior can be adjusted by setting 'spark.sql.debug.maxToStringFields'.
[2025-11-30T17:40:11.016+0000] {subprocess.py:93} INFO - [Stage 0:>                                                          (0 + 0) / 1]25/11/30 17:40:11 WARN TaskSchedulerImpl: Initial job has not accepted any resources; check your cluster UI to ensure that workers are registered and have sufficient resources
[2025-11-30T17:40:29.990+0000] {subprocess.py:93} INFO - [Stage 0:>                                                          (0 + 1) / 1]                                                                                Spark Session Terhubung!
[2025-11-30T17:40:29.994+0000] {subprocess.py:93} INFO - Extracting Raw Data
[2025-11-30T17:40:29.995+0000] {subprocess.py:93} INFO - Cleaning & Applying COALESCE logic
[2025-11-30T17:40:29.997+0000] {subprocess.py:93} INFO - Menyimpan Data ke PostgreSQL...
[2025-11-30T17:40:29.998+0000] {subprocess.py:93} INFO - Data sudah ditambal dengan COALESCE.
[2025-11-30T17:40:30.683+0000] {subprocess.py:97} INFO - Command exited with return code 0
[2025-11-30T17:40:30.732+0000] {taskinstance.py:340} INFO - ::group::Post task execution logs
[2025-11-30T17:40:30.734+0000] {taskinstance.py:352} INFO - Marking task as SUCCESS. dag_id=f1_polesight_pipeline, task_id=run_spark_etl_job, run_id=manual__2025-11-30T17:39:06.672910+00:00, execution_date=20251130T173906, start_date=20251130T173911, end_date=20251130T174030
[2025-11-30T17:40:30.770+0000] {local_task_job_runner.py:266} INFO - Task exited with return code 0
[2025-11-30T17:40:30.808+0000] {taskinstance.py:3900} INFO - 1 downstream tasks scheduled from follow-on schedule check
[2025-11-30T17:40:30.812+0000] {local_task_job_runner.py:245} INFO - ::endgroup::
