[2025-11-28T07:04:05.522+0000] {local_task_job_runner.py:123} INFO - ::group::Pre task execution logs
[2025-11-28T07:04:05.545+0000] {taskinstance.py:2612} INFO - Dependencies all met for dep_context=non-requeueable deps ti=<TaskInstance: f1_polesight_pipeline.run_spark_etl_job manual__2025-11-28T07:04:01.946827+00:00 [queued]>
[2025-11-28T07:04:05.557+0000] {taskinstance.py:2612} INFO - Dependencies all met for dep_context=requeueable deps ti=<TaskInstance: f1_polesight_pipeline.run_spark_etl_job manual__2025-11-28T07:04:01.946827+00:00 [queued]>
[2025-11-28T07:04:05.558+0000] {taskinstance.py:2865} INFO - Starting attempt 1 of 1
[2025-11-28T07:04:05.580+0000] {taskinstance.py:2888} INFO - Executing <Task(BashOperator): run_spark_etl_job> on 2025-11-28 07:04:01.946827+00:00
[2025-11-28T07:04:05.591+0000] {standard_task_runner.py:104} INFO - Running: ['***', 'tasks', 'run', 'f1_polesight_pipeline', 'run_spark_etl_job', 'manual__2025-11-28T07:04:01.946827+00:00', '--job-id', '26', '--raw', '--subdir', 'DAGS_FOLDER/f1_pipeline_dag.py', '--cfg-path', '/tmp/tmp_n93mxxy']
[2025-11-28T07:04:05.594+0000] {standard_task_runner.py:105} INFO - Job 26: Subtask run_spark_etl_job
[2025-11-28T07:04:05.594+0000] {logging_mixin.py:190} WARNING - /home/***/.local/lib/python3.12/site-packages/***/task/task_runner/standard_task_runner.py:70 DeprecationWarning: This process (pid=3442) is multi-threaded, use of fork() may lead to deadlocks in the child.
[2025-11-28T07:04:05.596+0000] {standard_task_runner.py:72} INFO - Started process 3443 to run task
[2025-11-28T07:04:05.690+0000] {task_command.py:467} INFO - Running <TaskInstance: f1_polesight_pipeline.run_spark_etl_job manual__2025-11-28T07:04:01.946827+00:00 [running]> on host 5f0ca9dcc785
[2025-11-28T07:04:05.926+0000] {taskinstance.py:3131} INFO - Exporting env vars: AIRFLOW_CTX_DAG_OWNER='f1_admin' AIRFLOW_CTX_DAG_ID='f1_polesight_pipeline' AIRFLOW_CTX_TASK_ID='run_spark_etl_job' AIRFLOW_CTX_EXECUTION_DATE='2025-11-28T07:04:01.946827+00:00' AIRFLOW_CTX_TRY_NUMBER='1' AIRFLOW_CTX_DAG_RUN_ID='manual__2025-11-28T07:04:01.946827+00:00'
[2025-11-28T07:04:05.927+0000] {taskinstance.py:731} INFO - ::endgroup::
[2025-11-28T07:04:05.949+0000] {subprocess.py:63} INFO - Tmp dir root location: /tmp
[2025-11-28T07:04:05.951+0000] {subprocess.py:75} INFO - Running command: ['/usr/bin/bash', '-c', 'python /opt/***/jobs/etl_process.py']
[2025-11-28T07:04:05.962+0000] {subprocess.py:86} INFO - Output:
[2025-11-28T07:04:07.328+0000] {subprocess.py:93} INFO - /home/***/.local/lib/python3.12/site-packages/pyspark/bin/load-spark-env.sh: line 68: ps: command not found
[2025-11-28T07:04:09.691+0000] {subprocess.py:93} INFO - :: loading settings :: url = jar:file:/home/***/.local/lib/python3.12/site-packages/pyspark/jars/ivy-2.5.1.jar!/org/apache/ivy/core/settings/ivysettings.xml
[2025-11-28T07:04:09.803+0000] {subprocess.py:93} INFO - Ivy Default Cache set to: /home/***/.ivy2/cache
[2025-11-28T07:04:09.804+0000] {subprocess.py:93} INFO - The jars for the packages stored in: /home/***/.ivy2/jars
[2025-11-28T07:04:09.810+0000] {subprocess.py:93} INFO - org.mongodb.spark#mongo-spark-connector_2.12 added as a dependency
[2025-11-28T07:04:09.811+0000] {subprocess.py:93} INFO - org.postgresql#postgresql added as a dependency
[2025-11-28T07:04:09.813+0000] {subprocess.py:93} INFO - :: resolving dependencies :: org.apache.spark#spark-submit-parent-ea8267f4-6689-40d2-a947-db263b60be67;1.0
[2025-11-28T07:04:09.814+0000] {subprocess.py:93} INFO - 	confs: [default]
[2025-11-28T07:04:10.010+0000] {subprocess.py:93} INFO - 	found org.mongodb.spark#mongo-spark-connector_2.12;10.4.0 in central
[2025-11-28T07:04:12.284+0000] {subprocess.py:93} INFO - 	found org.mongodb#mongodb-driver-sync;5.1.4 in central
[2025-11-28T07:04:12.287+0000] {subprocess.py:93} INFO - 	[5.1.4] org.mongodb#mongodb-driver-sync;[5.1.1,5.1.99)
[2025-11-28T07:04:12.353+0000] {subprocess.py:93} INFO - 	found org.mongodb#bson;5.1.4 in central
[2025-11-28T07:04:12.435+0000] {subprocess.py:93} INFO - 	found org.mongodb#mongodb-driver-core;5.1.4 in central
[2025-11-28T07:04:12.469+0000] {subprocess.py:93} INFO - 	found org.mongodb#bson-record-codec;5.1.4 in central
[2025-11-28T07:04:12.499+0000] {subprocess.py:93} INFO - 	found org.postgresql#postgresql;42.6.0 in central
[2025-11-28T07:04:12.522+0000] {subprocess.py:93} INFO - 	found org.checkerframework#checker-qual;3.31.0 in central
[2025-11-28T07:04:12.559+0000] {subprocess.py:93} INFO - :: resolution report :: resolve 2724ms :: artifacts dl 23ms
[2025-11-28T07:04:12.560+0000] {subprocess.py:93} INFO - 	:: modules in use:
[2025-11-28T07:04:12.561+0000] {subprocess.py:93} INFO - 	org.checkerframework#checker-qual;3.31.0 from central in [default]
[2025-11-28T07:04:12.562+0000] {subprocess.py:93} INFO - 	org.mongodb#bson;5.1.4 from central in [default]
[2025-11-28T07:04:12.563+0000] {subprocess.py:93} INFO - 	org.mongodb#bson-record-codec;5.1.4 from central in [default]
[2025-11-28T07:04:12.564+0000] {subprocess.py:93} INFO - 	org.mongodb#mongodb-driver-core;5.1.4 from central in [default]
[2025-11-28T07:04:12.565+0000] {subprocess.py:93} INFO - 	org.mongodb#mongodb-driver-sync;5.1.4 from central in [default]
[2025-11-28T07:04:12.566+0000] {subprocess.py:93} INFO - 	org.mongodb.spark#mongo-spark-connector_2.12;10.4.0 from central in [default]
[2025-11-28T07:04:12.567+0000] {subprocess.py:93} INFO - 	org.postgresql#postgresql;42.6.0 from central in [default]
[2025-11-28T07:04:12.568+0000] {subprocess.py:93} INFO - 	---------------------------------------------------------------------
[2025-11-28T07:04:12.569+0000] {subprocess.py:93} INFO - 	|                  |            modules            ||   artifacts   |
[2025-11-28T07:04:12.570+0000] {subprocess.py:93} INFO - 	|       conf       | number| search|dwnlded|evicted|| number|dwnlded|
[2025-11-28T07:04:12.571+0000] {subprocess.py:93} INFO - 	---------------------------------------------------------------------
[2025-11-28T07:04:12.573+0000] {subprocess.py:93} INFO - 	|      default     |   7   |   1   |   0   |   0   ||   7   |   0   |
[2025-11-28T07:04:12.574+0000] {subprocess.py:93} INFO - 	---------------------------------------------------------------------
[2025-11-28T07:04:12.575+0000] {subprocess.py:93} INFO - :: retrieving :: org.apache.spark#spark-submit-parent-ea8267f4-6689-40d2-a947-db263b60be67
[2025-11-28T07:04:12.576+0000] {subprocess.py:93} INFO - 	confs: [default]
[2025-11-28T07:04:12.587+0000] {subprocess.py:93} INFO - 	0 artifacts copied, 7 already retrieved (0kB/13ms)
[2025-11-28T07:04:12.869+0000] {subprocess.py:93} INFO - 25/11/28 07:04:12 WARN NativeCodeLoader: Unable to load native-hadoop library for your platform... using builtin-java classes where applicable
[2025-11-28T07:04:13.147+0000] {subprocess.py:93} INFO - Setting default log level to "WARN".
[2025-11-28T07:04:13.148+0000] {subprocess.py:93} INFO - To adjust logging level use sc.setLogLevel(newLevel). For SparkR, use setLogLevel(newLevel).
[2025-11-28T07:04:21.170+0000] {subprocess.py:93} INFO - 25/11/28 07:04:21 WARN SparkStringUtils: Truncated the string representation of a plan since it was too large. This behavior can be adjusted by setting 'spark.sql.debug.maxToStringFields'.
[2025-11-28T07:04:36.575+0000] {subprocess.py:93} INFO - [Stage 0:>                                                          (0 + 1) / 1]                                                                                Spark Session Terhubung!
[2025-11-28T07:04:36.582+0000] {subprocess.py:93} INFO - Extracting Raw Data
[2025-11-28T07:04:36.587+0000] {subprocess.py:93} INFO - Cleaning & Applying COALESCE logic
[2025-11-28T07:04:36.591+0000] {subprocess.py:93} INFO - Menyimpan Data ke PostgreSQL...
[2025-11-28T07:04:36.594+0000] {subprocess.py:93} INFO - Data sudah ditambal dengan COALESCE.
[2025-11-28T07:04:37.109+0000] {subprocess.py:97} INFO - Command exited with return code 0
[2025-11-28T07:04:37.147+0000] {taskinstance.py:340} INFO - ::group::Post task execution logs
[2025-11-28T07:04:37.148+0000] {taskinstance.py:352} INFO - Marking task as SUCCESS. dag_id=f1_polesight_pipeline, task_id=run_spark_etl_job, run_id=manual__2025-11-28T07:04:01.946827+00:00, execution_date=20251128T070401, start_date=20251128T070405, end_date=20251128T070437
[2025-11-28T07:04:37.187+0000] {local_task_job_runner.py:266} INFO - Task exited with return code 0
[2025-11-28T07:04:37.227+0000] {taskinstance.py:3900} INFO - 1 downstream tasks scheduled from follow-on schedule check
[2025-11-28T07:04:37.231+0000] {local_task_job_runner.py:245} INFO - ::endgroup::
