[2025-12-03T03:37:17.766+0000] {local_task_job_runner.py:123} INFO - ::group::Pre task execution logs
[2025-12-03T03:37:17.786+0000] {taskinstance.py:2612} INFO - Dependencies all met for dep_context=non-requeueable deps ti=<TaskInstance: f1_polesight_pipeline.run_spark_etl_job manual__2025-12-03T00:00:00+00:00 [queued]>
[2025-12-03T03:37:17.798+0000] {taskinstance.py:2612} INFO - Dependencies all met for dep_context=requeueable deps ti=<TaskInstance: f1_polesight_pipeline.run_spark_etl_job manual__2025-12-03T00:00:00+00:00 [queued]>
[2025-12-03T03:37:17.799+0000] {taskinstance.py:2865} INFO - Starting attempt 1 of 1
[2025-12-03T03:37:17.816+0000] {taskinstance.py:2888} INFO - Executing <Task(BashOperator): run_spark_etl_job> on 2025-12-03 00:00:00+00:00
[2025-12-03T03:37:17.824+0000] {standard_task_runner.py:104} INFO - Running: ['***', 'tasks', 'run', 'f1_polesight_pipeline', 'run_spark_etl_job', 'manual__2025-12-03T00:00:00+00:00', '--job-id', '71', '--raw', '--subdir', 'DAGS_FOLDER/f1_pipeline_dag.py', '--cfg-path', '/tmp/tmpzsrxqhzw']
[2025-12-03T03:37:17.830+0000] {standard_task_runner.py:105} INFO - Job 71: Subtask run_spark_etl_job
[2025-12-03T03:37:17.832+0000] {logging_mixin.py:190} WARNING - /home/***/.local/lib/python3.12/site-packages/***/task/task_runner/standard_task_runner.py:70 DeprecationWarning: This process (pid=10186) is multi-threaded, use of fork() may lead to deadlocks in the child.
[2025-12-03T03:37:17.833+0000] {standard_task_runner.py:72} INFO - Started process 10187 to run task
[2025-12-03T03:37:17.903+0000] {task_command.py:467} INFO - Running <TaskInstance: f1_polesight_pipeline.run_spark_etl_job manual__2025-12-03T00:00:00+00:00 [running]> on host 5f0ca9dcc785
[2025-12-03T03:37:18.013+0000] {taskinstance.py:3131} INFO - Exporting env vars: AIRFLOW_CTX_DAG_OWNER='f1_admin' AIRFLOW_CTX_DAG_ID='f1_polesight_pipeline' AIRFLOW_CTX_TASK_ID='run_spark_etl_job' AIRFLOW_CTX_EXECUTION_DATE='2025-12-03T00:00:00+00:00' AIRFLOW_CTX_TRY_NUMBER='1' AIRFLOW_CTX_DAG_RUN_ID='manual__2025-12-03T00:00:00+00:00'
[2025-12-03T03:37:18.015+0000] {taskinstance.py:731} INFO - ::endgroup::
[2025-12-03T03:37:18.035+0000] {subprocess.py:63} INFO - Tmp dir root location: /tmp
[2025-12-03T03:37:18.037+0000] {subprocess.py:75} INFO - Running command: ['/usr/bin/bash', '-c', 'python /opt/***/jobs/etl_process.py']
[2025-12-03T03:37:18.048+0000] {subprocess.py:86} INFO - Output:
[2025-12-03T03:37:19.075+0000] {subprocess.py:93} INFO - /home/***/.local/lib/python3.12/site-packages/pyspark/bin/load-spark-env.sh: line 68: ps: command not found
[2025-12-03T03:37:21.661+0000] {subprocess.py:93} INFO - :: loading settings :: url = jar:file:/home/***/.local/lib/python3.12/site-packages/pyspark/jars/ivy-2.5.1.jar!/org/apache/ivy/core/settings/ivysettings.xml
[2025-12-03T03:37:21.776+0000] {subprocess.py:93} INFO - Ivy Default Cache set to: /home/***/.ivy2/cache
[2025-12-03T03:37:21.777+0000] {subprocess.py:93} INFO - The jars for the packages stored in: /home/***/.ivy2/jars
[2025-12-03T03:37:21.783+0000] {subprocess.py:93} INFO - org.mongodb.spark#mongo-spark-connector_2.12 added as a dependency
[2025-12-03T03:37:21.784+0000] {subprocess.py:93} INFO - org.postgresql#postgresql added as a dependency
[2025-12-03T03:37:21.786+0000] {subprocess.py:93} INFO - :: resolving dependencies :: org.apache.spark#spark-submit-parent-5e5c7783-c607-4370-ab98-d381ac288465;1.0
[2025-12-03T03:37:21.787+0000] {subprocess.py:93} INFO - 	confs: [default]
[2025-12-03T03:37:22.051+0000] {subprocess.py:93} INFO - 	found org.mongodb.spark#mongo-spark-connector_2.12;10.4.0 in central
[2025-12-03T03:37:23.952+0000] {subprocess.py:93} INFO - 	found org.mongodb#mongodb-driver-sync;5.1.4 in central
[2025-12-03T03:37:23.953+0000] {subprocess.py:93} INFO - 	[5.1.4] org.mongodb#mongodb-driver-sync;[5.1.1,5.1.99)
[2025-12-03T03:37:23.976+0000] {subprocess.py:93} INFO - 	found org.mongodb#bson;5.1.4 in central
[2025-12-03T03:37:24.000+0000] {subprocess.py:93} INFO - 	found org.mongodb#mongodb-driver-core;5.1.4 in central
[2025-12-03T03:37:24.025+0000] {subprocess.py:93} INFO - 	found org.mongodb#bson-record-codec;5.1.4 in central
[2025-12-03T03:37:24.040+0000] {subprocess.py:93} INFO - 	found org.postgresql#postgresql;42.6.0 in central
[2025-12-03T03:37:24.055+0000] {subprocess.py:93} INFO - 	found org.checkerframework#checker-qual;3.31.0 in central
[2025-12-03T03:37:24.076+0000] {subprocess.py:93} INFO - :: resolution report :: resolve 2278ms :: artifacts dl 12ms
[2025-12-03T03:37:24.077+0000] {subprocess.py:93} INFO - 	:: modules in use:
[2025-12-03T03:37:24.078+0000] {subprocess.py:93} INFO - 	org.checkerframework#checker-qual;3.31.0 from central in [default]
[2025-12-03T03:37:24.078+0000] {subprocess.py:93} INFO - 	org.mongodb#bson;5.1.4 from central in [default]
[2025-12-03T03:37:24.079+0000] {subprocess.py:93} INFO - 	org.mongodb#bson-record-codec;5.1.4 from central in [default]
[2025-12-03T03:37:24.080+0000] {subprocess.py:93} INFO - 	org.mongodb#mongodb-driver-core;5.1.4 from central in [default]
[2025-12-03T03:37:24.080+0000] {subprocess.py:93} INFO - 	org.mongodb#mongodb-driver-sync;5.1.4 from central in [default]
[2025-12-03T03:37:24.081+0000] {subprocess.py:93} INFO - 	org.mongodb.spark#mongo-spark-connector_2.12;10.4.0 from central in [default]
[2025-12-03T03:37:24.082+0000] {subprocess.py:93} INFO - 	org.postgresql#postgresql;42.6.0 from central in [default]
[2025-12-03T03:37:24.082+0000] {subprocess.py:93} INFO - 	---------------------------------------------------------------------
[2025-12-03T03:37:24.083+0000] {subprocess.py:93} INFO - 	|                  |            modules            ||   artifacts   |
[2025-12-03T03:37:24.083+0000] {subprocess.py:93} INFO - 	|       conf       | number| search|dwnlded|evicted|| number|dwnlded|
[2025-12-03T03:37:24.084+0000] {subprocess.py:93} INFO - 	---------------------------------------------------------------------
[2025-12-03T03:37:24.085+0000] {subprocess.py:93} INFO - 	|      default     |   7   |   1   |   0   |   0   ||   7   |   0   |
[2025-12-03T03:37:24.085+0000] {subprocess.py:93} INFO - 	---------------------------------------------------------------------
[2025-12-03T03:37:24.086+0000] {subprocess.py:93} INFO - :: retrieving :: org.apache.spark#spark-submit-parent-5e5c7783-c607-4370-ab98-d381ac288465
[2025-12-03T03:37:24.087+0000] {subprocess.py:93} INFO - 	confs: [default]
[2025-12-03T03:37:24.092+0000] {subprocess.py:93} INFO - 	0 artifacts copied, 7 already retrieved (0kB/8ms)
[2025-12-03T03:37:24.293+0000] {subprocess.py:93} INFO - 25/12/03 03:37:24 WARN NativeCodeLoader: Unable to load native-hadoop library for your platform... using builtin-java classes where applicable
[2025-12-03T03:37:24.540+0000] {subprocess.py:93} INFO - Setting default log level to "WARN".
[2025-12-03T03:37:24.541+0000] {subprocess.py:93} INFO - To adjust logging level use sc.setLogLevel(newLevel). For SparkR, use setLogLevel(newLevel).
[2025-12-03T03:37:33.642+0000] {subprocess.py:93} INFO - 25/12/03 03:37:33 WARN SparkStringUtils: Truncated the string representation of a plan since it was too large. This behavior can be adjusted by setting 'spark.sql.debug.maxToStringFields'.
[2025-12-03T03:37:47.192+0000] {subprocess.py:93} INFO - [Stage 0:>                                                          (0 + 1) / 1]                                                                                Spark Session Terhubung!
[2025-12-03T03:37:47.194+0000] {subprocess.py:93} INFO - Extracting Raw Data
[2025-12-03T03:37:47.195+0000] {subprocess.py:93} INFO - Cleaning & Applying COALESCE logic
[2025-12-03T03:37:47.196+0000] {subprocess.py:93} INFO - Menyimpan Data ke PostgreSQL...
[2025-12-03T03:37:47.197+0000] {subprocess.py:93} INFO - Data sudah ditambal dengan COALESCE.
[2025-12-03T03:37:47.734+0000] {subprocess.py:97} INFO - Command exited with return code 0
[2025-12-03T03:37:47.788+0000] {taskinstance.py:340} INFO - ::group::Post task execution logs
[2025-12-03T03:37:47.818+0000] {taskinstance.py:352} INFO - Marking task as SUCCESS. dag_id=f1_polesight_pipeline, task_id=run_spark_etl_job, run_id=manual__2025-12-03T00:00:00+00:00, execution_date=20251203T000000, start_date=20251203T033717, end_date=20251203T033747
[2025-12-03T03:37:47.856+0000] {local_task_job_runner.py:266} INFO - Task exited with return code 0
[2025-12-03T03:37:47.896+0000] {taskinstance.py:3900} INFO - 1 downstream tasks scheduled from follow-on schedule check
[2025-12-03T03:37:47.899+0000] {local_task_job_runner.py:245} INFO - ::endgroup::
