[2025-11-28T03:33:13.867+0000] {local_task_job_runner.py:123} INFO - ::group::Pre task execution logs
[2025-11-28T03:33:13.938+0000] {taskinstance.py:2612} INFO - Dependencies all met for dep_context=non-requeueable deps ti=<TaskInstance: f1_polesight_pipeline.start_pipeline scheduled__2025-11-27T00:00:00+00:00 [queued]>
[2025-11-28T03:33:13.987+0000] {taskinstance.py:2612} INFO - Dependencies all met for dep_context=requeueable deps ti=<TaskInstance: f1_polesight_pipeline.start_pipeline scheduled__2025-11-27T00:00:00+00:00 [queued]>
[2025-11-28T03:33:13.990+0000] {taskinstance.py:2865} INFO - Starting attempt 1 of 1
[2025-11-28T03:33:14.056+0000] {taskinstance.py:2888} INFO - Executing <Task(BashOperator): start_pipeline> on 2025-11-27 00:00:00+00:00
[2025-11-28T03:33:14.087+0000] {standard_task_runner.py:104} INFO - Running: ['***', 'tasks', 'run', 'f1_polesight_pipeline', 'start_pipeline', 'scheduled__2025-11-27T00:00:00+00:00', '--job-id', '18', '--raw', '--subdir', 'DAGS_FOLDER/f1_pipeline_dag.py', '--cfg-path', '/tmp/tmpxrm1w2pe']
[2025-11-28T03:33:14.100+0000] {standard_task_runner.py:105} INFO - Job 18: Subtask start_pipeline
[2025-11-28T03:33:14.101+0000] {logging_mixin.py:190} WARNING - /home/***/.local/lib/python3.12/site-packages/***/task/task_runner/standard_task_runner.py:70 DeprecationWarning: This process (pid=164) is multi-threaded, use of fork() may lead to deadlocks in the child.
[2025-11-28T03:33:14.103+0000] {standard_task_runner.py:72} INFO - Started process 173 to run task
[2025-11-28T03:33:14.314+0000] {task_command.py:467} INFO - Running <TaskInstance: f1_polesight_pipeline.start_pipeline scheduled__2025-11-27T00:00:00+00:00 [running]> on host ccc688885fae
[2025-11-28T03:33:14.684+0000] {taskinstance.py:3131} INFO - Exporting env vars: AIRFLOW_CTX_DAG_OWNER='f1_admin' AIRFLOW_CTX_DAG_ID='f1_polesight_pipeline' AIRFLOW_CTX_TASK_ID='start_pipeline' AIRFLOW_CTX_EXECUTION_DATE='2025-11-27T00:00:00+00:00' AIRFLOW_CTX_TRY_NUMBER='1' AIRFLOW_CTX_DAG_RUN_ID='scheduled__2025-11-27T00:00:00+00:00'
[2025-11-28T03:33:14.688+0000] {taskinstance.py:731} INFO - ::endgroup::
[2025-11-28T03:33:14.814+0000] {subprocess.py:63} INFO - Tmp dir root location: /tmp
[2025-11-28T03:33:14.818+0000] {subprocess.py:75} INFO - Running command: ['/usr/bin/bash', '-c', 'echo "Memulai Pipeline F1 PoleSight."']
[2025-11-28T03:33:14.845+0000] {subprocess.py:86} INFO - Output:
[2025-11-28T03:33:14.854+0000] {subprocess.py:93} INFO - Memulai Pipeline F1 PoleSight.
[2025-11-28T03:33:14.855+0000] {subprocess.py:97} INFO - Command exited with return code 0
[2025-11-28T03:33:14.926+0000] {taskinstance.py:340} INFO - ::group::Post task execution logs
[2025-11-28T03:33:14.928+0000] {taskinstance.py:352} INFO - Marking task as SUCCESS. dag_id=f1_polesight_pipeline, task_id=start_pipeline, run_id=scheduled__2025-11-27T00:00:00+00:00, execution_date=20251127T000000, start_date=20251128T033313, end_date=20251128T033314
[2025-11-28T03:33:15.021+0000] {local_task_job_runner.py:266} INFO - Task exited with return code 0
[2025-11-28T03:33:15.114+0000] {taskinstance.py:3900} INFO - 1 downstream tasks scheduled from follow-on schedule check
[2025-11-28T03:33:15.120+0000] {local_task_job_runner.py:245} INFO - ::endgroup::
