[2025-12-03T03:15:03.560+0000] {local_task_job_runner.py:123} INFO - ::group::Pre task execution logs
[2025-12-03T03:15:03.745+0000] {taskinstance.py:2612} INFO - Dependencies all met for dep_context=non-requeueable deps ti=<TaskInstance: f1_polesight_pipeline.run_spark_etl_job scheduled__2025-12-02T00:00:00+00:00 [queued]>
[2025-12-03T03:15:03.823+0000] {taskinstance.py:2612} INFO - Dependencies all met for dep_context=requeueable deps ti=<TaskInstance: f1_polesight_pipeline.run_spark_etl_job scheduled__2025-12-02T00:00:00+00:00 [queued]>
[2025-12-03T03:15:03.838+0000] {taskinstance.py:2865} INFO - Starting attempt 1 of 1
[2025-12-03T03:15:04.008+0000] {taskinstance.py:2888} INFO - Executing <Task(BashOperator): run_spark_etl_job> on 2025-12-02 00:00:00+00:00
[2025-12-03T03:15:04.092+0000] {standard_task_runner.py:104} INFO - Running: ['***', 'tasks', 'run', 'f1_polesight_pipeline', 'run_spark_etl_job', 'scheduled__2025-12-02T00:00:00+00:00', '--job-id', '61', '--raw', '--subdir', 'DAGS_FOLDER/f1_pipeline_dag.py', '--cfg-path', '/tmp/tmp_qim9kd0']
[2025-12-03T03:15:04.185+0000] {standard_task_runner.py:105} INFO - Job 61: Subtask run_spark_etl_job
[2025-12-03T03:15:04.193+0000] {logging_mixin.py:190} WARNING - /home/***/.local/lib/python3.12/site-packages/***/task/task_runner/standard_task_runner.py:70 DeprecationWarning: This process (pid=9296) is multi-threaded, use of fork() may lead to deadlocks in the child.
[2025-12-03T03:15:04.201+0000] {standard_task_runner.py:72} INFO - Started process 9297 to run task
[2025-12-03T03:15:05.428+0000] {task_command.py:467} INFO - Running <TaskInstance: f1_polesight_pipeline.run_spark_etl_job scheduled__2025-12-02T00:00:00+00:00 [running]> on host 5f0ca9dcc785
[2025-12-03T03:15:06.657+0000] {taskinstance.py:3131} INFO - Exporting env vars: AIRFLOW_CTX_DAG_OWNER='f1_admin' AIRFLOW_CTX_DAG_ID='f1_polesight_pipeline' AIRFLOW_CTX_TASK_ID='run_spark_etl_job' AIRFLOW_CTX_EXECUTION_DATE='2025-12-02T00:00:00+00:00' AIRFLOW_CTX_TRY_NUMBER='1' AIRFLOW_CTX_DAG_RUN_ID='scheduled__2025-12-02T00:00:00+00:00'
[2025-12-03T03:15:06.678+0000] {taskinstance.py:731} INFO - ::endgroup::
[2025-12-03T03:15:06.961+0000] {subprocess.py:63} INFO - Tmp dir root location: /tmp
[2025-12-03T03:15:06.988+0000] {subprocess.py:75} INFO - Running command: ['/usr/bin/bash', '-c', 'python /opt/***/jobs/etl_process.py']
[2025-12-03T03:15:07.097+0000] {subprocess.py:86} INFO - Output:
[2025-12-03T03:15:18.031+0000] {subprocess.py:93} INFO - /home/***/.local/lib/python3.12/site-packages/pyspark/bin/load-spark-env.sh: line 68: ps: command not found
[2025-12-03T03:15:43.847+0000] {subprocess.py:93} INFO - :: loading settings :: url = jar:file:/home/***/.local/lib/python3.12/site-packages/pyspark/jars/ivy-2.5.1.jar!/org/apache/ivy/core/settings/ivysettings.xml
[2025-12-03T03:15:44.578+0000] {subprocess.py:93} INFO - Ivy Default Cache set to: /home/***/.ivy2/cache
[2025-12-03T03:15:44.594+0000] {subprocess.py:93} INFO - The jars for the packages stored in: /home/***/.ivy2/jars
[2025-12-03T03:15:44.618+0000] {subprocess.py:93} INFO - org.mongodb.spark#mongo-spark-connector_2.12 added as a dependency
[2025-12-03T03:15:44.631+0000] {subprocess.py:93} INFO - org.postgresql#postgresql added as a dependency
[2025-12-03T03:15:44.644+0000] {subprocess.py:93} INFO - :: resolving dependencies :: org.apache.spark#spark-submit-parent-9123f985-3ca6-4b2e-ab8d-63417896d0c9;1.0
[2025-12-03T03:15:44.653+0000] {subprocess.py:93} INFO - 	confs: [default]
[2025-12-03T03:15:46.510+0000] {subprocess.py:93} INFO - 	found org.mongodb.spark#mongo-spark-connector_2.12;10.4.0 in central
[2025-12-03T03:15:54.540+0000] {subprocess.py:93} INFO - 	found org.mongodb#mongodb-driver-sync;5.1.4 in central
[2025-12-03T03:15:54.563+0000] {subprocess.py:93} INFO - 	[5.1.4] org.mongodb#mongodb-driver-sync;[5.1.1,5.1.99)
[2025-12-03T03:15:55.013+0000] {subprocess.py:93} INFO - 	found org.mongodb#bson;5.1.4 in central
[2025-12-03T03:15:55.641+0000] {subprocess.py:93} INFO - 	found org.mongodb#mongodb-driver-core;5.1.4 in central
[2025-12-03T03:15:55.992+0000] {subprocess.py:93} INFO - 	found org.mongodb#bson-record-codec;5.1.4 in central
[2025-12-03T03:15:56.251+0000] {subprocess.py:93} INFO - 	found org.postgresql#postgresql;42.6.0 in central
[2025-12-03T03:15:56.484+0000] {subprocess.py:93} INFO - 	found org.checkerframework#checker-qual;3.31.0 in central
[2025-12-03T03:15:56.803+0000] {subprocess.py:93} INFO - :: resolution report :: resolve 12001ms :: artifacts dl 167ms
[2025-12-03T03:15:56.817+0000] {subprocess.py:93} INFO - 	:: modules in use:
[2025-12-03T03:15:56.827+0000] {subprocess.py:93} INFO - 	org.checkerframework#checker-qual;3.31.0 from central in [default]
[2025-12-03T03:15:56.829+0000] {subprocess.py:93} INFO - 	org.mongodb#bson;5.1.4 from central in [default]
[2025-12-03T03:15:56.833+0000] {subprocess.py:93} INFO - 	org.mongodb#bson-record-codec;5.1.4 from central in [default]
[2025-12-03T03:15:56.848+0000] {subprocess.py:93} INFO - 	org.mongodb#mongodb-driver-core;5.1.4 from central in [default]
[2025-12-03T03:15:56.864+0000] {subprocess.py:93} INFO - 	org.mongodb#mongodb-driver-sync;5.1.4 from central in [default]
[2025-12-03T03:15:56.879+0000] {subprocess.py:93} INFO - 	org.mongodb.spark#mongo-spark-connector_2.12;10.4.0 from central in [default]
[2025-12-03T03:15:56.887+0000] {subprocess.py:93} INFO - 	org.postgresql#postgresql;42.6.0 from central in [default]
[2025-12-03T03:15:56.890+0000] {subprocess.py:93} INFO - 	---------------------------------------------------------------------
[2025-12-03T03:15:56.894+0000] {subprocess.py:93} INFO - 	|                  |            modules            ||   artifacts   |
[2025-12-03T03:15:56.899+0000] {subprocess.py:93} INFO - 	|       conf       | number| search|dwnlded|evicted|| number|dwnlded|
[2025-12-03T03:15:56.909+0000] {subprocess.py:93} INFO - 	---------------------------------------------------------------------
[2025-12-03T03:15:56.916+0000] {subprocess.py:93} INFO - 	|      default     |   7   |   1   |   0   |   0   ||   7   |   0   |
[2025-12-03T03:15:56.918+0000] {subprocess.py:93} INFO - 	---------------------------------------------------------------------
[2025-12-03T03:15:56.919+0000] {subprocess.py:93} INFO - :: retrieving :: org.apache.spark#spark-submit-parent-9123f985-3ca6-4b2e-ab8d-63417896d0c9
[2025-12-03T03:15:56.921+0000] {subprocess.py:93} INFO - 	confs: [default]
[2025-12-03T03:15:57.019+0000] {subprocess.py:93} INFO - 	0 artifacts copied, 7 already retrieved (0kB/105ms)
[2025-12-03T03:15:59.586+0000] {subprocess.py:93} INFO - 25/12/03 03:15:59 WARN NativeCodeLoader: Unable to load native-hadoop library for your platform... using builtin-java classes where applicable
[2025-12-03T03:16:02.178+0000] {subprocess.py:93} INFO - Setting default log level to "WARN".
[2025-12-03T03:16:02.193+0000] {subprocess.py:93} INFO - To adjust logging level use sc.setLogLevel(newLevel). For SparkR, use setLogLevel(newLevel).
[2025-12-03T03:17:00.821+0000] {subprocess.py:93} INFO - 25/12/03 03:17:00 WARN SparkStringUtils: Truncated the string representation of a plan since it was too large. This behavior can be adjusted by setting 'spark.sql.debug.maxToStringFields'.
[2025-12-03T03:18:07.194+0000] {subprocess.py:93} INFO - [Stage 0:>                                                          (0 + 0) / 1][Stage 0:>                                                          (0 + 1) / 1]                                                                                Spark Session Terhubung!
[2025-12-03T03:18:07.204+0000] {subprocess.py:93} INFO - Extracting Raw Data
[2025-12-03T03:18:07.208+0000] {subprocess.py:93} INFO - Cleaning & Applying COALESCE logic
[2025-12-03T03:18:07.210+0000] {subprocess.py:93} INFO - Menyimpan Data ke PostgreSQL...
[2025-12-03T03:18:07.213+0000] {subprocess.py:93} INFO - Data sudah ditambal dengan COALESCE.
[2025-12-03T03:18:08.047+0000] {subprocess.py:97} INFO - Command exited with return code 0
[2025-12-03T03:18:08.195+0000] {taskinstance.py:340} INFO - ::group::Post task execution logs
[2025-12-03T03:18:08.198+0000] {taskinstance.py:352} INFO - Marking task as SUCCESS. dag_id=f1_polesight_pipeline, task_id=run_spark_etl_job, run_id=scheduled__2025-12-02T00:00:00+00:00, execution_date=20251202T000000, start_date=20251203T031503, end_date=20251203T031808
[2025-12-03T03:18:08.311+0000] {local_task_job_runner.py:266} INFO - Task exited with return code 0
[2025-12-03T03:18:08.416+0000] {taskinstance.py:3900} INFO - 1 downstream tasks scheduled from follow-on schedule check
[2025-12-03T03:18:08.423+0000] {local_task_job_runner.py:245} INFO - ::endgroup::
