[2025-11-27T18:44:34.190+0000] {local_task_job_runner.py:123} INFO - ::group::Pre task execution logs
[2025-11-27T18:44:34.240+0000] {taskinstance.py:2612} INFO - Dependencies all met for dep_context=non-requeueable deps ti=<TaskInstance: f1_live_watcher.check_if_new_data_exists scheduled__2025-11-17T09:00:00+00:00 [queued]>
[2025-11-27T18:44:34.268+0000] {taskinstance.py:2612} INFO - Dependencies all met for dep_context=requeueable deps ti=<TaskInstance: f1_live_watcher.check_if_new_data_exists scheduled__2025-11-17T09:00:00+00:00 [queued]>
[2025-11-27T18:44:34.270+0000] {taskinstance.py:2865} INFO - Starting attempt 1 of 3
[2025-11-27T18:44:34.306+0000] {taskinstance.py:2888} INFO - Executing <Task(BranchPythonOperator): check_if_new_data_exists> on 2025-11-17 09:00:00+00:00
[2025-11-27T18:44:34.329+0000] {standard_task_runner.py:104} INFO - Running: ['***', 'tasks', 'run', 'f1_live_watcher', 'check_if_new_data_exists', 'scheduled__2025-11-17T09:00:00+00:00', '--job-id', '13', '--raw', '--subdir', 'DAGS_FOLDER/live_ingestion_dag.py', '--cfg-path', '/tmp/tmpurmdk6za']
[2025-11-27T18:44:34.337+0000] {standard_task_runner.py:105} INFO - Job 13: Subtask check_if_new_data_exists
[2025-11-27T18:44:34.340+0000] {logging_mixin.py:190} WARNING - /home/***/.local/lib/python3.12/site-packages/***/task/task_runner/standard_task_runner.py:70 DeprecationWarning: This process (pid=1993) is multi-threaded, use of fork() may lead to deadlocks in the child.
[2025-11-27T18:44:34.341+0000] {standard_task_runner.py:72} INFO - Started process 1999 to run task
[2025-11-27T18:44:34.490+0000] {task_command.py:467} INFO - Running <TaskInstance: f1_live_watcher.check_if_new_data_exists scheduled__2025-11-17T09:00:00+00:00 [running]> on host a15c69fb06cd
[2025-11-27T18:44:34.951+0000] {taskinstance.py:3131} INFO - Exporting env vars: AIRFLOW_CTX_DAG_OWNER='f1_admin' AIRFLOW_CTX_DAG_ID='f1_live_watcher' AIRFLOW_CTX_TASK_ID='check_if_new_data_exists' AIRFLOW_CTX_EXECUTION_DATE='2025-11-17T09:00:00+00:00' AIRFLOW_CTX_TRY_NUMBER='1' AIRFLOW_CTX_DAG_RUN_ID='scheduled__2025-11-17T09:00:00+00:00'
[2025-11-27T18:44:34.953+0000] {taskinstance.py:731} INFO - ::endgroup::
[2025-11-27T18:44:34.974+0000] {baseoperator.py:405} WARNING - BranchPythonOperator.execute cannot be called outside TaskInstance!
[2025-11-27T18:44:35.100+0000] {logging_mixin.py:190} INFO -  No new data. Count unchanged: 59987
[2025-11-27T18:44:35.101+0000] {python.py:240} INFO - Done. Returned value was: skip_etl
[2025-11-27T18:44:35.102+0000] {branch.py:38} INFO - Branch into skip_etl
[2025-11-27T18:44:35.103+0000] {skipmixin.py:230} INFO - Following branch ('skip_etl',)
[2025-11-27T18:44:35.122+0000] {skipmixin.py:278} INFO - Skipping tasks [('trigger_etl_pipeline', -1)]
[2025-11-27T18:44:35.168+0000] {taskinstance.py:340} INFO - ::group::Post task execution logs
[2025-11-27T18:44:35.169+0000] {taskinstance.py:352} INFO - Marking task as SUCCESS. dag_id=f1_live_watcher, task_id=check_if_new_data_exists, run_id=scheduled__2025-11-17T09:00:00+00:00, execution_date=20251117T090000, start_date=20251127T184434, end_date=20251127T184435
[2025-11-27T18:44:35.244+0000] {local_task_job_runner.py:266} INFO - Task exited with return code 0
[2025-11-27T18:44:35.289+0000] {taskinstance.py:3900} INFO - 0 downstream tasks scheduled from follow-on schedule check
[2025-11-27T18:44:35.292+0000] {local_task_job_runner.py:245} INFO - ::endgroup::
