[2025-12-01T06:44:16.894+0000] {local_task_job_runner.py:123} INFO - ::group::Pre task execution logs
[2025-12-01T06:44:16.955+0000] {taskinstance.py:2612} INFO - Dependencies all met for dep_context=non-requeueable deps ti=<TaskInstance: f1_polesight_pipeline.end_pipeline scheduled__2025-11-30T00:00:00+00:00 [queued]>
[2025-12-01T06:44:16.985+0000] {taskinstance.py:2612} INFO - Dependencies all met for dep_context=requeueable deps ti=<TaskInstance: f1_polesight_pipeline.end_pipeline scheduled__2025-11-30T00:00:00+00:00 [queued]>
[2025-12-01T06:44:16.986+0000] {taskinstance.py:2865} INFO - Starting attempt 1 of 1
[2025-12-01T06:44:17.028+0000] {taskinstance.py:2888} INFO - Executing <Task(BashOperator): end_pipeline> on 2025-11-30 00:00:00+00:00
[2025-12-01T06:44:17.047+0000] {standard_task_runner.py:104} INFO - Running: ['***', 'tasks', 'run', 'f1_polesight_pipeline', 'end_pipeline', 'scheduled__2025-11-30T00:00:00+00:00', '--job-id', '51', '--raw', '--subdir', 'DAGS_FOLDER/f1_pipeline_dag.py', '--cfg-path', '/tmp/tmpitpkuvc6']
[2025-12-01T06:44:17.059+0000] {standard_task_runner.py:105} INFO - Job 51: Subtask end_pipeline
[2025-12-01T06:44:17.061+0000] {logging_mixin.py:190} WARNING - /home/***/.local/lib/python3.12/site-packages/***/task/task_runner/standard_task_runner.py:70 DeprecationWarning: This process (pid=17811) is multi-threaded, use of fork() may lead to deadlocks in the child.
[2025-12-01T06:44:17.063+0000] {standard_task_runner.py:72} INFO - Started process 17812 to run task
[2025-12-01T06:44:17.213+0000] {task_command.py:467} INFO - Running <TaskInstance: f1_polesight_pipeline.end_pipeline scheduled__2025-11-30T00:00:00+00:00 [running]> on host 5f0ca9dcc785
[2025-12-01T06:44:17.447+0000] {taskinstance.py:3131} INFO - Exporting env vars: AIRFLOW_CTX_DAG_OWNER='f1_admin' AIRFLOW_CTX_DAG_ID='f1_polesight_pipeline' AIRFLOW_CTX_TASK_ID='end_pipeline' AIRFLOW_CTX_EXECUTION_DATE='2025-11-30T00:00:00+00:00' AIRFLOW_CTX_TRY_NUMBER='1' AIRFLOW_CTX_DAG_RUN_ID='scheduled__2025-11-30T00:00:00+00:00'
[2025-12-01T06:44:17.449+0000] {taskinstance.py:731} INFO - ::endgroup::
[2025-12-01T06:44:17.491+0000] {subprocess.py:63} INFO - Tmp dir root location: /tmp
[2025-12-01T06:44:17.493+0000] {subprocess.py:75} INFO - Running command: ['/usr/bin/bash', '-c', 'echo "Pipeline Selesai! Data Full Tersimpan."']
[2025-12-01T06:44:17.509+0000] {subprocess.py:86} INFO - Output:
[2025-12-01T06:44:17.515+0000] {subprocess.py:93} INFO - Pipeline Selesai! Data Full Tersimpan.
[2025-12-01T06:44:17.516+0000] {subprocess.py:97} INFO - Command exited with return code 0
[2025-12-01T06:44:17.569+0000] {taskinstance.py:340} INFO - ::group::Post task execution logs
[2025-12-01T06:44:17.571+0000] {taskinstance.py:352} INFO - Marking task as SUCCESS. dag_id=f1_polesight_pipeline, task_id=end_pipeline, run_id=scheduled__2025-11-30T00:00:00+00:00, execution_date=20251130T000000, start_date=20251201T064416, end_date=20251201T064417
[2025-12-01T06:44:17.645+0000] {local_task_job_runner.py:266} INFO - Task exited with return code 0
[2025-12-01T06:44:17.675+0000] {taskinstance.py:3900} INFO - 0 downstream tasks scheduled from follow-on schedule check
[2025-12-01T06:44:17.679+0000] {local_task_job_runner.py:245} INFO - ::endgroup::
