[2025-11-27T03:21:39.279+0000] {local_task_job_runner.py:123} INFO - ::group::Pre task execution logs
[2025-11-27T03:21:39.345+0000] {taskinstance.py:2612} INFO - Dependencies all met for dep_context=non-requeueable deps ti=<TaskInstance: f1_polesight_pipeline.end_pipeline manual__2025-11-27T03:20:52.891288+00:00 [queued]>
[2025-11-27T03:21:39.376+0000] {taskinstance.py:2612} INFO - Dependencies all met for dep_context=requeueable deps ti=<TaskInstance: f1_polesight_pipeline.end_pipeline manual__2025-11-27T03:20:52.891288+00:00 [queued]>
[2025-11-27T03:21:39.378+0000] {taskinstance.py:2865} INFO - Starting attempt 1 of 2
[2025-11-27T03:21:39.421+0000] {taskinstance.py:2888} INFO - Executing <Task(BashOperator): end_pipeline> on 2025-11-27 03:20:52.891288+00:00
[2025-11-27T03:21:39.439+0000] {standard_task_runner.py:104} INFO - Running: ['***', 'tasks', 'run', 'f1_polesight_pipeline', 'end_pipeline', 'manual__2025-11-27T03:20:52.891288+00:00', '--job-id', '21', '--raw', '--subdir', 'DAGS_FOLDER/f1_pipeline_dag.py', '--cfg-path', '/tmp/tmp0a_fc_15']
[2025-11-27T03:21:39.449+0000] {standard_task_runner.py:105} INFO - Job 21: Subtask end_pipeline
[2025-11-27T03:21:39.449+0000] {logging_mixin.py:190} WARNING - /home/***/.local/lib/python3.12/site-packages/***/task/task_runner/standard_task_runner.py:70 DeprecationWarning: This process (pid=866) is multi-threaded, use of fork() may lead to deadlocks in the child.
[2025-11-27T03:21:39.452+0000] {standard_task_runner.py:72} INFO - Started process 867 to run task
[2025-11-27T03:21:39.593+0000] {task_command.py:467} INFO - Running <TaskInstance: f1_polesight_pipeline.end_pipeline manual__2025-11-27T03:20:52.891288+00:00 [running]> on host 3d82e249fec6
[2025-11-27T03:21:39.858+0000] {taskinstance.py:3131} INFO - Exporting env vars: AIRFLOW_CTX_DAG_OWNER='f1_admin' AIRFLOW_CTX_DAG_ID='f1_polesight_pipeline' AIRFLOW_CTX_TASK_ID='end_pipeline' AIRFLOW_CTX_EXECUTION_DATE='2025-11-27T03:20:52.891288+00:00' AIRFLOW_CTX_TRY_NUMBER='1' AIRFLOW_CTX_DAG_RUN_ID='manual__2025-11-27T03:20:52.891288+00:00'
[2025-11-27T03:21:39.861+0000] {taskinstance.py:731} INFO - ::endgroup::
[2025-11-27T03:21:39.910+0000] {subprocess.py:63} INFO - Tmp dir root location: /tmp
[2025-11-27T03:21:39.912+0000] {subprocess.py:75} INFO - Running command: ['/usr/bin/bash', '-c', 'echo "Pipeline Selesai! Cek Data Warehouse."']
[2025-11-27T03:21:39.936+0000] {subprocess.py:86} INFO - Output:
[2025-11-27T03:21:39.942+0000] {subprocess.py:93} INFO - Pipeline Selesai! Cek Data Warehouse.
[2025-11-27T03:21:39.943+0000] {subprocess.py:97} INFO - Command exited with return code 0
[2025-11-27T03:21:39.994+0000] {taskinstance.py:340} INFO - ::group::Post task execution logs
[2025-11-27T03:21:39.995+0000] {taskinstance.py:352} INFO - Marking task as SUCCESS. dag_id=f1_polesight_pipeline, task_id=end_pipeline, run_id=manual__2025-11-27T03:20:52.891288+00:00, execution_date=20251127T032052, start_date=20251127T032139, end_date=20251127T032139
[2025-11-27T03:21:40.039+0000] {local_task_job_runner.py:266} INFO - Task exited with return code 0
[2025-11-27T03:21:40.079+0000] {taskinstance.py:3900} INFO - 0 downstream tasks scheduled from follow-on schedule check
[2025-11-27T03:21:40.083+0000] {local_task_job_runner.py:245} INFO - ::endgroup::
