[2025-12-03T03:14:48.639+0000] {processor.py:186} INFO - Started process (PID=9283) to work on /opt/airflow/dags/f1_pipeline_dag.py
[2025-12-03T03:14:49.238+0000] {processor.py:914} INFO - Processing file /opt/airflow/dags/f1_pipeline_dag.py for tasks to queue
[2025-12-03T03:14:49.782+0000] {logging_mixin.py:190} INFO - [2025-12-03T03:14:49.707+0000] {dagbag.py:588} INFO - Filling up the DagBag from /opt/airflow/dags/f1_pipeline_dag.py
[2025-12-03T03:14:51.707+0000] {processor.py:925} INFO - DAG(s) 'f1_polesight_pipeline' retrieved from /opt/airflow/dags/f1_pipeline_dag.py
[2025-12-03T03:14:52.123+0000] {logging_mixin.py:190} INFO - [2025-12-03T03:14:52.122+0000] {dag.py:3239} INFO - Sync 1 DAGs
[2025-12-03T03:14:52.745+0000] {logging_mixin.py:190} INFO - [2025-12-03T03:14:52.744+0000] {dag.py:4180} INFO - Setting next_dagrun for f1_polesight_pipeline to 2025-12-03 00:00:00+00:00, run_after=2025-12-04 00:00:00+00:00
[2025-12-03T03:14:53.163+0000] {processor.py:208} INFO - Processing /opt/airflow/dags/f1_pipeline_dag.py took 4.852 seconds
[2025-12-03T03:15:24.306+0000] {processor.py:186} INFO - Started process (PID=9354) to work on /opt/airflow/dags/f1_pipeline_dag.py
[2025-12-03T03:15:24.339+0000] {processor.py:914} INFO - Processing file /opt/airflow/dags/f1_pipeline_dag.py for tasks to queue
[2025-12-03T03:15:24.423+0000] {logging_mixin.py:190} INFO - [2025-12-03T03:15:24.411+0000] {dagbag.py:588} INFO - Filling up the DagBag from /opt/airflow/dags/f1_pipeline_dag.py
[2025-12-03T03:15:25.231+0000] {processor.py:925} INFO - DAG(s) 'f1_polesight_pipeline' retrieved from /opt/airflow/dags/f1_pipeline_dag.py
[2025-12-03T03:15:25.801+0000] {logging_mixin.py:190} INFO - [2025-12-03T03:15:25.789+0000] {dag.py:3239} INFO - Sync 1 DAGs
[2025-12-03T03:15:26.336+0000] {logging_mixin.py:190} INFO - [2025-12-03T03:15:26.335+0000] {dag.py:4180} INFO - Setting next_dagrun for f1_polesight_pipeline to 2025-12-03 00:00:00+00:00, run_after=2025-12-04 00:00:00+00:00
[2025-12-03T03:15:26.945+0000] {processor.py:208} INFO - Processing /opt/airflow/dags/f1_pipeline_dag.py took 2.754 seconds
[2025-12-03T03:15:58.003+0000] {processor.py:186} INFO - Started process (PID=9392) to work on /opt/airflow/dags/f1_pipeline_dag.py
[2025-12-03T03:15:58.020+0000] {processor.py:914} INFO - Processing file /opt/airflow/dags/f1_pipeline_dag.py for tasks to queue
[2025-12-03T03:15:58.131+0000] {logging_mixin.py:190} INFO - [2025-12-03T03:15:58.129+0000] {dagbag.py:588} INFO - Filling up the DagBag from /opt/airflow/dags/f1_pipeline_dag.py
[2025-12-03T03:15:58.571+0000] {processor.py:925} INFO - DAG(s) 'f1_polesight_pipeline' retrieved from /opt/airflow/dags/f1_pipeline_dag.py
[2025-12-03T03:15:58.944+0000] {logging_mixin.py:190} INFO - [2025-12-03T03:15:58.943+0000] {dag.py:3239} INFO - Sync 1 DAGs
[2025-12-03T03:15:59.374+0000] {logging_mixin.py:190} INFO - [2025-12-03T03:15:59.363+0000] {dag.py:4180} INFO - Setting next_dagrun for f1_polesight_pipeline to 2025-12-03 00:00:00+00:00, run_after=2025-12-04 00:00:00+00:00
[2025-12-03T03:15:59.662+0000] {processor.py:208} INFO - Processing /opt/airflow/dags/f1_pipeline_dag.py took 1.787 seconds
[2025-12-03T03:16:30.717+0000] {processor.py:186} INFO - Started process (PID=9481) to work on /opt/airflow/dags/f1_pipeline_dag.py
[2025-12-03T03:16:30.734+0000] {processor.py:914} INFO - Processing file /opt/airflow/dags/f1_pipeline_dag.py for tasks to queue
[2025-12-03T03:16:30.793+0000] {logging_mixin.py:190} INFO - [2025-12-03T03:16:30.770+0000] {dagbag.py:588} INFO - Filling up the DagBag from /opt/airflow/dags/f1_pipeline_dag.py
[2025-12-03T03:16:31.050+0000] {processor.py:925} INFO - DAG(s) 'f1_polesight_pipeline' retrieved from /opt/airflow/dags/f1_pipeline_dag.py
[2025-12-03T03:16:31.324+0000] {logging_mixin.py:190} INFO - [2025-12-03T03:16:31.323+0000] {dag.py:3239} INFO - Sync 1 DAGs
[2025-12-03T03:16:32.006+0000] {logging_mixin.py:190} INFO - [2025-12-03T03:16:32.005+0000] {dag.py:4180} INFO - Setting next_dagrun for f1_polesight_pipeline to 2025-12-03 00:00:00+00:00, run_after=2025-12-04 00:00:00+00:00
[2025-12-03T03:16:32.357+0000] {processor.py:208} INFO - Processing /opt/airflow/dags/f1_pipeline_dag.py took 1.794 seconds
[2025-12-03T03:17:04.076+0000] {processor.py:186} INFO - Started process (PID=9500) to work on /opt/airflow/dags/f1_pipeline_dag.py
[2025-12-03T03:17:04.095+0000] {processor.py:914} INFO - Processing file /opt/airflow/dags/f1_pipeline_dag.py for tasks to queue
[2025-12-03T03:17:04.130+0000] {logging_mixin.py:190} INFO - [2025-12-03T03:17:04.128+0000] {dagbag.py:588} INFO - Filling up the DagBag from /opt/airflow/dags/f1_pipeline_dag.py
[2025-12-03T03:17:04.523+0000] {processor.py:925} INFO - DAG(s) 'f1_polesight_pipeline' retrieved from /opt/airflow/dags/f1_pipeline_dag.py
[2025-12-03T03:17:04.719+0000] {logging_mixin.py:190} INFO - [2025-12-03T03:17:04.718+0000] {dag.py:3239} INFO - Sync 1 DAGs
[2025-12-03T03:17:04.982+0000] {logging_mixin.py:190} INFO - [2025-12-03T03:17:04.980+0000] {dag.py:4180} INFO - Setting next_dagrun for f1_polesight_pipeline to 2025-12-03 00:00:00+00:00, run_after=2025-12-04 00:00:00+00:00
[2025-12-03T03:17:05.109+0000] {processor.py:208} INFO - Processing /opt/airflow/dags/f1_pipeline_dag.py took 1.081 seconds
[2025-12-03T03:17:47.734+0000] {processor.py:186} INFO - Started process (PID=9516) to work on /opt/airflow/dags/f1_pipeline_dag.py
[2025-12-03T03:17:47.836+0000] {processor.py:914} INFO - Processing file /opt/airflow/dags/f1_pipeline_dag.py for tasks to queue
[2025-12-03T03:17:48.032+0000] {logging_mixin.py:190} INFO - [2025-12-03T03:17:48.011+0000] {dagbag.py:588} INFO - Filling up the DagBag from /opt/airflow/dags/f1_pipeline_dag.py
[2025-12-03T03:17:48.539+0000] {processor.py:925} INFO - DAG(s) 'f1_polesight_pipeline' retrieved from /opt/airflow/dags/f1_pipeline_dag.py
[2025-12-03T03:17:48.786+0000] {logging_mixin.py:190} INFO - [2025-12-03T03:17:48.782+0000] {dag.py:3239} INFO - Sync 1 DAGs
[2025-12-03T03:17:49.045+0000] {logging_mixin.py:190} INFO - [2025-12-03T03:17:49.044+0000] {dag.py:4180} INFO - Setting next_dagrun for f1_polesight_pipeline to 2025-12-03 00:00:00+00:00, run_after=2025-12-04 00:00:00+00:00
[2025-12-03T03:17:49.198+0000] {processor.py:208} INFO - Processing /opt/airflow/dags/f1_pipeline_dag.py took 1.669 seconds
[2025-12-03T03:18:19.752+0000] {processor.py:186} INFO - Started process (PID=9568) to work on /opt/airflow/dags/f1_pipeline_dag.py
[2025-12-03T03:18:19.755+0000] {processor.py:914} INFO - Processing file /opt/airflow/dags/f1_pipeline_dag.py for tasks to queue
[2025-12-03T03:18:19.769+0000] {logging_mixin.py:190} INFO - [2025-12-03T03:18:19.767+0000] {dagbag.py:588} INFO - Filling up the DagBag from /opt/airflow/dags/f1_pipeline_dag.py
[2025-12-03T03:18:19.876+0000] {processor.py:925} INFO - DAG(s) 'f1_polesight_pipeline' retrieved from /opt/airflow/dags/f1_pipeline_dag.py
[2025-12-03T03:18:19.993+0000] {logging_mixin.py:190} INFO - [2025-12-03T03:18:19.992+0000] {dag.py:3239} INFO - Sync 1 DAGs
[2025-12-03T03:18:20.239+0000] {logging_mixin.py:190} INFO - [2025-12-03T03:18:20.238+0000] {dag.py:4180} INFO - Setting next_dagrun for f1_polesight_pipeline to 2025-12-03 00:00:00+00:00, run_after=2025-12-04 00:00:00+00:00
[2025-12-03T03:18:20.465+0000] {processor.py:208} INFO - Processing /opt/airflow/dags/f1_pipeline_dag.py took 0.746 seconds
[2025-12-03T03:18:51.691+0000] {processor.py:186} INFO - Started process (PID=9578) to work on /opt/airflow/dags/f1_pipeline_dag.py
[2025-12-03T03:18:51.695+0000] {processor.py:914} INFO - Processing file /opt/airflow/dags/f1_pipeline_dag.py for tasks to queue
[2025-12-03T03:18:51.705+0000] {logging_mixin.py:190} INFO - [2025-12-03T03:18:51.703+0000] {dagbag.py:588} INFO - Filling up the DagBag from /opt/airflow/dags/f1_pipeline_dag.py
[2025-12-03T03:18:51.786+0000] {processor.py:925} INFO - DAG(s) 'f1_polesight_pipeline' retrieved from /opt/airflow/dags/f1_pipeline_dag.py
[2025-12-03T03:18:51.868+0000] {logging_mixin.py:190} INFO - [2025-12-03T03:18:51.867+0000] {dag.py:3239} INFO - Sync 1 DAGs
[2025-12-03T03:18:51.974+0000] {logging_mixin.py:190} INFO - [2025-12-03T03:18:51.973+0000] {dag.py:4180} INFO - Setting next_dagrun for f1_polesight_pipeline to 2025-12-03 00:00:00+00:00, run_after=2025-12-04 00:00:00+00:00
[2025-12-03T03:18:52.039+0000] {processor.py:208} INFO - Processing /opt/airflow/dags/f1_pipeline_dag.py took 0.370 seconds
[2025-12-03T03:19:22.510+0000] {processor.py:186} INFO - Started process (PID=9588) to work on /opt/airflow/dags/f1_pipeline_dag.py
[2025-12-03T03:19:22.518+0000] {processor.py:914} INFO - Processing file /opt/airflow/dags/f1_pipeline_dag.py for tasks to queue
[2025-12-03T03:19:22.538+0000] {logging_mixin.py:190} INFO - [2025-12-03T03:19:22.536+0000] {dagbag.py:588} INFO - Filling up the DagBag from /opt/airflow/dags/f1_pipeline_dag.py
[2025-12-03T03:19:22.626+0000] {processor.py:925} INFO - DAG(s) 'f1_polesight_pipeline' retrieved from /opt/airflow/dags/f1_pipeline_dag.py
[2025-12-03T03:19:22.692+0000] {logging_mixin.py:190} INFO - [2025-12-03T03:19:22.691+0000] {dag.py:3239} INFO - Sync 1 DAGs
[2025-12-03T03:19:22.771+0000] {logging_mixin.py:190} INFO - [2025-12-03T03:19:22.771+0000] {dag.py:4180} INFO - Setting next_dagrun for f1_polesight_pipeline to 2025-12-03 00:00:00+00:00, run_after=2025-12-04 00:00:00+00:00
[2025-12-03T03:19:22.818+0000] {processor.py:208} INFO - Processing /opt/airflow/dags/f1_pipeline_dag.py took 0.376 seconds
[2025-12-03T03:19:53.933+0000] {processor.py:186} INFO - Started process (PID=9598) to work on /opt/airflow/dags/f1_pipeline_dag.py
[2025-12-03T03:19:53.939+0000] {processor.py:914} INFO - Processing file /opt/airflow/dags/f1_pipeline_dag.py for tasks to queue
[2025-12-03T03:19:53.955+0000] {logging_mixin.py:190} INFO - [2025-12-03T03:19:53.953+0000] {dagbag.py:588} INFO - Filling up the DagBag from /opt/airflow/dags/f1_pipeline_dag.py
[2025-12-03T03:19:54.127+0000] {processor.py:925} INFO - DAG(s) 'f1_polesight_pipeline' retrieved from /opt/airflow/dags/f1_pipeline_dag.py
[2025-12-03T03:19:54.199+0000] {logging_mixin.py:190} INFO - [2025-12-03T03:19:54.198+0000] {dag.py:3239} INFO - Sync 1 DAGs
[2025-12-03T03:19:54.266+0000] {logging_mixin.py:190} INFO - [2025-12-03T03:19:54.265+0000] {dag.py:4180} INFO - Setting next_dagrun for f1_polesight_pipeline to 2025-12-03 00:00:00+00:00, run_after=2025-12-04 00:00:00+00:00
[2025-12-03T03:19:54.322+0000] {processor.py:208} INFO - Processing /opt/airflow/dags/f1_pipeline_dag.py took 0.431 seconds
[2025-12-03T03:20:24.666+0000] {processor.py:186} INFO - Started process (PID=9608) to work on /opt/airflow/dags/f1_pipeline_dag.py
[2025-12-03T03:20:24.672+0000] {processor.py:914} INFO - Processing file /opt/airflow/dags/f1_pipeline_dag.py for tasks to queue
[2025-12-03T03:20:24.681+0000] {logging_mixin.py:190} INFO - [2025-12-03T03:20:24.679+0000] {dagbag.py:588} INFO - Filling up the DagBag from /opt/airflow/dags/f1_pipeline_dag.py
[2025-12-03T03:20:24.754+0000] {processor.py:925} INFO - DAG(s) 'f1_polesight_pipeline' retrieved from /opt/airflow/dags/f1_pipeline_dag.py
[2025-12-03T03:20:24.849+0000] {logging_mixin.py:190} INFO - [2025-12-03T03:20:24.848+0000] {dag.py:3239} INFO - Sync 1 DAGs
[2025-12-03T03:20:24.972+0000] {logging_mixin.py:190} INFO - [2025-12-03T03:20:24.971+0000] {dag.py:4180} INFO - Setting next_dagrun for f1_polesight_pipeline to 2025-12-03 00:00:00+00:00, run_after=2025-12-04 00:00:00+00:00
[2025-12-03T03:20:25.052+0000] {processor.py:208} INFO - Processing /opt/airflow/dags/f1_pipeline_dag.py took 0.409 seconds
[2025-12-03T03:20:55.758+0000] {processor.py:186} INFO - Started process (PID=9618) to work on /opt/airflow/dags/f1_pipeline_dag.py
[2025-12-03T03:20:55.773+0000] {processor.py:914} INFO - Processing file /opt/airflow/dags/f1_pipeline_dag.py for tasks to queue
[2025-12-03T03:20:55.800+0000] {logging_mixin.py:190} INFO - [2025-12-03T03:20:55.798+0000] {dagbag.py:588} INFO - Filling up the DagBag from /opt/airflow/dags/f1_pipeline_dag.py
[2025-12-03T03:20:55.980+0000] {processor.py:925} INFO - DAG(s) 'f1_polesight_pipeline' retrieved from /opt/airflow/dags/f1_pipeline_dag.py
[2025-12-03T03:20:56.141+0000] {logging_mixin.py:190} INFO - [2025-12-03T03:20:56.140+0000] {dag.py:3239} INFO - Sync 1 DAGs
[2025-12-03T03:20:56.324+0000] {logging_mixin.py:190} INFO - [2025-12-03T03:20:56.323+0000] {dag.py:4180} INFO - Setting next_dagrun for f1_polesight_pipeline to 2025-12-03 00:00:00+00:00, run_after=2025-12-04 00:00:00+00:00
[2025-12-03T03:20:56.434+0000] {processor.py:208} INFO - Processing /opt/airflow/dags/f1_pipeline_dag.py took 0.758 seconds
[2025-12-03T03:21:26.636+0000] {processor.py:186} INFO - Started process (PID=9628) to work on /opt/airflow/dags/f1_pipeline_dag.py
[2025-12-03T03:21:26.639+0000] {processor.py:914} INFO - Processing file /opt/airflow/dags/f1_pipeline_dag.py for tasks to queue
[2025-12-03T03:21:26.646+0000] {logging_mixin.py:190} INFO - [2025-12-03T03:21:26.645+0000] {dagbag.py:588} INFO - Filling up the DagBag from /opt/airflow/dags/f1_pipeline_dag.py
[2025-12-03T03:21:26.710+0000] {processor.py:925} INFO - DAG(s) 'f1_polesight_pipeline' retrieved from /opt/airflow/dags/f1_pipeline_dag.py
[2025-12-03T03:21:26.791+0000] {logging_mixin.py:190} INFO - [2025-12-03T03:21:26.790+0000] {dag.py:3239} INFO - Sync 1 DAGs
[2025-12-03T03:21:26.888+0000] {logging_mixin.py:190} INFO - [2025-12-03T03:21:26.887+0000] {dag.py:4180} INFO - Setting next_dagrun for f1_polesight_pipeline to 2025-12-03 00:00:00+00:00, run_after=2025-12-04 00:00:00+00:00
[2025-12-03T03:21:26.943+0000] {processor.py:208} INFO - Processing /opt/airflow/dags/f1_pipeline_dag.py took 0.327 seconds
[2025-12-03T03:21:57.591+0000] {processor.py:186} INFO - Started process (PID=9638) to work on /opt/airflow/dags/f1_pipeline_dag.py
[2025-12-03T03:21:57.593+0000] {processor.py:914} INFO - Processing file /opt/airflow/dags/f1_pipeline_dag.py for tasks to queue
[2025-12-03T03:21:57.599+0000] {logging_mixin.py:190} INFO - [2025-12-03T03:21:57.598+0000] {dagbag.py:588} INFO - Filling up the DagBag from /opt/airflow/dags/f1_pipeline_dag.py
[2025-12-03T03:21:57.655+0000] {processor.py:925} INFO - DAG(s) 'f1_polesight_pipeline' retrieved from /opt/airflow/dags/f1_pipeline_dag.py
[2025-12-03T03:21:57.720+0000] {logging_mixin.py:190} INFO - [2025-12-03T03:21:57.719+0000] {dag.py:3239} INFO - Sync 1 DAGs
[2025-12-03T03:21:57.802+0000] {logging_mixin.py:190} INFO - [2025-12-03T03:21:57.801+0000] {dag.py:4180} INFO - Setting next_dagrun for f1_polesight_pipeline to 2025-12-03 00:00:00+00:00, run_after=2025-12-04 00:00:00+00:00
[2025-12-03T03:21:57.861+0000] {processor.py:208} INFO - Processing /opt/airflow/dags/f1_pipeline_dag.py took 0.286 seconds
[2025-12-03T03:22:28.514+0000] {processor.py:186} INFO - Started process (PID=9648) to work on /opt/airflow/dags/f1_pipeline_dag.py
[2025-12-03T03:22:28.518+0000] {processor.py:914} INFO - Processing file /opt/airflow/dags/f1_pipeline_dag.py for tasks to queue
[2025-12-03T03:22:28.528+0000] {logging_mixin.py:190} INFO - [2025-12-03T03:22:28.527+0000] {dagbag.py:588} INFO - Filling up the DagBag from /opt/airflow/dags/f1_pipeline_dag.py
[2025-12-03T03:22:28.615+0000] {processor.py:925} INFO - DAG(s) 'f1_polesight_pipeline' retrieved from /opt/airflow/dags/f1_pipeline_dag.py
[2025-12-03T03:22:28.677+0000] {logging_mixin.py:190} INFO - [2025-12-03T03:22:28.677+0000] {dag.py:3239} INFO - Sync 1 DAGs
[2025-12-03T03:22:28.757+0000] {logging_mixin.py:190} INFO - [2025-12-03T03:22:28.756+0000] {dag.py:4180} INFO - Setting next_dagrun for f1_polesight_pipeline to 2025-12-03 00:00:00+00:00, run_after=2025-12-04 00:00:00+00:00
[2025-12-03T03:22:28.812+0000] {processor.py:208} INFO - Processing /opt/airflow/dags/f1_pipeline_dag.py took 0.327 seconds
[2025-12-03T03:22:59.003+0000] {processor.py:186} INFO - Started process (PID=9658) to work on /opt/airflow/dags/f1_pipeline_dag.py
[2025-12-03T03:22:59.007+0000] {processor.py:914} INFO - Processing file /opt/airflow/dags/f1_pipeline_dag.py for tasks to queue
[2025-12-03T03:22:59.013+0000] {logging_mixin.py:190} INFO - [2025-12-03T03:22:59.013+0000] {dagbag.py:588} INFO - Filling up the DagBag from /opt/airflow/dags/f1_pipeline_dag.py
[2025-12-03T03:22:59.079+0000] {processor.py:925} INFO - DAG(s) 'f1_polesight_pipeline' retrieved from /opt/airflow/dags/f1_pipeline_dag.py
[2025-12-03T03:22:59.147+0000] {logging_mixin.py:190} INFO - [2025-12-03T03:22:59.146+0000] {dag.py:3239} INFO - Sync 1 DAGs
[2025-12-03T03:22:59.243+0000] {logging_mixin.py:190} INFO - [2025-12-03T03:22:59.242+0000] {dag.py:4180} INFO - Setting next_dagrun for f1_polesight_pipeline to 2025-12-03 00:00:00+00:00, run_after=2025-12-04 00:00:00+00:00
[2025-12-03T03:22:59.315+0000] {processor.py:208} INFO - Processing /opt/airflow/dags/f1_pipeline_dag.py took 0.331 seconds
[2025-12-03T03:23:29.668+0000] {processor.py:186} INFO - Started process (PID=9668) to work on /opt/airflow/dags/f1_pipeline_dag.py
[2025-12-03T03:23:29.676+0000] {processor.py:914} INFO - Processing file /opt/airflow/dags/f1_pipeline_dag.py for tasks to queue
[2025-12-03T03:23:29.697+0000] {logging_mixin.py:190} INFO - [2025-12-03T03:23:29.693+0000] {dagbag.py:588} INFO - Filling up the DagBag from /opt/airflow/dags/f1_pipeline_dag.py
[2025-12-03T03:23:29.790+0000] {processor.py:925} INFO - DAG(s) 'f1_polesight_pipeline' retrieved from /opt/airflow/dags/f1_pipeline_dag.py
[2025-12-03T03:23:29.855+0000] {logging_mixin.py:190} INFO - [2025-12-03T03:23:29.855+0000] {dag.py:3239} INFO - Sync 1 DAGs
[2025-12-03T03:23:29.940+0000] {logging_mixin.py:190} INFO - [2025-12-03T03:23:29.939+0000] {dag.py:4180} INFO - Setting next_dagrun for f1_polesight_pipeline to 2025-12-03 00:00:00+00:00, run_after=2025-12-04 00:00:00+00:00
[2025-12-03T03:23:29.993+0000] {processor.py:208} INFO - Processing /opt/airflow/dags/f1_pipeline_dag.py took 0.374 seconds
[2025-12-03T03:24:00.410+0000] {processor.py:186} INFO - Started process (PID=9678) to work on /opt/airflow/dags/f1_pipeline_dag.py
[2025-12-03T03:24:00.414+0000] {processor.py:914} INFO - Processing file /opt/airflow/dags/f1_pipeline_dag.py for tasks to queue
[2025-12-03T03:24:00.423+0000] {logging_mixin.py:190} INFO - [2025-12-03T03:24:00.422+0000] {dagbag.py:588} INFO - Filling up the DagBag from /opt/airflow/dags/f1_pipeline_dag.py
[2025-12-03T03:24:00.487+0000] {processor.py:925} INFO - DAG(s) 'f1_polesight_pipeline' retrieved from /opt/airflow/dags/f1_pipeline_dag.py
[2025-12-03T03:24:00.548+0000] {logging_mixin.py:190} INFO - [2025-12-03T03:24:00.547+0000] {dag.py:3239} INFO - Sync 1 DAGs
[2025-12-03T03:24:00.631+0000] {logging_mixin.py:190} INFO - [2025-12-03T03:24:00.631+0000] {dag.py:4180} INFO - Setting next_dagrun for f1_polesight_pipeline to 2025-12-03 00:00:00+00:00, run_after=2025-12-04 00:00:00+00:00
[2025-12-03T03:24:00.680+0000] {processor.py:208} INFO - Processing /opt/airflow/dags/f1_pipeline_dag.py took 0.296 seconds
[2025-12-03T03:24:31.627+0000] {processor.py:186} INFO - Started process (PID=9688) to work on /opt/airflow/dags/f1_pipeline_dag.py
[2025-12-03T03:24:31.631+0000] {processor.py:914} INFO - Processing file /opt/airflow/dags/f1_pipeline_dag.py for tasks to queue
[2025-12-03T03:24:31.639+0000] {logging_mixin.py:190} INFO - [2025-12-03T03:24:31.638+0000] {dagbag.py:588} INFO - Filling up the DagBag from /opt/airflow/dags/f1_pipeline_dag.py
[2025-12-03T03:24:31.718+0000] {processor.py:925} INFO - DAG(s) 'f1_polesight_pipeline' retrieved from /opt/airflow/dags/f1_pipeline_dag.py
[2025-12-03T03:24:31.784+0000] {logging_mixin.py:190} INFO - [2025-12-03T03:24:31.784+0000] {dag.py:3239} INFO - Sync 1 DAGs
[2025-12-03T03:24:31.868+0000] {logging_mixin.py:190} INFO - [2025-12-03T03:24:31.867+0000] {dag.py:4180} INFO - Setting next_dagrun for f1_polesight_pipeline to 2025-12-03 00:00:00+00:00, run_after=2025-12-04 00:00:00+00:00
[2025-12-03T03:24:31.941+0000] {processor.py:208} INFO - Processing /opt/airflow/dags/f1_pipeline_dag.py took 0.334 seconds
[2025-12-03T03:25:02.677+0000] {processor.py:186} INFO - Started process (PID=9698) to work on /opt/airflow/dags/f1_pipeline_dag.py
[2025-12-03T03:25:02.680+0000] {processor.py:914} INFO - Processing file /opt/airflow/dags/f1_pipeline_dag.py for tasks to queue
[2025-12-03T03:25:02.688+0000] {logging_mixin.py:190} INFO - [2025-12-03T03:25:02.687+0000] {dagbag.py:588} INFO - Filling up the DagBag from /opt/airflow/dags/f1_pipeline_dag.py
[2025-12-03T03:25:02.749+0000] {processor.py:925} INFO - DAG(s) 'f1_polesight_pipeline' retrieved from /opt/airflow/dags/f1_pipeline_dag.py
[2025-12-03T03:25:02.812+0000] {logging_mixin.py:190} INFO - [2025-12-03T03:25:02.812+0000] {dag.py:3239} INFO - Sync 1 DAGs
[2025-12-03T03:25:02.892+0000] {logging_mixin.py:190} INFO - [2025-12-03T03:25:02.892+0000] {dag.py:4180} INFO - Setting next_dagrun for f1_polesight_pipeline to 2025-12-03 00:00:00+00:00, run_after=2025-12-04 00:00:00+00:00
[2025-12-03T03:25:02.939+0000] {processor.py:208} INFO - Processing /opt/airflow/dags/f1_pipeline_dag.py took 0.298 seconds
[2025-12-03T03:25:33.642+0000] {processor.py:186} INFO - Started process (PID=9708) to work on /opt/airflow/dags/f1_pipeline_dag.py
[2025-12-03T03:25:33.644+0000] {processor.py:914} INFO - Processing file /opt/airflow/dags/f1_pipeline_dag.py for tasks to queue
[2025-12-03T03:25:33.650+0000] {logging_mixin.py:190} INFO - [2025-12-03T03:25:33.649+0000] {dagbag.py:588} INFO - Filling up the DagBag from /opt/airflow/dags/f1_pipeline_dag.py
[2025-12-03T03:25:33.700+0000] {processor.py:925} INFO - DAG(s) 'f1_polesight_pipeline' retrieved from /opt/airflow/dags/f1_pipeline_dag.py
[2025-12-03T03:25:33.751+0000] {logging_mixin.py:190} INFO - [2025-12-03T03:25:33.750+0000] {dag.py:3239} INFO - Sync 1 DAGs
[2025-12-03T03:25:33.812+0000] {logging_mixin.py:190} INFO - [2025-12-03T03:25:33.812+0000] {dag.py:4180} INFO - Setting next_dagrun for f1_polesight_pipeline to 2025-12-03 00:00:00+00:00, run_after=2025-12-04 00:00:00+00:00
[2025-12-03T03:25:33.865+0000] {processor.py:208} INFO - Processing /opt/airflow/dags/f1_pipeline_dag.py took 0.246 seconds
[2025-12-03T03:26:04.264+0000] {processor.py:186} INFO - Started process (PID=9718) to work on /opt/airflow/dags/f1_pipeline_dag.py
[2025-12-03T03:26:04.268+0000] {processor.py:914} INFO - Processing file /opt/airflow/dags/f1_pipeline_dag.py for tasks to queue
[2025-12-03T03:26:04.280+0000] {logging_mixin.py:190} INFO - [2025-12-03T03:26:04.278+0000] {dagbag.py:588} INFO - Filling up the DagBag from /opt/airflow/dags/f1_pipeline_dag.py
[2025-12-03T03:26:04.355+0000] {processor.py:925} INFO - DAG(s) 'f1_polesight_pipeline' retrieved from /opt/airflow/dags/f1_pipeline_dag.py
[2025-12-03T03:26:04.453+0000] {logging_mixin.py:190} INFO - [2025-12-03T03:26:04.451+0000] {dag.py:3239} INFO - Sync 1 DAGs
[2025-12-03T03:26:04.538+0000] {logging_mixin.py:190} INFO - [2025-12-03T03:26:04.537+0000] {dag.py:4180} INFO - Setting next_dagrun for f1_polesight_pipeline to 2025-12-03 00:00:00+00:00, run_after=2025-12-04 00:00:00+00:00
[2025-12-03T03:26:04.599+0000] {processor.py:208} INFO - Processing /opt/airflow/dags/f1_pipeline_dag.py took 0.356 seconds
[2025-12-03T03:26:34.779+0000] {processor.py:186} INFO - Started process (PID=9728) to work on /opt/airflow/dags/f1_pipeline_dag.py
[2025-12-03T03:26:34.784+0000] {processor.py:914} INFO - Processing file /opt/airflow/dags/f1_pipeline_dag.py for tasks to queue
[2025-12-03T03:26:34.796+0000] {logging_mixin.py:190} INFO - [2025-12-03T03:26:34.795+0000] {dagbag.py:588} INFO - Filling up the DagBag from /opt/airflow/dags/f1_pipeline_dag.py
[2025-12-03T03:26:34.885+0000] {processor.py:925} INFO - DAG(s) 'f1_polesight_pipeline' retrieved from /opt/airflow/dags/f1_pipeline_dag.py
[2025-12-03T03:26:34.966+0000] {logging_mixin.py:190} INFO - [2025-12-03T03:26:34.966+0000] {dag.py:3239} INFO - Sync 1 DAGs
[2025-12-03T03:26:35.063+0000] {logging_mixin.py:190} INFO - [2025-12-03T03:26:35.062+0000] {dag.py:4180} INFO - Setting next_dagrun for f1_polesight_pipeline to 2025-12-03 00:00:00+00:00, run_after=2025-12-04 00:00:00+00:00
[2025-12-03T03:26:35.134+0000] {processor.py:208} INFO - Processing /opt/airflow/dags/f1_pipeline_dag.py took 0.384 seconds
[2025-12-03T03:27:05.357+0000] {processor.py:186} INFO - Started process (PID=9738) to work on /opt/airflow/dags/f1_pipeline_dag.py
[2025-12-03T03:27:05.360+0000] {processor.py:914} INFO - Processing file /opt/airflow/dags/f1_pipeline_dag.py for tasks to queue
[2025-12-03T03:27:05.371+0000] {logging_mixin.py:190} INFO - [2025-12-03T03:27:05.370+0000] {dagbag.py:588} INFO - Filling up the DagBag from /opt/airflow/dags/f1_pipeline_dag.py
[2025-12-03T03:27:05.446+0000] {processor.py:925} INFO - DAG(s) 'f1_polesight_pipeline' retrieved from /opt/airflow/dags/f1_pipeline_dag.py
[2025-12-03T03:27:05.529+0000] {logging_mixin.py:190} INFO - [2025-12-03T03:27:05.528+0000] {dag.py:3239} INFO - Sync 1 DAGs
[2025-12-03T03:27:05.623+0000] {logging_mixin.py:190} INFO - [2025-12-03T03:27:05.622+0000] {dag.py:4180} INFO - Setting next_dagrun for f1_polesight_pipeline to 2025-12-03 00:00:00+00:00, run_after=2025-12-04 00:00:00+00:00
[2025-12-03T03:27:05.694+0000] {processor.py:208} INFO - Processing /opt/airflow/dags/f1_pipeline_dag.py took 0.358 seconds
[2025-12-03T03:27:36.039+0000] {processor.py:186} INFO - Started process (PID=9748) to work on /opt/airflow/dags/f1_pipeline_dag.py
[2025-12-03T03:27:36.042+0000] {processor.py:914} INFO - Processing file /opt/airflow/dags/f1_pipeline_dag.py for tasks to queue
[2025-12-03T03:27:36.049+0000] {logging_mixin.py:190} INFO - [2025-12-03T03:27:36.048+0000] {dagbag.py:588} INFO - Filling up the DagBag from /opt/airflow/dags/f1_pipeline_dag.py
[2025-12-03T03:27:36.112+0000] {processor.py:925} INFO - DAG(s) 'f1_polesight_pipeline' retrieved from /opt/airflow/dags/f1_pipeline_dag.py
[2025-12-03T03:27:36.179+0000] {logging_mixin.py:190} INFO - [2025-12-03T03:27:36.177+0000] {dag.py:3239} INFO - Sync 1 DAGs
[2025-12-03T03:27:36.258+0000] {logging_mixin.py:190} INFO - [2025-12-03T03:27:36.258+0000] {dag.py:4180} INFO - Setting next_dagrun for f1_polesight_pipeline to 2025-12-03 00:00:00+00:00, run_after=2025-12-04 00:00:00+00:00
[2025-12-03T03:27:36.311+0000] {processor.py:208} INFO - Processing /opt/airflow/dags/f1_pipeline_dag.py took 0.295 seconds
[2025-12-03T03:28:07.072+0000] {processor.py:186} INFO - Started process (PID=9758) to work on /opt/airflow/dags/f1_pipeline_dag.py
[2025-12-03T03:28:07.078+0000] {processor.py:914} INFO - Processing file /opt/airflow/dags/f1_pipeline_dag.py for tasks to queue
[2025-12-03T03:28:07.090+0000] {logging_mixin.py:190} INFO - [2025-12-03T03:28:07.088+0000] {dagbag.py:588} INFO - Filling up the DagBag from /opt/airflow/dags/f1_pipeline_dag.py
[2025-12-03T03:28:07.154+0000] {processor.py:925} INFO - DAG(s) 'f1_polesight_pipeline' retrieved from /opt/airflow/dags/f1_pipeline_dag.py
[2025-12-03T03:28:07.202+0000] {logging_mixin.py:190} INFO - [2025-12-03T03:28:07.201+0000] {dag.py:3239} INFO - Sync 1 DAGs
[2025-12-03T03:28:07.273+0000] {logging_mixin.py:190} INFO - [2025-12-03T03:28:07.273+0000] {dag.py:4180} INFO - Setting next_dagrun for f1_polesight_pipeline to 2025-12-03 00:00:00+00:00, run_after=2025-12-04 00:00:00+00:00
[2025-12-03T03:28:07.320+0000] {processor.py:208} INFO - Processing /opt/airflow/dags/f1_pipeline_dag.py took 0.312 seconds
[2025-12-03T03:28:37.701+0000] {processor.py:186} INFO - Started process (PID=9768) to work on /opt/airflow/dags/f1_pipeline_dag.py
[2025-12-03T03:28:37.705+0000] {processor.py:914} INFO - Processing file /opt/airflow/dags/f1_pipeline_dag.py for tasks to queue
[2025-12-03T03:28:37.717+0000] {logging_mixin.py:190} INFO - [2025-12-03T03:28:37.716+0000] {dagbag.py:588} INFO - Filling up the DagBag from /opt/airflow/dags/f1_pipeline_dag.py
[2025-12-03T03:28:37.787+0000] {processor.py:925} INFO - DAG(s) 'f1_polesight_pipeline' retrieved from /opt/airflow/dags/f1_pipeline_dag.py
[2025-12-03T03:28:37.849+0000] {logging_mixin.py:190} INFO - [2025-12-03T03:28:37.849+0000] {dag.py:3239} INFO - Sync 1 DAGs
[2025-12-03T03:28:37.938+0000] {logging_mixin.py:190} INFO - [2025-12-03T03:28:37.937+0000] {dag.py:4180} INFO - Setting next_dagrun for f1_polesight_pipeline to 2025-12-03 00:00:00+00:00, run_after=2025-12-04 00:00:00+00:00
[2025-12-03T03:28:38.006+0000] {processor.py:208} INFO - Processing /opt/airflow/dags/f1_pipeline_dag.py took 0.330 seconds
[2025-12-03T03:29:08.534+0000] {processor.py:186} INFO - Started process (PID=9778) to work on /opt/airflow/dags/f1_pipeline_dag.py
[2025-12-03T03:29:08.537+0000] {processor.py:914} INFO - Processing file /opt/airflow/dags/f1_pipeline_dag.py for tasks to queue
[2025-12-03T03:29:08.543+0000] {logging_mixin.py:190} INFO - [2025-12-03T03:29:08.542+0000] {dagbag.py:588} INFO - Filling up the DagBag from /opt/airflow/dags/f1_pipeline_dag.py
[2025-12-03T03:29:08.603+0000] {processor.py:925} INFO - DAG(s) 'f1_polesight_pipeline' retrieved from /opt/airflow/dags/f1_pipeline_dag.py
[2025-12-03T03:29:08.665+0000] {logging_mixin.py:190} INFO - [2025-12-03T03:29:08.664+0000] {dag.py:3239} INFO - Sync 1 DAGs
[2025-12-03T03:29:08.848+0000] {logging_mixin.py:190} INFO - [2025-12-03T03:29:08.838+0000] {dag.py:4180} INFO - Setting next_dagrun for f1_polesight_pipeline to 2025-12-03 00:00:00+00:00, run_after=2025-12-04 00:00:00+00:00
[2025-12-03T03:29:08.920+0000] {processor.py:208} INFO - Processing /opt/airflow/dags/f1_pipeline_dag.py took 0.417 seconds
[2025-12-03T03:29:39.691+0000] {processor.py:186} INFO - Started process (PID=9788) to work on /opt/airflow/dags/f1_pipeline_dag.py
[2025-12-03T03:29:39.695+0000] {processor.py:914} INFO - Processing file /opt/airflow/dags/f1_pipeline_dag.py for tasks to queue
[2025-12-03T03:29:39.704+0000] {logging_mixin.py:190} INFO - [2025-12-03T03:29:39.703+0000] {dagbag.py:588} INFO - Filling up the DagBag from /opt/airflow/dags/f1_pipeline_dag.py
[2025-12-03T03:29:39.788+0000] {processor.py:925} INFO - DAG(s) 'f1_polesight_pipeline' retrieved from /opt/airflow/dags/f1_pipeline_dag.py
[2025-12-03T03:29:39.880+0000] {logging_mixin.py:190} INFO - [2025-12-03T03:29:39.879+0000] {dag.py:3239} INFO - Sync 1 DAGs
[2025-12-03T03:29:40.002+0000] {logging_mixin.py:190} INFO - [2025-12-03T03:29:40.001+0000] {dag.py:4180} INFO - Setting next_dagrun for f1_polesight_pipeline to 2025-12-03 00:00:00+00:00, run_after=2025-12-04 00:00:00+00:00
[2025-12-03T03:29:40.094+0000] {processor.py:208} INFO - Processing /opt/airflow/dags/f1_pipeline_dag.py took 0.435 seconds
[2025-12-03T03:30:10.384+0000] {processor.py:186} INFO - Started process (PID=9798) to work on /opt/airflow/dags/f1_pipeline_dag.py
[2025-12-03T03:30:10.389+0000] {processor.py:914} INFO - Processing file /opt/airflow/dags/f1_pipeline_dag.py for tasks to queue
[2025-12-03T03:30:10.400+0000] {logging_mixin.py:190} INFO - [2025-12-03T03:30:10.398+0000] {dagbag.py:588} INFO - Filling up the DagBag from /opt/airflow/dags/f1_pipeline_dag.py
[2025-12-03T03:30:10.526+0000] {processor.py:925} INFO - DAG(s) 'f1_polesight_pipeline' retrieved from /opt/airflow/dags/f1_pipeline_dag.py
[2025-12-03T03:30:10.649+0000] {logging_mixin.py:190} INFO - [2025-12-03T03:30:10.648+0000] {dag.py:3239} INFO - Sync 1 DAGs
[2025-12-03T03:30:10.803+0000] {logging_mixin.py:190} INFO - [2025-12-03T03:30:10.801+0000] {dag.py:4180} INFO - Setting next_dagrun for f1_polesight_pipeline to 2025-12-03 00:00:00+00:00, run_after=2025-12-04 00:00:00+00:00
[2025-12-03T03:30:10.901+0000] {processor.py:208} INFO - Processing /opt/airflow/dags/f1_pipeline_dag.py took 0.550 seconds
[2025-12-03T03:30:41.205+0000] {processor.py:186} INFO - Started process (PID=9808) to work on /opt/airflow/dags/f1_pipeline_dag.py
[2025-12-03T03:30:41.210+0000] {processor.py:914} INFO - Processing file /opt/airflow/dags/f1_pipeline_dag.py for tasks to queue
[2025-12-03T03:30:41.222+0000] {logging_mixin.py:190} INFO - [2025-12-03T03:30:41.220+0000] {dagbag.py:588} INFO - Filling up the DagBag from /opt/airflow/dags/f1_pipeline_dag.py
[2025-12-03T03:30:41.340+0000] {processor.py:925} INFO - DAG(s) 'f1_polesight_pipeline' retrieved from /opt/airflow/dags/f1_pipeline_dag.py
[2025-12-03T03:30:41.441+0000] {logging_mixin.py:190} INFO - [2025-12-03T03:30:41.440+0000] {dag.py:3239} INFO - Sync 1 DAGs
[2025-12-03T03:30:41.588+0000] {logging_mixin.py:190} INFO - [2025-12-03T03:30:41.587+0000] {dag.py:4180} INFO - Setting next_dagrun for f1_polesight_pipeline to 2025-12-03 00:00:00+00:00, run_after=2025-12-04 00:00:00+00:00
[2025-12-03T03:30:41.688+0000] {processor.py:208} INFO - Processing /opt/airflow/dags/f1_pipeline_dag.py took 0.519 seconds
[2025-12-03T03:31:11.979+0000] {processor.py:186} INFO - Started process (PID=9818) to work on /opt/airflow/dags/f1_pipeline_dag.py
[2025-12-03T03:31:11.985+0000] {processor.py:914} INFO - Processing file /opt/airflow/dags/f1_pipeline_dag.py for tasks to queue
[2025-12-03T03:31:11.997+0000] {logging_mixin.py:190} INFO - [2025-12-03T03:31:11.995+0000] {dagbag.py:588} INFO - Filling up the DagBag from /opt/airflow/dags/f1_pipeline_dag.py
[2025-12-03T03:31:12.113+0000] {processor.py:925} INFO - DAG(s) 'f1_polesight_pipeline' retrieved from /opt/airflow/dags/f1_pipeline_dag.py
[2025-12-03T03:31:12.218+0000] {logging_mixin.py:190} INFO - [2025-12-03T03:31:12.217+0000] {dag.py:3239} INFO - Sync 1 DAGs
[2025-12-03T03:31:12.379+0000] {logging_mixin.py:190} INFO - [2025-12-03T03:31:12.378+0000] {dag.py:4180} INFO - Setting next_dagrun for f1_polesight_pipeline to 2025-12-03 00:00:00+00:00, run_after=2025-12-04 00:00:00+00:00
[2025-12-03T03:31:12.480+0000] {processor.py:208} INFO - Processing /opt/airflow/dags/f1_pipeline_dag.py took 0.532 seconds
[2025-12-03T03:31:43.219+0000] {processor.py:186} INFO - Started process (PID=9828) to work on /opt/airflow/dags/f1_pipeline_dag.py
[2025-12-03T03:31:43.223+0000] {processor.py:914} INFO - Processing file /opt/airflow/dags/f1_pipeline_dag.py for tasks to queue
[2025-12-03T03:31:43.230+0000] {logging_mixin.py:190} INFO - [2025-12-03T03:31:43.229+0000] {dagbag.py:588} INFO - Filling up the DagBag from /opt/airflow/dags/f1_pipeline_dag.py
[2025-12-03T03:31:43.303+0000] {processor.py:925} INFO - DAG(s) 'f1_polesight_pipeline' retrieved from /opt/airflow/dags/f1_pipeline_dag.py
[2025-12-03T03:31:43.361+0000] {logging_mixin.py:190} INFO - [2025-12-03T03:31:43.360+0000] {dag.py:3239} INFO - Sync 1 DAGs
[2025-12-03T03:31:43.447+0000] {logging_mixin.py:190} INFO - [2025-12-03T03:31:43.446+0000] {dag.py:4180} INFO - Setting next_dagrun for f1_polesight_pipeline to 2025-12-03 00:00:00+00:00, run_after=2025-12-04 00:00:00+00:00
[2025-12-03T03:31:43.507+0000] {processor.py:208} INFO - Processing /opt/airflow/dags/f1_pipeline_dag.py took 0.311 seconds
[2025-12-03T03:32:13.834+0000] {processor.py:186} INFO - Started process (PID=9838) to work on /opt/airflow/dags/f1_pipeline_dag.py
[2025-12-03T03:32:13.837+0000] {processor.py:914} INFO - Processing file /opt/airflow/dags/f1_pipeline_dag.py for tasks to queue
[2025-12-03T03:32:13.844+0000] {logging_mixin.py:190} INFO - [2025-12-03T03:32:13.844+0000] {dagbag.py:588} INFO - Filling up the DagBag from /opt/airflow/dags/f1_pipeline_dag.py
[2025-12-03T03:32:13.929+0000] {processor.py:925} INFO - DAG(s) 'f1_polesight_pipeline' retrieved from /opt/airflow/dags/f1_pipeline_dag.py
[2025-12-03T03:32:13.999+0000] {logging_mixin.py:190} INFO - [2025-12-03T03:32:13.998+0000] {dag.py:3239} INFO - Sync 1 DAGs
[2025-12-03T03:32:14.110+0000] {logging_mixin.py:190} INFO - [2025-12-03T03:32:14.109+0000] {dag.py:4180} INFO - Setting next_dagrun for f1_polesight_pipeline to 2025-12-03 00:00:00+00:00, run_after=2025-12-04 00:00:00+00:00
[2025-12-03T03:32:14.176+0000] {processor.py:208} INFO - Processing /opt/airflow/dags/f1_pipeline_dag.py took 0.364 seconds
[2025-12-03T03:32:44.892+0000] {processor.py:186} INFO - Started process (PID=9848) to work on /opt/airflow/dags/f1_pipeline_dag.py
[2025-12-03T03:32:44.895+0000] {processor.py:914} INFO - Processing file /opt/airflow/dags/f1_pipeline_dag.py for tasks to queue
[2025-12-03T03:32:44.904+0000] {logging_mixin.py:190} INFO - [2025-12-03T03:32:44.902+0000] {dagbag.py:588} INFO - Filling up the DagBag from /opt/airflow/dags/f1_pipeline_dag.py
[2025-12-03T03:32:44.955+0000] {processor.py:925} INFO - DAG(s) 'f1_polesight_pipeline' retrieved from /opt/airflow/dags/f1_pipeline_dag.py
[2025-12-03T03:32:45.007+0000] {logging_mixin.py:190} INFO - [2025-12-03T03:32:45.006+0000] {dag.py:3239} INFO - Sync 1 DAGs
[2025-12-03T03:32:45.069+0000] {logging_mixin.py:190} INFO - [2025-12-03T03:32:45.069+0000] {dag.py:4180} INFO - Setting next_dagrun for f1_polesight_pipeline to 2025-12-03 00:00:00+00:00, run_after=2025-12-04 00:00:00+00:00
[2025-12-03T03:32:45.126+0000] {processor.py:208} INFO - Processing /opt/airflow/dags/f1_pipeline_dag.py took 0.255 seconds
[2025-12-03T03:33:15.916+0000] {processor.py:186} INFO - Started process (PID=10044) to work on /opt/airflow/dags/f1_pipeline_dag.py
[2025-12-03T03:33:15.933+0000] {processor.py:914} INFO - Processing file /opt/airflow/dags/f1_pipeline_dag.py for tasks to queue
[2025-12-03T03:33:15.973+0000] {logging_mixin.py:190} INFO - [2025-12-03T03:33:15.971+0000] {dagbag.py:588} INFO - Filling up the DagBag from /opt/airflow/dags/f1_pipeline_dag.py
[2025-12-03T03:33:16.141+0000] {processor.py:925} INFO - DAG(s) 'f1_polesight_pipeline' retrieved from /opt/airflow/dags/f1_pipeline_dag.py
[2025-12-03T03:33:16.410+0000] {logging_mixin.py:190} INFO - [2025-12-03T03:33:16.409+0000] {dag.py:3239} INFO - Sync 1 DAGs
[2025-12-03T03:33:16.635+0000] {logging_mixin.py:190} INFO - [2025-12-03T03:33:16.634+0000] {dag.py:4180} INFO - Setting next_dagrun for f1_polesight_pipeline to 2025-12-03 00:00:00+00:00, run_after=2025-12-04 00:00:00+00:00
[2025-12-03T03:33:16.766+0000] {processor.py:208} INFO - Processing /opt/airflow/dags/f1_pipeline_dag.py took 0.933 seconds
[2025-12-03T03:33:47.367+0000] {processor.py:186} INFO - Started process (PID=10096) to work on /opt/airflow/dags/f1_pipeline_dag.py
[2025-12-03T03:33:47.374+0000] {processor.py:914} INFO - Processing file /opt/airflow/dags/f1_pipeline_dag.py for tasks to queue
[2025-12-03T03:33:47.390+0000] {logging_mixin.py:190} INFO - [2025-12-03T03:33:47.389+0000] {dagbag.py:588} INFO - Filling up the DagBag from /opt/airflow/dags/f1_pipeline_dag.py
[2025-12-03T03:33:47.506+0000] {processor.py:925} INFO - DAG(s) 'f1_polesight_pipeline' retrieved from /opt/airflow/dags/f1_pipeline_dag.py
[2025-12-03T03:33:47.624+0000] {logging_mixin.py:190} INFO - [2025-12-03T03:33:47.623+0000] {dag.py:3239} INFO - Sync 1 DAGs
[2025-12-03T03:33:47.759+0000] {logging_mixin.py:190} INFO - [2025-12-03T03:33:47.758+0000] {dag.py:4180} INFO - Setting next_dagrun for f1_polesight_pipeline to 2025-12-03 00:00:00+00:00, run_after=2025-12-04 00:00:00+00:00
[2025-12-03T03:33:47.822+0000] {processor.py:208} INFO - Processing /opt/airflow/dags/f1_pipeline_dag.py took 0.476 seconds
[2025-12-03T03:34:18.212+0000] {processor.py:186} INFO - Started process (PID=10106) to work on /opt/airflow/dags/f1_pipeline_dag.py
[2025-12-03T03:34:18.213+0000] {processor.py:914} INFO - Processing file /opt/airflow/dags/f1_pipeline_dag.py for tasks to queue
[2025-12-03T03:34:18.217+0000] {logging_mixin.py:190} INFO - [2025-12-03T03:34:18.216+0000] {dagbag.py:588} INFO - Filling up the DagBag from /opt/airflow/dags/f1_pipeline_dag.py
[2025-12-03T03:34:18.246+0000] {processor.py:925} INFO - DAG(s) 'f1_polesight_pipeline' retrieved from /opt/airflow/dags/f1_pipeline_dag.py
[2025-12-03T03:34:18.276+0000] {logging_mixin.py:190} INFO - [2025-12-03T03:34:18.276+0000] {dag.py:3239} INFO - Sync 1 DAGs
[2025-12-03T03:34:18.314+0000] {logging_mixin.py:190} INFO - [2025-12-03T03:34:18.313+0000] {dag.py:4180} INFO - Setting next_dagrun for f1_polesight_pipeline to 2025-12-03 00:00:00+00:00, run_after=2025-12-04 00:00:00+00:00
[2025-12-03T03:34:18.343+0000] {processor.py:208} INFO - Processing /opt/airflow/dags/f1_pipeline_dag.py took 0.140 seconds
[2025-12-03T03:34:48.927+0000] {processor.py:186} INFO - Started process (PID=10123) to work on /opt/airflow/dags/f1_pipeline_dag.py
[2025-12-03T03:34:48.929+0000] {processor.py:914} INFO - Processing file /opt/airflow/dags/f1_pipeline_dag.py for tasks to queue
[2025-12-03T03:34:48.932+0000] {logging_mixin.py:190} INFO - [2025-12-03T03:34:48.932+0000] {dagbag.py:588} INFO - Filling up the DagBag from /opt/airflow/dags/f1_pipeline_dag.py
[2025-12-03T03:34:48.966+0000] {processor.py:925} INFO - DAG(s) 'f1_polesight_pipeline' retrieved from /opt/airflow/dags/f1_pipeline_dag.py
[2025-12-03T03:34:48.997+0000] {logging_mixin.py:190} INFO - [2025-12-03T03:34:48.996+0000] {dag.py:3239} INFO - Sync 1 DAGs
[2025-12-03T03:34:49.033+0000] {logging_mixin.py:190} INFO - [2025-12-03T03:34:49.033+0000] {dag.py:4180} INFO - Setting next_dagrun for f1_polesight_pipeline to 2025-12-03 00:00:00+00:00, run_after=2025-12-04 00:00:00+00:00
[2025-12-03T03:34:49.061+0000] {processor.py:208} INFO - Processing /opt/airflow/dags/f1_pipeline_dag.py took 0.143 seconds
[2025-12-03T03:35:19.317+0000] {processor.py:186} INFO - Started process (PID=10133) to work on /opt/airflow/dags/f1_pipeline_dag.py
[2025-12-03T03:35:19.319+0000] {processor.py:914} INFO - Processing file /opt/airflow/dags/f1_pipeline_dag.py for tasks to queue
[2025-12-03T03:35:19.324+0000] {logging_mixin.py:190} INFO - [2025-12-03T03:35:19.324+0000] {dagbag.py:588} INFO - Filling up the DagBag from /opt/airflow/dags/f1_pipeline_dag.py
[2025-12-03T03:35:19.361+0000] {processor.py:925} INFO - DAG(s) 'f1_polesight_pipeline' retrieved from /opt/airflow/dags/f1_pipeline_dag.py
[2025-12-03T03:35:19.395+0000] {logging_mixin.py:190} INFO - [2025-12-03T03:35:19.394+0000] {dag.py:3239} INFO - Sync 1 DAGs
[2025-12-03T03:35:19.444+0000] {logging_mixin.py:190} INFO - [2025-12-03T03:35:19.443+0000] {dag.py:4180} INFO - Setting next_dagrun for f1_polesight_pipeline to 2025-12-03 00:00:00+00:00, run_after=2025-12-04 00:00:00+00:00
[2025-12-03T03:35:19.478+0000] {processor.py:208} INFO - Processing /opt/airflow/dags/f1_pipeline_dag.py took 0.176 seconds
[2025-12-03T03:35:49.851+0000] {processor.py:186} INFO - Started process (PID=10143) to work on /opt/airflow/dags/f1_pipeline_dag.py
[2025-12-03T03:35:49.855+0000] {processor.py:914} INFO - Processing file /opt/airflow/dags/f1_pipeline_dag.py for tasks to queue
[2025-12-03T03:35:49.867+0000] {logging_mixin.py:190} INFO - [2025-12-03T03:35:49.865+0000] {dagbag.py:588} INFO - Filling up the DagBag from /opt/airflow/dags/f1_pipeline_dag.py
[2025-12-03T03:35:49.952+0000] {processor.py:925} INFO - DAG(s) 'f1_polesight_pipeline' retrieved from /opt/airflow/dags/f1_pipeline_dag.py
[2025-12-03T03:35:50.036+0000] {logging_mixin.py:190} INFO - [2025-12-03T03:35:50.035+0000] {dag.py:3239} INFO - Sync 1 DAGs
[2025-12-03T03:35:50.124+0000] {logging_mixin.py:190} INFO - [2025-12-03T03:35:50.124+0000] {dag.py:4180} INFO - Setting next_dagrun for f1_polesight_pipeline to 2025-12-03 00:00:00+00:00, run_after=2025-12-04 00:00:00+00:00
[2025-12-03T03:35:50.184+0000] {processor.py:208} INFO - Processing /opt/airflow/dags/f1_pipeline_dag.py took 0.370 seconds
[2025-12-03T03:36:20.478+0000] {processor.py:186} INFO - Started process (PID=10153) to work on /opt/airflow/dags/f1_pipeline_dag.py
[2025-12-03T03:36:20.480+0000] {processor.py:914} INFO - Processing file /opt/airflow/dags/f1_pipeline_dag.py for tasks to queue
[2025-12-03T03:36:20.485+0000] {logging_mixin.py:190} INFO - [2025-12-03T03:36:20.485+0000] {dagbag.py:588} INFO - Filling up the DagBag from /opt/airflow/dags/f1_pipeline_dag.py
[2025-12-03T03:36:20.533+0000] {processor.py:925} INFO - DAG(s) 'f1_polesight_pipeline' retrieved from /opt/airflow/dags/f1_pipeline_dag.py
[2025-12-03T03:36:20.576+0000] {logging_mixin.py:190} INFO - [2025-12-03T03:36:20.576+0000] {dag.py:3239} INFO - Sync 1 DAGs
[2025-12-03T03:36:20.626+0000] {logging_mixin.py:190} INFO - [2025-12-03T03:36:20.625+0000] {dag.py:4180} INFO - Setting next_dagrun for f1_polesight_pipeline to 2025-12-03 00:00:00+00:00, run_after=2025-12-04 00:00:00+00:00
[2025-12-03T03:36:20.665+0000] {processor.py:208} INFO - Processing /opt/airflow/dags/f1_pipeline_dag.py took 0.199 seconds
[2025-12-03T03:36:51.285+0000] {processor.py:186} INFO - Started process (PID=10163) to work on /opt/airflow/dags/f1_pipeline_dag.py
[2025-12-03T03:36:51.288+0000] {processor.py:914} INFO - Processing file /opt/airflow/dags/f1_pipeline_dag.py for tasks to queue
[2025-12-03T03:36:51.293+0000] {logging_mixin.py:190} INFO - [2025-12-03T03:36:51.292+0000] {dagbag.py:588} INFO - Filling up the DagBag from /opt/airflow/dags/f1_pipeline_dag.py
[2025-12-03T03:36:51.336+0000] {processor.py:925} INFO - DAG(s) 'f1_polesight_pipeline' retrieved from /opt/airflow/dags/f1_pipeline_dag.py
[2025-12-03T03:36:51.380+0000] {logging_mixin.py:190} INFO - [2025-12-03T03:36:51.380+0000] {dag.py:3239} INFO - Sync 1 DAGs
[2025-12-03T03:36:51.431+0000] {logging_mixin.py:190} INFO - [2025-12-03T03:36:51.431+0000] {dag.py:4180} INFO - Setting next_dagrun for f1_polesight_pipeline to 2025-12-03 00:00:00+00:00, run_after=2025-12-04 00:00:00+00:00
[2025-12-03T03:36:51.467+0000] {processor.py:208} INFO - Processing /opt/airflow/dags/f1_pipeline_dag.py took 0.194 seconds
[2025-12-03T03:37:22.092+0000] {processor.py:186} INFO - Started process (PID=10252) to work on /opt/airflow/dags/f1_pipeline_dag.py
[2025-12-03T03:37:22.098+0000] {processor.py:914} INFO - Processing file /opt/airflow/dags/f1_pipeline_dag.py for tasks to queue
[2025-12-03T03:37:22.109+0000] {logging_mixin.py:190} INFO - [2025-12-03T03:37:22.108+0000] {dagbag.py:588} INFO - Filling up the DagBag from /opt/airflow/dags/f1_pipeline_dag.py
[2025-12-03T03:37:22.185+0000] {processor.py:925} INFO - DAG(s) 'f1_polesight_pipeline' retrieved from /opt/airflow/dags/f1_pipeline_dag.py
[2025-12-03T03:37:22.268+0000] {logging_mixin.py:190} INFO - [2025-12-03T03:37:22.267+0000] {dag.py:3239} INFO - Sync 1 DAGs
[2025-12-03T03:37:22.351+0000] {logging_mixin.py:190} INFO - [2025-12-03T03:37:22.350+0000] {dag.py:4180} INFO - Setting next_dagrun for f1_polesight_pipeline to 2025-12-03 00:00:00+00:00, run_after=2025-12-04 00:00:00+00:00
[2025-12-03T03:37:22.407+0000] {processor.py:208} INFO - Processing /opt/airflow/dags/f1_pipeline_dag.py took 0.340 seconds
[2025-12-03T03:37:52.815+0000] {processor.py:186} INFO - Started process (PID=10403) to work on /opt/airflow/dags/f1_pipeline_dag.py
[2025-12-03T03:37:52.816+0000] {processor.py:914} INFO - Processing file /opt/airflow/dags/f1_pipeline_dag.py for tasks to queue
[2025-12-03T03:37:52.819+0000] {logging_mixin.py:190} INFO - [2025-12-03T03:37:52.819+0000] {dagbag.py:588} INFO - Filling up the DagBag from /opt/airflow/dags/f1_pipeline_dag.py
[2025-12-03T03:37:52.847+0000] {processor.py:925} INFO - DAG(s) 'f1_polesight_pipeline' retrieved from /opt/airflow/dags/f1_pipeline_dag.py
[2025-12-03T03:37:52.873+0000] {logging_mixin.py:190} INFO - [2025-12-03T03:37:52.872+0000] {dag.py:3239} INFO - Sync 1 DAGs
[2025-12-03T03:37:52.903+0000] {logging_mixin.py:190} INFO - [2025-12-03T03:37:52.903+0000] {dag.py:4180} INFO - Setting next_dagrun for f1_polesight_pipeline to 2025-12-03 00:00:00+00:00, run_after=2025-12-04 00:00:00+00:00
[2025-12-03T03:37:52.929+0000] {processor.py:208} INFO - Processing /opt/airflow/dags/f1_pipeline_dag.py took 0.122 seconds
[2025-12-03T03:38:23.434+0000] {processor.py:186} INFO - Started process (PID=10413) to work on /opt/airflow/dags/f1_pipeline_dag.py
[2025-12-03T03:38:23.436+0000] {processor.py:914} INFO - Processing file /opt/airflow/dags/f1_pipeline_dag.py for tasks to queue
[2025-12-03T03:38:23.439+0000] {logging_mixin.py:190} INFO - [2025-12-03T03:38:23.439+0000] {dagbag.py:588} INFO - Filling up the DagBag from /opt/airflow/dags/f1_pipeline_dag.py
[2025-12-03T03:38:23.469+0000] {processor.py:925} INFO - DAG(s) 'f1_polesight_pipeline' retrieved from /opt/airflow/dags/f1_pipeline_dag.py
[2025-12-03T03:38:23.494+0000] {logging_mixin.py:190} INFO - [2025-12-03T03:38:23.494+0000] {dag.py:3239} INFO - Sync 1 DAGs
[2025-12-03T03:38:23.524+0000] {logging_mixin.py:190} INFO - [2025-12-03T03:38:23.524+0000] {dag.py:4180} INFO - Setting next_dagrun for f1_polesight_pipeline to 2025-12-03 00:00:00+00:00, run_after=2025-12-04 00:00:00+00:00
[2025-12-03T03:38:23.550+0000] {processor.py:208} INFO - Processing /opt/airflow/dags/f1_pipeline_dag.py took 0.126 seconds
[2025-12-03T03:38:54.232+0000] {processor.py:186} INFO - Started process (PID=10423) to work on /opt/airflow/dags/f1_pipeline_dag.py
[2025-12-03T03:38:54.234+0000] {processor.py:914} INFO - Processing file /opt/airflow/dags/f1_pipeline_dag.py for tasks to queue
[2025-12-03T03:38:54.238+0000] {logging_mixin.py:190} INFO - [2025-12-03T03:38:54.237+0000] {dagbag.py:588} INFO - Filling up the DagBag from /opt/airflow/dags/f1_pipeline_dag.py
[2025-12-03T03:38:54.270+0000] {processor.py:925} INFO - DAG(s) 'f1_polesight_pipeline' retrieved from /opt/airflow/dags/f1_pipeline_dag.py
[2025-12-03T03:38:54.297+0000] {logging_mixin.py:190} INFO - [2025-12-03T03:38:54.297+0000] {dag.py:3239} INFO - Sync 1 DAGs
[2025-12-03T03:38:54.331+0000] {logging_mixin.py:190} INFO - [2025-12-03T03:38:54.330+0000] {dag.py:4180} INFO - Setting next_dagrun for f1_polesight_pipeline to 2025-12-03 00:00:00+00:00, run_after=2025-12-04 00:00:00+00:00
[2025-12-03T03:38:54.358+0000] {processor.py:208} INFO - Processing /opt/airflow/dags/f1_pipeline_dag.py took 0.135 seconds
[2025-12-03T03:39:24.828+0000] {processor.py:186} INFO - Started process (PID=10433) to work on /opt/airflow/dags/f1_pipeline_dag.py
[2025-12-03T03:39:24.830+0000] {processor.py:914} INFO - Processing file /opt/airflow/dags/f1_pipeline_dag.py for tasks to queue
[2025-12-03T03:39:24.833+0000] {logging_mixin.py:190} INFO - [2025-12-03T03:39:24.833+0000] {dagbag.py:588} INFO - Filling up the DagBag from /opt/airflow/dags/f1_pipeline_dag.py
[2025-12-03T03:39:24.859+0000] {processor.py:925} INFO - DAG(s) 'f1_polesight_pipeline' retrieved from /opt/airflow/dags/f1_pipeline_dag.py
[2025-12-03T03:39:24.885+0000] {logging_mixin.py:190} INFO - [2025-12-03T03:39:24.884+0000] {dag.py:3239} INFO - Sync 1 DAGs
[2025-12-03T03:39:24.917+0000] {logging_mixin.py:190} INFO - [2025-12-03T03:39:24.916+0000] {dag.py:4180} INFO - Setting next_dagrun for f1_polesight_pipeline to 2025-12-03 00:00:00+00:00, run_after=2025-12-04 00:00:00+00:00
[2025-12-03T03:39:24.956+0000] {processor.py:208} INFO - Processing /opt/airflow/dags/f1_pipeline_dag.py took 0.137 seconds
[2025-12-03T03:39:55.438+0000] {processor.py:186} INFO - Started process (PID=10443) to work on /opt/airflow/dags/f1_pipeline_dag.py
[2025-12-03T03:39:55.440+0000] {processor.py:914} INFO - Processing file /opt/airflow/dags/f1_pipeline_dag.py for tasks to queue
[2025-12-03T03:39:55.443+0000] {logging_mixin.py:190} INFO - [2025-12-03T03:39:55.443+0000] {dagbag.py:588} INFO - Filling up the DagBag from /opt/airflow/dags/f1_pipeline_dag.py
[2025-12-03T03:39:55.471+0000] {processor.py:925} INFO - DAG(s) 'f1_polesight_pipeline' retrieved from /opt/airflow/dags/f1_pipeline_dag.py
[2025-12-03T03:39:55.495+0000] {logging_mixin.py:190} INFO - [2025-12-03T03:39:55.495+0000] {dag.py:3239} INFO - Sync 1 DAGs
[2025-12-03T03:39:55.529+0000] {logging_mixin.py:190} INFO - [2025-12-03T03:39:55.529+0000] {dag.py:4180} INFO - Setting next_dagrun for f1_polesight_pipeline to 2025-12-03 00:00:00+00:00, run_after=2025-12-04 00:00:00+00:00
[2025-12-03T03:39:55.557+0000] {processor.py:208} INFO - Processing /opt/airflow/dags/f1_pipeline_dag.py took 0.125 seconds
[2025-12-03T03:40:25.804+0000] {processor.py:186} INFO - Started process (PID=10453) to work on /opt/airflow/dags/f1_pipeline_dag.py
[2025-12-03T03:40:25.806+0000] {processor.py:914} INFO - Processing file /opt/airflow/dags/f1_pipeline_dag.py for tasks to queue
[2025-12-03T03:40:25.811+0000] {logging_mixin.py:190} INFO - [2025-12-03T03:40:25.810+0000] {dagbag.py:588} INFO - Filling up the DagBag from /opt/airflow/dags/f1_pipeline_dag.py
[2025-12-03T03:40:25.849+0000] {processor.py:925} INFO - DAG(s) 'f1_polesight_pipeline' retrieved from /opt/airflow/dags/f1_pipeline_dag.py
[2025-12-03T03:40:25.877+0000] {logging_mixin.py:190} INFO - [2025-12-03T03:40:25.876+0000] {dag.py:3239} INFO - Sync 1 DAGs
[2025-12-03T03:40:25.908+0000] {logging_mixin.py:190} INFO - [2025-12-03T03:40:25.908+0000] {dag.py:4180} INFO - Setting next_dagrun for f1_polesight_pipeline to 2025-12-03 00:00:00+00:00, run_after=2025-12-04 00:00:00+00:00
[2025-12-03T03:40:25.937+0000] {processor.py:208} INFO - Processing /opt/airflow/dags/f1_pipeline_dag.py took 0.149 seconds
[2025-12-03T03:40:56.173+0000] {processor.py:186} INFO - Started process (PID=10463) to work on /opt/airflow/dags/f1_pipeline_dag.py
[2025-12-03T03:40:56.174+0000] {processor.py:914} INFO - Processing file /opt/airflow/dags/f1_pipeline_dag.py for tasks to queue
[2025-12-03T03:40:56.177+0000] {logging_mixin.py:190} INFO - [2025-12-03T03:40:56.177+0000] {dagbag.py:588} INFO - Filling up the DagBag from /opt/airflow/dags/f1_pipeline_dag.py
[2025-12-03T03:40:56.207+0000] {processor.py:925} INFO - DAG(s) 'f1_polesight_pipeline' retrieved from /opt/airflow/dags/f1_pipeline_dag.py
[2025-12-03T03:40:56.233+0000] {logging_mixin.py:190} INFO - [2025-12-03T03:40:56.233+0000] {dag.py:3239} INFO - Sync 1 DAGs
[2025-12-03T03:40:56.265+0000] {logging_mixin.py:190} INFO - [2025-12-03T03:40:56.265+0000] {dag.py:4180} INFO - Setting next_dagrun for f1_polesight_pipeline to 2025-12-03 00:00:00+00:00, run_after=2025-12-04 00:00:00+00:00
[2025-12-03T03:40:56.292+0000] {processor.py:208} INFO - Processing /opt/airflow/dags/f1_pipeline_dag.py took 0.126 seconds
[2025-12-03T03:41:26.400+0000] {processor.py:186} INFO - Started process (PID=10473) to work on /opt/airflow/dags/f1_pipeline_dag.py
[2025-12-03T03:41:26.402+0000] {processor.py:914} INFO - Processing file /opt/airflow/dags/f1_pipeline_dag.py for tasks to queue
[2025-12-03T03:41:26.407+0000] {logging_mixin.py:190} INFO - [2025-12-03T03:41:26.407+0000] {dagbag.py:588} INFO - Filling up the DagBag from /opt/airflow/dags/f1_pipeline_dag.py
[2025-12-03T03:41:26.450+0000] {processor.py:925} INFO - DAG(s) 'f1_polesight_pipeline' retrieved from /opt/airflow/dags/f1_pipeline_dag.py
[2025-12-03T03:41:26.489+0000] {logging_mixin.py:190} INFO - [2025-12-03T03:41:26.489+0000] {dag.py:3239} INFO - Sync 1 DAGs
[2025-12-03T03:41:26.537+0000] {logging_mixin.py:190} INFO - [2025-12-03T03:41:26.537+0000] {dag.py:4180} INFO - Setting next_dagrun for f1_polesight_pipeline to 2025-12-03 00:00:00+00:00, run_after=2025-12-04 00:00:00+00:00
[2025-12-03T03:41:26.573+0000] {processor.py:208} INFO - Processing /opt/airflow/dags/f1_pipeline_dag.py took 0.185 seconds
[2025-12-03T03:41:57.210+0000] {processor.py:186} INFO - Started process (PID=10483) to work on /opt/airflow/dags/f1_pipeline_dag.py
[2025-12-03T03:41:57.212+0000] {processor.py:914} INFO - Processing file /opt/airflow/dags/f1_pipeline_dag.py for tasks to queue
[2025-12-03T03:41:57.215+0000] {logging_mixin.py:190} INFO - [2025-12-03T03:41:57.214+0000] {dagbag.py:588} INFO - Filling up the DagBag from /opt/airflow/dags/f1_pipeline_dag.py
[2025-12-03T03:41:57.243+0000] {processor.py:925} INFO - DAG(s) 'f1_polesight_pipeline' retrieved from /opt/airflow/dags/f1_pipeline_dag.py
[2025-12-03T03:41:57.269+0000] {logging_mixin.py:190} INFO - [2025-12-03T03:41:57.269+0000] {dag.py:3239} INFO - Sync 1 DAGs
[2025-12-03T03:41:57.302+0000] {logging_mixin.py:190} INFO - [2025-12-03T03:41:57.302+0000] {dag.py:4180} INFO - Setting next_dagrun for f1_polesight_pipeline to 2025-12-03 00:00:00+00:00, run_after=2025-12-04 00:00:00+00:00
[2025-12-03T03:41:57.329+0000] {processor.py:208} INFO - Processing /opt/airflow/dags/f1_pipeline_dag.py took 0.126 seconds
[2025-12-03T03:42:27.774+0000] {processor.py:186} INFO - Started process (PID=10493) to work on /opt/airflow/dags/f1_pipeline_dag.py
[2025-12-03T03:42:27.776+0000] {processor.py:914} INFO - Processing file /opt/airflow/dags/f1_pipeline_dag.py for tasks to queue
[2025-12-03T03:42:27.780+0000] {logging_mixin.py:190} INFO - [2025-12-03T03:42:27.779+0000] {dagbag.py:588} INFO - Filling up the DagBag from /opt/airflow/dags/f1_pipeline_dag.py
[2025-12-03T03:42:27.813+0000] {processor.py:925} INFO - DAG(s) 'f1_polesight_pipeline' retrieved from /opt/airflow/dags/f1_pipeline_dag.py
[2025-12-03T03:42:27.842+0000] {logging_mixin.py:190} INFO - [2025-12-03T03:42:27.842+0000] {dag.py:3239} INFO - Sync 1 DAGs
[2025-12-03T03:42:27.881+0000] {logging_mixin.py:190} INFO - [2025-12-03T03:42:27.881+0000] {dag.py:4180} INFO - Setting next_dagrun for f1_polesight_pipeline to 2025-12-03 00:00:00+00:00, run_after=2025-12-04 00:00:00+00:00
[2025-12-03T03:42:27.911+0000] {processor.py:208} INFO - Processing /opt/airflow/dags/f1_pipeline_dag.py took 0.146 seconds
[2025-12-03T03:42:58.339+0000] {processor.py:186} INFO - Started process (PID=10503) to work on /opt/airflow/dags/f1_pipeline_dag.py
[2025-12-03T03:42:58.340+0000] {processor.py:914} INFO - Processing file /opt/airflow/dags/f1_pipeline_dag.py for tasks to queue
[2025-12-03T03:42:58.344+0000] {logging_mixin.py:190} INFO - [2025-12-03T03:42:58.343+0000] {dagbag.py:588} INFO - Filling up the DagBag from /opt/airflow/dags/f1_pipeline_dag.py
[2025-12-03T03:42:58.373+0000] {processor.py:925} INFO - DAG(s) 'f1_polesight_pipeline' retrieved from /opt/airflow/dags/f1_pipeline_dag.py
[2025-12-03T03:42:58.399+0000] {logging_mixin.py:190} INFO - [2025-12-03T03:42:58.399+0000] {dag.py:3239} INFO - Sync 1 DAGs
[2025-12-03T03:42:58.432+0000] {logging_mixin.py:190} INFO - [2025-12-03T03:42:58.431+0000] {dag.py:4180} INFO - Setting next_dagrun for f1_polesight_pipeline to 2025-12-03 00:00:00+00:00, run_after=2025-12-04 00:00:00+00:00
[2025-12-03T03:42:58.456+0000] {processor.py:208} INFO - Processing /opt/airflow/dags/f1_pipeline_dag.py took 0.125 seconds
[2025-12-03T03:43:28.873+0000] {processor.py:186} INFO - Started process (PID=10513) to work on /opt/airflow/dags/f1_pipeline_dag.py
[2025-12-03T03:43:28.875+0000] {processor.py:914} INFO - Processing file /opt/airflow/dags/f1_pipeline_dag.py for tasks to queue
[2025-12-03T03:43:28.878+0000] {logging_mixin.py:190} INFO - [2025-12-03T03:43:28.877+0000] {dagbag.py:588} INFO - Filling up the DagBag from /opt/airflow/dags/f1_pipeline_dag.py
[2025-12-03T03:43:28.902+0000] {processor.py:925} INFO - DAG(s) 'f1_polesight_pipeline' retrieved from /opt/airflow/dags/f1_pipeline_dag.py
[2025-12-03T03:43:28.926+0000] {logging_mixin.py:190} INFO - [2025-12-03T03:43:28.926+0000] {dag.py:3239} INFO - Sync 1 DAGs
[2025-12-03T03:43:28.958+0000] {logging_mixin.py:190} INFO - [2025-12-03T03:43:28.958+0000] {dag.py:4180} INFO - Setting next_dagrun for f1_polesight_pipeline to 2025-12-03 00:00:00+00:00, run_after=2025-12-04 00:00:00+00:00
[2025-12-03T03:43:28.983+0000] {processor.py:208} INFO - Processing /opt/airflow/dags/f1_pipeline_dag.py took 0.117 seconds
[2025-12-03T03:43:59.469+0000] {processor.py:186} INFO - Started process (PID=10523) to work on /opt/airflow/dags/f1_pipeline_dag.py
[2025-12-03T03:43:59.470+0000] {processor.py:914} INFO - Processing file /opt/airflow/dags/f1_pipeline_dag.py for tasks to queue
[2025-12-03T03:43:59.473+0000] {logging_mixin.py:190} INFO - [2025-12-03T03:43:59.473+0000] {dagbag.py:588} INFO - Filling up the DagBag from /opt/airflow/dags/f1_pipeline_dag.py
[2025-12-03T03:43:59.500+0000] {processor.py:925} INFO - DAG(s) 'f1_polesight_pipeline' retrieved from /opt/airflow/dags/f1_pipeline_dag.py
[2025-12-03T03:43:59.527+0000] {logging_mixin.py:190} INFO - [2025-12-03T03:43:59.527+0000] {dag.py:3239} INFO - Sync 1 DAGs
[2025-12-03T03:43:59.557+0000] {logging_mixin.py:190} INFO - [2025-12-03T03:43:59.557+0000] {dag.py:4180} INFO - Setting next_dagrun for f1_polesight_pipeline to 2025-12-03 00:00:00+00:00, run_after=2025-12-04 00:00:00+00:00
[2025-12-03T03:43:59.583+0000] {processor.py:208} INFO - Processing /opt/airflow/dags/f1_pipeline_dag.py took 0.122 seconds
[2025-12-03T03:44:30.360+0000] {processor.py:186} INFO - Started process (PID=10533) to work on /opt/airflow/dags/f1_pipeline_dag.py
[2025-12-03T03:44:30.362+0000] {processor.py:914} INFO - Processing file /opt/airflow/dags/f1_pipeline_dag.py for tasks to queue
[2025-12-03T03:44:30.365+0000] {logging_mixin.py:190} INFO - [2025-12-03T03:44:30.364+0000] {dagbag.py:588} INFO - Filling up the DagBag from /opt/airflow/dags/f1_pipeline_dag.py
[2025-12-03T03:44:30.392+0000] {processor.py:925} INFO - DAG(s) 'f1_polesight_pipeline' retrieved from /opt/airflow/dags/f1_pipeline_dag.py
[2025-12-03T03:44:30.420+0000] {logging_mixin.py:190} INFO - [2025-12-03T03:44:30.420+0000] {dag.py:3239} INFO - Sync 1 DAGs
[2025-12-03T03:44:30.456+0000] {logging_mixin.py:190} INFO - [2025-12-03T03:44:30.455+0000] {dag.py:4180} INFO - Setting next_dagrun for f1_polesight_pipeline to 2025-12-03 00:00:00+00:00, run_after=2025-12-04 00:00:00+00:00
[2025-12-03T03:44:30.482+0000] {processor.py:208} INFO - Processing /opt/airflow/dags/f1_pipeline_dag.py took 0.131 seconds
[2025-12-03T03:45:01.034+0000] {processor.py:186} INFO - Started process (PID=10543) to work on /opt/airflow/dags/f1_pipeline_dag.py
[2025-12-03T03:45:01.035+0000] {processor.py:914} INFO - Processing file /opt/airflow/dags/f1_pipeline_dag.py for tasks to queue
[2025-12-03T03:45:01.038+0000] {logging_mixin.py:190} INFO - [2025-12-03T03:45:01.038+0000] {dagbag.py:588} INFO - Filling up the DagBag from /opt/airflow/dags/f1_pipeline_dag.py
[2025-12-03T03:45:01.065+0000] {processor.py:925} INFO - DAG(s) 'f1_polesight_pipeline' retrieved from /opt/airflow/dags/f1_pipeline_dag.py
[2025-12-03T03:45:01.093+0000] {logging_mixin.py:190} INFO - [2025-12-03T03:45:01.093+0000] {dag.py:3239} INFO - Sync 1 DAGs
[2025-12-03T03:45:01.129+0000] {logging_mixin.py:190} INFO - [2025-12-03T03:45:01.128+0000] {dag.py:4180} INFO - Setting next_dagrun for f1_polesight_pipeline to 2025-12-03 00:00:00+00:00, run_after=2025-12-04 00:00:00+00:00
[2025-12-03T03:45:01.157+0000] {processor.py:208} INFO - Processing /opt/airflow/dags/f1_pipeline_dag.py took 0.131 seconds
[2025-12-03T03:45:31.514+0000] {processor.py:186} INFO - Started process (PID=10553) to work on /opt/airflow/dags/f1_pipeline_dag.py
[2025-12-03T03:45:31.516+0000] {processor.py:914} INFO - Processing file /opt/airflow/dags/f1_pipeline_dag.py for tasks to queue
[2025-12-03T03:45:31.519+0000] {logging_mixin.py:190} INFO - [2025-12-03T03:45:31.519+0000] {dagbag.py:588} INFO - Filling up the DagBag from /opt/airflow/dags/f1_pipeline_dag.py
[2025-12-03T03:45:31.549+0000] {processor.py:925} INFO - DAG(s) 'f1_polesight_pipeline' retrieved from /opt/airflow/dags/f1_pipeline_dag.py
[2025-12-03T03:45:31.575+0000] {logging_mixin.py:190} INFO - [2025-12-03T03:45:31.574+0000] {dag.py:3239} INFO - Sync 1 DAGs
[2025-12-03T03:45:31.606+0000] {logging_mixin.py:190} INFO - [2025-12-03T03:45:31.606+0000] {dag.py:4180} INFO - Setting next_dagrun for f1_polesight_pipeline to 2025-12-03 00:00:00+00:00, run_after=2025-12-04 00:00:00+00:00
[2025-12-03T03:45:31.633+0000] {processor.py:208} INFO - Processing /opt/airflow/dags/f1_pipeline_dag.py took 0.130 seconds
[2025-12-03T03:46:01.993+0000] {processor.py:186} INFO - Started process (PID=10563) to work on /opt/airflow/dags/f1_pipeline_dag.py
[2025-12-03T03:46:01.994+0000] {processor.py:914} INFO - Processing file /opt/airflow/dags/f1_pipeline_dag.py for tasks to queue
[2025-12-03T03:46:01.998+0000] {logging_mixin.py:190} INFO - [2025-12-03T03:46:01.998+0000] {dagbag.py:588} INFO - Filling up the DagBag from /opt/airflow/dags/f1_pipeline_dag.py
[2025-12-03T03:46:02.029+0000] {processor.py:925} INFO - DAG(s) 'f1_polesight_pipeline' retrieved from /opt/airflow/dags/f1_pipeline_dag.py
[2025-12-03T03:46:02.054+0000] {logging_mixin.py:190} INFO - [2025-12-03T03:46:02.054+0000] {dag.py:3239} INFO - Sync 1 DAGs
[2025-12-03T03:46:02.087+0000] {logging_mixin.py:190} INFO - [2025-12-03T03:46:02.087+0000] {dag.py:4180} INFO - Setting next_dagrun for f1_polesight_pipeline to 2025-12-03 00:00:00+00:00, run_after=2025-12-04 00:00:00+00:00
[2025-12-03T03:46:02.113+0000] {processor.py:208} INFO - Processing /opt/airflow/dags/f1_pipeline_dag.py took 0.130 seconds
[2025-12-03T03:46:32.477+0000] {processor.py:186} INFO - Started process (PID=10573) to work on /opt/airflow/dags/f1_pipeline_dag.py
[2025-12-03T03:46:32.479+0000] {processor.py:914} INFO - Processing file /opt/airflow/dags/f1_pipeline_dag.py for tasks to queue
[2025-12-03T03:46:32.482+0000] {logging_mixin.py:190} INFO - [2025-12-03T03:46:32.482+0000] {dagbag.py:588} INFO - Filling up the DagBag from /opt/airflow/dags/f1_pipeline_dag.py
[2025-12-03T03:46:32.517+0000] {processor.py:925} INFO - DAG(s) 'f1_polesight_pipeline' retrieved from /opt/airflow/dags/f1_pipeline_dag.py
[2025-12-03T03:46:32.548+0000] {logging_mixin.py:190} INFO - [2025-12-03T03:46:32.548+0000] {dag.py:3239} INFO - Sync 1 DAGs
[2025-12-03T03:46:32.582+0000] {logging_mixin.py:190} INFO - [2025-12-03T03:46:32.582+0000] {dag.py:4180} INFO - Setting next_dagrun for f1_polesight_pipeline to 2025-12-03 00:00:00+00:00, run_after=2025-12-04 00:00:00+00:00
[2025-12-03T03:46:32.608+0000] {processor.py:208} INFO - Processing /opt/airflow/dags/f1_pipeline_dag.py took 0.141 seconds
[2025-12-03T03:47:02.919+0000] {processor.py:186} INFO - Started process (PID=10583) to work on /opt/airflow/dags/f1_pipeline_dag.py
[2025-12-03T03:47:02.921+0000] {processor.py:914} INFO - Processing file /opt/airflow/dags/f1_pipeline_dag.py for tasks to queue
[2025-12-03T03:47:02.923+0000] {logging_mixin.py:190} INFO - [2025-12-03T03:47:02.923+0000] {dagbag.py:588} INFO - Filling up the DagBag from /opt/airflow/dags/f1_pipeline_dag.py
[2025-12-03T03:47:02.949+0000] {processor.py:925} INFO - DAG(s) 'f1_polesight_pipeline' retrieved from /opt/airflow/dags/f1_pipeline_dag.py
[2025-12-03T03:47:02.977+0000] {logging_mixin.py:190} INFO - [2025-12-03T03:47:02.977+0000] {dag.py:3239} INFO - Sync 1 DAGs
[2025-12-03T03:47:03.016+0000] {logging_mixin.py:190} INFO - [2025-12-03T03:47:03.016+0000] {dag.py:4180} INFO - Setting next_dagrun for f1_polesight_pipeline to 2025-12-03 00:00:00+00:00, run_after=2025-12-04 00:00:00+00:00
[2025-12-03T03:47:03.046+0000] {processor.py:208} INFO - Processing /opt/airflow/dags/f1_pipeline_dag.py took 0.135 seconds
[2025-12-03T03:47:33.580+0000] {processor.py:186} INFO - Started process (PID=10593) to work on /opt/airflow/dags/f1_pipeline_dag.py
[2025-12-03T03:47:33.588+0000] {processor.py:914} INFO - Processing file /opt/airflow/dags/f1_pipeline_dag.py for tasks to queue
[2025-12-03T03:47:33.602+0000] {logging_mixin.py:190} INFO - [2025-12-03T03:47:33.600+0000] {dagbag.py:588} INFO - Filling up the DagBag from /opt/airflow/dags/f1_pipeline_dag.py
[2025-12-03T03:47:33.719+0000] {processor.py:925} INFO - DAG(s) 'f1_polesight_pipeline' retrieved from /opt/airflow/dags/f1_pipeline_dag.py
[2025-12-03T03:47:33.833+0000] {logging_mixin.py:190} INFO - [2025-12-03T03:47:33.832+0000] {dag.py:3239} INFO - Sync 1 DAGs
[2025-12-03T03:47:33.979+0000] {logging_mixin.py:190} INFO - [2025-12-03T03:47:33.979+0000] {dag.py:4180} INFO - Setting next_dagrun for f1_polesight_pipeline to 2025-12-03 00:00:00+00:00, run_after=2025-12-04 00:00:00+00:00
[2025-12-03T03:47:34.877+0000] {processor.py:208} INFO - Processing /opt/airflow/dags/f1_pipeline_dag.py took 1.334 seconds
[2025-12-03T03:48:05.637+0000] {processor.py:186} INFO - Started process (PID=10603) to work on /opt/airflow/dags/f1_pipeline_dag.py
[2025-12-03T03:48:05.644+0000] {processor.py:914} INFO - Processing file /opt/airflow/dags/f1_pipeline_dag.py for tasks to queue
[2025-12-03T03:48:05.658+0000] {logging_mixin.py:190} INFO - [2025-12-03T03:48:05.657+0000] {dagbag.py:588} INFO - Filling up the DagBag from /opt/airflow/dags/f1_pipeline_dag.py
[2025-12-03T03:48:05.744+0000] {processor.py:925} INFO - DAG(s) 'f1_polesight_pipeline' retrieved from /opt/airflow/dags/f1_pipeline_dag.py
[2025-12-03T03:48:05.821+0000] {logging_mixin.py:190} INFO - [2025-12-03T03:48:05.820+0000] {dag.py:3239} INFO - Sync 1 DAGs
[2025-12-03T03:48:05.931+0000] {logging_mixin.py:190} INFO - [2025-12-03T03:48:05.930+0000] {dag.py:4180} INFO - Setting next_dagrun for f1_polesight_pipeline to 2025-12-03 00:00:00+00:00, run_after=2025-12-04 00:00:00+00:00
[2025-12-03T03:48:06.047+0000] {processor.py:208} INFO - Processing /opt/airflow/dags/f1_pipeline_dag.py took 0.449 seconds
[2025-12-03T03:48:36.603+0000] {processor.py:186} INFO - Started process (PID=10613) to work on /opt/airflow/dags/f1_pipeline_dag.py
[2025-12-03T03:48:36.608+0000] {processor.py:914} INFO - Processing file /opt/airflow/dags/f1_pipeline_dag.py for tasks to queue
[2025-12-03T03:48:36.628+0000] {logging_mixin.py:190} INFO - [2025-12-03T03:48:36.626+0000] {dagbag.py:588} INFO - Filling up the DagBag from /opt/airflow/dags/f1_pipeline_dag.py
[2025-12-03T03:48:36.729+0000] {processor.py:925} INFO - DAG(s) 'f1_polesight_pipeline' retrieved from /opt/airflow/dags/f1_pipeline_dag.py
[2025-12-03T03:48:36.803+0000] {logging_mixin.py:190} INFO - [2025-12-03T03:48:36.802+0000] {dag.py:3239} INFO - Sync 1 DAGs
[2025-12-03T03:48:36.880+0000] {logging_mixin.py:190} INFO - [2025-12-03T03:48:36.880+0000] {dag.py:4180} INFO - Setting next_dagrun for f1_polesight_pipeline to 2025-12-03 00:00:00+00:00, run_after=2025-12-04 00:00:00+00:00
[2025-12-03T03:48:36.932+0000] {processor.py:208} INFO - Processing /opt/airflow/dags/f1_pipeline_dag.py took 0.417 seconds
[2025-12-03T03:49:07.701+0000] {processor.py:186} INFO - Started process (PID=10623) to work on /opt/airflow/dags/f1_pipeline_dag.py
[2025-12-03T03:49:07.704+0000] {processor.py:914} INFO - Processing file /opt/airflow/dags/f1_pipeline_dag.py for tasks to queue
[2025-12-03T03:49:07.710+0000] {logging_mixin.py:190} INFO - [2025-12-03T03:49:07.709+0000] {dagbag.py:588} INFO - Filling up the DagBag from /opt/airflow/dags/f1_pipeline_dag.py
[2025-12-03T03:49:07.787+0000] {processor.py:925} INFO - DAG(s) 'f1_polesight_pipeline' retrieved from /opt/airflow/dags/f1_pipeline_dag.py
[2025-12-03T03:49:07.847+0000] {logging_mixin.py:190} INFO - [2025-12-03T03:49:07.846+0000] {dag.py:3239} INFO - Sync 1 DAGs
[2025-12-03T03:49:07.945+0000] {logging_mixin.py:190} INFO - [2025-12-03T03:49:07.945+0000] {dag.py:4180} INFO - Setting next_dagrun for f1_polesight_pipeline to 2025-12-03 00:00:00+00:00, run_after=2025-12-04 00:00:00+00:00
[2025-12-03T03:49:08.030+0000] {processor.py:208} INFO - Processing /opt/airflow/dags/f1_pipeline_dag.py took 0.349 seconds
[2025-12-03T03:49:38.658+0000] {processor.py:186} INFO - Started process (PID=10633) to work on /opt/airflow/dags/f1_pipeline_dag.py
[2025-12-03T03:49:38.661+0000] {processor.py:914} INFO - Processing file /opt/airflow/dags/f1_pipeline_dag.py for tasks to queue
[2025-12-03T03:49:38.667+0000] {logging_mixin.py:190} INFO - [2025-12-03T03:49:38.666+0000] {dagbag.py:588} INFO - Filling up the DagBag from /opt/airflow/dags/f1_pipeline_dag.py
[2025-12-03T03:49:38.731+0000] {processor.py:925} INFO - DAG(s) 'f1_polesight_pipeline' retrieved from /opt/airflow/dags/f1_pipeline_dag.py
[2025-12-03T03:49:38.791+0000] {logging_mixin.py:190} INFO - [2025-12-03T03:49:38.790+0000] {dag.py:3239} INFO - Sync 1 DAGs
[2025-12-03T03:49:38.858+0000] {logging_mixin.py:190} INFO - [2025-12-03T03:49:38.858+0000] {dag.py:4180} INFO - Setting next_dagrun for f1_polesight_pipeline to 2025-12-03 00:00:00+00:00, run_after=2025-12-04 00:00:00+00:00
[2025-12-03T03:49:38.926+0000] {processor.py:208} INFO - Processing /opt/airflow/dags/f1_pipeline_dag.py took 0.286 seconds
[2025-12-03T03:50:09.320+0000] {processor.py:186} INFO - Started process (PID=10643) to work on /opt/airflow/dags/f1_pipeline_dag.py
[2025-12-03T03:50:09.322+0000] {processor.py:914} INFO - Processing file /opt/airflow/dags/f1_pipeline_dag.py for tasks to queue
[2025-12-03T03:50:09.327+0000] {logging_mixin.py:190} INFO - [2025-12-03T03:50:09.326+0000] {dagbag.py:588} INFO - Filling up the DagBag from /opt/airflow/dags/f1_pipeline_dag.py
[2025-12-03T03:50:09.368+0000] {processor.py:925} INFO - DAG(s) 'f1_polesight_pipeline' retrieved from /opt/airflow/dags/f1_pipeline_dag.py
[2025-12-03T03:50:09.415+0000] {logging_mixin.py:190} INFO - [2025-12-03T03:50:09.414+0000] {dag.py:3239} INFO - Sync 1 DAGs
[2025-12-03T03:50:09.474+0000] {logging_mixin.py:190} INFO - [2025-12-03T03:50:09.474+0000] {dag.py:4180} INFO - Setting next_dagrun for f1_polesight_pipeline to 2025-12-03 00:00:00+00:00, run_after=2025-12-04 00:00:00+00:00
[2025-12-03T03:50:09.514+0000] {processor.py:208} INFO - Processing /opt/airflow/dags/f1_pipeline_dag.py took 0.206 seconds
[2025-12-03T03:50:40.039+0000] {processor.py:186} INFO - Started process (PID=10653) to work on /opt/airflow/dags/f1_pipeline_dag.py
[2025-12-03T03:50:40.042+0000] {processor.py:914} INFO - Processing file /opt/airflow/dags/f1_pipeline_dag.py for tasks to queue
[2025-12-03T03:50:40.051+0000] {logging_mixin.py:190} INFO - [2025-12-03T03:50:40.050+0000] {dagbag.py:588} INFO - Filling up the DagBag from /opt/airflow/dags/f1_pipeline_dag.py
[2025-12-03T03:50:40.017+0000] {processor.py:925} INFO - DAG(s) 'f1_polesight_pipeline' retrieved from /opt/airflow/dags/f1_pipeline_dag.py
[2025-12-03T03:50:40.107+0000] {logging_mixin.py:190} INFO - [2025-12-03T03:50:40.105+0000] {dag.py:3239} INFO - Sync 1 DAGs
[2025-12-03T03:50:40.197+0000] {logging_mixin.py:190} INFO - [2025-12-03T03:50:40.197+0000] {dag.py:4180} INFO - Setting next_dagrun for f1_polesight_pipeline to 2025-12-03 00:00:00+00:00, run_after=2025-12-04 00:00:00+00:00
[2025-12-03T03:50:40.244+0000] {processor.py:208} INFO - Processing /opt/airflow/dags/f1_pipeline_dag.py took 0.333 seconds
[2025-12-03T03:51:10.768+0000] {processor.py:186} INFO - Started process (PID=10663) to work on /opt/airflow/dags/f1_pipeline_dag.py
[2025-12-03T03:51:10.771+0000] {processor.py:914} INFO - Processing file /opt/airflow/dags/f1_pipeline_dag.py for tasks to queue
[2025-12-03T03:51:10.780+0000] {logging_mixin.py:190} INFO - [2025-12-03T03:51:10.779+0000] {dagbag.py:588} INFO - Filling up the DagBag from /opt/airflow/dags/f1_pipeline_dag.py
[2025-12-03T03:51:10.856+0000] {processor.py:925} INFO - DAG(s) 'f1_polesight_pipeline' retrieved from /opt/airflow/dags/f1_pipeline_dag.py
[2025-12-03T03:51:10.925+0000] {logging_mixin.py:190} INFO - [2025-12-03T03:51:10.924+0000] {dag.py:3239} INFO - Sync 1 DAGs
[2025-12-03T03:51:11.014+0000] {logging_mixin.py:190} INFO - [2025-12-03T03:51:11.014+0000] {dag.py:4180} INFO - Setting next_dagrun for f1_polesight_pipeline to 2025-12-03 00:00:00+00:00, run_after=2025-12-04 00:00:00+00:00
[2025-12-03T03:51:11.067+0000] {processor.py:208} INFO - Processing /opt/airflow/dags/f1_pipeline_dag.py took 0.317 seconds
[2025-12-03T03:51:41.659+0000] {processor.py:186} INFO - Started process (PID=10673) to work on /opt/airflow/dags/f1_pipeline_dag.py
[2025-12-03T03:51:41.671+0000] {processor.py:914} INFO - Processing file /opt/airflow/dags/f1_pipeline_dag.py for tasks to queue
[2025-12-03T03:51:41.683+0000] {logging_mixin.py:190} INFO - [2025-12-03T03:51:41.682+0000] {dagbag.py:588} INFO - Filling up the DagBag from /opt/airflow/dags/f1_pipeline_dag.py
[2025-12-03T03:51:41.814+0000] {processor.py:925} INFO - DAG(s) 'f1_polesight_pipeline' retrieved from /opt/airflow/dags/f1_pipeline_dag.py
[2025-12-03T03:51:41.911+0000] {logging_mixin.py:190} INFO - [2025-12-03T03:51:41.910+0000] {dag.py:3239} INFO - Sync 1 DAGs
[2025-12-03T03:51:42.052+0000] {logging_mixin.py:190} INFO - [2025-12-03T03:51:42.051+0000] {dag.py:4180} INFO - Setting next_dagrun for f1_polesight_pipeline to 2025-12-03 00:00:00+00:00, run_after=2025-12-04 00:00:00+00:00
[2025-12-03T03:51:42.113+0000] {processor.py:208} INFO - Processing /opt/airflow/dags/f1_pipeline_dag.py took 0.496 seconds
[2025-12-03T03:52:12.521+0000] {processor.py:186} INFO - Started process (PID=10683) to work on /opt/airflow/dags/f1_pipeline_dag.py
[2025-12-03T03:52:12.522+0000] {processor.py:914} INFO - Processing file /opt/airflow/dags/f1_pipeline_dag.py for tasks to queue
[2025-12-03T03:52:12.528+0000] {logging_mixin.py:190} INFO - [2025-12-03T03:52:12.527+0000] {dagbag.py:588} INFO - Filling up the DagBag from /opt/airflow/dags/f1_pipeline_dag.py
[2025-12-03T03:52:12.576+0000] {processor.py:925} INFO - DAG(s) 'f1_polesight_pipeline' retrieved from /opt/airflow/dags/f1_pipeline_dag.py
[2025-12-03T03:52:12.622+0000] {logging_mixin.py:190} INFO - [2025-12-03T03:52:12.621+0000] {dag.py:3239} INFO - Sync 1 DAGs
[2025-12-03T03:52:12.679+0000] {logging_mixin.py:190} INFO - [2025-12-03T03:52:12.678+0000] {dag.py:4180} INFO - Setting next_dagrun for f1_polesight_pipeline to 2025-12-03 00:00:00+00:00, run_after=2025-12-04 00:00:00+00:00
[2025-12-03T03:52:12.738+0000] {processor.py:208} INFO - Processing /opt/airflow/dags/f1_pipeline_dag.py took 0.233 seconds
[2025-12-03T03:52:43.150+0000] {processor.py:186} INFO - Started process (PID=10693) to work on /opt/airflow/dags/f1_pipeline_dag.py
[2025-12-03T03:52:43.152+0000] {processor.py:914} INFO - Processing file /opt/airflow/dags/f1_pipeline_dag.py for tasks to queue
[2025-12-03T03:52:43.157+0000] {logging_mixin.py:190} INFO - [2025-12-03T03:52:43.156+0000] {dagbag.py:588} INFO - Filling up the DagBag from /opt/airflow/dags/f1_pipeline_dag.py
[2025-12-03T03:52:43.196+0000] {processor.py:925} INFO - DAG(s) 'f1_polesight_pipeline' retrieved from /opt/airflow/dags/f1_pipeline_dag.py
[2025-12-03T03:52:43.237+0000] {logging_mixin.py:190} INFO - [2025-12-03T03:52:43.237+0000] {dag.py:3239} INFO - Sync 1 DAGs
[2025-12-03T03:52:43.297+0000] {logging_mixin.py:190} INFO - [2025-12-03T03:52:43.296+0000] {dag.py:4180} INFO - Setting next_dagrun for f1_polesight_pipeline to 2025-12-03 00:00:00+00:00, run_after=2025-12-04 00:00:00+00:00
[2025-12-03T03:52:43.342+0000] {processor.py:208} INFO - Processing /opt/airflow/dags/f1_pipeline_dag.py took 0.205 seconds
[2025-12-03T03:53:13.727+0000] {processor.py:186} INFO - Started process (PID=10703) to work on /opt/airflow/dags/f1_pipeline_dag.py
[2025-12-03T03:53:13.731+0000] {processor.py:914} INFO - Processing file /opt/airflow/dags/f1_pipeline_dag.py for tasks to queue
[2025-12-03T03:53:13.739+0000] {logging_mixin.py:190} INFO - [2025-12-03T03:53:13.738+0000] {dagbag.py:588} INFO - Filling up the DagBag from /opt/airflow/dags/f1_pipeline_dag.py
[2025-12-03T03:53:13.804+0000] {processor.py:925} INFO - DAG(s) 'f1_polesight_pipeline' retrieved from /opt/airflow/dags/f1_pipeline_dag.py
[2025-12-03T03:53:13.860+0000] {logging_mixin.py:190} INFO - [2025-12-03T03:53:13.860+0000] {dag.py:3239} INFO - Sync 1 DAGs
[2025-12-03T03:53:13.935+0000] {logging_mixin.py:190} INFO - [2025-12-03T03:53:13.934+0000] {dag.py:4180} INFO - Setting next_dagrun for f1_polesight_pipeline to 2025-12-03 00:00:00+00:00, run_after=2025-12-04 00:00:00+00:00
[2025-12-03T03:53:13.988+0000] {processor.py:208} INFO - Processing /opt/airflow/dags/f1_pipeline_dag.py took 0.284 seconds
[2025-12-03T03:53:44.505+0000] {processor.py:186} INFO - Started process (PID=10713) to work on /opt/airflow/dags/f1_pipeline_dag.py
[2025-12-03T03:53:44.507+0000] {processor.py:914} INFO - Processing file /opt/airflow/dags/f1_pipeline_dag.py for tasks to queue
[2025-12-03T03:53:44.513+0000] {logging_mixin.py:190} INFO - [2025-12-03T03:53:44.512+0000] {dagbag.py:588} INFO - Filling up the DagBag from /opt/airflow/dags/f1_pipeline_dag.py
[2025-12-03T03:53:44.561+0000] {processor.py:925} INFO - DAG(s) 'f1_polesight_pipeline' retrieved from /opt/airflow/dags/f1_pipeline_dag.py
[2025-12-03T03:53:44.607+0000] {logging_mixin.py:190} INFO - [2025-12-03T03:53:44.607+0000] {dag.py:3239} INFO - Sync 1 DAGs
[2025-12-03T03:53:44.664+0000] {logging_mixin.py:190} INFO - [2025-12-03T03:53:44.664+0000] {dag.py:4180} INFO - Setting next_dagrun for f1_polesight_pipeline to 2025-12-03 00:00:00+00:00, run_after=2025-12-04 00:00:00+00:00
[2025-12-03T03:53:44.703+0000] {processor.py:208} INFO - Processing /opt/airflow/dags/f1_pipeline_dag.py took 0.213 seconds
[2025-12-03T03:54:15.051+0000] {processor.py:186} INFO - Started process (PID=10723) to work on /opt/airflow/dags/f1_pipeline_dag.py
[2025-12-03T03:54:15.053+0000] {processor.py:914} INFO - Processing file /opt/airflow/dags/f1_pipeline_dag.py for tasks to queue
[2025-12-03T03:54:15.058+0000] {logging_mixin.py:190} INFO - [2025-12-03T03:54:15.058+0000] {dagbag.py:588} INFO - Filling up the DagBag from /opt/airflow/dags/f1_pipeline_dag.py
[2025-12-03T03:54:15.105+0000] {processor.py:925} INFO - DAG(s) 'f1_polesight_pipeline' retrieved from /opt/airflow/dags/f1_pipeline_dag.py
[2025-12-03T03:54:15.152+0000] {logging_mixin.py:190} INFO - [2025-12-03T03:54:15.152+0000] {dag.py:3239} INFO - Sync 1 DAGs
[2025-12-03T03:54:15.223+0000] {logging_mixin.py:190} INFO - [2025-12-03T03:54:15.222+0000] {dag.py:4180} INFO - Setting next_dagrun for f1_polesight_pipeline to 2025-12-03 00:00:00+00:00, run_after=2025-12-04 00:00:00+00:00
[2025-12-03T03:54:15.293+0000] {processor.py:208} INFO - Processing /opt/airflow/dags/f1_pipeline_dag.py took 0.256 seconds
[2025-12-03T03:54:45.917+0000] {processor.py:186} INFO - Started process (PID=10733) to work on /opt/airflow/dags/f1_pipeline_dag.py
[2025-12-03T03:54:45.919+0000] {processor.py:914} INFO - Processing file /opt/airflow/dags/f1_pipeline_dag.py for tasks to queue
[2025-12-03T03:54:45.926+0000] {logging_mixin.py:190} INFO - [2025-12-03T03:54:45.925+0000] {dagbag.py:588} INFO - Filling up the DagBag from /opt/airflow/dags/f1_pipeline_dag.py
[2025-12-03T03:54:45.980+0000] {processor.py:925} INFO - DAG(s) 'f1_polesight_pipeline' retrieved from /opt/airflow/dags/f1_pipeline_dag.py
[2025-12-03T03:54:46.026+0000] {logging_mixin.py:190} INFO - [2025-12-03T03:54:46.026+0000] {dag.py:3239} INFO - Sync 1 DAGs
[2025-12-03T03:54:46.078+0000] {logging_mixin.py:190} INFO - [2025-12-03T03:54:46.078+0000] {dag.py:4180} INFO - Setting next_dagrun for f1_polesight_pipeline to 2025-12-03 00:00:00+00:00, run_after=2025-12-04 00:00:00+00:00
[2025-12-03T03:54:46.119+0000] {processor.py:208} INFO - Processing /opt/airflow/dags/f1_pipeline_dag.py took 0.218 seconds
[2025-12-03T03:55:16.437+0000] {processor.py:186} INFO - Started process (PID=10743) to work on /opt/airflow/dags/f1_pipeline_dag.py
[2025-12-03T03:55:16.438+0000] {processor.py:914} INFO - Processing file /opt/airflow/dags/f1_pipeline_dag.py for tasks to queue
[2025-12-03T03:55:16.442+0000] {logging_mixin.py:190} INFO - [2025-12-03T03:55:16.441+0000] {dagbag.py:588} INFO - Filling up the DagBag from /opt/airflow/dags/f1_pipeline_dag.py
[2025-12-03T03:55:16.474+0000] {processor.py:925} INFO - DAG(s) 'f1_polesight_pipeline' retrieved from /opt/airflow/dags/f1_pipeline_dag.py
[2025-12-03T03:55:16.507+0000] {logging_mixin.py:190} INFO - [2025-12-03T03:55:16.507+0000] {dag.py:3239} INFO - Sync 1 DAGs
[2025-12-03T03:55:16.550+0000] {logging_mixin.py:190} INFO - [2025-12-03T03:55:16.549+0000] {dag.py:4180} INFO - Setting next_dagrun for f1_polesight_pipeline to 2025-12-03 00:00:00+00:00, run_after=2025-12-04 00:00:00+00:00
[2025-12-03T03:55:16.581+0000] {processor.py:208} INFO - Processing /opt/airflow/dags/f1_pipeline_dag.py took 0.153 seconds
[2025-12-03T03:55:46.939+0000] {processor.py:186} INFO - Started process (PID=10753) to work on /opt/airflow/dags/f1_pipeline_dag.py
[2025-12-03T03:55:46.942+0000] {processor.py:914} INFO - Processing file /opt/airflow/dags/f1_pipeline_dag.py for tasks to queue
[2025-12-03T03:55:46.949+0000] {logging_mixin.py:190} INFO - [2025-12-03T03:55:46.949+0000] {dagbag.py:588} INFO - Filling up the DagBag from /opt/airflow/dags/f1_pipeline_dag.py
[2025-12-03T03:55:47.019+0000] {processor.py:925} INFO - DAG(s) 'f1_polesight_pipeline' retrieved from /opt/airflow/dags/f1_pipeline_dag.py
[2025-12-03T03:55:47.100+0000] {logging_mixin.py:190} INFO - [2025-12-03T03:55:47.099+0000] {dag.py:3239} INFO - Sync 1 DAGs
[2025-12-03T03:55:47.209+0000] {logging_mixin.py:190} INFO - [2025-12-03T03:55:47.208+0000] {dag.py:4180} INFO - Setting next_dagrun for f1_polesight_pipeline to 2025-12-03 00:00:00+00:00, run_after=2025-12-04 00:00:00+00:00
[2025-12-03T03:55:47.283+0000] {processor.py:208} INFO - Processing /opt/airflow/dags/f1_pipeline_dag.py took 0.363 seconds
[2025-12-03T03:56:17.619+0000] {processor.py:186} INFO - Started process (PID=10763) to work on /opt/airflow/dags/f1_pipeline_dag.py
[2025-12-03T03:56:17.621+0000] {processor.py:914} INFO - Processing file /opt/airflow/dags/f1_pipeline_dag.py for tasks to queue
[2025-12-03T03:56:17.627+0000] {logging_mixin.py:190} INFO - [2025-12-03T03:56:17.626+0000] {dagbag.py:588} INFO - Filling up the DagBag from /opt/airflow/dags/f1_pipeline_dag.py
[2025-12-03T03:56:17.674+0000] {processor.py:925} INFO - DAG(s) 'f1_polesight_pipeline' retrieved from /opt/airflow/dags/f1_pipeline_dag.py
[2025-12-03T03:56:17.716+0000] {logging_mixin.py:190} INFO - [2025-12-03T03:56:17.716+0000] {dag.py:3239} INFO - Sync 1 DAGs
[2025-12-03T03:56:17.773+0000] {logging_mixin.py:190} INFO - [2025-12-03T03:56:17.772+0000] {dag.py:4180} INFO - Setting next_dagrun for f1_polesight_pipeline to 2025-12-03 00:00:00+00:00, run_after=2025-12-04 00:00:00+00:00
[2025-12-03T03:56:17.810+0000] {processor.py:208} INFO - Processing /opt/airflow/dags/f1_pipeline_dag.py took 0.206 seconds
[2025-12-03T03:56:47.931+0000] {processor.py:186} INFO - Started process (PID=10773) to work on /opt/airflow/dags/f1_pipeline_dag.py
[2025-12-03T03:56:47.933+0000] {processor.py:914} INFO - Processing file /opt/airflow/dags/f1_pipeline_dag.py for tasks to queue
[2025-12-03T03:56:47.939+0000] {logging_mixin.py:190} INFO - [2025-12-03T03:56:47.939+0000] {dagbag.py:588} INFO - Filling up the DagBag from /opt/airflow/dags/f1_pipeline_dag.py
[2025-12-03T03:56:47.985+0000] {processor.py:925} INFO - DAG(s) 'f1_polesight_pipeline' retrieved from /opt/airflow/dags/f1_pipeline_dag.py
[2025-12-03T03:56:48.036+0000] {logging_mixin.py:190} INFO - [2025-12-03T03:56:48.035+0000] {dag.py:3239} INFO - Sync 1 DAGs
[2025-12-03T03:56:48.097+0000] {logging_mixin.py:190} INFO - [2025-12-03T03:56:48.097+0000] {dag.py:4180} INFO - Setting next_dagrun for f1_polesight_pipeline to 2025-12-03 00:00:00+00:00, run_after=2025-12-04 00:00:00+00:00
[2025-12-03T03:56:48.138+0000] {processor.py:208} INFO - Processing /opt/airflow/dags/f1_pipeline_dag.py took 0.225 seconds
[2025-12-03T03:57:18.486+0000] {processor.py:186} INFO - Started process (PID=10783) to work on /opt/airflow/dags/f1_pipeline_dag.py
[2025-12-03T03:57:18.488+0000] {processor.py:914} INFO - Processing file /opt/airflow/dags/f1_pipeline_dag.py for tasks to queue
[2025-12-03T03:57:18.491+0000] {logging_mixin.py:190} INFO - [2025-12-03T03:57:18.491+0000] {dagbag.py:588} INFO - Filling up the DagBag from /opt/airflow/dags/f1_pipeline_dag.py
[2025-12-03T03:57:18.524+0000] {processor.py:925} INFO - DAG(s) 'f1_polesight_pipeline' retrieved from /opt/airflow/dags/f1_pipeline_dag.py
[2025-12-03T03:57:18.559+0000] {logging_mixin.py:190} INFO - [2025-12-03T03:57:18.559+0000] {dag.py:3239} INFO - Sync 1 DAGs
[2025-12-03T03:57:18.601+0000] {logging_mixin.py:190} INFO - [2025-12-03T03:57:18.601+0000] {dag.py:4180} INFO - Setting next_dagrun for f1_polesight_pipeline to 2025-12-03 00:00:00+00:00, run_after=2025-12-04 00:00:00+00:00
[2025-12-03T03:57:18.633+0000] {processor.py:208} INFO - Processing /opt/airflow/dags/f1_pipeline_dag.py took 0.157 seconds
[2025-12-03T03:57:49.031+0000] {processor.py:186} INFO - Started process (PID=10793) to work on /opt/airflow/dags/f1_pipeline_dag.py
[2025-12-03T03:57:49.032+0000] {processor.py:914} INFO - Processing file /opt/airflow/dags/f1_pipeline_dag.py for tasks to queue
[2025-12-03T03:57:49.036+0000] {logging_mixin.py:190} INFO - [2025-12-03T03:57:49.035+0000] {dagbag.py:588} INFO - Filling up the DagBag from /opt/airflow/dags/f1_pipeline_dag.py
[2025-12-03T03:57:49.063+0000] {processor.py:925} INFO - DAG(s) 'f1_polesight_pipeline' retrieved from /opt/airflow/dags/f1_pipeline_dag.py
[2025-12-03T03:57:49.091+0000] {logging_mixin.py:190} INFO - [2025-12-03T03:57:49.090+0000] {dag.py:3239} INFO - Sync 1 DAGs
[2025-12-03T03:57:49.128+0000] {logging_mixin.py:190} INFO - [2025-12-03T03:57:49.127+0000] {dag.py:4180} INFO - Setting next_dagrun for f1_polesight_pipeline to 2025-12-03 00:00:00+00:00, run_after=2025-12-04 00:00:00+00:00
[2025-12-03T03:57:49.158+0000] {processor.py:208} INFO - Processing /opt/airflow/dags/f1_pipeline_dag.py took 0.135 seconds
