[2025-12-03T03:14:49.596+0000] {processor.py:186} INFO - Started process (PID=9286) to work on /opt/airflow/dags/live_ingestion_dag.py
[2025-12-03T03:14:49.752+0000] {processor.py:914} INFO - Processing file /opt/airflow/dags/live_ingestion_dag.py for tasks to queue
[2025-12-03T03:14:50.014+0000] {logging_mixin.py:190} INFO - [2025-12-03T03:14:49.970+0000] {dagbag.py:588} INFO - Filling up the DagBag from /opt/airflow/dags/live_ingestion_dag.py
[2025-12-03T03:14:52.999+0000] {processor.py:925} INFO - DAG(s) 'f1_live_watcher' retrieved from /opt/airflow/dags/live_ingestion_dag.py
[2025-12-03T03:14:53.393+0000] {logging_mixin.py:190} INFO - [2025-12-03T03:14:53.381+0000] {dag.py:3239} INFO - Sync 1 DAGs
[2025-12-03T03:14:53.832+0000] {logging_mixin.py:190} INFO - [2025-12-03T03:14:53.831+0000] {dag.py:4180} INFO - Setting next_dagrun for f1_live_watcher to 2025-12-01 09:00:00+00:00, run_after=2025-12-08 09:00:00+00:00
[2025-12-03T03:14:54.092+0000] {processor.py:208} INFO - Processing /opt/airflow/dags/live_ingestion_dag.py took 4.895 seconds
[2025-12-03T03:15:26.834+0000] {processor.py:186} INFO - Started process (PID=9358) to work on /opt/airflow/dags/live_ingestion_dag.py
[2025-12-03T03:15:26.864+0000] {processor.py:914} INFO - Processing file /opt/airflow/dags/live_ingestion_dag.py for tasks to queue
[2025-12-03T03:15:26.922+0000] {logging_mixin.py:190} INFO - [2025-12-03T03:15:26.907+0000] {dagbag.py:588} INFO - Filling up the DagBag from /opt/airflow/dags/live_ingestion_dag.py
[2025-12-03T03:15:29.304+0000] {processor.py:925} INFO - DAG(s) 'f1_live_watcher' retrieved from /opt/airflow/dags/live_ingestion_dag.py
[2025-12-03T03:15:29.870+0000] {logging_mixin.py:190} INFO - [2025-12-03T03:15:29.869+0000] {dag.py:3239} INFO - Sync 1 DAGs
[2025-12-03T03:15:30.464+0000] {logging_mixin.py:190} INFO - [2025-12-03T03:15:30.451+0000] {dag.py:4180} INFO - Setting next_dagrun for f1_live_watcher to 2025-12-01 09:00:00+00:00, run_after=2025-12-08 09:00:00+00:00
[2025-12-03T03:15:31.148+0000] {processor.py:208} INFO - Processing /opt/airflow/dags/live_ingestion_dag.py took 4.806 seconds
[2025-12-03T03:16:02.566+0000] {processor.py:186} INFO - Started process (PID=9403) to work on /opt/airflow/dags/live_ingestion_dag.py
[2025-12-03T03:16:02.585+0000] {processor.py:914} INFO - Processing file /opt/airflow/dags/live_ingestion_dag.py for tasks to queue
[2025-12-03T03:16:02.657+0000] {logging_mixin.py:190} INFO - [2025-12-03T03:16:02.645+0000] {dagbag.py:588} INFO - Filling up the DagBag from /opt/airflow/dags/live_ingestion_dag.py
[2025-12-03T03:16:03.634+0000] {processor.py:925} INFO - DAG(s) 'f1_live_watcher' retrieved from /opt/airflow/dags/live_ingestion_dag.py
[2025-12-03T03:16:03.868+0000] {logging_mixin.py:190} INFO - [2025-12-03T03:16:03.867+0000] {dag.py:3239} INFO - Sync 1 DAGs
[2025-12-03T03:16:04.279+0000] {logging_mixin.py:190} INFO - [2025-12-03T03:16:04.278+0000] {dag.py:4180} INFO - Setting next_dagrun for f1_live_watcher to 2025-12-01 09:00:00+00:00, run_after=2025-12-08 09:00:00+00:00
[2025-12-03T03:16:04.767+0000] {processor.py:208} INFO - Processing /opt/airflow/dags/live_ingestion_dag.py took 2.316 seconds
[2025-12-03T03:16:36.240+0000] {processor.py:186} INFO - Started process (PID=9486) to work on /opt/airflow/dags/live_ingestion_dag.py
[2025-12-03T03:16:36.256+0000] {processor.py:914} INFO - Processing file /opt/airflow/dags/live_ingestion_dag.py for tasks to queue
[2025-12-03T03:16:36.304+0000] {logging_mixin.py:190} INFO - [2025-12-03T03:16:36.301+0000] {dagbag.py:588} INFO - Filling up the DagBag from /opt/airflow/dags/live_ingestion_dag.py
[2025-12-03T03:16:37.552+0000] {processor.py:925} INFO - DAG(s) 'f1_live_watcher' retrieved from /opt/airflow/dags/live_ingestion_dag.py
[2025-12-03T03:16:37.992+0000] {logging_mixin.py:190} INFO - [2025-12-03T03:16:37.990+0000] {dag.py:3239} INFO - Sync 1 DAGs
[2025-12-03T03:16:38.506+0000] {logging_mixin.py:190} INFO - [2025-12-03T03:16:38.505+0000] {dag.py:4180} INFO - Setting next_dagrun for f1_live_watcher to 2025-12-01 09:00:00+00:00, run_after=2025-12-08 09:00:00+00:00
[2025-12-03T03:16:38.943+0000] {processor.py:208} INFO - Processing /opt/airflow/dags/live_ingestion_dag.py took 2.831 seconds
[2025-12-03T03:17:09.717+0000] {processor.py:186} INFO - Started process (PID=9510) to work on /opt/airflow/dags/live_ingestion_dag.py
[2025-12-03T03:17:09.736+0000] {processor.py:914} INFO - Processing file /opt/airflow/dags/live_ingestion_dag.py for tasks to queue
[2025-12-03T03:17:09.765+0000] {logging_mixin.py:190} INFO - [2025-12-03T03:17:09.760+0000] {dagbag.py:588} INFO - Filling up the DagBag from /opt/airflow/dags/live_ingestion_dag.py
[2025-12-03T03:17:10.840+0000] {processor.py:925} INFO - DAG(s) 'f1_live_watcher' retrieved from /opt/airflow/dags/live_ingestion_dag.py
[2025-12-03T03:17:11.088+0000] {logging_mixin.py:190} INFO - [2025-12-03T03:17:11.087+0000] {dag.py:3239} INFO - Sync 1 DAGs
[2025-12-03T03:17:11.274+0000] {logging_mixin.py:190} INFO - [2025-12-03T03:17:11.272+0000] {dag.py:4180} INFO - Setting next_dagrun for f1_live_watcher to 2025-12-01 09:00:00+00:00, run_after=2025-12-08 09:00:00+00:00
[2025-12-03T03:17:11.396+0000] {processor.py:208} INFO - Processing /opt/airflow/dags/live_ingestion_dag.py took 1.766 seconds
[2025-12-03T03:17:48.630+0000] {processor.py:186} INFO - Started process (PID=9519) to work on /opt/airflow/dags/live_ingestion_dag.py
[2025-12-03T03:17:48.639+0000] {processor.py:914} INFO - Processing file /opt/airflow/dags/live_ingestion_dag.py for tasks to queue
[2025-12-03T03:17:48.655+0000] {logging_mixin.py:190} INFO - [2025-12-03T03:17:48.653+0000] {dagbag.py:588} INFO - Filling up the DagBag from /opt/airflow/dags/live_ingestion_dag.py
[2025-12-03T03:17:49.296+0000] {processor.py:925} INFO - DAG(s) 'f1_live_watcher' retrieved from /opt/airflow/dags/live_ingestion_dag.py
[2025-12-03T03:17:49.460+0000] {logging_mixin.py:190} INFO - [2025-12-03T03:17:49.459+0000] {dag.py:3239} INFO - Sync 1 DAGs
[2025-12-03T03:17:49.657+0000] {logging_mixin.py:190} INFO - [2025-12-03T03:17:49.656+0000] {dag.py:4180} INFO - Setting next_dagrun for f1_live_watcher to 2025-12-01 09:00:00+00:00, run_after=2025-12-08 09:00:00+00:00
[2025-12-03T03:17:49.781+0000] {processor.py:208} INFO - Processing /opt/airflow/dags/live_ingestion_dag.py took 1.206 seconds
[2025-12-03T03:18:20.520+0000] {processor.py:186} INFO - Started process (PID=9571) to work on /opt/airflow/dags/live_ingestion_dag.py
[2025-12-03T03:18:20.526+0000] {processor.py:914} INFO - Processing file /opt/airflow/dags/live_ingestion_dag.py for tasks to queue
[2025-12-03T03:18:20.560+0000] {logging_mixin.py:190} INFO - [2025-12-03T03:18:20.559+0000] {dagbag.py:588} INFO - Filling up the DagBag from /opt/airflow/dags/live_ingestion_dag.py
[2025-12-03T03:18:21.647+0000] {processor.py:925} INFO - DAG(s) 'f1_live_watcher' retrieved from /opt/airflow/dags/live_ingestion_dag.py
[2025-12-03T03:18:21.877+0000] {logging_mixin.py:190} INFO - [2025-12-03T03:18:21.876+0000] {dag.py:3239} INFO - Sync 1 DAGs
[2025-12-03T03:18:22.237+0000] {logging_mixin.py:190} INFO - [2025-12-03T03:18:22.236+0000] {dag.py:4180} INFO - Setting next_dagrun for f1_live_watcher to 2025-12-01 09:00:00+00:00, run_after=2025-12-08 09:00:00+00:00
[2025-12-03T03:18:22.549+0000] {processor.py:208} INFO - Processing /opt/airflow/dags/live_ingestion_dag.py took 2.093 seconds
[2025-12-03T03:18:53.253+0000] {processor.py:186} INFO - Started process (PID=9583) to work on /opt/airflow/dags/live_ingestion_dag.py
[2025-12-03T03:18:53.256+0000] {processor.py:914} INFO - Processing file /opt/airflow/dags/live_ingestion_dag.py for tasks to queue
[2025-12-03T03:18:53.264+0000] {logging_mixin.py:190} INFO - [2025-12-03T03:18:53.263+0000] {dagbag.py:588} INFO - Filling up the DagBag from /opt/airflow/dags/live_ingestion_dag.py
[2025-12-03T03:18:53.552+0000] {processor.py:925} INFO - DAG(s) 'f1_live_watcher' retrieved from /opt/airflow/dags/live_ingestion_dag.py
[2025-12-03T03:18:53.640+0000] {logging_mixin.py:190} INFO - [2025-12-03T03:18:53.639+0000] {dag.py:3239} INFO - Sync 1 DAGs
[2025-12-03T03:18:53.780+0000] {logging_mixin.py:190} INFO - [2025-12-03T03:18:53.779+0000] {dag.py:4180} INFO - Setting next_dagrun for f1_live_watcher to 2025-12-01 09:00:00+00:00, run_after=2025-12-08 09:00:00+00:00
[2025-12-03T03:18:53.879+0000] {processor.py:208} INFO - Processing /opt/airflow/dags/live_ingestion_dag.py took 0.643 seconds
[2025-12-03T03:19:24.698+0000] {processor.py:186} INFO - Started process (PID=9593) to work on /opt/airflow/dags/live_ingestion_dag.py
[2025-12-03T03:19:24.701+0000] {processor.py:914} INFO - Processing file /opt/airflow/dags/live_ingestion_dag.py for tasks to queue
[2025-12-03T03:19:24.711+0000] {logging_mixin.py:190} INFO - [2025-12-03T03:19:24.710+0000] {dagbag.py:588} INFO - Filling up the DagBag from /opt/airflow/dags/live_ingestion_dag.py
[2025-12-03T03:19:24.931+0000] {processor.py:925} INFO - DAG(s) 'f1_live_watcher' retrieved from /opt/airflow/dags/live_ingestion_dag.py
[2025-12-03T03:19:24.982+0000] {logging_mixin.py:190} INFO - [2025-12-03T03:19:24.981+0000] {dag.py:3239} INFO - Sync 1 DAGs
[2025-12-03T03:19:25.045+0000] {logging_mixin.py:190} INFO - [2025-12-03T03:19:25.044+0000] {dag.py:4180} INFO - Setting next_dagrun for f1_live_watcher to 2025-12-01 09:00:00+00:00, run_after=2025-12-08 09:00:00+00:00
[2025-12-03T03:19:25.091+0000] {processor.py:208} INFO - Processing /opt/airflow/dags/live_ingestion_dag.py took 0.415 seconds
[2025-12-03T03:19:55.588+0000] {processor.py:186} INFO - Started process (PID=9603) to work on /opt/airflow/dags/live_ingestion_dag.py
[2025-12-03T03:19:55.591+0000] {processor.py:914} INFO - Processing file /opt/airflow/dags/live_ingestion_dag.py for tasks to queue
[2025-12-03T03:19:55.598+0000] {logging_mixin.py:190} INFO - [2025-12-03T03:19:55.597+0000] {dagbag.py:588} INFO - Filling up the DagBag from /opt/airflow/dags/live_ingestion_dag.py
[2025-12-03T03:19:55.819+0000] {processor.py:925} INFO - DAG(s) 'f1_live_watcher' retrieved from /opt/airflow/dags/live_ingestion_dag.py
[2025-12-03T03:19:55.890+0000] {logging_mixin.py:190} INFO - [2025-12-03T03:19:55.889+0000] {dag.py:3239} INFO - Sync 1 DAGs
[2025-12-03T03:19:55.980+0000] {logging_mixin.py:190} INFO - [2025-12-03T03:19:55.980+0000] {dag.py:4180} INFO - Setting next_dagrun for f1_live_watcher to 2025-12-01 09:00:00+00:00, run_after=2025-12-08 09:00:00+00:00
[2025-12-03T03:19:56.028+0000] {processor.py:208} INFO - Processing /opt/airflow/dags/live_ingestion_dag.py took 0.459 seconds
[2025-12-03T03:20:26.261+0000] {processor.py:186} INFO - Started process (PID=9613) to work on /opt/airflow/dags/live_ingestion_dag.py
[2025-12-03T03:20:26.264+0000] {processor.py:914} INFO - Processing file /opt/airflow/dags/live_ingestion_dag.py for tasks to queue
[2025-12-03T03:20:26.282+0000] {logging_mixin.py:190} INFO - [2025-12-03T03:20:26.281+0000] {dagbag.py:588} INFO - Filling up the DagBag from /opt/airflow/dags/live_ingestion_dag.py
[2025-12-03T03:20:26.754+0000] {processor.py:925} INFO - DAG(s) 'f1_live_watcher' retrieved from /opt/airflow/dags/live_ingestion_dag.py
[2025-12-03T03:20:26.866+0000] {logging_mixin.py:190} INFO - [2025-12-03T03:20:26.866+0000] {dag.py:3239} INFO - Sync 1 DAGs
[2025-12-03T03:20:27.003+0000] {logging_mixin.py:190} INFO - [2025-12-03T03:20:27.002+0000] {dag.py:4180} INFO - Setting next_dagrun for f1_live_watcher to 2025-12-01 09:00:00+00:00, run_after=2025-12-08 09:00:00+00:00
[2025-12-03T03:20:27.084+0000] {processor.py:208} INFO - Processing /opt/airflow/dags/live_ingestion_dag.py took 0.860 seconds
[2025-12-03T03:20:57.645+0000] {processor.py:186} INFO - Started process (PID=9623) to work on /opt/airflow/dags/live_ingestion_dag.py
[2025-12-03T03:20:57.649+0000] {processor.py:914} INFO - Processing file /opt/airflow/dags/live_ingestion_dag.py for tasks to queue
[2025-12-03T03:20:57.661+0000] {logging_mixin.py:190} INFO - [2025-12-03T03:20:57.659+0000] {dagbag.py:588} INFO - Filling up the DagBag from /opt/airflow/dags/live_ingestion_dag.py
[2025-12-03T03:20:57.998+0000] {processor.py:925} INFO - DAG(s) 'f1_live_watcher' retrieved from /opt/airflow/dags/live_ingestion_dag.py
[2025-12-03T03:20:58.090+0000] {logging_mixin.py:190} INFO - [2025-12-03T03:20:58.089+0000] {dag.py:3239} INFO - Sync 1 DAGs
[2025-12-03T03:20:58.194+0000] {logging_mixin.py:190} INFO - [2025-12-03T03:20:58.193+0000] {dag.py:4180} INFO - Setting next_dagrun for f1_live_watcher to 2025-12-01 09:00:00+00:00, run_after=2025-12-08 09:00:00+00:00
[2025-12-03T03:20:58.282+0000] {processor.py:208} INFO - Processing /opt/airflow/dags/live_ingestion_dag.py took 0.662 seconds
[2025-12-03T03:21:29.054+0000] {processor.py:186} INFO - Started process (PID=9633) to work on /opt/airflow/dags/live_ingestion_dag.py
[2025-12-03T03:21:29.057+0000] {processor.py:914} INFO - Processing file /opt/airflow/dags/live_ingestion_dag.py for tasks to queue
[2025-12-03T03:21:29.065+0000] {logging_mixin.py:190} INFO - [2025-12-03T03:21:29.064+0000] {dagbag.py:588} INFO - Filling up the DagBag from /opt/airflow/dags/live_ingestion_dag.py
[2025-12-03T03:21:29.345+0000] {processor.py:925} INFO - DAG(s) 'f1_live_watcher' retrieved from /opt/airflow/dags/live_ingestion_dag.py
[2025-12-03T03:21:29.405+0000] {logging_mixin.py:190} INFO - [2025-12-03T03:21:29.404+0000] {dag.py:3239} INFO - Sync 1 DAGs
[2025-12-03T03:21:29.478+0000] {logging_mixin.py:190} INFO - [2025-12-03T03:21:29.477+0000] {dag.py:4180} INFO - Setting next_dagrun for f1_live_watcher to 2025-12-01 09:00:00+00:00, run_after=2025-12-08 09:00:00+00:00
[2025-12-03T03:21:29.533+0000] {processor.py:208} INFO - Processing /opt/airflow/dags/live_ingestion_dag.py took 0.500 seconds
[2025-12-03T03:21:59.664+0000] {processor.py:186} INFO - Started process (PID=9643) to work on /opt/airflow/dags/live_ingestion_dag.py
[2025-12-03T03:21:59.667+0000] {processor.py:914} INFO - Processing file /opt/airflow/dags/live_ingestion_dag.py for tasks to queue
[2025-12-03T03:21:59.674+0000] {logging_mixin.py:190} INFO - [2025-12-03T03:21:59.673+0000] {dagbag.py:588} INFO - Filling up the DagBag from /opt/airflow/dags/live_ingestion_dag.py
[2025-12-03T03:21:59.924+0000] {processor.py:925} INFO - DAG(s) 'f1_live_watcher' retrieved from /opt/airflow/dags/live_ingestion_dag.py
[2025-12-03T03:21:59.991+0000] {logging_mixin.py:190} INFO - [2025-12-03T03:21:59.991+0000] {dag.py:3239} INFO - Sync 1 DAGs
[2025-12-03T03:22:00.065+0000] {logging_mixin.py:190} INFO - [2025-12-03T03:22:00.064+0000] {dag.py:4180} INFO - Setting next_dagrun for f1_live_watcher to 2025-12-01 09:00:00+00:00, run_after=2025-12-08 09:00:00+00:00
[2025-12-03T03:22:00.115+0000] {processor.py:208} INFO - Processing /opt/airflow/dags/live_ingestion_dag.py took 0.469 seconds
[2025-12-03T03:22:30.687+0000] {processor.py:186} INFO - Started process (PID=9653) to work on /opt/airflow/dags/live_ingestion_dag.py
[2025-12-03T03:22:30.690+0000] {processor.py:914} INFO - Processing file /opt/airflow/dags/live_ingestion_dag.py for tasks to queue
[2025-12-03T03:22:30.699+0000] {logging_mixin.py:190} INFO - [2025-12-03T03:22:30.697+0000] {dagbag.py:588} INFO - Filling up the DagBag from /opt/airflow/dags/live_ingestion_dag.py
[2025-12-03T03:22:30.978+0000] {processor.py:925} INFO - DAG(s) 'f1_live_watcher' retrieved from /opt/airflow/dags/live_ingestion_dag.py
[2025-12-03T03:22:31.054+0000] {logging_mixin.py:190} INFO - [2025-12-03T03:22:31.053+0000] {dag.py:3239} INFO - Sync 1 DAGs
[2025-12-03T03:22:31.132+0000] {logging_mixin.py:190} INFO - [2025-12-03T03:22:31.131+0000] {dag.py:4180} INFO - Setting next_dagrun for f1_live_watcher to 2025-12-01 09:00:00+00:00, run_after=2025-12-08 09:00:00+00:00
[2025-12-03T03:22:31.196+0000] {processor.py:208} INFO - Processing /opt/airflow/dags/live_ingestion_dag.py took 0.526 seconds
[2025-12-03T03:23:01.466+0000] {processor.py:186} INFO - Started process (PID=9663) to work on /opt/airflow/dags/live_ingestion_dag.py
[2025-12-03T03:23:01.468+0000] {processor.py:914} INFO - Processing file /opt/airflow/dags/live_ingestion_dag.py for tasks to queue
[2025-12-03T03:23:01.478+0000] {logging_mixin.py:190} INFO - [2025-12-03T03:23:01.476+0000] {dagbag.py:588} INFO - Filling up the DagBag from /opt/airflow/dags/live_ingestion_dag.py
[2025-12-03T03:23:01.743+0000] {processor.py:925} INFO - DAG(s) 'f1_live_watcher' retrieved from /opt/airflow/dags/live_ingestion_dag.py
[2025-12-03T03:23:01.819+0000] {logging_mixin.py:190} INFO - [2025-12-03T03:23:01.818+0000] {dag.py:3239} INFO - Sync 1 DAGs
[2025-12-03T03:23:01.904+0000] {logging_mixin.py:190} INFO - [2025-12-03T03:23:01.904+0000] {dag.py:4180} INFO - Setting next_dagrun for f1_live_watcher to 2025-12-01 09:00:00+00:00, run_after=2025-12-08 09:00:00+00:00
[2025-12-03T03:23:01.969+0000] {processor.py:208} INFO - Processing /opt/airflow/dags/live_ingestion_dag.py took 0.521 seconds
[2025-12-03T03:23:32.162+0000] {processor.py:186} INFO - Started process (PID=9673) to work on /opt/airflow/dags/live_ingestion_dag.py
[2025-12-03T03:23:32.165+0000] {processor.py:914} INFO - Processing file /opt/airflow/dags/live_ingestion_dag.py for tasks to queue
[2025-12-03T03:23:32.172+0000] {logging_mixin.py:190} INFO - [2025-12-03T03:23:32.171+0000] {dagbag.py:588} INFO - Filling up the DagBag from /opt/airflow/dags/live_ingestion_dag.py
[2025-12-03T03:23:32.604+0000] {processor.py:925} INFO - DAG(s) 'f1_live_watcher' retrieved from /opt/airflow/dags/live_ingestion_dag.py
[2025-12-03T03:23:32.685+0000] {logging_mixin.py:190} INFO - [2025-12-03T03:23:32.684+0000] {dag.py:3239} INFO - Sync 1 DAGs
[2025-12-03T03:23:32.757+0000] {logging_mixin.py:190} INFO - [2025-12-03T03:23:32.757+0000] {dag.py:4180} INFO - Setting next_dagrun for f1_live_watcher to 2025-12-01 09:00:00+00:00, run_after=2025-12-08 09:00:00+00:00
[2025-12-03T03:23:32.812+0000] {processor.py:208} INFO - Processing /opt/airflow/dags/live_ingestion_dag.py took 0.669 seconds
[2025-12-03T03:24:03.718+0000] {processor.py:186} INFO - Started process (PID=9683) to work on /opt/airflow/dags/live_ingestion_dag.py
[2025-12-03T03:24:03.721+0000] {processor.py:914} INFO - Processing file /opt/airflow/dags/live_ingestion_dag.py for tasks to queue
[2025-12-03T03:24:03.729+0000] {logging_mixin.py:190} INFO - [2025-12-03T03:24:03.728+0000] {dagbag.py:588} INFO - Filling up the DagBag from /opt/airflow/dags/live_ingestion_dag.py
[2025-12-03T03:24:03.994+0000] {processor.py:925} INFO - DAG(s) 'f1_live_watcher' retrieved from /opt/airflow/dags/live_ingestion_dag.py
[2025-12-03T03:24:04.058+0000] {logging_mixin.py:190} INFO - [2025-12-03T03:24:04.057+0000] {dag.py:3239} INFO - Sync 1 DAGs
[2025-12-03T03:24:04.127+0000] {logging_mixin.py:190} INFO - [2025-12-03T03:24:04.126+0000] {dag.py:4180} INFO - Setting next_dagrun for f1_live_watcher to 2025-12-01 09:00:00+00:00, run_after=2025-12-08 09:00:00+00:00
[2025-12-03T03:24:04.175+0000] {processor.py:208} INFO - Processing /opt/airflow/dags/live_ingestion_dag.py took 0.478 seconds
[2025-12-03T03:24:34.721+0000] {processor.py:186} INFO - Started process (PID=9693) to work on /opt/airflow/dags/live_ingestion_dag.py
[2025-12-03T03:24:34.723+0000] {processor.py:914} INFO - Processing file /opt/airflow/dags/live_ingestion_dag.py for tasks to queue
[2025-12-03T03:24:34.730+0000] {logging_mixin.py:190} INFO - [2025-12-03T03:24:34.729+0000] {dagbag.py:588} INFO - Filling up the DagBag from /opt/airflow/dags/live_ingestion_dag.py
[2025-12-03T03:24:34.937+0000] {processor.py:925} INFO - DAG(s) 'f1_live_watcher' retrieved from /opt/airflow/dags/live_ingestion_dag.py
[2025-12-03T03:24:34.992+0000] {logging_mixin.py:190} INFO - [2025-12-03T03:24:34.992+0000] {dag.py:3239} INFO - Sync 1 DAGs
[2025-12-03T03:24:35.064+0000] {logging_mixin.py:190} INFO - [2025-12-03T03:24:35.064+0000] {dag.py:4180} INFO - Setting next_dagrun for f1_live_watcher to 2025-12-01 09:00:00+00:00, run_after=2025-12-08 09:00:00+00:00
[2025-12-03T03:24:35.117+0000] {processor.py:208} INFO - Processing /opt/airflow/dags/live_ingestion_dag.py took 0.411 seconds
[2025-12-03T03:25:05.770+0000] {processor.py:186} INFO - Started process (PID=9703) to work on /opt/airflow/dags/live_ingestion_dag.py
[2025-12-03T03:25:05.773+0000] {processor.py:914} INFO - Processing file /opt/airflow/dags/live_ingestion_dag.py for tasks to queue
[2025-12-03T03:25:05.782+0000] {logging_mixin.py:190} INFO - [2025-12-03T03:25:05.781+0000] {dagbag.py:588} INFO - Filling up the DagBag from /opt/airflow/dags/live_ingestion_dag.py
[2025-12-03T03:25:06.184+0000] {processor.py:925} INFO - DAG(s) 'f1_live_watcher' retrieved from /opt/airflow/dags/live_ingestion_dag.py
[2025-12-03T03:25:06.269+0000] {logging_mixin.py:190} INFO - [2025-12-03T03:25:06.269+0000] {dag.py:3239} INFO - Sync 1 DAGs
[2025-12-03T03:25:06.354+0000] {logging_mixin.py:190} INFO - [2025-12-03T03:25:06.353+0000] {dag.py:4180} INFO - Setting next_dagrun for f1_live_watcher to 2025-12-01 09:00:00+00:00, run_after=2025-12-08 09:00:00+00:00
[2025-12-03T03:25:06.420+0000] {processor.py:208} INFO - Processing /opt/airflow/dags/live_ingestion_dag.py took 0.678 seconds
[2025-12-03T03:25:36.764+0000] {processor.py:186} INFO - Started process (PID=9713) to work on /opt/airflow/dags/live_ingestion_dag.py
[2025-12-03T03:25:36.767+0000] {processor.py:914} INFO - Processing file /opt/airflow/dags/live_ingestion_dag.py for tasks to queue
[2025-12-03T03:25:36.776+0000] {logging_mixin.py:190} INFO - [2025-12-03T03:25:36.775+0000] {dagbag.py:588} INFO - Filling up the DagBag from /opt/airflow/dags/live_ingestion_dag.py
[2025-12-03T03:25:37.074+0000] {processor.py:925} INFO - DAG(s) 'f1_live_watcher' retrieved from /opt/airflow/dags/live_ingestion_dag.py
[2025-12-03T03:25:37.197+0000] {logging_mixin.py:190} INFO - [2025-12-03T03:25:37.196+0000] {dag.py:3239} INFO - Sync 1 DAGs
[2025-12-03T03:25:37.335+0000] {logging_mixin.py:190} INFO - [2025-12-03T03:25:37.334+0000] {dag.py:4180} INFO - Setting next_dagrun for f1_live_watcher to 2025-12-01 09:00:00+00:00, run_after=2025-12-08 09:00:00+00:00
[2025-12-03T03:25:37.439+0000] {processor.py:208} INFO - Processing /opt/airflow/dags/live_ingestion_dag.py took 0.705 seconds
[2025-12-03T03:26:07.718+0000] {processor.py:186} INFO - Started process (PID=9723) to work on /opt/airflow/dags/live_ingestion_dag.py
[2025-12-03T03:26:07.721+0000] {processor.py:914} INFO - Processing file /opt/airflow/dags/live_ingestion_dag.py for tasks to queue
[2025-12-03T03:26:07.728+0000] {logging_mixin.py:190} INFO - [2025-12-03T03:26:07.728+0000] {dagbag.py:588} INFO - Filling up the DagBag from /opt/airflow/dags/live_ingestion_dag.py
[2025-12-03T03:26:07.970+0000] {processor.py:925} INFO - DAG(s) 'f1_live_watcher' retrieved from /opt/airflow/dags/live_ingestion_dag.py
[2025-12-03T03:26:08.046+0000] {logging_mixin.py:190} INFO - [2025-12-03T03:26:08.045+0000] {dag.py:3239} INFO - Sync 1 DAGs
[2025-12-03T03:26:08.133+0000] {logging_mixin.py:190} INFO - [2025-12-03T03:26:08.132+0000] {dag.py:4180} INFO - Setting next_dagrun for f1_live_watcher to 2025-12-01 09:00:00+00:00, run_after=2025-12-08 09:00:00+00:00
[2025-12-03T03:26:08.197+0000] {processor.py:208} INFO - Processing /opt/airflow/dags/live_ingestion_dag.py took 0.499 seconds
[2025-12-03T03:26:38.350+0000] {processor.py:186} INFO - Started process (PID=9733) to work on /opt/airflow/dags/live_ingestion_dag.py
[2025-12-03T03:26:38.354+0000] {processor.py:914} INFO - Processing file /opt/airflow/dags/live_ingestion_dag.py for tasks to queue
[2025-12-03T03:26:38.362+0000] {logging_mixin.py:190} INFO - [2025-12-03T03:26:38.361+0000] {dagbag.py:588} INFO - Filling up the DagBag from /opt/airflow/dags/live_ingestion_dag.py
[2025-12-03T03:26:38.604+0000] {processor.py:925} INFO - DAG(s) 'f1_live_watcher' retrieved from /opt/airflow/dags/live_ingestion_dag.py
[2025-12-03T03:26:38.677+0000] {logging_mixin.py:190} INFO - [2025-12-03T03:26:38.677+0000] {dag.py:3239} INFO - Sync 1 DAGs
[2025-12-03T03:26:38.756+0000] {logging_mixin.py:190} INFO - [2025-12-03T03:26:38.755+0000] {dag.py:4180} INFO - Setting next_dagrun for f1_live_watcher to 2025-12-01 09:00:00+00:00, run_after=2025-12-08 09:00:00+00:00
[2025-12-03T03:26:38.819+0000] {processor.py:208} INFO - Processing /opt/airflow/dags/live_ingestion_dag.py took 0.496 seconds
[2025-12-03T03:27:09.491+0000] {processor.py:186} INFO - Started process (PID=9743) to work on /opt/airflow/dags/live_ingestion_dag.py
[2025-12-03T03:27:09.496+0000] {processor.py:914} INFO - Processing file /opt/airflow/dags/live_ingestion_dag.py for tasks to queue
[2025-12-03T03:27:09.507+0000] {logging_mixin.py:190} INFO - [2025-12-03T03:27:09.505+0000] {dagbag.py:588} INFO - Filling up the DagBag from /opt/airflow/dags/live_ingestion_dag.py
[2025-12-03T03:27:09.779+0000] {processor.py:925} INFO - DAG(s) 'f1_live_watcher' retrieved from /opt/airflow/dags/live_ingestion_dag.py
[2025-12-03T03:27:09.862+0000] {logging_mixin.py:190} INFO - [2025-12-03T03:27:09.862+0000] {dag.py:3239} INFO - Sync 1 DAGs
[2025-12-03T03:27:09.942+0000] {logging_mixin.py:190} INFO - [2025-12-03T03:27:09.941+0000] {dag.py:4180} INFO - Setting next_dagrun for f1_live_watcher to 2025-12-01 09:00:00+00:00, run_after=2025-12-08 09:00:00+00:00
[2025-12-03T03:27:10.001+0000] {processor.py:208} INFO - Processing /opt/airflow/dags/live_ingestion_dag.py took 0.533 seconds
[2025-12-03T03:27:40.502+0000] {processor.py:186} INFO - Started process (PID=9753) to work on /opt/airflow/dags/live_ingestion_dag.py
[2025-12-03T03:27:40.508+0000] {processor.py:914} INFO - Processing file /opt/airflow/dags/live_ingestion_dag.py for tasks to queue
[2025-12-03T03:27:40.523+0000] {logging_mixin.py:190} INFO - [2025-12-03T03:27:40.521+0000] {dagbag.py:588} INFO - Filling up the DagBag from /opt/airflow/dags/live_ingestion_dag.py
[2025-12-03T03:27:40.914+0000] {processor.py:925} INFO - DAG(s) 'f1_live_watcher' retrieved from /opt/airflow/dags/live_ingestion_dag.py
[2025-12-03T03:27:40.991+0000] {logging_mixin.py:190} INFO - [2025-12-03T03:27:40.990+0000] {dag.py:3239} INFO - Sync 1 DAGs
[2025-12-03T03:27:41.079+0000] {logging_mixin.py:190} INFO - [2025-12-03T03:27:41.078+0000] {dag.py:4180} INFO - Setting next_dagrun for f1_live_watcher to 2025-12-01 09:00:00+00:00, run_after=2025-12-08 09:00:00+00:00
[2025-12-03T03:27:41.133+0000] {processor.py:208} INFO - Processing /opt/airflow/dags/live_ingestion_dag.py took 0.672 seconds
[2025-12-03T03:28:11.331+0000] {processor.py:186} INFO - Started process (PID=9763) to work on /opt/airflow/dags/live_ingestion_dag.py
[2025-12-03T03:28:11.334+0000] {processor.py:914} INFO - Processing file /opt/airflow/dags/live_ingestion_dag.py for tasks to queue
[2025-12-03T03:28:11.340+0000] {logging_mixin.py:190} INFO - [2025-12-03T03:28:11.339+0000] {dagbag.py:588} INFO - Filling up the DagBag from /opt/airflow/dags/live_ingestion_dag.py
[2025-12-03T03:28:11.660+0000] {processor.py:925} INFO - DAG(s) 'f1_live_watcher' retrieved from /opt/airflow/dags/live_ingestion_dag.py
[2025-12-03T03:28:11.786+0000] {logging_mixin.py:190} INFO - [2025-12-03T03:28:11.785+0000] {dag.py:3239} INFO - Sync 1 DAGs
[2025-12-03T03:28:11.936+0000] {logging_mixin.py:190} INFO - [2025-12-03T03:28:11.935+0000] {dag.py:4180} INFO - Setting next_dagrun for f1_live_watcher to 2025-12-01 09:00:00+00:00, run_after=2025-12-08 09:00:00+00:00
[2025-12-03T03:28:12.041+0000] {processor.py:208} INFO - Processing /opt/airflow/dags/live_ingestion_dag.py took 0.731 seconds
[2025-12-03T03:28:42.305+0000] {processor.py:186} INFO - Started process (PID=9773) to work on /opt/airflow/dags/live_ingestion_dag.py
[2025-12-03T03:28:42.308+0000] {processor.py:914} INFO - Processing file /opt/airflow/dags/live_ingestion_dag.py for tasks to queue
[2025-12-03T03:28:42.314+0000] {logging_mixin.py:190} INFO - [2025-12-03T03:28:42.313+0000] {dagbag.py:588} INFO - Filling up the DagBag from /opt/airflow/dags/live_ingestion_dag.py
[2025-12-03T03:28:42.569+0000] {processor.py:925} INFO - DAG(s) 'f1_live_watcher' retrieved from /opt/airflow/dags/live_ingestion_dag.py
[2025-12-03T03:28:42.639+0000] {logging_mixin.py:190} INFO - [2025-12-03T03:28:42.638+0000] {dag.py:3239} INFO - Sync 1 DAGs
[2025-12-03T03:28:42.697+0000] {logging_mixin.py:190} INFO - [2025-12-03T03:28:42.697+0000] {dag.py:4180} INFO - Setting next_dagrun for f1_live_watcher to 2025-12-01 09:00:00+00:00, run_after=2025-12-08 09:00:00+00:00
[2025-12-03T03:28:42.740+0000] {processor.py:208} INFO - Processing /opt/airflow/dags/live_ingestion_dag.py took 0.457 seconds
[2025-12-03T03:29:13.086+0000] {processor.py:186} INFO - Started process (PID=9783) to work on /opt/airflow/dags/live_ingestion_dag.py
[2025-12-03T03:29:13.094+0000] {processor.py:914} INFO - Processing file /opt/airflow/dags/live_ingestion_dag.py for tasks to queue
[2025-12-03T03:29:13.116+0000] {logging_mixin.py:190} INFO - [2025-12-03T03:29:13.113+0000] {dagbag.py:588} INFO - Filling up the DagBag from /opt/airflow/dags/live_ingestion_dag.py
[2025-12-03T03:29:13.522+0000] {processor.py:925} INFO - DAG(s) 'f1_live_watcher' retrieved from /opt/airflow/dags/live_ingestion_dag.py
[2025-12-03T03:29:13.590+0000] {logging_mixin.py:190} INFO - [2025-12-03T03:29:13.589+0000] {dag.py:3239} INFO - Sync 1 DAGs
[2025-12-03T03:29:13.678+0000] {logging_mixin.py:190} INFO - [2025-12-03T03:29:13.677+0000] {dag.py:4180} INFO - Setting next_dagrun for f1_live_watcher to 2025-12-01 09:00:00+00:00, run_after=2025-12-08 09:00:00+00:00
[2025-12-03T03:29:13.744+0000] {processor.py:208} INFO - Processing /opt/airflow/dags/live_ingestion_dag.py took 0.710 seconds
[2025-12-03T03:29:44.224+0000] {processor.py:186} INFO - Started process (PID=9793) to work on /opt/airflow/dags/live_ingestion_dag.py
[2025-12-03T03:29:44.227+0000] {processor.py:914} INFO - Processing file /opt/airflow/dags/live_ingestion_dag.py for tasks to queue
[2025-12-03T03:29:44.236+0000] {logging_mixin.py:190} INFO - [2025-12-03T03:29:44.234+0000] {dagbag.py:588} INFO - Filling up the DagBag from /opt/airflow/dags/live_ingestion_dag.py
[2025-12-03T03:29:44.535+0000] {processor.py:925} INFO - DAG(s) 'f1_live_watcher' retrieved from /opt/airflow/dags/live_ingestion_dag.py
[2025-12-03T03:29:44.627+0000] {logging_mixin.py:190} INFO - [2025-12-03T03:29:44.626+0000] {dag.py:3239} INFO - Sync 1 DAGs
[2025-12-03T03:29:44.715+0000] {logging_mixin.py:190} INFO - [2025-12-03T03:29:44.714+0000] {dag.py:4180} INFO - Setting next_dagrun for f1_live_watcher to 2025-12-01 09:00:00+00:00, run_after=2025-12-08 09:00:00+00:00
[2025-12-03T03:29:44.775+0000] {processor.py:208} INFO - Processing /opt/airflow/dags/live_ingestion_dag.py took 0.571 seconds
[2025-12-03T03:30:15.061+0000] {processor.py:186} INFO - Started process (PID=9803) to work on /opt/airflow/dags/live_ingestion_dag.py
[2025-12-03T03:30:15.063+0000] {processor.py:914} INFO - Processing file /opt/airflow/dags/live_ingestion_dag.py for tasks to queue
[2025-12-03T03:30:15.069+0000] {logging_mixin.py:190} INFO - [2025-12-03T03:30:15.068+0000] {dagbag.py:588} INFO - Filling up the DagBag from /opt/airflow/dags/live_ingestion_dag.py
[2025-12-03T03:30:15.285+0000] {processor.py:925} INFO - DAG(s) 'f1_live_watcher' retrieved from /opt/airflow/dags/live_ingestion_dag.py
[2025-12-03T03:30:15.345+0000] {logging_mixin.py:190} INFO - [2025-12-03T03:30:15.344+0000] {dag.py:3239} INFO - Sync 1 DAGs
[2025-12-03T03:30:15.425+0000] {logging_mixin.py:190} INFO - [2025-12-03T03:30:15.424+0000] {dag.py:4180} INFO - Setting next_dagrun for f1_live_watcher to 2025-12-01 09:00:00+00:00, run_after=2025-12-08 09:00:00+00:00
[2025-12-03T03:30:15.548+0000] {processor.py:208} INFO - Processing /opt/airflow/dags/live_ingestion_dag.py took 0.502 seconds
[2025-12-03T03:30:45.843+0000] {processor.py:186} INFO - Started process (PID=9813) to work on /opt/airflow/dags/live_ingestion_dag.py
[2025-12-03T03:30:45.846+0000] {processor.py:914} INFO - Processing file /opt/airflow/dags/live_ingestion_dag.py for tasks to queue
[2025-12-03T03:30:45.854+0000] {logging_mixin.py:190} INFO - [2025-12-03T03:30:45.852+0000] {dagbag.py:588} INFO - Filling up the DagBag from /opt/airflow/dags/live_ingestion_dag.py
[2025-12-03T03:30:46.080+0000] {processor.py:925} INFO - DAG(s) 'f1_live_watcher' retrieved from /opt/airflow/dags/live_ingestion_dag.py
[2025-12-03T03:30:46.132+0000] {logging_mixin.py:190} INFO - [2025-12-03T03:30:46.132+0000] {dag.py:3239} INFO - Sync 1 DAGs
[2025-12-03T03:30:46.194+0000] {logging_mixin.py:190} INFO - [2025-12-03T03:30:46.193+0000] {dag.py:4180} INFO - Setting next_dagrun for f1_live_watcher to 2025-12-01 09:00:00+00:00, run_after=2025-12-08 09:00:00+00:00
[2025-12-03T03:30:46.247+0000] {processor.py:208} INFO - Processing /opt/airflow/dags/live_ingestion_dag.py took 0.428 seconds
[2025-12-03T03:31:16.714+0000] {processor.py:186} INFO - Started process (PID=9823) to work on /opt/airflow/dags/live_ingestion_dag.py
[2025-12-03T03:31:16.720+0000] {processor.py:914} INFO - Processing file /opt/airflow/dags/live_ingestion_dag.py for tasks to queue
[2025-12-03T03:31:16.736+0000] {logging_mixin.py:190} INFO - [2025-12-03T03:31:16.734+0000] {dagbag.py:588} INFO - Filling up the DagBag from /opt/airflow/dags/live_ingestion_dag.py
[2025-12-03T03:31:17.040+0000] {processor.py:925} INFO - DAG(s) 'f1_live_watcher' retrieved from /opt/airflow/dags/live_ingestion_dag.py
[2025-12-03T03:31:17.105+0000] {logging_mixin.py:190} INFO - [2025-12-03T03:31:17.104+0000] {dag.py:3239} INFO - Sync 1 DAGs
[2025-12-03T03:31:17.232+0000] {logging_mixin.py:190} INFO - [2025-12-03T03:31:17.231+0000] {dag.py:4180} INFO - Setting next_dagrun for f1_live_watcher to 2025-12-01 09:00:00+00:00, run_after=2025-12-08 09:00:00+00:00
[2025-12-03T03:31:17.341+0000] {processor.py:208} INFO - Processing /opt/airflow/dags/live_ingestion_dag.py took 0.664 seconds
[2025-12-03T03:31:47.723+0000] {processor.py:186} INFO - Started process (PID=9833) to work on /opt/airflow/dags/live_ingestion_dag.py
[2025-12-03T03:31:47.728+0000] {processor.py:914} INFO - Processing file /opt/airflow/dags/live_ingestion_dag.py for tasks to queue
[2025-12-03T03:31:47.745+0000] {logging_mixin.py:190} INFO - [2025-12-03T03:31:47.742+0000] {dagbag.py:588} INFO - Filling up the DagBag from /opt/airflow/dags/live_ingestion_dag.py
[2025-12-03T03:31:48.086+0000] {processor.py:925} INFO - DAG(s) 'f1_live_watcher' retrieved from /opt/airflow/dags/live_ingestion_dag.py
[2025-12-03T03:31:48.151+0000] {logging_mixin.py:190} INFO - [2025-12-03T03:31:48.151+0000] {dag.py:3239} INFO - Sync 1 DAGs
[2025-12-03T03:31:48.230+0000] {logging_mixin.py:190} INFO - [2025-12-03T03:31:48.229+0000] {dag.py:4180} INFO - Setting next_dagrun for f1_live_watcher to 2025-12-01 09:00:00+00:00, run_after=2025-12-08 09:00:00+00:00
[2025-12-03T03:31:48.275+0000] {processor.py:208} INFO - Processing /opt/airflow/dags/live_ingestion_dag.py took 0.587 seconds
[2025-12-03T03:32:19.203+0000] {processor.py:186} INFO - Started process (PID=9843) to work on /opt/airflow/dags/live_ingestion_dag.py
[2025-12-03T03:32:19.206+0000] {processor.py:914} INFO - Processing file /opt/airflow/dags/live_ingestion_dag.py for tasks to queue
[2025-12-03T03:32:19.213+0000] {logging_mixin.py:190} INFO - [2025-12-03T03:32:19.212+0000] {dagbag.py:588} INFO - Filling up the DagBag from /opt/airflow/dags/live_ingestion_dag.py
[2025-12-03T03:32:19.469+0000] {processor.py:925} INFO - DAG(s) 'f1_live_watcher' retrieved from /opt/airflow/dags/live_ingestion_dag.py
[2025-12-03T03:32:19.517+0000] {logging_mixin.py:190} INFO - [2025-12-03T03:32:19.517+0000] {dag.py:3239} INFO - Sync 1 DAGs
[2025-12-03T03:32:19.589+0000] {logging_mixin.py:190} INFO - [2025-12-03T03:32:19.589+0000] {dag.py:4180} INFO - Setting next_dagrun for f1_live_watcher to 2025-12-01 09:00:00+00:00, run_after=2025-12-08 09:00:00+00:00
[2025-12-03T03:32:19.647+0000] {processor.py:208} INFO - Processing /opt/airflow/dags/live_ingestion_dag.py took 0.457 seconds
[2025-12-03T03:32:50.021+0000] {processor.py:186} INFO - Started process (PID=9860) to work on /opt/airflow/dags/live_ingestion_dag.py
[2025-12-03T03:32:50.024+0000] {processor.py:914} INFO - Processing file /opt/airflow/dags/live_ingestion_dag.py for tasks to queue
[2025-12-03T03:32:50.032+0000] {logging_mixin.py:190} INFO - [2025-12-03T03:32:50.031+0000] {dagbag.py:588} INFO - Filling up the DagBag from /opt/airflow/dags/live_ingestion_dag.py
[2025-12-03T03:32:50.254+0000] {processor.py:925} INFO - DAG(s) 'f1_live_watcher' retrieved from /opt/airflow/dags/live_ingestion_dag.py
[2025-12-03T03:32:50.309+0000] {logging_mixin.py:190} INFO - [2025-12-03T03:32:50.309+0000] {dag.py:3239} INFO - Sync 1 DAGs
[2025-12-03T03:32:50.376+0000] {logging_mixin.py:190} INFO - [2025-12-03T03:32:50.375+0000] {dag.py:4180} INFO - Setting next_dagrun for f1_live_watcher to 2025-12-01 09:00:00+00:00, run_after=2025-12-08 09:00:00+00:00
[2025-12-03T03:32:50.418+0000] {processor.py:208} INFO - Processing /opt/airflow/dags/live_ingestion_dag.py took 0.413 seconds
[2025-12-03T03:33:20.897+0000] {processor.py:186} INFO - Started process (PID=10050) to work on /opt/airflow/dags/live_ingestion_dag.py
[2025-12-03T03:33:20.899+0000] {processor.py:914} INFO - Processing file /opt/airflow/dags/live_ingestion_dag.py for tasks to queue
[2025-12-03T03:33:20.905+0000] {logging_mixin.py:190} INFO - [2025-12-03T03:33:20.904+0000] {dagbag.py:588} INFO - Filling up the DagBag from /opt/airflow/dags/live_ingestion_dag.py
[2025-12-03T03:33:21.135+0000] {processor.py:925} INFO - DAG(s) 'f1_live_watcher' retrieved from /opt/airflow/dags/live_ingestion_dag.py
[2025-12-03T03:33:21.192+0000] {logging_mixin.py:190} INFO - [2025-12-03T03:33:21.191+0000] {dag.py:3239} INFO - Sync 1 DAGs
[2025-12-03T03:33:21.303+0000] {processor.py:208} INFO - Processing /opt/airflow/dags/live_ingestion_dag.py took 0.421 seconds
[2025-12-03T03:33:51.813+0000] {processor.py:186} INFO - Started process (PID=10101) to work on /opt/airflow/dags/live_ingestion_dag.py
[2025-12-03T03:33:51.816+0000] {processor.py:914} INFO - Processing file /opt/airflow/dags/live_ingestion_dag.py for tasks to queue
[2025-12-03T03:33:51.824+0000] {logging_mixin.py:190} INFO - [2025-12-03T03:33:51.823+0000] {dagbag.py:588} INFO - Filling up the DagBag from /opt/airflow/dags/live_ingestion_dag.py
[2025-12-03T03:33:52.083+0000] {processor.py:925} INFO - DAG(s) 'f1_live_watcher' retrieved from /opt/airflow/dags/live_ingestion_dag.py
[2025-12-03T03:33:52.148+0000] {logging_mixin.py:190} INFO - [2025-12-03T03:33:52.148+0000] {dag.py:3239} INFO - Sync 1 DAGs
[2025-12-03T03:33:52.270+0000] {processor.py:208} INFO - Processing /opt/airflow/dags/live_ingestion_dag.py took 0.473 seconds
[2025-12-03T03:34:22.586+0000] {processor.py:186} INFO - Started process (PID=10111) to work on /opt/airflow/dags/live_ingestion_dag.py
[2025-12-03T03:34:22.589+0000] {processor.py:914} INFO - Processing file /opt/airflow/dags/live_ingestion_dag.py for tasks to queue
[2025-12-03T03:34:22.596+0000] {logging_mixin.py:190} INFO - [2025-12-03T03:34:22.595+0000] {dagbag.py:588} INFO - Filling up the DagBag from /opt/airflow/dags/live_ingestion_dag.py
[2025-12-03T03:34:22.807+0000] {processor.py:925} INFO - DAG(s) 'f1_live_watcher' retrieved from /opt/airflow/dags/live_ingestion_dag.py
[2025-12-03T03:34:22.857+0000] {logging_mixin.py:190} INFO - [2025-12-03T03:34:22.856+0000] {dag.py:3239} INFO - Sync 1 DAGs
[2025-12-03T03:34:22.947+0000] {processor.py:208} INFO - Processing /opt/airflow/dags/live_ingestion_dag.py took 0.380 seconds
[2025-12-03T03:34:53.156+0000] {processor.py:186} INFO - Started process (PID=10128) to work on /opt/airflow/dags/live_ingestion_dag.py
[2025-12-03T03:34:53.158+0000] {processor.py:914} INFO - Processing file /opt/airflow/dags/live_ingestion_dag.py for tasks to queue
[2025-12-03T03:34:53.161+0000] {logging_mixin.py:190} INFO - [2025-12-03T03:34:53.161+0000] {dagbag.py:588} INFO - Filling up the DagBag from /opt/airflow/dags/live_ingestion_dag.py
[2025-12-03T03:34:53.273+0000] {processor.py:925} INFO - DAG(s) 'f1_live_watcher' retrieved from /opt/airflow/dags/live_ingestion_dag.py
[2025-12-03T03:34:53.309+0000] {logging_mixin.py:190} INFO - [2025-12-03T03:34:53.309+0000] {dag.py:3239} INFO - Sync 1 DAGs
[2025-12-03T03:34:53.384+0000] {processor.py:208} INFO - Processing /opt/airflow/dags/live_ingestion_dag.py took 0.236 seconds
[2025-12-03T03:35:23.604+0000] {processor.py:186} INFO - Started process (PID=10138) to work on /opt/airflow/dags/live_ingestion_dag.py
[2025-12-03T03:35:23.607+0000] {processor.py:914} INFO - Processing file /opt/airflow/dags/live_ingestion_dag.py for tasks to queue
[2025-12-03T03:35:23.614+0000] {logging_mixin.py:190} INFO - [2025-12-03T03:35:23.613+0000] {dagbag.py:588} INFO - Filling up the DagBag from /opt/airflow/dags/live_ingestion_dag.py
[2025-12-03T03:35:23.818+0000] {processor.py:925} INFO - DAG(s) 'f1_live_watcher' retrieved from /opt/airflow/dags/live_ingestion_dag.py
[2025-12-03T03:35:23.868+0000] {logging_mixin.py:190} INFO - [2025-12-03T03:35:23.867+0000] {dag.py:3239} INFO - Sync 1 DAGs
[2025-12-03T03:35:23.985+0000] {processor.py:208} INFO - Processing /opt/airflow/dags/live_ingestion_dag.py took 0.394 seconds
[2025-12-03T03:35:54.267+0000] {processor.py:186} INFO - Started process (PID=10148) to work on /opt/airflow/dags/live_ingestion_dag.py
[2025-12-03T03:35:54.269+0000] {processor.py:914} INFO - Processing file /opt/airflow/dags/live_ingestion_dag.py for tasks to queue
[2025-12-03T03:35:54.274+0000] {logging_mixin.py:190} INFO - [2025-12-03T03:35:54.274+0000] {dagbag.py:588} INFO - Filling up the DagBag from /opt/airflow/dags/live_ingestion_dag.py
[2025-12-03T03:35:54.429+0000] {processor.py:925} INFO - DAG(s) 'f1_live_watcher' retrieved from /opt/airflow/dags/live_ingestion_dag.py
[2025-12-03T03:35:54.472+0000] {logging_mixin.py:190} INFO - [2025-12-03T03:35:54.471+0000] {dag.py:3239} INFO - Sync 1 DAGs
[2025-12-03T03:35:54.556+0000] {processor.py:208} INFO - Processing /opt/airflow/dags/live_ingestion_dag.py took 0.304 seconds
[2025-12-03T03:36:24.786+0000] {processor.py:186} INFO - Started process (PID=10158) to work on /opt/airflow/dags/live_ingestion_dag.py
[2025-12-03T03:36:24.788+0000] {processor.py:914} INFO - Processing file /opt/airflow/dags/live_ingestion_dag.py for tasks to queue
[2025-12-03T03:36:24.792+0000] {logging_mixin.py:190} INFO - [2025-12-03T03:36:24.792+0000] {dagbag.py:588} INFO - Filling up the DagBag from /opt/airflow/dags/live_ingestion_dag.py
[2025-12-03T03:36:24.953+0000] {processor.py:925} INFO - DAG(s) 'f1_live_watcher' retrieved from /opt/airflow/dags/live_ingestion_dag.py
[2025-12-03T03:36:24.991+0000] {logging_mixin.py:190} INFO - [2025-12-03T03:36:24.991+0000] {dag.py:3239} INFO - Sync 1 DAGs
[2025-12-03T03:36:25.074+0000] {processor.py:208} INFO - Processing /opt/airflow/dags/live_ingestion_dag.py took 0.298 seconds
[2025-12-03T03:36:55.417+0000] {processor.py:186} INFO - Started process (PID=10168) to work on /opt/airflow/dags/live_ingestion_dag.py
[2025-12-03T03:36:55.421+0000] {processor.py:914} INFO - Processing file /opt/airflow/dags/live_ingestion_dag.py for tasks to queue
[2025-12-03T03:36:55.429+0000] {logging_mixin.py:190} INFO - [2025-12-03T03:36:55.428+0000] {dagbag.py:588} INFO - Filling up the DagBag from /opt/airflow/dags/live_ingestion_dag.py
[2025-12-03T03:36:55.650+0000] {processor.py:925} INFO - DAG(s) 'f1_live_watcher' retrieved from /opt/airflow/dags/live_ingestion_dag.py
[2025-12-03T03:36:55.708+0000] {logging_mixin.py:190} INFO - [2025-12-03T03:36:55.707+0000] {dag.py:3239} INFO - Sync 1 DAGs
[2025-12-03T03:36:55.811+0000] {processor.py:208} INFO - Processing /opt/airflow/dags/live_ingestion_dag.py took 0.419 seconds
[2025-12-03T03:37:26.237+0000] {processor.py:186} INFO - Started process (PID=10328) to work on /opt/airflow/dags/live_ingestion_dag.py
[2025-12-03T03:37:26.242+0000] {processor.py:914} INFO - Processing file /opt/airflow/dags/live_ingestion_dag.py for tasks to queue
[2025-12-03T03:37:26.251+0000] {logging_mixin.py:190} INFO - [2025-12-03T03:37:26.250+0000] {dagbag.py:588} INFO - Filling up the DagBag from /opt/airflow/dags/live_ingestion_dag.py
[2025-12-03T03:37:26.487+0000] {processor.py:925} INFO - DAG(s) 'f1_live_watcher' retrieved from /opt/airflow/dags/live_ingestion_dag.py
[2025-12-03T03:37:26.545+0000] {logging_mixin.py:190} INFO - [2025-12-03T03:37:26.544+0000] {dag.py:3239} INFO - Sync 1 DAGs
[2025-12-03T03:37:26.638+0000] {logging_mixin.py:190} INFO - [2025-12-03T03:37:26.638+0000] {dag.py:4180} INFO - Setting next_dagrun for f1_live_watcher to 2025-12-01 09:00:00+00:00, run_after=2025-12-08 09:00:00+00:00
[2025-12-03T03:37:26.715+0000] {processor.py:208} INFO - Processing /opt/airflow/dags/live_ingestion_dag.py took 0.497 seconds
[2025-12-03T03:37:56.922+0000] {processor.py:186} INFO - Started process (PID=10408) to work on /opt/airflow/dags/live_ingestion_dag.py
[2025-12-03T03:37:56.923+0000] {processor.py:914} INFO - Processing file /opt/airflow/dags/live_ingestion_dag.py for tasks to queue
[2025-12-03T03:37:56.927+0000] {logging_mixin.py:190} INFO - [2025-12-03T03:37:56.926+0000] {dagbag.py:588} INFO - Filling up the DagBag from /opt/airflow/dags/live_ingestion_dag.py
[2025-12-03T03:37:57.035+0000] {processor.py:925} INFO - DAG(s) 'f1_live_watcher' retrieved from /opt/airflow/dags/live_ingestion_dag.py
[2025-12-03T03:37:57.061+0000] {logging_mixin.py:190} INFO - [2025-12-03T03:37:57.061+0000] {dag.py:3239} INFO - Sync 1 DAGs
[2025-12-03T03:37:57.090+0000] {logging_mixin.py:190} INFO - [2025-12-03T03:37:57.090+0000] {dag.py:4180} INFO - Setting next_dagrun for f1_live_watcher to 2025-12-01 09:00:00+00:00, run_after=2025-12-08 09:00:00+00:00
[2025-12-03T03:37:57.116+0000] {processor.py:208} INFO - Processing /opt/airflow/dags/live_ingestion_dag.py took 0.203 seconds
[2025-12-03T03:38:27.653+0000] {processor.py:186} INFO - Started process (PID=10418) to work on /opt/airflow/dags/live_ingestion_dag.py
[2025-12-03T03:38:27.654+0000] {processor.py:914} INFO - Processing file /opt/airflow/dags/live_ingestion_dag.py for tasks to queue
[2025-12-03T03:38:27.657+0000] {logging_mixin.py:190} INFO - [2025-12-03T03:38:27.657+0000] {dagbag.py:588} INFO - Filling up the DagBag from /opt/airflow/dags/live_ingestion_dag.py
[2025-12-03T03:38:27.756+0000] {processor.py:925} INFO - DAG(s) 'f1_live_watcher' retrieved from /opt/airflow/dags/live_ingestion_dag.py
[2025-12-03T03:38:27.784+0000] {logging_mixin.py:190} INFO - [2025-12-03T03:38:27.784+0000] {dag.py:3239} INFO - Sync 1 DAGs
[2025-12-03T03:38:27.814+0000] {logging_mixin.py:190} INFO - [2025-12-03T03:38:27.814+0000] {dag.py:4180} INFO - Setting next_dagrun for f1_live_watcher to 2025-12-01 09:00:00+00:00, run_after=2025-12-08 09:00:00+00:00
[2025-12-03T03:38:27.840+0000] {processor.py:208} INFO - Processing /opt/airflow/dags/live_ingestion_dag.py took 0.194 seconds
[2025-12-03T03:38:58.482+0000] {processor.py:186} INFO - Started process (PID=10428) to work on /opt/airflow/dags/live_ingestion_dag.py
[2025-12-03T03:38:58.484+0000] {processor.py:914} INFO - Processing file /opt/airflow/dags/live_ingestion_dag.py for tasks to queue
[2025-12-03T03:38:58.487+0000] {logging_mixin.py:190} INFO - [2025-12-03T03:38:58.486+0000] {dagbag.py:588} INFO - Filling up the DagBag from /opt/airflow/dags/live_ingestion_dag.py
[2025-12-03T03:38:58.588+0000] {processor.py:925} INFO - DAG(s) 'f1_live_watcher' retrieved from /opt/airflow/dags/live_ingestion_dag.py
[2025-12-03T03:38:58.614+0000] {logging_mixin.py:190} INFO - [2025-12-03T03:38:58.614+0000] {dag.py:3239} INFO - Sync 1 DAGs
[2025-12-03T03:38:58.644+0000] {logging_mixin.py:190} INFO - [2025-12-03T03:38:58.644+0000] {dag.py:4180} INFO - Setting next_dagrun for f1_live_watcher to 2025-12-01 09:00:00+00:00, run_after=2025-12-08 09:00:00+00:00
[2025-12-03T03:38:58.669+0000] {processor.py:208} INFO - Processing /opt/airflow/dags/live_ingestion_dag.py took 0.193 seconds
[2025-12-03T03:39:28.927+0000] {processor.py:186} INFO - Started process (PID=10438) to work on /opt/airflow/dags/live_ingestion_dag.py
[2025-12-03T03:39:28.929+0000] {processor.py:914} INFO - Processing file /opt/airflow/dags/live_ingestion_dag.py for tasks to queue
[2025-12-03T03:39:28.932+0000] {logging_mixin.py:190} INFO - [2025-12-03T03:39:28.931+0000] {dagbag.py:588} INFO - Filling up the DagBag from /opt/airflow/dags/live_ingestion_dag.py
[2025-12-03T03:39:29.061+0000] {processor.py:925} INFO - DAG(s) 'f1_live_watcher' retrieved from /opt/airflow/dags/live_ingestion_dag.py
[2025-12-03T03:39:29.086+0000] {logging_mixin.py:190} INFO - [2025-12-03T03:39:29.085+0000] {dag.py:3239} INFO - Sync 1 DAGs
[2025-12-03T03:39:29.114+0000] {logging_mixin.py:190} INFO - [2025-12-03T03:39:29.114+0000] {dag.py:4180} INFO - Setting next_dagrun for f1_live_watcher to 2025-12-01 09:00:00+00:00, run_after=2025-12-08 09:00:00+00:00
[2025-12-03T03:39:29.138+0000] {processor.py:208} INFO - Processing /opt/airflow/dags/live_ingestion_dag.py took 0.220 seconds
[2025-12-03T03:39:59.514+0000] {processor.py:186} INFO - Started process (PID=10448) to work on /opt/airflow/dags/live_ingestion_dag.py
[2025-12-03T03:39:59.516+0000] {processor.py:914} INFO - Processing file /opt/airflow/dags/live_ingestion_dag.py for tasks to queue
[2025-12-03T03:39:59.521+0000] {logging_mixin.py:190} INFO - [2025-12-03T03:39:59.521+0000] {dagbag.py:588} INFO - Filling up the DagBag from /opt/airflow/dags/live_ingestion_dag.py
[2025-12-03T03:39:59.636+0000] {processor.py:925} INFO - DAG(s) 'f1_live_watcher' retrieved from /opt/airflow/dags/live_ingestion_dag.py
[2025-12-03T03:39:59.662+0000] {logging_mixin.py:190} INFO - [2025-12-03T03:39:59.662+0000] {dag.py:3239} INFO - Sync 1 DAGs
[2025-12-03T03:39:59.693+0000] {logging_mixin.py:190} INFO - [2025-12-03T03:39:59.693+0000] {dag.py:4180} INFO - Setting next_dagrun for f1_live_watcher to 2025-12-01 09:00:00+00:00, run_after=2025-12-08 09:00:00+00:00
[2025-12-03T03:39:59.718+0000] {processor.py:208} INFO - Processing /opt/airflow/dags/live_ingestion_dag.py took 0.215 seconds
[2025-12-03T03:40:29.929+0000] {processor.py:186} INFO - Started process (PID=10458) to work on /opt/airflow/dags/live_ingestion_dag.py
[2025-12-03T03:40:29.930+0000] {processor.py:914} INFO - Processing file /opt/airflow/dags/live_ingestion_dag.py for tasks to queue
[2025-12-03T03:40:29.933+0000] {logging_mixin.py:190} INFO - [2025-12-03T03:40:29.933+0000] {dagbag.py:588} INFO - Filling up the DagBag from /opt/airflow/dags/live_ingestion_dag.py
[2025-12-03T03:40:30.040+0000] {processor.py:925} INFO - DAG(s) 'f1_live_watcher' retrieved from /opt/airflow/dags/live_ingestion_dag.py
[2025-12-03T03:40:30.068+0000] {logging_mixin.py:190} INFO - [2025-12-03T03:40:30.068+0000] {dag.py:3239} INFO - Sync 1 DAGs
[2025-12-03T03:40:30.098+0000] {logging_mixin.py:190} INFO - [2025-12-03T03:40:30.098+0000] {dag.py:4180} INFO - Setting next_dagrun for f1_live_watcher to 2025-12-01 09:00:00+00:00, run_after=2025-12-08 09:00:00+00:00
[2025-12-03T03:40:30.123+0000] {processor.py:208} INFO - Processing /opt/airflow/dags/live_ingestion_dag.py took 0.202 seconds
[2025-12-03T03:41:00.333+0000] {processor.py:186} INFO - Started process (PID=10468) to work on /opt/airflow/dags/live_ingestion_dag.py
[2025-12-03T03:41:00.335+0000] {processor.py:914} INFO - Processing file /opt/airflow/dags/live_ingestion_dag.py for tasks to queue
[2025-12-03T03:41:00.338+0000] {logging_mixin.py:190} INFO - [2025-12-03T03:41:00.338+0000] {dagbag.py:588} INFO - Filling up the DagBag from /opt/airflow/dags/live_ingestion_dag.py
[2025-12-03T03:41:00.475+0000] {processor.py:925} INFO - DAG(s) 'f1_live_watcher' retrieved from /opt/airflow/dags/live_ingestion_dag.py
[2025-12-03T03:41:00.510+0000] {logging_mixin.py:190} INFO - [2025-12-03T03:41:00.510+0000] {dag.py:3239} INFO - Sync 1 DAGs
[2025-12-03T03:41:00.553+0000] {logging_mixin.py:190} INFO - [2025-12-03T03:41:00.553+0000] {dag.py:4180} INFO - Setting next_dagrun for f1_live_watcher to 2025-12-01 09:00:00+00:00, run_after=2025-12-08 09:00:00+00:00
[2025-12-03T03:41:00.579+0000] {processor.py:208} INFO - Processing /opt/airflow/dags/live_ingestion_dag.py took 0.254 seconds
[2025-12-03T03:41:30.703+0000] {processor.py:186} INFO - Started process (PID=10478) to work on /opt/airflow/dags/live_ingestion_dag.py
[2025-12-03T03:41:30.704+0000] {processor.py:914} INFO - Processing file /opt/airflow/dags/live_ingestion_dag.py for tasks to queue
[2025-12-03T03:41:30.707+0000] {logging_mixin.py:190} INFO - [2025-12-03T03:41:30.707+0000] {dagbag.py:588} INFO - Filling up the DagBag from /opt/airflow/dags/live_ingestion_dag.py
[2025-12-03T03:41:30.806+0000] {processor.py:925} INFO - DAG(s) 'f1_live_watcher' retrieved from /opt/airflow/dags/live_ingestion_dag.py
[2025-12-03T03:41:30.834+0000] {logging_mixin.py:190} INFO - [2025-12-03T03:41:30.834+0000] {dag.py:3239} INFO - Sync 1 DAGs
[2025-12-03T03:41:30.863+0000] {logging_mixin.py:190} INFO - [2025-12-03T03:41:30.863+0000] {dag.py:4180} INFO - Setting next_dagrun for f1_live_watcher to 2025-12-01 09:00:00+00:00, run_after=2025-12-08 09:00:00+00:00
[2025-12-03T03:41:30.888+0000] {processor.py:208} INFO - Processing /opt/airflow/dags/live_ingestion_dag.py took 0.193 seconds
[2025-12-03T03:42:01.448+0000] {processor.py:186} INFO - Started process (PID=10488) to work on /opt/airflow/dags/live_ingestion_dag.py
[2025-12-03T03:42:01.450+0000] {processor.py:914} INFO - Processing file /opt/airflow/dags/live_ingestion_dag.py for tasks to queue
[2025-12-03T03:42:01.453+0000] {logging_mixin.py:190} INFO - [2025-12-03T03:42:01.453+0000] {dagbag.py:588} INFO - Filling up the DagBag from /opt/airflow/dags/live_ingestion_dag.py
[2025-12-03T03:42:01.559+0000] {processor.py:925} INFO - DAG(s) 'f1_live_watcher' retrieved from /opt/airflow/dags/live_ingestion_dag.py
[2025-12-03T03:42:01.585+0000] {logging_mixin.py:190} INFO - [2025-12-03T03:42:01.585+0000] {dag.py:3239} INFO - Sync 1 DAGs
[2025-12-03T03:42:01.614+0000] {logging_mixin.py:190} INFO - [2025-12-03T03:42:01.614+0000] {dag.py:4180} INFO - Setting next_dagrun for f1_live_watcher to 2025-12-01 09:00:00+00:00, run_after=2025-12-08 09:00:00+00:00
[2025-12-03T03:42:01.638+0000] {processor.py:208} INFO - Processing /opt/airflow/dags/live_ingestion_dag.py took 0.199 seconds
[2025-12-03T03:42:31.820+0000] {processor.py:186} INFO - Started process (PID=10498) to work on /opt/airflow/dags/live_ingestion_dag.py
[2025-12-03T03:42:31.821+0000] {processor.py:914} INFO - Processing file /opt/airflow/dags/live_ingestion_dag.py for tasks to queue
[2025-12-03T03:42:31.824+0000] {logging_mixin.py:190} INFO - [2025-12-03T03:42:31.824+0000] {dagbag.py:588} INFO - Filling up the DagBag from /opt/airflow/dags/live_ingestion_dag.py
[2025-12-03T03:42:31.931+0000] {processor.py:925} INFO - DAG(s) 'f1_live_watcher' retrieved from /opt/airflow/dags/live_ingestion_dag.py
[2025-12-03T03:42:31.960+0000] {logging_mixin.py:190} INFO - [2025-12-03T03:42:31.960+0000] {dag.py:3239} INFO - Sync 1 DAGs
[2025-12-03T03:42:31.991+0000] {logging_mixin.py:190} INFO - [2025-12-03T03:42:31.991+0000] {dag.py:4180} INFO - Setting next_dagrun for f1_live_watcher to 2025-12-01 09:00:00+00:00, run_after=2025-12-08 09:00:00+00:00
[2025-12-03T03:42:32.021+0000] {processor.py:208} INFO - Processing /opt/airflow/dags/live_ingestion_dag.py took 0.210 seconds
[2025-12-03T03:43:02.464+0000] {processor.py:186} INFO - Started process (PID=10508) to work on /opt/airflow/dags/live_ingestion_dag.py
[2025-12-03T03:43:02.465+0000] {processor.py:914} INFO - Processing file /opt/airflow/dags/live_ingestion_dag.py for tasks to queue
[2025-12-03T03:43:02.468+0000] {logging_mixin.py:190} INFO - [2025-12-03T03:43:02.468+0000] {dagbag.py:588} INFO - Filling up the DagBag from /opt/airflow/dags/live_ingestion_dag.py
[2025-12-03T03:43:02.564+0000] {processor.py:925} INFO - DAG(s) 'f1_live_watcher' retrieved from /opt/airflow/dags/live_ingestion_dag.py
[2025-12-03T03:43:02.591+0000] {logging_mixin.py:190} INFO - [2025-12-03T03:43:02.590+0000] {dag.py:3239} INFO - Sync 1 DAGs
[2025-12-03T03:43:02.620+0000] {logging_mixin.py:190} INFO - [2025-12-03T03:43:02.620+0000] {dag.py:4180} INFO - Setting next_dagrun for f1_live_watcher to 2025-12-01 09:00:00+00:00, run_after=2025-12-08 09:00:00+00:00
[2025-12-03T03:43:02.645+0000] {processor.py:208} INFO - Processing /opt/airflow/dags/live_ingestion_dag.py took 0.189 seconds
[2025-12-03T03:43:33.018+0000] {processor.py:186} INFO - Started process (PID=10518) to work on /opt/airflow/dags/live_ingestion_dag.py
[2025-12-03T03:43:33.019+0000] {processor.py:914} INFO - Processing file /opt/airflow/dags/live_ingestion_dag.py for tasks to queue
[2025-12-03T03:43:33.022+0000] {logging_mixin.py:190} INFO - [2025-12-03T03:43:33.022+0000] {dagbag.py:588} INFO - Filling up the DagBag from /opt/airflow/dags/live_ingestion_dag.py
[2025-12-03T03:43:33.133+0000] {processor.py:925} INFO - DAG(s) 'f1_live_watcher' retrieved from /opt/airflow/dags/live_ingestion_dag.py
[2025-12-03T03:43:33.160+0000] {logging_mixin.py:190} INFO - [2025-12-03T03:43:33.160+0000] {dag.py:3239} INFO - Sync 1 DAGs
[2025-12-03T03:43:33.192+0000] {logging_mixin.py:190} INFO - [2025-12-03T03:43:33.191+0000] {dag.py:4180} INFO - Setting next_dagrun for f1_live_watcher to 2025-12-01 09:00:00+00:00, run_after=2025-12-08 09:00:00+00:00
[2025-12-03T03:43:33.218+0000] {processor.py:208} INFO - Processing /opt/airflow/dags/live_ingestion_dag.py took 0.208 seconds
[2025-12-03T03:44:03.644+0000] {processor.py:186} INFO - Started process (PID=10528) to work on /opt/airflow/dags/live_ingestion_dag.py
[2025-12-03T03:44:03.646+0000] {processor.py:914} INFO - Processing file /opt/airflow/dags/live_ingestion_dag.py for tasks to queue
[2025-12-03T03:44:03.649+0000] {logging_mixin.py:190} INFO - [2025-12-03T03:44:03.649+0000] {dagbag.py:588} INFO - Filling up the DagBag from /opt/airflow/dags/live_ingestion_dag.py
[2025-12-03T03:44:03.752+0000] {processor.py:925} INFO - DAG(s) 'f1_live_watcher' retrieved from /opt/airflow/dags/live_ingestion_dag.py
[2025-12-03T03:44:03.779+0000] {logging_mixin.py:190} INFO - [2025-12-03T03:44:03.779+0000] {dag.py:3239} INFO - Sync 1 DAGs
[2025-12-03T03:44:03.808+0000] {logging_mixin.py:190} INFO - [2025-12-03T03:44:03.808+0000] {dag.py:4180} INFO - Setting next_dagrun for f1_live_watcher to 2025-12-01 09:00:00+00:00, run_after=2025-12-08 09:00:00+00:00
[2025-12-03T03:44:03.833+0000] {processor.py:208} INFO - Processing /opt/airflow/dags/live_ingestion_dag.py took 0.195 seconds
[2025-12-03T03:44:34.546+0000] {processor.py:186} INFO - Started process (PID=10538) to work on /opt/airflow/dags/live_ingestion_dag.py
[2025-12-03T03:44:34.547+0000] {processor.py:914} INFO - Processing file /opt/airflow/dags/live_ingestion_dag.py for tasks to queue
[2025-12-03T03:44:34.551+0000] {logging_mixin.py:190} INFO - [2025-12-03T03:44:34.550+0000] {dagbag.py:588} INFO - Filling up the DagBag from /opt/airflow/dags/live_ingestion_dag.py
[2025-12-03T03:44:34.665+0000] {processor.py:925} INFO - DAG(s) 'f1_live_watcher' retrieved from /opt/airflow/dags/live_ingestion_dag.py
[2025-12-03T03:44:34.694+0000] {logging_mixin.py:190} INFO - [2025-12-03T03:44:34.694+0000] {dag.py:3239} INFO - Sync 1 DAGs
[2025-12-03T03:44:34.727+0000] {logging_mixin.py:190} INFO - [2025-12-03T03:44:34.727+0000] {dag.py:4180} INFO - Setting next_dagrun for f1_live_watcher to 2025-12-01 09:00:00+00:00, run_after=2025-12-08 09:00:00+00:00
[2025-12-03T03:44:34.758+0000] {processor.py:208} INFO - Processing /opt/airflow/dags/live_ingestion_dag.py took 0.222 seconds
[2025-12-03T03:45:05.218+0000] {processor.py:186} INFO - Started process (PID=10548) to work on /opt/airflow/dags/live_ingestion_dag.py
[2025-12-03T03:45:05.220+0000] {processor.py:914} INFO - Processing file /opt/airflow/dags/live_ingestion_dag.py for tasks to queue
[2025-12-03T03:45:05.223+0000] {logging_mixin.py:190} INFO - [2025-12-03T03:45:05.223+0000] {dagbag.py:588} INFO - Filling up the DagBag from /opt/airflow/dags/live_ingestion_dag.py
[2025-12-03T03:45:05.351+0000] {processor.py:925} INFO - DAG(s) 'f1_live_watcher' retrieved from /opt/airflow/dags/live_ingestion_dag.py
[2025-12-03T03:45:05.381+0000] {logging_mixin.py:190} INFO - [2025-12-03T03:45:05.381+0000] {dag.py:3239} INFO - Sync 1 DAGs
[2025-12-03T03:45:05.415+0000] {logging_mixin.py:190} INFO - [2025-12-03T03:45:05.415+0000] {dag.py:4180} INFO - Setting next_dagrun for f1_live_watcher to 2025-12-01 09:00:00+00:00, run_after=2025-12-08 09:00:00+00:00
[2025-12-03T03:45:05.444+0000] {processor.py:208} INFO - Processing /opt/airflow/dags/live_ingestion_dag.py took 0.234 seconds
[2025-12-03T03:45:35.591+0000] {processor.py:186} INFO - Started process (PID=10558) to work on /opt/airflow/dags/live_ingestion_dag.py
[2025-12-03T03:45:35.593+0000] {processor.py:914} INFO - Processing file /opt/airflow/dags/live_ingestion_dag.py for tasks to queue
[2025-12-03T03:45:35.596+0000] {logging_mixin.py:190} INFO - [2025-12-03T03:45:35.596+0000] {dagbag.py:588} INFO - Filling up the DagBag from /opt/airflow/dags/live_ingestion_dag.py
[2025-12-03T03:45:35.716+0000] {processor.py:925} INFO - DAG(s) 'f1_live_watcher' retrieved from /opt/airflow/dags/live_ingestion_dag.py
[2025-12-03T03:45:35.749+0000] {logging_mixin.py:190} INFO - [2025-12-03T03:45:35.749+0000] {dag.py:3239} INFO - Sync 1 DAGs
[2025-12-03T03:45:35.790+0000] {logging_mixin.py:190} INFO - [2025-12-03T03:45:35.789+0000] {dag.py:4180} INFO - Setting next_dagrun for f1_live_watcher to 2025-12-01 09:00:00+00:00, run_after=2025-12-08 09:00:00+00:00
[2025-12-03T03:45:35.822+0000] {processor.py:208} INFO - Processing /opt/airflow/dags/live_ingestion_dag.py took 0.240 seconds
[2025-12-03T03:46:06.141+0000] {processor.py:186} INFO - Started process (PID=10568) to work on /opt/airflow/dags/live_ingestion_dag.py
[2025-12-03T03:46:06.143+0000] {processor.py:914} INFO - Processing file /opt/airflow/dags/live_ingestion_dag.py for tasks to queue
[2025-12-03T03:46:06.146+0000] {logging_mixin.py:190} INFO - [2025-12-03T03:46:06.145+0000] {dagbag.py:588} INFO - Filling up the DagBag from /opt/airflow/dags/live_ingestion_dag.py
[2025-12-03T03:46:06.250+0000] {processor.py:925} INFO - DAG(s) 'f1_live_watcher' retrieved from /opt/airflow/dags/live_ingestion_dag.py
[2025-12-03T03:46:06.279+0000] {logging_mixin.py:190} INFO - [2025-12-03T03:46:06.279+0000] {dag.py:3239} INFO - Sync 1 DAGs
[2025-12-03T03:46:06.314+0000] {logging_mixin.py:190} INFO - [2025-12-03T03:46:06.314+0000] {dag.py:4180} INFO - Setting next_dagrun for f1_live_watcher to 2025-12-01 09:00:00+00:00, run_after=2025-12-08 09:00:00+00:00
[2025-12-03T03:46:06.340+0000] {processor.py:208} INFO - Processing /opt/airflow/dags/live_ingestion_dag.py took 0.205 seconds
[2025-12-03T03:46:36.635+0000] {processor.py:186} INFO - Started process (PID=10578) to work on /opt/airflow/dags/live_ingestion_dag.py
[2025-12-03T03:46:36.637+0000] {processor.py:914} INFO - Processing file /opt/airflow/dags/live_ingestion_dag.py for tasks to queue
[2025-12-03T03:46:36.641+0000] {logging_mixin.py:190} INFO - [2025-12-03T03:46:36.640+0000] {dagbag.py:588} INFO - Filling up the DagBag from /opt/airflow/dags/live_ingestion_dag.py
[2025-12-03T03:46:36.751+0000] {processor.py:925} INFO - DAG(s) 'f1_live_watcher' retrieved from /opt/airflow/dags/live_ingestion_dag.py
[2025-12-03T03:46:36.781+0000] {logging_mixin.py:190} INFO - [2025-12-03T03:46:36.781+0000] {dag.py:3239} INFO - Sync 1 DAGs
[2025-12-03T03:46:36.812+0000] {logging_mixin.py:190} INFO - [2025-12-03T03:46:36.812+0000] {dag.py:4180} INFO - Setting next_dagrun for f1_live_watcher to 2025-12-01 09:00:00+00:00, run_after=2025-12-08 09:00:00+00:00
[2025-12-03T03:46:36.837+0000] {processor.py:208} INFO - Processing /opt/airflow/dags/live_ingestion_dag.py took 0.213 seconds
[2025-12-03T03:47:07.031+0000] {processor.py:186} INFO - Started process (PID=10588) to work on /opt/airflow/dags/live_ingestion_dag.py
[2025-12-03T03:47:07.033+0000] {processor.py:914} INFO - Processing file /opt/airflow/dags/live_ingestion_dag.py for tasks to queue
[2025-12-03T03:47:07.037+0000] {logging_mixin.py:190} INFO - [2025-12-03T03:47:07.036+0000] {dagbag.py:588} INFO - Filling up the DagBag from /opt/airflow/dags/live_ingestion_dag.py
[2025-12-03T03:47:07.146+0000] {processor.py:925} INFO - DAG(s) 'f1_live_watcher' retrieved from /opt/airflow/dags/live_ingestion_dag.py
[2025-12-03T03:47:07.174+0000] {logging_mixin.py:190} INFO - [2025-12-03T03:47:07.173+0000] {dag.py:3239} INFO - Sync 1 DAGs
[2025-12-03T03:47:07.207+0000] {logging_mixin.py:190} INFO - [2025-12-03T03:47:07.207+0000] {dag.py:4180} INFO - Setting next_dagrun for f1_live_watcher to 2025-12-01 09:00:00+00:00, run_after=2025-12-08 09:00:00+00:00
[2025-12-03T03:47:07.233+0000] {processor.py:208} INFO - Processing /opt/airflow/dags/live_ingestion_dag.py took 0.210 seconds
[2025-12-03T03:47:38.648+0000] {processor.py:186} INFO - Started process (PID=10598) to work on /opt/airflow/dags/live_ingestion_dag.py
[2025-12-03T03:47:38.652+0000] {processor.py:914} INFO - Processing file /opt/airflow/dags/live_ingestion_dag.py for tasks to queue
[2025-12-03T03:47:38.676+0000] {logging_mixin.py:190} INFO - [2025-12-03T03:47:38.674+0000] {dagbag.py:588} INFO - Filling up the DagBag from /opt/airflow/dags/live_ingestion_dag.py
[2025-12-03T03:47:39.644+0000] {processor.py:925} INFO - DAG(s) 'f1_live_watcher' retrieved from /opt/airflow/dags/live_ingestion_dag.py
[2025-12-03T03:47:40.116+0000] {logging_mixin.py:190} INFO - [2025-12-03T03:47:40.116+0000] {dag.py:3239} INFO - Sync 1 DAGs
[2025-12-03T03:47:40.351+0000] {logging_mixin.py:190} INFO - [2025-12-03T03:47:40.350+0000] {dag.py:4180} INFO - Setting next_dagrun for f1_live_watcher to 2025-12-01 09:00:00+00:00, run_after=2025-12-08 09:00:00+00:00
[2025-12-03T03:47:40.462+0000] {processor.py:208} INFO - Processing /opt/airflow/dags/live_ingestion_dag.py took 1.851 seconds
[2025-12-03T03:48:10.596+0000] {processor.py:186} INFO - Started process (PID=10608) to work on /opt/airflow/dags/live_ingestion_dag.py
[2025-12-03T03:48:10.598+0000] {processor.py:914} INFO - Processing file /opt/airflow/dags/live_ingestion_dag.py for tasks to queue
[2025-12-03T03:48:10.603+0000] {logging_mixin.py:190} INFO - [2025-12-03T03:48:10.602+0000] {dagbag.py:588} INFO - Filling up the DagBag from /opt/airflow/dags/live_ingestion_dag.py
[2025-12-03T03:48:10.775+0000] {processor.py:925} INFO - DAG(s) 'f1_live_watcher' retrieved from /opt/airflow/dags/live_ingestion_dag.py
[2025-12-03T03:48:10.834+0000] {logging_mixin.py:190} INFO - [2025-12-03T03:48:10.833+0000] {dag.py:3239} INFO - Sync 1 DAGs
[2025-12-03T03:48:10.918+0000] {logging_mixin.py:190} INFO - [2025-12-03T03:48:10.917+0000] {dag.py:4180} INFO - Setting next_dagrun for f1_live_watcher to 2025-12-01 09:00:00+00:00, run_after=2025-12-08 09:00:00+00:00
[2025-12-03T03:48:10.970+0000] {processor.py:208} INFO - Processing /opt/airflow/dags/live_ingestion_dag.py took 0.384 seconds
[2025-12-03T03:48:41.103+0000] {processor.py:186} INFO - Started process (PID=10618) to work on /opt/airflow/dags/live_ingestion_dag.py
[2025-12-03T03:48:41.105+0000] {processor.py:914} INFO - Processing file /opt/airflow/dags/live_ingestion_dag.py for tasks to queue
[2025-12-03T03:48:41.109+0000] {logging_mixin.py:190} INFO - [2025-12-03T03:48:41.108+0000] {dagbag.py:588} INFO - Filling up the DagBag from /opt/airflow/dags/live_ingestion_dag.py
[2025-12-03T03:48:41.291+0000] {processor.py:925} INFO - DAG(s) 'f1_live_watcher' retrieved from /opt/airflow/dags/live_ingestion_dag.py
[2025-12-03T03:48:41.351+0000] {logging_mixin.py:190} INFO - [2025-12-03T03:48:41.350+0000] {dag.py:3239} INFO - Sync 1 DAGs
[2025-12-03T03:48:41.431+0000] {logging_mixin.py:190} INFO - [2025-12-03T03:48:41.430+0000] {dag.py:4180} INFO - Setting next_dagrun for f1_live_watcher to 2025-12-01 09:00:00+00:00, run_after=2025-12-08 09:00:00+00:00
[2025-12-03T03:48:41.499+0000] {processor.py:208} INFO - Processing /opt/airflow/dags/live_ingestion_dag.py took 0.406 seconds
[2025-12-03T03:49:12.023+0000] {processor.py:186} INFO - Started process (PID=10628) to work on /opt/airflow/dags/live_ingestion_dag.py
[2025-12-03T03:49:12.026+0000] {processor.py:914} INFO - Processing file /opt/airflow/dags/live_ingestion_dag.py for tasks to queue
[2025-12-03T03:49:12.032+0000] {logging_mixin.py:190} INFO - [2025-12-03T03:49:12.031+0000] {dagbag.py:588} INFO - Filling up the DagBag from /opt/airflow/dags/live_ingestion_dag.py
[2025-12-03T03:49:12.228+0000] {processor.py:925} INFO - DAG(s) 'f1_live_watcher' retrieved from /opt/airflow/dags/live_ingestion_dag.py
[2025-12-03T03:49:12.280+0000] {logging_mixin.py:190} INFO - [2025-12-03T03:49:12.279+0000] {dag.py:3239} INFO - Sync 1 DAGs
[2025-12-03T03:49:12.336+0000] {logging_mixin.py:190} INFO - [2025-12-03T03:49:12.335+0000] {dag.py:4180} INFO - Setting next_dagrun for f1_live_watcher to 2025-12-01 09:00:00+00:00, run_after=2025-12-08 09:00:00+00:00
[2025-12-03T03:49:12.381+0000] {processor.py:208} INFO - Processing /opt/airflow/dags/live_ingestion_dag.py took 0.372 seconds
[2025-12-03T03:49:42.796+0000] {processor.py:186} INFO - Started process (PID=10638) to work on /opt/airflow/dags/live_ingestion_dag.py
[2025-12-03T03:49:42.798+0000] {processor.py:914} INFO - Processing file /opt/airflow/dags/live_ingestion_dag.py for tasks to queue
[2025-12-03T03:49:42.803+0000] {logging_mixin.py:190} INFO - [2025-12-03T03:49:42.802+0000] {dagbag.py:588} INFO - Filling up the DagBag from /opt/airflow/dags/live_ingestion_dag.py
[2025-12-03T03:49:42.977+0000] {processor.py:925} INFO - DAG(s) 'f1_live_watcher' retrieved from /opt/airflow/dags/live_ingestion_dag.py
[2025-12-03T03:49:43.029+0000] {logging_mixin.py:190} INFO - [2025-12-03T03:49:43.028+0000] {dag.py:3239} INFO - Sync 1 DAGs
[2025-12-03T03:49:43.084+0000] {logging_mixin.py:190} INFO - [2025-12-03T03:49:43.083+0000] {dag.py:4180} INFO - Setting next_dagrun for f1_live_watcher to 2025-12-01 09:00:00+00:00, run_after=2025-12-08 09:00:00+00:00
[2025-12-03T03:49:43.124+0000] {processor.py:208} INFO - Processing /opt/airflow/dags/live_ingestion_dag.py took 0.339 seconds
[2025-12-03T03:50:13.592+0000] {processor.py:186} INFO - Started process (PID=10648) to work on /opt/airflow/dags/live_ingestion_dag.py
[2025-12-03T03:50:13.595+0000] {processor.py:914} INFO - Processing file /opt/airflow/dags/live_ingestion_dag.py for tasks to queue
[2025-12-03T03:50:13.606+0000] {logging_mixin.py:190} INFO - [2025-12-03T03:50:13.604+0000] {dagbag.py:588} INFO - Filling up the DagBag from /opt/airflow/dags/live_ingestion_dag.py
[2025-12-03T03:50:13.859+0000] {processor.py:925} INFO - DAG(s) 'f1_live_watcher' retrieved from /opt/airflow/dags/live_ingestion_dag.py
[2025-12-03T03:50:13.916+0000] {logging_mixin.py:190} INFO - [2025-12-03T03:50:13.916+0000] {dag.py:3239} INFO - Sync 1 DAGs
[2025-12-03T03:50:13.982+0000] {logging_mixin.py:190} INFO - [2025-12-03T03:50:13.982+0000] {dag.py:4180} INFO - Setting next_dagrun for f1_live_watcher to 2025-12-01 09:00:00+00:00, run_after=2025-12-08 09:00:00+00:00
[2025-12-03T03:50:14.047+0000] {processor.py:208} INFO - Processing /opt/airflow/dags/live_ingestion_dag.py took 0.480 seconds
[2025-12-03T03:50:44.377+0000] {processor.py:186} INFO - Started process (PID=10658) to work on /opt/airflow/dags/live_ingestion_dag.py
[2025-12-03T03:50:44.379+0000] {processor.py:914} INFO - Processing file /opt/airflow/dags/live_ingestion_dag.py for tasks to queue
[2025-12-03T03:50:44.384+0000] {logging_mixin.py:190} INFO - [2025-12-03T03:50:44.383+0000] {dagbag.py:588} INFO - Filling up the DagBag from /opt/airflow/dags/live_ingestion_dag.py
[2025-12-03T03:50:44.582+0000] {processor.py:925} INFO - DAG(s) 'f1_live_watcher' retrieved from /opt/airflow/dags/live_ingestion_dag.py
[2025-12-03T03:50:44.639+0000] {logging_mixin.py:190} INFO - [2025-12-03T03:50:44.639+0000] {dag.py:3239} INFO - Sync 1 DAGs
[2025-12-03T03:50:44.700+0000] {logging_mixin.py:190} INFO - [2025-12-03T03:50:44.700+0000] {dag.py:4180} INFO - Setting next_dagrun for f1_live_watcher to 2025-12-01 09:00:00+00:00, run_after=2025-12-08 09:00:00+00:00
[2025-12-03T03:50:44.756+0000] {processor.py:208} INFO - Processing /opt/airflow/dags/live_ingestion_dag.py took 0.391 seconds
[2025-12-03T03:51:15.252+0000] {processor.py:186} INFO - Started process (PID=10668) to work on /opt/airflow/dags/live_ingestion_dag.py
[2025-12-03T03:51:15.255+0000] {processor.py:914} INFO - Processing file /opt/airflow/dags/live_ingestion_dag.py for tasks to queue
[2025-12-03T03:51:15.267+0000] {logging_mixin.py:190} INFO - [2025-12-03T03:51:15.265+0000] {dagbag.py:588} INFO - Filling up the DagBag from /opt/airflow/dags/live_ingestion_dag.py
[2025-12-03T03:51:15.738+0000] {processor.py:925} INFO - DAG(s) 'f1_live_watcher' retrieved from /opt/airflow/dags/live_ingestion_dag.py
[2025-12-03T03:51:15.836+0000] {logging_mixin.py:190} INFO - [2025-12-03T03:51:15.835+0000] {dag.py:3239} INFO - Sync 1 DAGs
[2025-12-03T03:51:15.963+0000] {logging_mixin.py:190} INFO - [2025-12-03T03:51:15.962+0000] {dag.py:4180} INFO - Setting next_dagrun for f1_live_watcher to 2025-12-01 09:00:00+00:00, run_after=2025-12-08 09:00:00+00:00
[2025-12-03T03:51:16.039+0000] {processor.py:208} INFO - Processing /opt/airflow/dags/live_ingestion_dag.py took 0.810 seconds
[2025-12-03T03:51:46.244+0000] {processor.py:186} INFO - Started process (PID=10678) to work on /opt/airflow/dags/live_ingestion_dag.py
[2025-12-03T03:51:46.246+0000] {processor.py:914} INFO - Processing file /opt/airflow/dags/live_ingestion_dag.py for tasks to queue
[2025-12-03T03:51:46.250+0000] {logging_mixin.py:190} INFO - [2025-12-03T03:51:46.249+0000] {dagbag.py:588} INFO - Filling up the DagBag from /opt/airflow/dags/live_ingestion_dag.py
[2025-12-03T03:51:46.384+0000] {processor.py:925} INFO - DAG(s) 'f1_live_watcher' retrieved from /opt/airflow/dags/live_ingestion_dag.py
[2025-12-03T03:51:46.426+0000] {logging_mixin.py:190} INFO - [2025-12-03T03:51:46.426+0000] {dag.py:3239} INFO - Sync 1 DAGs
[2025-12-03T03:51:46.482+0000] {logging_mixin.py:190} INFO - [2025-12-03T03:51:46.481+0000] {dag.py:4180} INFO - Setting next_dagrun for f1_live_watcher to 2025-12-01 09:00:00+00:00, run_after=2025-12-08 09:00:00+00:00
[2025-12-03T03:51:46.521+0000] {processor.py:208} INFO - Processing /opt/airflow/dags/live_ingestion_dag.py took 0.288 seconds
[2025-12-03T03:52:16.834+0000] {processor.py:186} INFO - Started process (PID=10688) to work on /opt/airflow/dags/live_ingestion_dag.py
[2025-12-03T03:52:16.836+0000] {processor.py:914} INFO - Processing file /opt/airflow/dags/live_ingestion_dag.py for tasks to queue
[2025-12-03T03:52:16.841+0000] {logging_mixin.py:190} INFO - [2025-12-03T03:52:16.840+0000] {dagbag.py:588} INFO - Filling up the DagBag from /opt/airflow/dags/live_ingestion_dag.py
[2025-12-03T03:52:16.985+0000] {processor.py:925} INFO - DAG(s) 'f1_live_watcher' retrieved from /opt/airflow/dags/live_ingestion_dag.py
[2025-12-03T03:52:17.025+0000] {logging_mixin.py:190} INFO - [2025-12-03T03:52:17.024+0000] {dag.py:3239} INFO - Sync 1 DAGs
[2025-12-03T03:52:17.078+0000] {logging_mixin.py:190} INFO - [2025-12-03T03:52:17.078+0000] {dag.py:4180} INFO - Setting next_dagrun for f1_live_watcher to 2025-12-01 09:00:00+00:00, run_after=2025-12-08 09:00:00+00:00
[2025-12-03T03:52:17.119+0000] {processor.py:208} INFO - Processing /opt/airflow/dags/live_ingestion_dag.py took 0.296 seconds
[2025-12-03T03:52:47.468+0000] {processor.py:186} INFO - Started process (PID=10698) to work on /opt/airflow/dags/live_ingestion_dag.py
[2025-12-03T03:52:47.470+0000] {processor.py:914} INFO - Processing file /opt/airflow/dags/live_ingestion_dag.py for tasks to queue
[2025-12-03T03:52:47.474+0000] {logging_mixin.py:190} INFO - [2025-12-03T03:52:47.474+0000] {dagbag.py:588} INFO - Filling up the DagBag from /opt/airflow/dags/live_ingestion_dag.py
[2025-12-03T03:52:47.664+0000] {processor.py:925} INFO - DAG(s) 'f1_live_watcher' retrieved from /opt/airflow/dags/live_ingestion_dag.py
[2025-12-03T03:52:47.710+0000] {logging_mixin.py:190} INFO - [2025-12-03T03:52:47.709+0000] {dag.py:3239} INFO - Sync 1 DAGs
[2025-12-03T03:52:47.762+0000] {logging_mixin.py:190} INFO - [2025-12-03T03:52:47.761+0000] {dag.py:4180} INFO - Setting next_dagrun for f1_live_watcher to 2025-12-01 09:00:00+00:00, run_after=2025-12-08 09:00:00+00:00
[2025-12-03T03:52:47.803+0000] {processor.py:208} INFO - Processing /opt/airflow/dags/live_ingestion_dag.py took 0.348 seconds
[2025-12-03T03:53:18.134+0000] {processor.py:186} INFO - Started process (PID=10708) to work on /opt/airflow/dags/live_ingestion_dag.py
[2025-12-03T03:53:18.136+0000] {processor.py:914} INFO - Processing file /opt/airflow/dags/live_ingestion_dag.py for tasks to queue
[2025-12-03T03:53:18.141+0000] {logging_mixin.py:190} INFO - [2025-12-03T03:53:18.140+0000] {dagbag.py:588} INFO - Filling up the DagBag from /opt/airflow/dags/live_ingestion_dag.py
[2025-12-03T03:53:18.324+0000] {processor.py:925} INFO - DAG(s) 'f1_live_watcher' retrieved from /opt/airflow/dags/live_ingestion_dag.py
[2025-12-03T03:53:18.374+0000] {logging_mixin.py:190} INFO - [2025-12-03T03:53:18.372+0000] {dag.py:3239} INFO - Sync 1 DAGs
[2025-12-03T03:53:18.429+0000] {logging_mixin.py:190} INFO - [2025-12-03T03:53:18.429+0000] {dag.py:4180} INFO - Setting next_dagrun for f1_live_watcher to 2025-12-01 09:00:00+00:00, run_after=2025-12-08 09:00:00+00:00
[2025-12-03T03:53:18.475+0000] {processor.py:208} INFO - Processing /opt/airflow/dags/live_ingestion_dag.py took 0.353 seconds
[2025-12-03T03:53:48.568+0000] {processor.py:186} INFO - Started process (PID=10718) to work on /opt/airflow/dags/live_ingestion_dag.py
[2025-12-03T03:53:48.571+0000] {processor.py:914} INFO - Processing file /opt/airflow/dags/live_ingestion_dag.py for tasks to queue
[2025-12-03T03:53:48.577+0000] {logging_mixin.py:190} INFO - [2025-12-03T03:53:48.576+0000] {dagbag.py:588} INFO - Filling up the DagBag from /opt/airflow/dags/live_ingestion_dag.py
[2025-12-03T03:53:48.769+0000] {processor.py:925} INFO - DAG(s) 'f1_live_watcher' retrieved from /opt/airflow/dags/live_ingestion_dag.py
[2025-12-03T03:53:48.813+0000] {logging_mixin.py:190} INFO - [2025-12-03T03:53:48.813+0000] {dag.py:3239} INFO - Sync 1 DAGs
[2025-12-03T03:53:48.872+0000] {logging_mixin.py:190} INFO - [2025-12-03T03:53:48.871+0000] {dag.py:4180} INFO - Setting next_dagrun for f1_live_watcher to 2025-12-01 09:00:00+00:00, run_after=2025-12-08 09:00:00+00:00
[2025-12-03T03:53:48.912+0000] {processor.py:208} INFO - Processing /opt/airflow/dags/live_ingestion_dag.py took 0.355 seconds
[2025-12-03T03:54:19.245+0000] {processor.py:186} INFO - Started process (PID=10728) to work on /opt/airflow/dags/live_ingestion_dag.py
[2025-12-03T03:54:19.248+0000] {processor.py:914} INFO - Processing file /opt/airflow/dags/live_ingestion_dag.py for tasks to queue
[2025-12-03T03:54:19.254+0000] {logging_mixin.py:190} INFO - [2025-12-03T03:54:19.253+0000] {dagbag.py:588} INFO - Filling up the DagBag from /opt/airflow/dags/live_ingestion_dag.py
[2025-12-03T03:54:19.494+0000] {processor.py:925} INFO - DAG(s) 'f1_live_watcher' retrieved from /opt/airflow/dags/live_ingestion_dag.py
[2025-12-03T03:54:19.554+0000] {logging_mixin.py:190} INFO - [2025-12-03T03:54:19.553+0000] {dag.py:3239} INFO - Sync 1 DAGs
[2025-12-03T03:54:19.622+0000] {logging_mixin.py:190} INFO - [2025-12-03T03:54:19.621+0000] {dag.py:4180} INFO - Setting next_dagrun for f1_live_watcher to 2025-12-01 09:00:00+00:00, run_after=2025-12-08 09:00:00+00:00
[2025-12-03T03:54:19.673+0000] {processor.py:208} INFO - Processing /opt/airflow/dags/live_ingestion_dag.py took 0.445 seconds
[2025-12-03T03:54:50.109+0000] {processor.py:186} INFO - Started process (PID=10738) to work on /opt/airflow/dags/live_ingestion_dag.py
[2025-12-03T03:54:50.110+0000] {processor.py:914} INFO - Processing file /opt/airflow/dags/live_ingestion_dag.py for tasks to queue
[2025-12-03T03:54:50.114+0000] {logging_mixin.py:190} INFO - [2025-12-03T03:54:50.114+0000] {dagbag.py:588} INFO - Filling up the DagBag from /opt/airflow/dags/live_ingestion_dag.py
[2025-12-03T03:54:50.230+0000] {processor.py:925} INFO - DAG(s) 'f1_live_watcher' retrieved from /opt/airflow/dags/live_ingestion_dag.py
[2025-12-03T03:54:50.263+0000] {logging_mixin.py:190} INFO - [2025-12-03T03:54:50.262+0000] {dag.py:3239} INFO - Sync 1 DAGs
[2025-12-03T03:54:50.306+0000] {logging_mixin.py:190} INFO - [2025-12-03T03:54:50.306+0000] {dag.py:4180} INFO - Setting next_dagrun for f1_live_watcher to 2025-12-01 09:00:00+00:00, run_after=2025-12-08 09:00:00+00:00
[2025-12-03T03:54:50.335+0000] {processor.py:208} INFO - Processing /opt/airflow/dags/live_ingestion_dag.py took 0.236 seconds
[2025-12-03T03:55:20.627+0000] {processor.py:186} INFO - Started process (PID=10748) to work on /opt/airflow/dags/live_ingestion_dag.py
[2025-12-03T03:55:20.629+0000] {processor.py:914} INFO - Processing file /opt/airflow/dags/live_ingestion_dag.py for tasks to queue
[2025-12-03T03:55:20.634+0000] {logging_mixin.py:190} INFO - [2025-12-03T03:55:20.633+0000] {dagbag.py:588} INFO - Filling up the DagBag from /opt/airflow/dags/live_ingestion_dag.py
[2025-12-03T03:55:20.807+0000] {processor.py:925} INFO - DAG(s) 'f1_live_watcher' retrieved from /opt/airflow/dags/live_ingestion_dag.py
[2025-12-03T03:55:20.862+0000] {logging_mixin.py:190} INFO - [2025-12-03T03:55:20.862+0000] {dag.py:3239} INFO - Sync 1 DAGs
[2025-12-03T03:55:20.918+0000] {logging_mixin.py:190} INFO - [2025-12-03T03:55:20.918+0000] {dag.py:4180} INFO - Setting next_dagrun for f1_live_watcher to 2025-12-01 09:00:00+00:00, run_after=2025-12-08 09:00:00+00:00
[2025-12-03T03:55:20.967+0000] {processor.py:208} INFO - Processing /opt/airflow/dags/live_ingestion_dag.py took 0.350 seconds
[2025-12-03T03:55:51.301+0000] {processor.py:186} INFO - Started process (PID=10758) to work on /opt/airflow/dags/live_ingestion_dag.py
[2025-12-03T03:55:51.303+0000] {processor.py:914} INFO - Processing file /opt/airflow/dags/live_ingestion_dag.py for tasks to queue
[2025-12-03T03:55:51.310+0000] {logging_mixin.py:190} INFO - [2025-12-03T03:55:51.309+0000] {dagbag.py:588} INFO - Filling up the DagBag from /opt/airflow/dags/live_ingestion_dag.py
[2025-12-03T03:55:51.503+0000] {processor.py:925} INFO - DAG(s) 'f1_live_watcher' retrieved from /opt/airflow/dags/live_ingestion_dag.py
[2025-12-03T03:55:51.561+0000] {logging_mixin.py:190} INFO - [2025-12-03T03:55:51.561+0000] {dag.py:3239} INFO - Sync 1 DAGs
[2025-12-03T03:55:51.647+0000] {logging_mixin.py:190} INFO - [2025-12-03T03:55:51.647+0000] {dag.py:4180} INFO - Setting next_dagrun for f1_live_watcher to 2025-12-01 09:00:00+00:00, run_after=2025-12-08 09:00:00+00:00
[2025-12-03T03:55:51.721+0000] {processor.py:208} INFO - Processing /opt/airflow/dags/live_ingestion_dag.py took 0.436 seconds
[2025-12-03T03:56:22.041+0000] {processor.py:186} INFO - Started process (PID=10768) to work on /opt/airflow/dags/live_ingestion_dag.py
[2025-12-03T03:56:22.043+0000] {processor.py:914} INFO - Processing file /opt/airflow/dags/live_ingestion_dag.py for tasks to queue
[2025-12-03T03:56:22.057+0000] {logging_mixin.py:190} INFO - [2025-12-03T03:56:22.056+0000] {dagbag.py:588} INFO - Filling up the DagBag from /opt/airflow/dags/live_ingestion_dag.py
[2025-12-03T03:56:22.458+0000] {processor.py:925} INFO - DAG(s) 'f1_live_watcher' retrieved from /opt/airflow/dags/live_ingestion_dag.py
[2025-12-03T03:56:22.542+0000] {logging_mixin.py:190} INFO - [2025-12-03T03:56:22.541+0000] {dag.py:3239} INFO - Sync 1 DAGs
[2025-12-03T03:56:22.646+0000] {logging_mixin.py:190} INFO - [2025-12-03T03:56:22.645+0000] {dag.py:4180} INFO - Setting next_dagrun for f1_live_watcher to 2025-12-01 09:00:00+00:00, run_after=2025-12-08 09:00:00+00:00
[2025-12-03T03:56:22.712+0000] {processor.py:208} INFO - Processing /opt/airflow/dags/live_ingestion_dag.py took 0.698 seconds
[2025-12-03T03:56:53.074+0000] {processor.py:186} INFO - Started process (PID=10778) to work on /opt/airflow/dags/live_ingestion_dag.py
[2025-12-03T03:56:53.077+0000] {processor.py:914} INFO - Processing file /opt/airflow/dags/live_ingestion_dag.py for tasks to queue
[2025-12-03T03:56:53.084+0000] {logging_mixin.py:190} INFO - [2025-12-03T03:56:53.083+0000] {dagbag.py:588} INFO - Filling up the DagBag from /opt/airflow/dags/live_ingestion_dag.py
[2025-12-03T03:56:53.323+0000] {processor.py:925} INFO - DAG(s) 'f1_live_watcher' retrieved from /opt/airflow/dags/live_ingestion_dag.py
[2025-12-03T03:56:53.389+0000] {logging_mixin.py:190} INFO - [2025-12-03T03:56:53.388+0000] {dag.py:3239} INFO - Sync 1 DAGs
[2025-12-03T03:56:53.471+0000] {logging_mixin.py:190} INFO - [2025-12-03T03:56:53.470+0000] {dag.py:4180} INFO - Setting next_dagrun for f1_live_watcher to 2025-12-01 09:00:00+00:00, run_after=2025-12-08 09:00:00+00:00
[2025-12-03T03:56:53.523+0000] {processor.py:208} INFO - Processing /opt/airflow/dags/live_ingestion_dag.py took 0.471 seconds
[2025-12-03T03:57:23.766+0000] {processor.py:186} INFO - Started process (PID=10788) to work on /opt/airflow/dags/live_ingestion_dag.py
[2025-12-03T03:57:23.768+0000] {processor.py:914} INFO - Processing file /opt/airflow/dags/live_ingestion_dag.py for tasks to queue
[2025-12-03T03:57:23.771+0000] {logging_mixin.py:190} INFO - [2025-12-03T03:57:23.771+0000] {dagbag.py:588} INFO - Filling up the DagBag from /opt/airflow/dags/live_ingestion_dag.py
[2025-12-03T03:57:23.873+0000] {processor.py:925} INFO - DAG(s) 'f1_live_watcher' retrieved from /opt/airflow/dags/live_ingestion_dag.py
[2025-12-03T03:57:23.902+0000] {logging_mixin.py:190} INFO - [2025-12-03T03:57:23.902+0000] {dag.py:3239} INFO - Sync 1 DAGs
[2025-12-03T03:57:23.933+0000] {logging_mixin.py:190} INFO - [2025-12-03T03:57:23.933+0000] {dag.py:4180} INFO - Setting next_dagrun for f1_live_watcher to 2025-12-01 09:00:00+00:00, run_after=2025-12-08 09:00:00+00:00
[2025-12-03T03:57:23.957+0000] {processor.py:208} INFO - Processing /opt/airflow/dags/live_ingestion_dag.py took 0.198 seconds
[2025-12-03T03:57:54.265+0000] {processor.py:186} INFO - Started process (PID=10798) to work on /opt/airflow/dags/live_ingestion_dag.py
[2025-12-03T03:57:54.268+0000] {processor.py:914} INFO - Processing file /opt/airflow/dags/live_ingestion_dag.py for tasks to queue
[2025-12-03T03:57:54.273+0000] {logging_mixin.py:190} INFO - [2025-12-03T03:57:54.273+0000] {dagbag.py:588} INFO - Filling up the DagBag from /opt/airflow/dags/live_ingestion_dag.py
[2025-12-03T03:57:54.460+0000] {processor.py:925} INFO - DAG(s) 'f1_live_watcher' retrieved from /opt/airflow/dags/live_ingestion_dag.py
[2025-12-03T03:57:54.503+0000] {logging_mixin.py:190} INFO - [2025-12-03T03:57:54.502+0000] {dag.py:3239} INFO - Sync 1 DAGs
[2025-12-03T03:57:54.551+0000] {logging_mixin.py:190} INFO - [2025-12-03T03:57:54.551+0000] {dag.py:4180} INFO - Setting next_dagrun for f1_live_watcher to 2025-12-01 09:00:00+00:00, run_after=2025-12-08 09:00:00+00:00
[2025-12-03T03:57:54.588+0000] {processor.py:208} INFO - Processing /opt/airflow/dags/live_ingestion_dag.py took 0.338 seconds
