[2025-11-30T17:40:31.737+0000] {local_task_job_runner.py:123} INFO - ::group::Pre task execution logs
[2025-11-30T17:40:31.767+0000] {taskinstance.py:2612} INFO - Dependencies all met for dep_context=non-requeueable deps ti=<TaskInstance: f1_polesight_pipeline.end_pipeline manual__2025-11-30T17:39:06.672910+00:00 [queued]>
[2025-11-30T17:40:31.785+0000] {taskinstance.py:2612} INFO - Dependencies all met for dep_context=requeueable deps ti=<TaskInstance: f1_polesight_pipeline.end_pipeline manual__2025-11-30T17:39:06.672910+00:00 [queued]>
[2025-11-30T17:40:31.787+0000] {taskinstance.py:2865} INFO - Starting attempt 1 of 1
[2025-11-30T17:40:31.818+0000] {taskinstance.py:2888} INFO - Executing <Task(BashOperator): end_pipeline> on 2025-11-30 17:39:06.672910+00:00
[2025-11-30T17:40:31.834+0000] {standard_task_runner.py:104} INFO - Running: ['***', 'tasks', 'run', 'f1_polesight_pipeline', 'end_pipeline', 'manual__2025-11-30T17:39:06.672910+00:00', '--job-id', '48', '--raw', '--subdir', 'DAGS_FOLDER/f1_pipeline_dag.py', '--cfg-path', '/tmp/tmpqy9kf1qr']
[2025-11-30T17:40:31.842+0000] {standard_task_runner.py:105} INFO - Job 48: Subtask end_pipeline
[2025-11-30T17:40:31.842+0000] {logging_mixin.py:190} WARNING - /home/***/.local/lib/python3.12/site-packages/***/task/task_runner/standard_task_runner.py:70 DeprecationWarning: This process (pid=15615) is multi-threaded, use of fork() may lead to deadlocks in the child.
[2025-11-30T17:40:31.844+0000] {standard_task_runner.py:72} INFO - Started process 15616 to run task
[2025-11-30T17:40:31.949+0000] {task_command.py:467} INFO - Running <TaskInstance: f1_polesight_pipeline.end_pipeline manual__2025-11-30T17:39:06.672910+00:00 [running]> on host 5f0ca9dcc785
[2025-11-30T17:40:32.104+0000] {taskinstance.py:3131} INFO - Exporting env vars: AIRFLOW_CTX_DAG_OWNER='f1_admin' AIRFLOW_CTX_DAG_ID='f1_polesight_pipeline' AIRFLOW_CTX_TASK_ID='end_pipeline' AIRFLOW_CTX_EXECUTION_DATE='2025-11-30T17:39:06.672910+00:00' AIRFLOW_CTX_TRY_NUMBER='1' AIRFLOW_CTX_DAG_RUN_ID='manual__2025-11-30T17:39:06.672910+00:00'
[2025-11-30T17:40:32.106+0000] {taskinstance.py:731} INFO - ::endgroup::
[2025-11-30T17:40:32.137+0000] {subprocess.py:63} INFO - Tmp dir root location: /tmp
[2025-11-30T17:40:32.142+0000] {subprocess.py:75} INFO - Running command: ['/usr/bin/bash', '-c', 'echo "Pipeline Selesai! Data Full Tersimpan."']
[2025-11-30T17:40:32.157+0000] {subprocess.py:86} INFO - Output:
[2025-11-30T17:40:32.160+0000] {subprocess.py:93} INFO - Pipeline Selesai! Data Full Tersimpan.
[2025-11-30T17:40:32.161+0000] {subprocess.py:97} INFO - Command exited with return code 0
[2025-11-30T17:40:32.214+0000] {taskinstance.py:340} INFO - ::group::Post task execution logs
[2025-11-30T17:40:32.215+0000] {taskinstance.py:352} INFO - Marking task as SUCCESS. dag_id=f1_polesight_pipeline, task_id=end_pipeline, run_id=manual__2025-11-30T17:39:06.672910+00:00, execution_date=20251130T173906, start_date=20251130T174031, end_date=20251130T174032
[2025-11-30T17:40:32.264+0000] {local_task_job_runner.py:266} INFO - Task exited with return code 0
[2025-11-30T17:40:32.298+0000] {taskinstance.py:3900} INFO - 0 downstream tasks scheduled from follow-on schedule check
[2025-11-30T17:40:32.302+0000] {local_task_job_runner.py:245} INFO - ::endgroup::
