[2025-12-01T09:56:09.056+0000] {local_task_job_runner.py:123} INFO - ::group::Pre task execution logs
[2025-12-01T09:56:09.077+0000] {taskinstance.py:2612} INFO - Dependencies all met for dep_context=non-requeueable deps ti=<TaskInstance: f1_live_watcher.check_if_new_data_exists scheduled__2025-11-24T09:00:00+00:00 [queued]>
[2025-12-01T09:56:09.090+0000] {taskinstance.py:2612} INFO - Dependencies all met for dep_context=requeueable deps ti=<TaskInstance: f1_live_watcher.check_if_new_data_exists scheduled__2025-11-24T09:00:00+00:00 [queued]>
[2025-12-01T09:56:09.091+0000] {taskinstance.py:2865} INFO - Starting attempt 1 of 3
[2025-12-01T09:56:09.111+0000] {taskinstance.py:2888} INFO - Executing <Task(BranchPythonOperator): check_if_new_data_exists> on 2025-11-24 09:00:00+00:00
[2025-12-01T09:56:09.121+0000] {standard_task_runner.py:104} INFO - Running: ['***', 'tasks', 'run', 'f1_live_watcher', 'check_if_new_data_exists', 'scheduled__2025-11-24T09:00:00+00:00', '--job-id', '55', '--raw', '--subdir', 'DAGS_FOLDER/live_ingestion_dag.py', '--cfg-path', '/tmp/tmp339rydm2']
[2025-12-01T09:56:09.125+0000] {standard_task_runner.py:105} INFO - Job 55: Subtask check_if_new_data_exists
[2025-12-01T09:56:09.126+0000] {logging_mixin.py:190} WARNING - /home/***/.local/lib/python3.12/site-packages/***/task/task_runner/standard_task_runner.py:70 DeprecationWarning: This process (pid=19831) is multi-threaded, use of fork() may lead to deadlocks in the child.
[2025-12-01T09:56:09.127+0000] {standard_task_runner.py:72} INFO - Started process 19832 to run task
[2025-12-01T09:56:09.202+0000] {task_command.py:467} INFO - Running <TaskInstance: f1_live_watcher.check_if_new_data_exists scheduled__2025-11-24T09:00:00+00:00 [running]> on host 5f0ca9dcc785
[2025-12-01T09:56:09.513+0000] {taskinstance.py:3131} INFO - Exporting env vars: AIRFLOW_CTX_DAG_OWNER='f1_admin' AIRFLOW_CTX_DAG_ID='f1_live_watcher' AIRFLOW_CTX_TASK_ID='check_if_new_data_exists' AIRFLOW_CTX_EXECUTION_DATE='2025-11-24T09:00:00+00:00' AIRFLOW_CTX_TRY_NUMBER='1' AIRFLOW_CTX_DAG_RUN_ID='scheduled__2025-11-24T09:00:00+00:00'
[2025-12-01T09:56:09.514+0000] {taskinstance.py:731} INFO - ::endgroup::
[2025-12-01T09:56:09.530+0000] {baseoperator.py:405} WARNING - BranchPythonOperator.execute cannot be called outside TaskInstance!
[2025-12-01T09:56:09.622+0000] {logging_mixin.py:190} INFO -  No new data. Count unchanged: 59987
[2025-12-01T09:56:09.624+0000] {python.py:240} INFO - Done. Returned value was: skip_etl
[2025-12-01T09:56:09.625+0000] {branch.py:38} INFO - Branch into skip_etl
[2025-12-01T09:56:09.626+0000] {skipmixin.py:230} INFO - Following branch ('skip_etl',)
[2025-12-01T09:56:09.638+0000] {skipmixin.py:278} INFO - Skipping tasks [('trigger_etl_pipeline', -1)]
[2025-12-01T09:56:09.678+0000] {taskinstance.py:340} INFO - ::group::Post task execution logs
[2025-12-01T09:56:09.679+0000] {taskinstance.py:352} INFO - Marking task as SUCCESS. dag_id=f1_live_watcher, task_id=check_if_new_data_exists, run_id=scheduled__2025-11-24T09:00:00+00:00, execution_date=20251124T090000, start_date=20251201T095609, end_date=20251201T095609
[2025-12-01T09:56:09.746+0000] {local_task_job_runner.py:266} INFO - Task exited with return code 0
[2025-12-01T09:56:09.995+0000] {taskinstance.py:3900} INFO - 0 downstream tasks scheduled from follow-on schedule check
[2025-12-01T09:56:09.999+0000] {local_task_job_runner.py:245} INFO - ::endgroup::
