[2025-12-03T03:33:02.082+0000] {local_task_job_runner.py:123} INFO - ::group::Pre task execution logs
[2025-12-03T03:33:02.120+0000] {taskinstance.py:2612} INFO - Dependencies all met for dep_context=non-requeueable deps ti=<TaskInstance: f1_live_watcher.check_and_ingest_new_races manual__2025-12-03T03:32:46.403868+00:00 [queued]>
[2025-12-03T03:33:02.143+0000] {taskinstance.py:2612} INFO - Dependencies all met for dep_context=requeueable deps ti=<TaskInstance: f1_live_watcher.check_and_ingest_new_races manual__2025-12-03T03:32:46.403868+00:00 [queued]>
[2025-12-03T03:33:02.147+0000] {taskinstance.py:2865} INFO - Starting attempt 1 of 3
[2025-12-03T03:33:02.173+0000] {taskinstance.py:2888} INFO - Executing <Task(BashOperator): check_and_ingest_new_races> on 2025-12-03 03:32:46.403868+00:00
[2025-12-03T03:33:02.194+0000] {logging_mixin.py:190} WARNING - /home/***/.local/lib/python3.12/site-packages/***/task/task_runner/standard_task_runner.py:70 DeprecationWarning: This process (pid=9944) is multi-threaded, use of fork() may lead to deadlocks in the child.
[2025-12-03T03:33:02.189+0000] {standard_task_runner.py:104} INFO - Running: ['***', 'tasks', 'run', 'f1_live_watcher', 'check_and_ingest_new_races', 'manual__2025-12-03T03:32:46.403868+00:00', '--job-id', '66', '--raw', '--subdir', 'DAGS_FOLDER/live_ingestion_dag.py', '--cfg-path', '/tmp/tmpa_7wnada']
[2025-12-03T03:33:02.196+0000] {standard_task_runner.py:72} INFO - Started process 9948 to run task
[2025-12-03T03:33:02.197+0000] {standard_task_runner.py:105} INFO - Job 66: Subtask check_and_ingest_new_races
[2025-12-03T03:33:02.325+0000] {task_command.py:467} INFO - Running <TaskInstance: f1_live_watcher.check_and_ingest_new_races manual__2025-12-03T03:32:46.403868+00:00 [running]> on host 5f0ca9dcc785
[2025-12-03T03:33:03.025+0000] {taskinstance.py:3131} INFO - Exporting env vars: AIRFLOW_CTX_DAG_OWNER='f1_admin' AIRFLOW_CTX_DAG_ID='f1_live_watcher' AIRFLOW_CTX_TASK_ID='check_and_ingest_new_races' AIRFLOW_CTX_EXECUTION_DATE='2025-12-03T03:32:46.403868+00:00' AIRFLOW_CTX_TRY_NUMBER='1' AIRFLOW_CTX_DAG_RUN_ID='manual__2025-12-03T03:32:46.403868+00:00'
[2025-12-03T03:33:03.027+0000] {taskinstance.py:731} INFO - ::endgroup::
[2025-12-03T03:33:03.060+0000] {subprocess.py:63} INFO - Tmp dir root location: /tmp
[2025-12-03T03:33:03.063+0000] {subprocess.py:75} INFO - Running command: ['/usr/bin/bash', '-c', 'python /opt/***/jobs/ingest_live.py']
[2025-12-03T03:33:03.085+0000] {subprocess.py:86} INFO - Output:
[2025-12-03T03:33:10.225+0000] {subprocess.py:93} INFO - 2025-12-03 03:33:10,217 - INFO - STARTING LIVE INGESTION CHECK FOR 2025
[2025-12-03T03:33:10.263+0000] {subprocess.py:93} INFO - 2025-12-03 03:33:10,261 - INFO - Connected to MongoDB: f1_datalake.telemetry_raw
[2025-12-03T03:33:10.403+0000] {subprocess.py:93} INFO - 2025-12-03 03:33:10,402 - INFO - Existing rounds in DB: [1, 2, 3, 4, 5, 6, 7, 8, 9, 10, 11, 12, 13, 14, 15, 16, 17, 18, 19, 20, 21]
[2025-12-03T03:33:10.405+0000] {subprocess.py:93} INFO - 2025-12-03 03:33:10,403 - INFO - Fetching F1 schedule for 2025
[2025-12-03T03:33:10.431+0000] {subprocess.py:93} INFO - req         WARNING 	DEFAULT CACHE ENABLED! (50.22 MB) /home/***/.cache/fastf1
[2025-12-03T03:33:10.433+0000] {subprocess.py:93} INFO - 2025-12-03 03:33:10,431 - WARNING - DEFAULT CACHE ENABLED! (50.22 MB) /home/***/.cache/fastf1
[2025-12-03T03:33:27.394+0000] {subprocess.py:93} INFO - 2025-12-03 03:33:27,391 - INFO - Found 23 completed races
[2025-12-03T03:33:27.412+0000] {subprocess.py:93} INFO - 2025-12-03 03:33:27,410 - INFO - Found 2 NEW races to download:
[2025-12-03T03:33:27.414+0000] {subprocess.py:93} INFO - 2025-12-03 03:33:27,412 - INFO -    - Round 22: Las Vegas Grand Prix
[2025-12-03T03:33:27.416+0000] {subprocess.py:93} INFO - 2025-12-03 03:33:27,413 - INFO -    - Round 23: Qatar Grand Prix
[2025-12-03T03:33:27.418+0000] {subprocess.py:93} INFO - 2025-12-03 03:33:27,415 - INFO -
[2025-12-03T03:33:27.421+0000] {subprocess.py:93} INFO - ======================================================================
[2025-12-03T03:33:27.423+0000] {subprocess.py:93} INFO - 2025-12-03 03:33:27,416 - INFO - DOWNLOADING: Round 22 - Las Vegas Grand Prix
[2025-12-03T03:33:27.425+0000] {subprocess.py:93} INFO - 2025-12-03 03:33:27,417 - INFO - ======================================================================
[2025-12-03T03:33:27.567+0000] {subprocess.py:93} INFO - 2025-12-03 03:33:27,565 - INFO -    Loading telemetry & weather data...
[2025-12-03T03:33:27.569+0000] {subprocess.py:93} INFO - core           INFO 	Loading data for Las Vegas Grand Prix - Qualifying [v3.6.1]
[2025-12-03T03:33:27.571+0000] {subprocess.py:93} INFO - 2025-12-03 03:33:27,567 - INFO - Loading data for Las Vegas Grand Prix - Qualifying [v3.6.1]
[2025-12-03T03:33:27.573+0000] {subprocess.py:93} INFO - req            INFO 	Using cached data for session_info
[2025-12-03T03:33:27.575+0000] {subprocess.py:93} INFO - 2025-12-03 03:33:27,570 - INFO - Using cached data for session_info
[2025-12-03T03:33:27.577+0000] {subprocess.py:93} INFO - req            INFO 	Using cached data for driver_info
[2025-12-03T03:33:27.579+0000] {subprocess.py:93} INFO - 2025-12-03 03:33:27,574 - INFO - Using cached data for driver_info
[2025-12-03T03:33:31.707+0000] {subprocess.py:93} INFO - req            INFO 	Using cached data for session_status_data
[2025-12-03T03:33:31.710+0000] {subprocess.py:93} INFO - 2025-12-03 03:33:31,707 - INFO - Using cached data for session_status_data
[2025-12-03T03:33:31.713+0000] {subprocess.py:93} INFO - req            INFO 	Using cached data for track_status_data
[2025-12-03T03:33:31.715+0000] {subprocess.py:93} INFO - 2025-12-03 03:33:31,713 - INFO - Using cached data for track_status_data
[2025-12-03T03:33:31.729+0000] {subprocess.py:93} INFO - req            INFO 	Using cached data for _extended_timing_data
[2025-12-03T03:33:31.733+0000] {subprocess.py:93} INFO - 2025-12-03 03:33:31,729 - INFO - Using cached data for _extended_timing_data
[2025-12-03T03:33:31.735+0000] {subprocess.py:93} INFO - req            INFO 	Using cached data for timing_app_data
[2025-12-03T03:33:31.737+0000] {subprocess.py:93} INFO - 2025-12-03 03:33:31,733 - INFO - Using cached data for timing_app_data
[2025-12-03T03:33:31.739+0000] {subprocess.py:93} INFO - core           INFO 	Processing timing data...
[2025-12-03T03:33:31.740+0000] {subprocess.py:93} INFO - 2025-12-03 03:33:31,734 - INFO - Processing timing data...
[2025-12-03T03:33:36.880+0000] {subprocess.py:93} INFO - req            INFO 	Using cached data for car_data
[2025-12-03T03:33:36.882+0000] {subprocess.py:93} INFO - 2025-12-03 03:33:36,879 - INFO - Using cached data for car_data
[2025-12-03T03:33:37.345+0000] {subprocess.py:93} INFO - req            INFO 	Using cached data for position_data
[2025-12-03T03:33:37.346+0000] {subprocess.py:93} INFO - 2025-12-03 03:33:37,345 - INFO - Using cached data for position_data
[2025-12-03T03:33:42.350+0000] {subprocess.py:93} INFO - req            INFO 	Using cached data for weather_data
[2025-12-03T03:33:42.352+0000] {subprocess.py:93} INFO - 2025-12-03 03:33:42,350 - INFO - Using cached data for weather_data
[2025-12-03T03:33:42.544+0000] {subprocess.py:93} INFO - core           INFO 	Finished loading data for 20 drivers: ['4', '1', '55', '63', '81', '30', '14', '6', '16', '10', '27', '18', '31', '87', '43', '23', '12', '5', '22', '44']
[2025-12-03T03:33:42.546+0000] {subprocess.py:93} INFO - 2025-12-03 03:33:42,544 - INFO - Finished loading data for 20 drivers: ['4', '1', '55', '63', '81', '30', '14', '6', '16', '10', '27', '18', '31', '87', '43', '23', '12', '5', '22', '44']
[2025-12-03T03:33:42.547+0000] {subprocess.py:93} INFO - 2025-12-03 03:33:42,546 - INFO -    Raw laps: 375
[2025-12-03T03:33:42.557+0000] {subprocess.py:93} INFO - 2025-12-03 03:33:42,556 - INFO -      Dry laps: 0
[2025-12-03T03:33:42.559+0000] {subprocess.py:93} INFO - 2025-12-03 03:33:42,557 - INFO -     Valid laps: 0
[2025-12-03T03:33:42.560+0000] {subprocess.py:93} INFO - 2025-12-03 03:33:42,558 - WARNING -    No valid laps found for Las Vegas Grand Prix
[2025-12-03T03:33:42.561+0000] {subprocess.py:93} INFO - 2025-12-03 03:33:42,559 - INFO -
[2025-12-03T03:33:42.563+0000] {subprocess.py:93} INFO - ======================================================================
[2025-12-03T03:33:42.564+0000] {subprocess.py:93} INFO - 2025-12-03 03:33:42,560 - INFO - DOWNLOADING: Round 23 - Qatar Grand Prix
[2025-12-03T03:33:42.565+0000] {subprocess.py:93} INFO - 2025-12-03 03:33:42,561 - INFO - ======================================================================
[2025-12-03T03:33:42.647+0000] {subprocess.py:93} INFO - 2025-12-03 03:33:42,645 - INFO -    Loading telemetry & weather data...
[2025-12-03T03:33:42.648+0000] {subprocess.py:93} INFO - core           INFO 	Loading data for Qatar Grand Prix - Qualifying [v3.6.1]
[2025-12-03T03:33:42.650+0000] {subprocess.py:93} INFO - 2025-12-03 03:33:42,647 - INFO - Loading data for Qatar Grand Prix - Qualifying [v3.6.1]
[2025-12-03T03:33:42.652+0000] {subprocess.py:93} INFO - req            INFO 	No cached data found for session_info. Loading data...
[2025-12-03T03:33:42.654+0000] {subprocess.py:93} INFO - 2025-12-03 03:33:42,652 - INFO - No cached data found for session_info. Loading data...
[2025-12-03T03:33:42.655+0000] {subprocess.py:93} INFO - _api           INFO 	Fetching session info data...
[2025-12-03T03:33:42.656+0000] {subprocess.py:93} INFO - 2025-12-03 03:33:42,653 - INFO - Fetching session info data...
[2025-12-03T03:33:43.767+0000] {subprocess.py:93} INFO - req            INFO 	Data has been written to cache!
[2025-12-03T03:33:43.769+0000] {subprocess.py:93} INFO - 2025-12-03 03:33:43,766 - INFO - Data has been written to cache!
[2025-12-03T03:33:43.773+0000] {subprocess.py:93} INFO - req            INFO 	No cached data found for driver_info. Loading data...
[2025-12-03T03:33:43.780+0000] {subprocess.py:93} INFO - 2025-12-03 03:33:43,769 - INFO - No cached data found for driver_info. Loading data...
[2025-12-03T03:33:43.791+0000] {subprocess.py:93} INFO - _api           INFO 	Fetching driver list...
[2025-12-03T03:33:43.809+0000] {subprocess.py:93} INFO - 2025-12-03 03:33:43,775 - INFO - Fetching driver list...
[2025-12-03T03:33:45.091+0000] {subprocess.py:93} INFO - req            INFO 	Data has been written to cache!
[2025-12-03T03:33:45.103+0000] {subprocess.py:93} INFO - 2025-12-03 03:33:45,090 - INFO - Data has been written to cache!
[2025-12-03T03:33:45.457+0000] {subprocess.py:93} INFO - req            INFO 	No cached data found for session_status_data. Loading data...
[2025-12-03T03:33:45.467+0000] {subprocess.py:93} INFO - 2025-12-03 03:33:45,456 - INFO - No cached data found for session_status_data. Loading data...
[2025-12-03T03:33:45.475+0000] {subprocess.py:93} INFO - _api           INFO 	Fetching session status data...
[2025-12-03T03:33:45.479+0000] {subprocess.py:93} INFO - 2025-12-03 03:33:45,467 - INFO - Fetching session status data...
[2025-12-03T03:33:46.402+0000] {subprocess.py:93} INFO - req            INFO 	Data has been written to cache!
[2025-12-03T03:33:46.403+0000] {subprocess.py:93} INFO - 2025-12-03 03:33:46,402 - INFO - Data has been written to cache!
[2025-12-03T03:33:46.405+0000] {subprocess.py:93} INFO - req            INFO 	No cached data found for track_status_data. Loading data...
[2025-12-03T03:33:46.406+0000] {subprocess.py:93} INFO - 2025-12-03 03:33:46,405 - INFO - No cached data found for track_status_data. Loading data...
[2025-12-03T03:33:46.407+0000] {subprocess.py:93} INFO - _api           INFO 	Fetching track status data...
[2025-12-03T03:33:46.409+0000] {subprocess.py:93} INFO - 2025-12-03 03:33:46,405 - INFO - Fetching track status data...
[2025-12-03T03:33:47.413+0000] {subprocess.py:93} INFO - req            INFO 	Data has been written to cache!
[2025-12-03T03:33:47.415+0000] {subprocess.py:93} INFO - 2025-12-03 03:33:47,412 - INFO - Data has been written to cache!
[2025-12-03T03:33:47.420+0000] {subprocess.py:93} INFO - req            INFO 	No cached data found for _extended_timing_data. Loading data...
[2025-12-03T03:33:47.426+0000] {subprocess.py:93} INFO - 2025-12-03 03:33:47,416 - INFO - No cached data found for _extended_timing_data. Loading data...
[2025-12-03T03:33:47.427+0000] {subprocess.py:93} INFO - _api           INFO 	Fetching timing data...
[2025-12-03T03:33:47.428+0000] {subprocess.py:93} INFO - 2025-12-03 03:33:47,419 - INFO - Fetching timing data...
[2025-12-03T03:33:49.447+0000] {subprocess.py:93} INFO - _api           INFO 	Parsing timing data...
[2025-12-03T03:33:49.447+0000] {subprocess.py:93} INFO - 2025-12-03 03:33:49,446 - INFO - Parsing timing data...
[2025-12-03T03:33:50.234+0000] {subprocess.py:93} INFO - req            INFO 	Data has been written to cache!
[2025-12-03T03:33:50.235+0000] {subprocess.py:93} INFO - 2025-12-03 03:33:50,234 - INFO - Data has been written to cache!
[2025-12-03T03:33:50.236+0000] {subprocess.py:93} INFO - req            INFO 	No cached data found for timing_app_data. Loading data...
[2025-12-03T03:33:50.237+0000] {subprocess.py:93} INFO - 2025-12-03 03:33:50,234 - INFO - No cached data found for timing_app_data. Loading data...
[2025-12-03T03:33:50.238+0000] {subprocess.py:93} INFO - _api           INFO 	Fetching timing app data...
[2025-12-03T03:33:50.239+0000] {subprocess.py:93} INFO - 2025-12-03 03:33:50,235 - INFO - Fetching timing app data...
[2025-12-03T03:33:51.421+0000] {subprocess.py:93} INFO - req            INFO 	Data has been written to cache!
[2025-12-03T03:33:51.424+0000] {subprocess.py:93} INFO - 2025-12-03 03:33:51,421 - INFO - Data has been written to cache!
[2025-12-03T03:33:51.428+0000] {subprocess.py:93} INFO - core           INFO 	Processing timing data...
[2025-12-03T03:33:51.430+0000] {subprocess.py:93} INFO - 2025-12-03 03:33:51,422 - INFO - Processing timing data...
[2025-12-03T03:33:54.285+0000] {subprocess.py:93} INFO - req            INFO 	No cached data found for car_data. Loading data...
[2025-12-03T03:33:54.287+0000] {subprocess.py:93} INFO - 2025-12-03 03:33:54,285 - INFO - No cached data found for car_data. Loading data...
[2025-12-03T03:33:54.288+0000] {subprocess.py:93} INFO - _api           INFO 	Fetching car data...
[2025-12-03T03:33:54.289+0000] {subprocess.py:93} INFO - 2025-12-03 03:33:54,286 - INFO - Fetching car data...
[2025-12-03T03:33:57.852+0000] {subprocess.py:93} INFO - _api           INFO 	Parsing car data...
[2025-12-03T03:33:57.856+0000] {subprocess.py:93} INFO - 2025-12-03 03:33:57,852 - INFO - Parsing car data...
[2025-12-03T03:34:09.664+0000] {subprocess.py:93} INFO - req            INFO 	Data has been written to cache!
[2025-12-03T03:34:09.666+0000] {subprocess.py:93} INFO - 2025-12-03 03:34:09,663 - INFO - Data has been written to cache!
[2025-12-03T03:34:09.667+0000] {subprocess.py:93} INFO - req            INFO 	No cached data found for position_data. Loading data...
[2025-12-03T03:34:09.668+0000] {subprocess.py:93} INFO - 2025-12-03 03:34:09,664 - INFO - No cached data found for position_data. Loading data...
[2025-12-03T03:34:09.669+0000] {subprocess.py:93} INFO - _api           INFO 	Fetching position data...
[2025-12-03T03:34:09.670+0000] {subprocess.py:93} INFO - 2025-12-03 03:34:09,665 - INFO - Fetching position data...
[2025-12-03T03:34:16.631+0000] {subprocess.py:93} INFO - _api           INFO 	Parsing position data...
[2025-12-03T03:34:16.632+0000] {subprocess.py:93} INFO - 2025-12-03 03:34:16,631 - INFO - Parsing position data...
[2025-12-03T03:34:23.886+0000] {subprocess.py:93} INFO - req            INFO 	Data has been written to cache!
[2025-12-03T03:34:23.887+0000] {subprocess.py:93} INFO - 2025-12-03 03:34:23,885 - INFO - Data has been written to cache!
[2025-12-03T03:34:25.585+0000] {subprocess.py:93} INFO - req            INFO 	No cached data found for weather_data. Loading data...
[2025-12-03T03:34:25.586+0000] {subprocess.py:93} INFO - 2025-12-03 03:34:25,584 - INFO - No cached data found for weather_data. Loading data...
[2025-12-03T03:34:25.586+0000] {subprocess.py:93} INFO - _api           INFO 	Fetching weather data...
[2025-12-03T03:34:25.587+0000] {subprocess.py:93} INFO - 2025-12-03 03:34:25,585 - INFO - Fetching weather data...
[2025-12-03T03:34:26.714+0000] {subprocess.py:93} INFO - req            INFO 	Data has been written to cache!
[2025-12-03T03:34:26.715+0000] {subprocess.py:93} INFO - 2025-12-03 03:34:26,714 - INFO - Data has been written to cache!
[2025-12-03T03:34:26.765+0000] {subprocess.py:93} INFO - core           INFO 	Finished loading data for 20 drivers: ['81', '4', '1', '63', '12', '6', '55', '14', '10', '16', '27', '30', '87', '5', '23', '22', '31', '44', '18', '43']
[2025-12-03T03:34:26.766+0000] {subprocess.py:93} INFO - 2025-12-03 03:34:26,765 - INFO - Finished loading data for 20 drivers: ['81', '4', '1', '63', '12', '6', '55', '14', '10', '16', '27', '30', '87', '5', '23', '22', '31', '44', '18', '43']
[2025-12-03T03:34:26.766+0000] {subprocess.py:93} INFO - 2025-12-03 03:34:26,765 - INFO -    Raw laps: 358
[2025-12-03T03:34:26.769+0000] {subprocess.py:93} INFO - 2025-12-03 03:34:26,768 - INFO -      Dry laps: 358
[2025-12-03T03:34:26.770+0000] {subprocess.py:93} INFO - 2025-12-03 03:34:26,769 - INFO -     Valid laps: 259
[2025-12-03T03:34:26.770+0000] {subprocess.py:93} INFO - 2025-12-03 03:34:26,769 - INFO -    Processing 259 laps
[2025-12-03T03:37:10.671+0000] {subprocess.py:93} INFO - 2025-12-03 03:37:10,658 - INFO -    Extracted: 259 laps
[2025-12-03T03:37:10.694+0000] {subprocess.py:93} INFO - 2025-12-03 03:37:10,693 - INFO -     Inserted 259 laps to MongoDB!
[2025-12-03T03:37:10.696+0000] {subprocess.py:93} INFO - 2025-12-03 03:37:10,694 - INFO -  INGESTION SUMMARY
[2025-12-03T03:37:10.697+0000] {subprocess.py:93} INFO - 2025-12-03 03:37:10,695 - INFO -  New races processed: 2
[2025-12-03T03:37:10.698+0000] {subprocess.py:93} INFO - 2025-12-03 03:37:10,696 - INFO -  Total laps inserted: 259
[2025-12-03T03:37:10.701+0000] {subprocess.py:93} INFO - 2025-12-03 03:37:10,700 - INFO -  Live ingestion completed successfully!
[2025-12-03T03:37:11.692+0000] {subprocess.py:97} INFO - Command exited with return code 0
[2025-12-03T03:37:11.766+0000] {taskinstance.py:340} INFO - ::group::Post task execution logs
[2025-12-03T03:37:11.769+0000] {taskinstance.py:352} INFO - Marking task as SUCCESS. dag_id=f1_live_watcher, task_id=check_and_ingest_new_races, run_id=manual__2025-12-03T03:32:46.403868+00:00, execution_date=20251203T033246, start_date=20251203T033302, end_date=20251203T033711
[2025-12-03T03:37:11.847+0000] {local_task_job_runner.py:266} INFO - Task exited with return code 0
[2025-12-03T03:37:11.909+0000] {taskinstance.py:3900} INFO - 1 downstream tasks scheduled from follow-on schedule check
[2025-12-03T03:37:11.912+0000] {local_task_job_runner.py:245} INFO - ::endgroup::
