[2025-11-28T06:17:19.267+0000] {local_task_job_runner.py:123} INFO - ::group::Pre task execution logs
[2025-11-28T06:17:19.305+0000] {taskinstance.py:2612} INFO - Dependencies all met for dep_context=non-requeueable deps ti=<TaskInstance: f1_polesight_pipeline.start_pipeline manual__2025-11-28T06:17:17.299590+00:00 [queued]>
[2025-11-28T06:17:19.323+0000] {taskinstance.py:2612} INFO - Dependencies all met for dep_context=requeueable deps ti=<TaskInstance: f1_polesight_pipeline.start_pipeline manual__2025-11-28T06:17:17.299590+00:00 [queued]>
[2025-11-28T06:17:19.324+0000] {taskinstance.py:2865} INFO - Starting attempt 1 of 1
[2025-11-28T06:17:19.350+0000] {taskinstance.py:2888} INFO - Executing <Task(BashOperator): start_pipeline> on 2025-11-28 06:17:17.299590+00:00
[2025-11-28T06:17:19.365+0000] {standard_task_runner.py:104} INFO - Running: ['***', 'tasks', 'run', 'f1_polesight_pipeline', 'start_pipeline', 'manual__2025-11-28T06:17:17.299590+00:00', '--job-id', '22', '--raw', '--subdir', 'DAGS_FOLDER/f1_pipeline_dag.py', '--cfg-path', '/tmp/tmpp1gban6l']
[2025-11-28T06:17:19.372+0000] {standard_task_runner.py:105} INFO - Job 22: Subtask start_pipeline
[2025-11-28T06:17:19.372+0000] {logging_mixin.py:190} WARNING - /home/***/.local/lib/python3.12/site-packages/***/task/task_runner/standard_task_runner.py:70 DeprecationWarning: This process (pid=2603) is multi-threaded, use of fork() may lead to deadlocks in the child.
[2025-11-28T06:17:19.374+0000] {standard_task_runner.py:72} INFO - Started process 2604 to run task
[2025-11-28T06:17:19.467+0000] {task_command.py:467} INFO - Running <TaskInstance: f1_polesight_pipeline.start_pipeline manual__2025-11-28T06:17:17.299590+00:00 [running]> on host 5f0ca9dcc785
[2025-11-28T06:17:19.672+0000] {taskinstance.py:3131} INFO - Exporting env vars: AIRFLOW_CTX_DAG_OWNER='f1_admin' AIRFLOW_CTX_DAG_ID='f1_polesight_pipeline' AIRFLOW_CTX_TASK_ID='start_pipeline' AIRFLOW_CTX_EXECUTION_DATE='2025-11-28T06:17:17.299590+00:00' AIRFLOW_CTX_TRY_NUMBER='1' AIRFLOW_CTX_DAG_RUN_ID='manual__2025-11-28T06:17:17.299590+00:00'
[2025-11-28T06:17:19.674+0000] {taskinstance.py:731} INFO - ::endgroup::
[2025-11-28T06:17:19.755+0000] {subprocess.py:63} INFO - Tmp dir root location: /tmp
[2025-11-28T06:17:19.758+0000] {subprocess.py:75} INFO - Running command: ['/usr/bin/bash', '-c', 'echo "Memulai Pipeline F1 PoleSight."']
[2025-11-28T06:17:19.770+0000] {subprocess.py:86} INFO - Output:
[2025-11-28T06:17:19.818+0000] {subprocess.py:93} INFO - Memulai Pipeline F1 PoleSight.
[2025-11-28T06:17:19.819+0000] {subprocess.py:97} INFO - Command exited with return code 0
[2025-11-28T06:17:19.859+0000] {taskinstance.py:340} INFO - ::group::Post task execution logs
[2025-11-28T06:17:19.860+0000] {taskinstance.py:352} INFO - Marking task as SUCCESS. dag_id=f1_polesight_pipeline, task_id=start_pipeline, run_id=manual__2025-11-28T06:17:17.299590+00:00, execution_date=20251128T061717, start_date=20251128T061719, end_date=20251128T061719
[2025-11-28T06:17:19.924+0000] {local_task_job_runner.py:266} INFO - Task exited with return code 0
[2025-11-28T06:17:19.964+0000] {taskinstance.py:3900} INFO - 0 downstream tasks scheduled from follow-on schedule check
[2025-11-28T06:17:19.967+0000] {local_task_job_runner.py:245} INFO - ::endgroup::
