[2025-11-28T03:33:17.077+0000] {local_task_job_runner.py:123} INFO - ::group::Pre task execution logs
[2025-11-28T03:33:17.139+0000] {taskinstance.py:2612} INFO - Dependencies all met for dep_context=non-requeueable deps ti=<TaskInstance: f1_polesight_pipeline.run_spark_etl_job scheduled__2025-11-27T00:00:00+00:00 [queued]>
[2025-11-28T03:33:17.171+0000] {taskinstance.py:2612} INFO - Dependencies all met for dep_context=requeueable deps ti=<TaskInstance: f1_polesight_pipeline.run_spark_etl_job scheduled__2025-11-27T00:00:00+00:00 [queued]>
[2025-11-28T03:33:17.174+0000] {taskinstance.py:2865} INFO - Starting attempt 1 of 1
[2025-11-28T03:33:17.220+0000] {taskinstance.py:2888} INFO - Executing <Task(BashOperator): run_spark_etl_job> on 2025-11-27 00:00:00+00:00
[2025-11-28T03:33:17.245+0000] {standard_task_runner.py:104} INFO - Running: ['***', 'tasks', 'run', 'f1_polesight_pipeline', 'run_spark_etl_job', 'scheduled__2025-11-27T00:00:00+00:00', '--job-id', '19', '--raw', '--subdir', 'DAGS_FOLDER/f1_pipeline_dag.py', '--cfg-path', '/tmp/tmpw0cs0m6j']
[2025-11-28T03:33:17.256+0000] {standard_task_runner.py:105} INFO - Job 19: Subtask run_spark_etl_job
[2025-11-28T03:33:17.259+0000] {logging_mixin.py:190} WARNING - /home/***/.local/lib/python3.12/site-packages/***/task/task_runner/standard_task_runner.py:70 DeprecationWarning: This process (pid=178) is multi-threaded, use of fork() may lead to deadlocks in the child.
[2025-11-28T03:33:17.264+0000] {standard_task_runner.py:72} INFO - Started process 179 to run task
[2025-11-28T03:33:17.448+0000] {task_command.py:467} INFO - Running <TaskInstance: f1_polesight_pipeline.run_spark_etl_job scheduled__2025-11-27T00:00:00+00:00 [running]> on host ccc688885fae
[2025-11-28T03:33:17.753+0000] {taskinstance.py:3131} INFO - Exporting env vars: AIRFLOW_CTX_DAG_OWNER='f1_admin' AIRFLOW_CTX_DAG_ID='f1_polesight_pipeline' AIRFLOW_CTX_TASK_ID='run_spark_etl_job' AIRFLOW_CTX_EXECUTION_DATE='2025-11-27T00:00:00+00:00' AIRFLOW_CTX_TRY_NUMBER='1' AIRFLOW_CTX_DAG_RUN_ID='scheduled__2025-11-27T00:00:00+00:00'
[2025-11-28T03:33:17.760+0000] {taskinstance.py:731} INFO - ::endgroup::
[2025-11-28T03:33:17.872+0000] {subprocess.py:63} INFO - Tmp dir root location: /tmp
[2025-11-28T03:33:17.891+0000] {subprocess.py:75} INFO - Running command: ['/usr/bin/bash', '-c', 'python /opt/***/jobs/etl_process.py']
[2025-11-28T03:33:17.955+0000] {subprocess.py:86} INFO - Output:
[2025-11-28T03:33:20.840+0000] {subprocess.py:93} INFO - /home/***/.local/lib/python3.12/site-packages/pyspark/bin/load-spark-env.sh: line 68: ps: command not found
[2025-11-28T03:33:30.038+0000] {subprocess.py:93} INFO - :: loading settings :: url = jar:file:/home/***/.local/lib/python3.12/site-packages/pyspark/jars/ivy-2.5.1.jar!/org/apache/ivy/core/settings/ivysettings.xml
[2025-11-28T03:33:30.433+0000] {subprocess.py:93} INFO - Ivy Default Cache set to: /home/***/.ivy2/cache
[2025-11-28T03:33:30.435+0000] {subprocess.py:93} INFO - The jars for the packages stored in: /home/***/.ivy2/jars
[2025-11-28T03:33:30.447+0000] {subprocess.py:93} INFO - org.mongodb.spark#mongo-spark-connector_2.12 added as a dependency
[2025-11-28T03:33:30.448+0000] {subprocess.py:93} INFO - org.postgresql#postgresql added as a dependency
[2025-11-28T03:33:30.450+0000] {subprocess.py:93} INFO - :: resolving dependencies :: org.apache.spark#spark-submit-parent-501b3896-3168-43c2-ad55-cb605eb724ac;1.0
[2025-11-28T03:33:30.452+0000] {subprocess.py:93} INFO - 	confs: [default]
[2025-11-28T03:33:33.498+0000] {subprocess.py:93} INFO - 	found org.mongodb.spark#mongo-spark-connector_2.12;10.4.0 in central
[2025-11-28T03:33:35.989+0000] {subprocess.py:93} INFO - 	found org.mongodb#mongodb-driver-sync;5.1.4 in central
[2025-11-28T03:33:35.992+0000] {subprocess.py:93} INFO - 	[5.1.4] org.mongodb#mongodb-driver-sync;[5.1.1,5.1.99)
[2025-11-28T03:33:36.404+0000] {subprocess.py:93} INFO - 	found org.mongodb#bson;5.1.4 in central
[2025-11-28T03:33:40.608+0000] {subprocess.py:93} INFO - 	found org.mongodb#mongodb-driver-core;5.1.4 in central
[2025-11-28T03:33:40.947+0000] {subprocess.py:93} INFO - 	found org.mongodb#bson-record-codec;5.1.4 in central
[2025-11-28T03:33:42.865+0000] {subprocess.py:93} INFO - 	found org.postgresql#postgresql;42.6.0 in central
[2025-11-28T03:33:43.182+0000] {subprocess.py:93} INFO - 	found org.checkerframework#checker-qual;3.31.0 in central
[2025-11-28T03:33:45.143+0000] {subprocess.py:93} INFO - downloading https://repo1.maven.org/maven2/org/mongodb/spark/mongo-spark-connector_2.12/10.4.0/mongo-spark-connector_2.12-10.4.0.jar ...
[2025-11-28T03:33:45.763+0000] {subprocess.py:93} INFO - 	[SUCCESSFUL ] org.mongodb.spark#mongo-spark-connector_2.12;10.4.0!mongo-spark-connector_2.12.jar (2554ms)
[2025-11-28T03:33:45.807+0000] {subprocess.py:93} INFO - downloading https://repo1.maven.org/maven2/org/postgresql/postgresql/42.6.0/postgresql-42.6.0.jar ...
[2025-11-28T03:33:48.116+0000] {subprocess.py:93} INFO - 	[SUCCESSFUL ] org.postgresql#postgresql;42.6.0!postgresql.jar (2349ms)
[2025-11-28T03:33:48.460+0000] {subprocess.py:93} INFO - downloading https://repo1.maven.org/maven2/org/mongodb/mongodb-driver-sync/5.1.4/mongodb-driver-sync-5.1.4.jar ...
[2025-11-28T03:33:48.992+0000] {subprocess.py:93} INFO - 	[SUCCESSFUL ] org.mongodb#mongodb-driver-sync;5.1.4!mongodb-driver-sync.jar (806ms)
[2025-11-28T03:33:49.120+0000] {subprocess.py:93} INFO - downloading https://repo1.maven.org/maven2/org/mongodb/bson/5.1.4/bson-5.1.4.jar ...
[2025-11-28T03:33:50.720+0000] {subprocess.py:93} INFO - 	[SUCCESSFUL ] org.mongodb#bson;5.1.4!bson.jar (1679ms)
[2025-11-28T03:33:51.036+0000] {subprocess.py:93} INFO - downloading https://repo1.maven.org/maven2/org/mongodb/mongodb-driver-core/5.1.4/mongodb-driver-core-5.1.4.jar ...
[2025-11-28T03:33:55.547+0000] {subprocess.py:93} INFO - 	[SUCCESSFUL ] org.mongodb#mongodb-driver-core;5.1.4!mongodb-driver-core.jar (4819ms)
[2025-11-28T03:33:55.620+0000] {subprocess.py:93} INFO - downloading https://repo1.maven.org/maven2/org/mongodb/bson-record-codec/5.1.4/bson-record-codec-5.1.4.jar ...
[2025-11-28T03:33:55.719+0000] {subprocess.py:93} INFO - 	[SUCCESSFUL ] org.mongodb#bson-record-codec;5.1.4!bson-record-codec.jar (147ms)
[2025-11-28T03:33:55.769+0000] {subprocess.py:93} INFO - downloading https://repo1.maven.org/maven2/org/checkerframework/checker-qual/3.31.0/checker-qual-3.31.0.jar ...
[2025-11-28T03:33:56.152+0000] {subprocess.py:93} INFO - 	[SUCCESSFUL ] org.checkerframework#checker-qual;3.31.0!checker-qual.jar (438ms)
[2025-11-28T03:33:56.166+0000] {subprocess.py:93} INFO - :: resolution report :: resolve 12756ms :: artifacts dl 12947ms
[2025-11-28T03:33:56.182+0000] {subprocess.py:93} INFO - 	:: modules in use:
[2025-11-28T03:33:56.197+0000] {subprocess.py:93} INFO - 	org.checkerframework#checker-qual;3.31.0 from central in [default]
[2025-11-28T03:33:56.199+0000] {subprocess.py:93} INFO - 	org.mongodb#bson;5.1.4 from central in [default]
[2025-11-28T03:33:56.201+0000] {subprocess.py:93} INFO - 	org.mongodb#bson-record-codec;5.1.4 from central in [default]
[2025-11-28T03:33:56.213+0000] {subprocess.py:93} INFO - 	org.mongodb#mongodb-driver-core;5.1.4 from central in [default]
[2025-11-28T03:33:56.218+0000] {subprocess.py:93} INFO - 	org.mongodb#mongodb-driver-sync;5.1.4 from central in [default]
[2025-11-28T03:33:56.223+0000] {subprocess.py:93} INFO - 	org.mongodb.spark#mongo-spark-connector_2.12;10.4.0 from central in [default]
[2025-11-28T03:33:56.225+0000] {subprocess.py:93} INFO - 	org.postgresql#postgresql;42.6.0 from central in [default]
[2025-11-28T03:33:56.229+0000] {subprocess.py:93} INFO - 	---------------------------------------------------------------------
[2025-11-28T03:33:56.233+0000] {subprocess.py:93} INFO - 	|                  |            modules            ||   artifacts   |
[2025-11-28T03:33:56.245+0000] {subprocess.py:93} INFO - 	|       conf       | number| search|dwnlded|evicted|| number|dwnlded|
[2025-11-28T03:33:56.259+0000] {subprocess.py:93} INFO - 	---------------------------------------------------------------------
[2025-11-28T03:33:56.262+0000] {subprocess.py:93} INFO - 	|      default     |   7   |   7   |   7   |   0   ||   7   |   7   |
[2025-11-28T03:33:56.265+0000] {subprocess.py:93} INFO - 	---------------------------------------------------------------------
[2025-11-28T03:33:56.271+0000] {subprocess.py:93} INFO - :: retrieving :: org.apache.spark#spark-submit-parent-501b3896-3168-43c2-ad55-cb605eb724ac
[2025-11-28T03:33:56.278+0000] {subprocess.py:93} INFO - 	confs: [default]
[2025-11-28T03:33:56.363+0000] {subprocess.py:93} INFO - 	7 artifacts copied, 0 already retrieved (3797kB/133ms)
[2025-11-28T03:33:58.039+0000] {subprocess.py:93} INFO - 25/11/28 03:33:58 WARN NativeCodeLoader: Unable to load native-hadoop library for your platform... using builtin-java classes where applicable
[2025-11-28T03:34:00.247+0000] {subprocess.py:93} INFO - Setting default log level to "WARN".
[2025-11-28T03:34:00.248+0000] {subprocess.py:93} INFO - To adjust logging level use sc.setLogLevel(newLevel). For SparkR, use setLogLevel(newLevel).
[2025-11-28T03:34:28.485+0000] {subprocess.py:93} INFO - 25/11/28 03:34:28 WARN SparkStringUtils: Truncated the string representation of a plan since it was too large. This behavior can be adjusted by setting 'spark.sql.debug.maxToStringFields'.
[2025-11-28T03:35:19.995+0000] {subprocess.py:93} INFO - [Stage 0:>                                                          (0 + 0) / 1][Stage 0:>                                                          (0 + 1) / 1][Stage 2:>                                                          (0 + 2) / 2]                                                                                Extracting Raw Data
[2025-11-28T03:35:19.997+0000] {subprocess.py:93} INFO - Melakukan Deep Cleaning & Feature Engineering
[2025-11-28T03:35:20.002+0000] {subprocess.py:93} INFO - Analisis mendalam tersimpan otomatis.
[2025-11-28T03:35:20.532+0000] {subprocess.py:97} INFO - Command exited with return code 0
[2025-11-28T03:35:20.586+0000] {taskinstance.py:340} INFO - ::group::Post task execution logs
[2025-11-28T03:35:20.587+0000] {taskinstance.py:352} INFO - Marking task as SUCCESS. dag_id=f1_polesight_pipeline, task_id=run_spark_etl_job, run_id=scheduled__2025-11-27T00:00:00+00:00, execution_date=20251127T000000, start_date=20251128T033317, end_date=20251128T033520
[2025-11-28T03:35:20.672+0000] {local_task_job_runner.py:266} INFO - Task exited with return code 0
[2025-11-28T03:35:20.711+0000] {taskinstance.py:3900} INFO - 1 downstream tasks scheduled from follow-on schedule check
[2025-11-28T03:35:20.715+0000] {local_task_job_runner.py:245} INFO - ::endgroup::
