[2025-12-01T09:55:59.986+0000] {local_task_job_runner.py:123} INFO - ::group::Pre task execution logs
[2025-12-01T09:56:00.007+0000] {taskinstance.py:2612} INFO - Dependencies all met for dep_context=non-requeueable deps ti=<TaskInstance: f1_live_watcher.check_and_ingest_new_races scheduled__2025-11-24T09:00:00+00:00 [queued]>
[2025-12-01T09:56:00.018+0000] {taskinstance.py:2612} INFO - Dependencies all met for dep_context=requeueable deps ti=<TaskInstance: f1_live_watcher.check_and_ingest_new_races scheduled__2025-11-24T09:00:00+00:00 [queued]>
[2025-12-01T09:56:00.020+0000] {taskinstance.py:2865} INFO - Starting attempt 2 of 3
[2025-12-01T09:56:00.038+0000] {taskinstance.py:2888} INFO - Executing <Task(BashOperator): check_and_ingest_new_races> on 2025-11-24 09:00:00+00:00
[2025-12-01T09:56:00.047+0000] {standard_task_runner.py:104} INFO - Running: ['***', 'tasks', 'run', 'f1_live_watcher', 'check_and_ingest_new_races', 'scheduled__2025-11-24T09:00:00+00:00', '--job-id', '54', '--raw', '--subdir', 'DAGS_FOLDER/live_ingestion_dag.py', '--cfg-path', '/tmp/tmpa41h_xk9']
[2025-12-01T09:56:00.050+0000] {standard_task_runner.py:105} INFO - Job 54: Subtask check_and_ingest_new_races
[2025-12-01T09:56:00.051+0000] {logging_mixin.py:190} WARNING - /home/***/.local/lib/python3.12/site-packages/***/task/task_runner/standard_task_runner.py:70 DeprecationWarning: This process (pid=19816) is multi-threaded, use of fork() may lead to deadlocks in the child.
[2025-12-01T09:56:00.053+0000] {standard_task_runner.py:72} INFO - Started process 19817 to run task
[2025-12-01T09:56:00.118+0000] {task_command.py:467} INFO - Running <TaskInstance: f1_live_watcher.check_and_ingest_new_races scheduled__2025-11-24T09:00:00+00:00 [running]> on host 5f0ca9dcc785
[2025-12-01T09:56:00.407+0000] {taskinstance.py:3131} INFO - Exporting env vars: AIRFLOW_CTX_DAG_OWNER='f1_admin' AIRFLOW_CTX_DAG_ID='f1_live_watcher' AIRFLOW_CTX_TASK_ID='check_and_ingest_new_races' AIRFLOW_CTX_EXECUTION_DATE='2025-11-24T09:00:00+00:00' AIRFLOW_CTX_TRY_NUMBER='2' AIRFLOW_CTX_DAG_RUN_ID='scheduled__2025-11-24T09:00:00+00:00'
[2025-12-01T09:56:00.408+0000] {taskinstance.py:731} INFO - ::endgroup::
[2025-12-01T09:56:00.427+0000] {subprocess.py:63} INFO - Tmp dir root location: /tmp
[2025-12-01T09:56:00.429+0000] {subprocess.py:75} INFO - Running command: ['/usr/bin/bash', '-c', 'python /opt/***/jobs/ingest_live.py']
[2025-12-01T09:56:00.440+0000] {subprocess.py:86} INFO - Output:
[2025-12-01T09:56:03.024+0000] {subprocess.py:93} INFO - 2025-12-01 09:56:03,022 - INFO - STARTING LIVE INGESTION CHECK FOR 2025
[2025-12-01T09:56:03.049+0000] {subprocess.py:93} INFO - 2025-12-01 09:56:03,048 - INFO - Connected to MongoDB: f1_datalake.telemetry_raw
[2025-12-01T09:56:03.221+0000] {subprocess.py:93} INFO - 2025-12-01 09:56:03,220 - INFO - Existing rounds in DB: [1, 2, 3, 4, 5, 6, 7, 8, 9, 10, 11, 12, 13, 14, 15, 16, 17, 18, 19, 20, 21]
[2025-12-01T09:56:03.222+0000] {subprocess.py:93} INFO - 2025-12-01 09:56:03,221 - INFO - Fetching F1 schedule for 2025
[2025-12-01T09:56:03.226+0000] {subprocess.py:93} INFO - req         WARNING 	DEFAULT CACHE ENABLED! (50.22 MB) /home/***/.cache/fastf1
[2025-12-01T09:56:03.227+0000] {subprocess.py:93} INFO - 2025-12-01 09:56:03,226 - WARNING - DEFAULT CACHE ENABLED! (50.22 MB) /home/***/.cache/fastf1
[2025-12-01T09:56:03.489+0000] {subprocess.py:93} INFO - 2025-12-01 09:56:03,488 - INFO - Found 22 completed races
[2025-12-01T09:56:03.493+0000] {subprocess.py:93} INFO - 2025-12-01 09:56:03,492 - INFO - Found 1 NEW races to download:
[2025-12-01T09:56:03.494+0000] {subprocess.py:93} INFO - 2025-12-01 09:56:03,493 - INFO -    - Round 22: Las Vegas Grand Prix
[2025-12-01T09:56:03.495+0000] {subprocess.py:93} INFO - 2025-12-01 09:56:03,494 - INFO -
[2025-12-01T09:56:03.496+0000] {subprocess.py:93} INFO - ======================================================================
[2025-12-01T09:56:03.497+0000] {subprocess.py:93} INFO - 2025-12-01 09:56:03,494 - INFO - DOWNLOADING: Round 22 - Las Vegas Grand Prix
[2025-12-01T09:56:03.498+0000] {subprocess.py:93} INFO - 2025-12-01 09:56:03,495 - INFO - ======================================================================
[2025-12-01T09:56:03.533+0000] {subprocess.py:93} INFO - 2025-12-01 09:56:03,532 - INFO -    Loading telemetry & weather data...
[2025-12-01T09:56:03.534+0000] {subprocess.py:93} INFO - core           INFO 	Loading data for Las Vegas Grand Prix - Qualifying [v3.6.1]
[2025-12-01T09:56:03.535+0000] {subprocess.py:93} INFO - 2025-12-01 09:56:03,532 - INFO - Loading data for Las Vegas Grand Prix - Qualifying [v3.6.1]
[2025-12-01T09:56:03.536+0000] {subprocess.py:93} INFO - req            INFO 	Using cached data for session_info
[2025-12-01T09:56:03.536+0000] {subprocess.py:93} INFO - 2025-12-01 09:56:03,534 - INFO - Using cached data for session_info
[2025-12-01T09:56:03.538+0000] {subprocess.py:93} INFO - req            INFO 	Using cached data for driver_info
[2025-12-01T09:56:03.539+0000] {subprocess.py:93} INFO - 2025-12-01 09:56:03,536 - INFO - Using cached data for driver_info
[2025-12-01T09:56:04.297+0000] {subprocess.py:93} INFO - req            INFO 	Using cached data for session_status_data
[2025-12-01T09:56:04.297+0000] {subprocess.py:93} INFO - 2025-12-01 09:56:04,296 - INFO - Using cached data for session_status_data
[2025-12-01T09:56:04.298+0000] {subprocess.py:93} INFO - req            INFO 	Using cached data for track_status_data
[2025-12-01T09:56:04.299+0000] {subprocess.py:93} INFO - 2025-12-01 09:56:04,298 - INFO - Using cached data for track_status_data
[2025-12-01T09:56:04.302+0000] {subprocess.py:93} INFO - req            INFO 	Using cached data for _extended_timing_data
[2025-12-01T09:56:04.303+0000] {subprocess.py:93} INFO - 2025-12-01 09:56:04,302 - INFO - Using cached data for _extended_timing_data
[2025-12-01T09:56:04.304+0000] {subprocess.py:93} INFO - req            INFO 	Using cached data for timing_app_data
[2025-12-01T09:56:04.305+0000] {subprocess.py:93} INFO - 2025-12-01 09:56:04,304 - INFO - Using cached data for timing_app_data
[2025-12-01T09:56:04.305+0000] {subprocess.py:93} INFO - core           INFO 	Processing timing data...
[2025-12-01T09:56:04.306+0000] {subprocess.py:93} INFO - 2025-12-01 09:56:04,304 - INFO - Processing timing data...
[2025-12-01T09:56:05.697+0000] {subprocess.py:93} INFO - req            INFO 	Using cached data for car_data
[2025-12-01T09:56:05.698+0000] {subprocess.py:93} INFO - 2025-12-01 09:56:05,697 - INFO - Using cached data for car_data
[2025-12-01T09:56:06.013+0000] {subprocess.py:93} INFO - req            INFO 	Using cached data for position_data
[2025-12-01T09:56:06.014+0000] {subprocess.py:93} INFO - 2025-12-01 09:56:06,013 - INFO - Using cached data for position_data
[2025-12-01T09:56:07.793+0000] {subprocess.py:93} INFO - req            INFO 	Using cached data for weather_data
[2025-12-01T09:56:07.793+0000] {subprocess.py:93} INFO - 2025-12-01 09:56:07,792 - INFO - Using cached data for weather_data
[2025-12-01T09:56:07.862+0000] {subprocess.py:93} INFO - core           INFO 	Finished loading data for 20 drivers: ['4', '1', '55', '63', '81', '30', '14', '6', '16', '10', '27', '18', '31', '87', '43', '23', '12', '5', '22', '44']
[2025-12-01T09:56:07.863+0000] {subprocess.py:93} INFO - 2025-12-01 09:56:07,862 - INFO - Finished loading data for 20 drivers: ['4', '1', '55', '63', '81', '30', '14', '6', '16', '10', '27', '18', '31', '87', '43', '23', '12', '5', '22', '44']
[2025-12-01T09:56:07.864+0000] {subprocess.py:93} INFO - 2025-12-01 09:56:07,863 - INFO -    Raw laps: 375
[2025-12-01T09:56:07.868+0000] {subprocess.py:93} INFO - 2025-12-01 09:56:07,867 - INFO -      Dry laps: 0
[2025-12-01T09:56:07.869+0000] {subprocess.py:93} INFO - 2025-12-01 09:56:07,868 - INFO -     Valid laps: 0
[2025-12-01T09:56:07.870+0000] {subprocess.py:93} INFO - 2025-12-01 09:56:07,868 - WARNING -    No valid laps found for Las Vegas Grand Prix
[2025-12-01T09:56:07.870+0000] {subprocess.py:93} INFO - 2025-12-01 09:56:07,869 - INFO -  INGESTION SUMMARY
[2025-12-01T09:56:07.871+0000] {subprocess.py:93} INFO - 2025-12-01 09:56:07,869 - INFO -  New races processed: 1
[2025-12-01T09:56:07.872+0000] {subprocess.py:93} INFO - 2025-12-01 09:56:07,870 - INFO -  Total laps inserted: 0
[2025-12-01T09:56:07.873+0000] {subprocess.py:93} INFO - 2025-12-01 09:56:07,872 - INFO -  Live ingestion completed successfully!
[2025-12-01T09:56:08.354+0000] {subprocess.py:97} INFO - Command exited with return code 0
[2025-12-01T09:56:08.383+0000] {taskinstance.py:340} INFO - ::group::Post task execution logs
[2025-12-01T09:56:08.384+0000] {taskinstance.py:352} INFO - Marking task as SUCCESS. dag_id=f1_live_watcher, task_id=check_and_ingest_new_races, run_id=scheduled__2025-11-24T09:00:00+00:00, execution_date=20251124T090000, start_date=20251201T095600, end_date=20251201T095608
[2025-12-01T09:56:08.439+0000] {local_task_job_runner.py:266} INFO - Task exited with return code 0
[2025-12-01T09:56:08.655+0000] {taskinstance.py:3900} INFO - 1 downstream tasks scheduled from follow-on schedule check
[2025-12-01T09:56:08.658+0000] {local_task_job_runner.py:245} INFO - ::endgroup::
