[2025-11-30T15:39:25.477+0000] {local_task_job_runner.py:123} INFO - ::group::Pre task execution logs
[2025-11-30T15:39:25.505+0000] {taskinstance.py:2612} INFO - Dependencies all met for dep_context=non-requeueable deps ti=<TaskInstance: f1_live_watcher.check_and_ingest_new_races manual__2025-11-30T15:39:07.333587+00:00 [queued]>
[2025-11-30T15:39:25.520+0000] {taskinstance.py:2612} INFO - Dependencies all met for dep_context=requeueable deps ti=<TaskInstance: f1_live_watcher.check_and_ingest_new_races manual__2025-11-30T15:39:07.333587+00:00 [queued]>
[2025-11-30T15:39:25.526+0000] {taskinstance.py:2865} INFO - Starting attempt 1 of 3
[2025-11-30T15:39:25.546+0000] {taskinstance.py:2888} INFO - Executing <Task(BashOperator): check_and_ingest_new_races> on 2025-11-30 15:39:07.333587+00:00
[2025-11-30T15:39:25.558+0000] {standard_task_runner.py:104} INFO - Running: ['***', 'tasks', 'run', 'f1_live_watcher', 'check_and_ingest_new_races', 'manual__2025-11-30T15:39:07.333587+00:00', '--job-id', '37', '--raw', '--subdir', 'DAGS_FOLDER/live_ingestion_dag.py', '--cfg-path', '/tmp/tmpwt9exmka']
[2025-11-30T15:39:25.562+0000] {standard_task_runner.py:105} INFO - Job 37: Subtask check_and_ingest_new_races
[2025-11-30T15:39:25.563+0000] {logging_mixin.py:190} WARNING - /home/***/.local/lib/python3.12/site-packages/***/task/task_runner/standard_task_runner.py:70 DeprecationWarning: This process (pid=12761) is multi-threaded, use of fork() may lead to deadlocks in the child.
[2025-11-30T15:39:25.564+0000] {standard_task_runner.py:72} INFO - Started process 12763 to run task
[2025-11-30T15:39:25.654+0000] {task_command.py:467} INFO - Running <TaskInstance: f1_live_watcher.check_and_ingest_new_races manual__2025-11-30T15:39:07.333587+00:00 [running]> on host 5f0ca9dcc785
[2025-11-30T15:39:26.161+0000] {taskinstance.py:3131} INFO - Exporting env vars: AIRFLOW_CTX_DAG_OWNER='f1_admin' AIRFLOW_CTX_DAG_ID='f1_live_watcher' AIRFLOW_CTX_TASK_ID='check_and_ingest_new_races' AIRFLOW_CTX_EXECUTION_DATE='2025-11-30T15:39:07.333587+00:00' AIRFLOW_CTX_TRY_NUMBER='1' AIRFLOW_CTX_DAG_RUN_ID='manual__2025-11-30T15:39:07.333587+00:00'
[2025-11-30T15:39:26.163+0000] {taskinstance.py:731} INFO - ::endgroup::
[2025-11-30T15:39:26.198+0000] {subprocess.py:63} INFO - Tmp dir root location: /tmp
[2025-11-30T15:39:26.201+0000] {subprocess.py:75} INFO - Running command: ['/usr/bin/bash', '-c', 'python /opt/***/jobs/ingest_live.py']
[2025-11-30T15:39:26.231+0000] {subprocess.py:86} INFO - Output:
[2025-11-30T15:39:39.832+0000] {subprocess.py:93} INFO - 2025-11-30 15:39:39,831 - INFO - STARTING LIVE INGESTION CHECK FOR 2025
[2025-11-30T15:39:39.878+0000] {subprocess.py:93} INFO - 2025-11-30 15:39:39,877 - INFO - Connected to MongoDB: f1_datalake.telemetry_raw
[2025-11-30T15:39:40.109+0000] {subprocess.py:93} INFO - 2025-11-30 15:39:40,107 - INFO - Existing rounds in DB: [1, 2, 3, 4, 5, 6, 7, 8, 9, 10, 11, 12, 13, 14, 15, 16, 17, 18, 19, 20, 21]
[2025-11-30T15:39:40.111+0000] {subprocess.py:93} INFO - 2025-11-30 15:39:40,109 - INFO - Fetching F1 schedule for 2025
[2025-11-30T15:39:40.218+0000] {subprocess.py:93} INFO - req         WARNING 	DEFAULT CACHE ENABLED! (24.0 KB) /home/***/.cache/fastf1
[2025-11-30T15:39:40.223+0000] {subprocess.py:93} INFO - 2025-11-30 15:39:40,216 - WARNING - DEFAULT CACHE ENABLED! (24.0 KB) /home/***/.cache/fastf1
[2025-11-30T15:39:41.984+0000] {subprocess.py:93} INFO - 2025-11-30 15:39:41,982 - INFO - Found 22 completed races
[2025-11-30T15:39:41.995+0000] {subprocess.py:93} INFO - 2025-11-30 15:39:41,993 - INFO - Found 1 NEW races to download:
[2025-11-30T15:39:41.998+0000] {subprocess.py:93} INFO - 2025-11-30 15:39:41,994 - INFO -    - Round 22: Las Vegas Grand Prix
[2025-11-30T15:39:42.001+0000] {subprocess.py:93} INFO - 2025-11-30 15:39:41,998 - INFO -
[2025-11-30T15:39:42.004+0000] {subprocess.py:93} INFO - ======================================================================
[2025-11-30T15:39:42.011+0000] {subprocess.py:93} INFO - 2025-11-30 15:39:42,000 - INFO - DOWNLOADING: Round 22 - Las Vegas Grand Prix
[2025-11-30T15:39:42.013+0000] {subprocess.py:93} INFO - 2025-11-30 15:39:42,001 - INFO - ======================================================================
[2025-11-30T15:39:42.125+0000] {subprocess.py:93} INFO - 2025-11-30 15:39:42,124 - INFO -    Loading telemetry & weather data...
[2025-11-30T15:39:42.126+0000] {subprocess.py:93} INFO - core           INFO 	Loading data for Las Vegas Grand Prix - Qualifying [v3.6.1]
[2025-11-30T15:39:42.128+0000] {subprocess.py:93} INFO - 2025-11-30 15:39:42,125 - INFO - Loading data for Las Vegas Grand Prix - Qualifying [v3.6.1]
[2025-11-30T15:39:42.131+0000] {subprocess.py:93} INFO - req            INFO 	No cached data found for session_info. Loading data...
[2025-11-30T15:39:42.132+0000] {subprocess.py:93} INFO - 2025-11-30 15:39:42,131 - INFO - No cached data found for session_info. Loading data...
[2025-11-30T15:39:42.134+0000] {subprocess.py:93} INFO - _api           INFO 	Fetching session info data...
[2025-11-30T15:39:42.140+0000] {subprocess.py:93} INFO - 2025-11-30 15:39:42,132 - INFO - Fetching session info data...
[2025-11-30T15:39:43.021+0000] {subprocess.py:93} INFO - req            INFO 	Data has been written to cache!
[2025-11-30T15:39:43.022+0000] {subprocess.py:93} INFO - 2025-11-30 15:39:43,020 - INFO - Data has been written to cache!
[2025-11-30T15:39:43.023+0000] {subprocess.py:93} INFO - req            INFO 	No cached data found for driver_info. Loading data...
[2025-11-30T15:39:43.024+0000] {subprocess.py:93} INFO - 2025-11-30 15:39:43,022 - INFO - No cached data found for driver_info. Loading data...
[2025-11-30T15:39:43.025+0000] {subprocess.py:93} INFO - _api           INFO 	Fetching driver list...
[2025-11-30T15:39:43.027+0000] {subprocess.py:93} INFO - 2025-11-30 15:39:43,022 - INFO - Fetching driver list...
[2025-11-30T15:39:44.014+0000] {subprocess.py:93} INFO - req            INFO 	Data has been written to cache!
[2025-11-30T15:39:44.015+0000] {subprocess.py:93} INFO - 2025-11-30 15:39:44,014 - INFO - Data has been written to cache!
[2025-11-30T15:39:46.903+0000] {subprocess.py:93} INFO - req            INFO 	No cached data found for session_status_data. Loading data...
[2025-11-30T15:39:46.906+0000] {subprocess.py:93} INFO - 2025-11-30 15:39:46,903 - INFO - No cached data found for session_status_data. Loading data...
[2025-11-30T15:39:46.913+0000] {subprocess.py:93} INFO - _api           INFO 	Fetching session status data...
[2025-11-30T15:39:46.917+0000] {subprocess.py:93} INFO - 2025-11-30 15:39:46,906 - INFO - Fetching session status data...
[2025-11-30T15:39:47.723+0000] {subprocess.py:93} INFO - req            INFO 	Data has been written to cache!
[2025-11-30T15:39:47.725+0000] {subprocess.py:93} INFO - 2025-11-30 15:39:47,723 - INFO - Data has been written to cache!
[2025-11-30T15:39:47.727+0000] {subprocess.py:93} INFO - req            INFO 	No cached data found for track_status_data. Loading data...
[2025-11-30T15:39:47.729+0000] {subprocess.py:93} INFO - 2025-11-30 15:39:47,726 - INFO - No cached data found for track_status_data. Loading data...
[2025-11-30T15:39:47.731+0000] {subprocess.py:93} INFO - _api           INFO 	Fetching track status data...
[2025-11-30T15:39:47.733+0000] {subprocess.py:93} INFO - 2025-11-30 15:39:47,727 - INFO - Fetching track status data...
[2025-11-30T15:39:48.579+0000] {subprocess.py:93} INFO - req            INFO 	Data has been written to cache!
[2025-11-30T15:39:48.581+0000] {subprocess.py:93} INFO - 2025-11-30 15:39:48,579 - INFO - Data has been written to cache!
[2025-11-30T15:39:48.587+0000] {subprocess.py:93} INFO - req            INFO 	No cached data found for _extended_timing_data. Loading data...
[2025-11-30T15:39:48.589+0000] {subprocess.py:93} INFO - 2025-11-30 15:39:48,587 - INFO - No cached data found for _extended_timing_data. Loading data...
[2025-11-30T15:39:48.595+0000] {subprocess.py:93} INFO - _api           INFO 	Fetching timing data...
[2025-11-30T15:39:48.599+0000] {subprocess.py:93} INFO - 2025-11-30 15:39:48,588 - INFO - Fetching timing data...
[2025-11-30T15:39:51.194+0000] {subprocess.py:93} INFO - _api           INFO 	Parsing timing data...
[2025-11-30T15:39:51.197+0000] {subprocess.py:93} INFO - 2025-11-30 15:39:51,193 - INFO - Parsing timing data...
[2025-11-30T15:39:53.113+0000] {subprocess.py:93} INFO - req            INFO 	Data has been written to cache!
[2025-11-30T15:39:53.114+0000] {subprocess.py:93} INFO - 2025-11-30 15:39:53,112 - INFO - Data has been written to cache!
[2025-11-30T15:39:53.115+0000] {subprocess.py:93} INFO - req            INFO 	No cached data found for timing_app_data. Loading data...
[2025-11-30T15:39:53.116+0000] {subprocess.py:93} INFO - 2025-11-30 15:39:53,113 - INFO - No cached data found for timing_app_data. Loading data...
[2025-11-30T15:39:53.117+0000] {subprocess.py:93} INFO - _api           INFO 	Fetching timing app data...
[2025-11-30T15:39:53.118+0000] {subprocess.py:93} INFO - 2025-11-30 15:39:53,114 - INFO - Fetching timing app data...
[2025-11-30T15:39:54.352+0000] {subprocess.py:93} INFO - req            INFO 	Data has been written to cache!
[2025-11-30T15:39:54.353+0000] {subprocess.py:93} INFO - 2025-11-30 15:39:54,352 - INFO - Data has been written to cache!
[2025-11-30T15:39:54.354+0000] {subprocess.py:93} INFO - core           INFO 	Processing timing data...
[2025-11-30T15:39:54.355+0000] {subprocess.py:93} INFO - 2025-11-30 15:39:54,353 - INFO - Processing timing data...
[2025-11-30T15:39:57.072+0000] {subprocess.py:93} INFO - req            INFO 	No cached data found for car_data. Loading data...
[2025-11-30T15:39:57.073+0000] {subprocess.py:93} INFO - 2025-11-30 15:39:57,072 - INFO - No cached data found for car_data. Loading data...
[2025-11-30T15:39:57.075+0000] {subprocess.py:93} INFO - _api           INFO 	Fetching car data...
[2025-11-30T15:39:57.076+0000] {subprocess.py:93} INFO - 2025-11-30 15:39:57,072 - INFO - Fetching car data...
[2025-11-30T15:39:59.284+0000] {subprocess.py:93} INFO - _api           INFO 	Parsing car data...
[2025-11-30T15:39:59.285+0000] {subprocess.py:93} INFO - 2025-11-30 15:39:59,284 - INFO - Parsing car data...
[2025-11-30T15:40:13.647+0000] {subprocess.py:93} INFO - req            INFO 	Data has been written to cache!
[2025-11-30T15:40:13.648+0000] {subprocess.py:93} INFO - 2025-11-30 15:40:13,646 - INFO - Data has been written to cache!
[2025-11-30T15:40:13.649+0000] {subprocess.py:93} INFO - req            INFO 	No cached data found for position_data. Loading data...
[2025-11-30T15:40:13.651+0000] {subprocess.py:93} INFO - 2025-11-30 15:40:13,648 - INFO - No cached data found for position_data. Loading data...
[2025-11-30T15:40:13.652+0000] {subprocess.py:93} INFO - _api           INFO 	Fetching position data...
[2025-11-30T15:40:13.653+0000] {subprocess.py:93} INFO - 2025-11-30 15:40:13,648 - INFO - Fetching position data...
[2025-11-30T15:40:16.808+0000] {subprocess.py:93} INFO - _api           INFO 	Parsing position data...
[2025-11-30T15:40:16.809+0000] {subprocess.py:93} INFO - 2025-11-30 15:40:16,807 - INFO - Parsing position data...
[2025-11-30T15:40:28.791+0000] {subprocess.py:93} INFO - req            INFO 	Data has been written to cache!
[2025-11-30T15:40:28.792+0000] {subprocess.py:93} INFO - 2025-11-30 15:40:28,790 - INFO - Data has been written to cache!
[2025-11-30T15:40:32.173+0000] {subprocess.py:93} INFO - req            INFO 	No cached data found for weather_data. Loading data...
[2025-11-30T15:40:32.175+0000] {subprocess.py:93} INFO - 2025-11-30 15:40:32,173 - INFO - No cached data found for weather_data. Loading data...
[2025-11-30T15:40:32.175+0000] {subprocess.py:93} INFO - _api           INFO 	Fetching weather data...
[2025-11-30T15:40:32.176+0000] {subprocess.py:93} INFO - 2025-11-30 15:40:32,174 - INFO - Fetching weather data...
[2025-11-30T15:40:33.125+0000] {subprocess.py:93} INFO - req            INFO 	Data has been written to cache!
[2025-11-30T15:40:33.127+0000] {subprocess.py:93} INFO - 2025-11-30 15:40:33,125 - INFO - Data has been written to cache!
[2025-11-30T15:40:33.213+0000] {subprocess.py:93} INFO - core           INFO 	Finished loading data for 20 drivers: ['4', '1', '55', '63', '81', '30', '14', '6', '16', '10', '27', '18', '31', '87', '43', '23', '12', '5', '22', '44']
[2025-11-30T15:40:33.213+0000] {subprocess.py:93} INFO - 2025-11-30 15:40:33,212 - INFO - Finished loading data for 20 drivers: ['4', '1', '55', '63', '81', '30', '14', '6', '16', '10', '27', '18', '31', '87', '43', '23', '12', '5', '22', '44']
[2025-11-30T15:40:33.214+0000] {subprocess.py:93} INFO - 2025-11-30 15:40:33,213 - INFO -    Raw laps: 375
[2025-11-30T15:40:33.218+0000] {subprocess.py:93} INFO - 2025-11-30 15:40:33,217 - INFO -      Dry laps: 0
[2025-11-30T15:40:33.219+0000] {subprocess.py:93} INFO - 2025-11-30 15:40:33,218 - INFO -     Valid laps: 0
[2025-11-30T15:40:33.220+0000] {subprocess.py:93} INFO - 2025-11-30 15:40:33,218 - WARNING -    No valid laps found for Las Vegas Grand Prix
[2025-11-30T15:40:33.220+0000] {subprocess.py:93} INFO - 2025-11-30 15:40:33,219 - INFO -  INGESTION SUMMARY
[2025-11-30T15:40:33.221+0000] {subprocess.py:93} INFO - 2025-11-30 15:40:33,219 - INFO -  New races processed: 1
[2025-11-30T15:40:33.222+0000] {subprocess.py:93} INFO - 2025-11-30 15:40:33,220 - INFO -  Total laps inserted: 0
[2025-11-30T15:40:33.223+0000] {subprocess.py:93} INFO - 2025-11-30 15:40:33,222 - INFO -  Live ingestion completed successfully!
[2025-11-30T15:40:33.909+0000] {subprocess.py:97} INFO - Command exited with return code 0
[2025-11-30T15:40:33.974+0000] {taskinstance.py:340} INFO - ::group::Post task execution logs
[2025-11-30T15:40:33.977+0000] {taskinstance.py:352} INFO - Marking task as SUCCESS. dag_id=f1_live_watcher, task_id=check_and_ingest_new_races, run_id=manual__2025-11-30T15:39:07.333587+00:00, execution_date=20251130T153907, start_date=20251130T153925, end_date=20251130T154033
[2025-11-30T15:40:34.053+0000] {local_task_job_runner.py:266} INFO - Task exited with return code 0
[2025-11-30T15:40:35.240+0000] {taskinstance.py:3900} INFO - 1 downstream tasks scheduled from follow-on schedule check
[2025-11-30T15:40:35.245+0000] {local_task_job_runner.py:245} INFO - ::endgroup::
