[2025-11-26T18:33:59.445+0000] {processor.py:186} INFO - Started process (PID=164) to work on /opt/airflow/dags/f1_pipeline_dag.py
[2025-11-26T18:33:59.446+0000] {processor.py:914} INFO - Processing file /opt/airflow/dags/f1_pipeline_dag.py for tasks to queue
[2025-11-26T18:33:59.466+0000] {logging_mixin.py:190} INFO - [2025-11-26T18:33:59.464+0000] {dagbag.py:588} INFO - Filling up the DagBag from /opt/airflow/dags/f1_pipeline_dag.py
[2025-11-26T18:33:59.615+0000] {processor.py:925} INFO - DAG(s) 'f1_polesight_pipeline' retrieved from /opt/airflow/dags/f1_pipeline_dag.py
[2025-11-26T18:34:00.546+0000] {logging_mixin.py:190} INFO - [2025-11-26T18:34:00.544+0000] {override.py:1900} INFO - Created Permission View: can delete on DAG:f1_polesight_pipeline
[2025-11-26T18:34:00.572+0000] {logging_mixin.py:190} INFO - [2025-11-26T18:34:00.572+0000] {override.py:1900} INFO - Created Permission View: can read on DAG:f1_polesight_pipeline
[2025-11-26T18:34:00.583+0000] {logging_mixin.py:190} INFO - [2025-11-26T18:34:00.582+0000] {override.py:1900} INFO - Created Permission View: can edit on DAG:f1_polesight_pipeline
[2025-11-26T18:34:00.597+0000] {logging_mixin.py:190} INFO - [2025-11-26T18:34:00.596+0000] {override.py:1900} INFO - Created Permission View: can delete on DAG Run:f1_polesight_pipeline
[2025-11-26T18:34:00.607+0000] {logging_mixin.py:190} INFO - [2025-11-26T18:34:00.607+0000] {override.py:1900} INFO - Created Permission View: can read on DAG Run:f1_polesight_pipeline
[2025-11-26T18:34:00.617+0000] {logging_mixin.py:190} INFO - [2025-11-26T18:34:00.616+0000] {override.py:1900} INFO - Created Permission View: can create on DAG Run:f1_polesight_pipeline
[2025-11-26T18:34:00.627+0000] {logging_mixin.py:190} INFO - [2025-11-26T18:34:00.627+0000] {override.py:1900} INFO - Created Permission View: menu access on DAG Run:f1_polesight_pipeline
[2025-11-26T18:34:00.629+0000] {logging_mixin.py:190} INFO - [2025-11-26T18:34:00.628+0000] {dag.py:3239} INFO - Sync 1 DAGs
[2025-11-26T18:34:00.676+0000] {logging_mixin.py:190} INFO - [2025-11-26T18:34:00.676+0000] {dag.py:3262} INFO - Creating ORM DAG for f1_polesight_pipeline
[2025-11-26T18:34:00.711+0000] {logging_mixin.py:190} INFO - [2025-11-26T18:34:00.711+0000] {dag.py:4180} INFO - Setting next_dagrun for f1_polesight_pipeline to 2025-11-25 00:00:00+00:00, run_after=2025-11-26 00:00:00+00:00
[2025-11-26T18:34:01.966+0000] {processor.py:208} INFO - Processing /opt/airflow/dags/f1_pipeline_dag.py took 2.553 seconds
[2025-11-26T18:34:32.526+0000] {processor.py:186} INFO - Started process (PID=169) to work on /opt/airflow/dags/f1_pipeline_dag.py
[2025-11-26T18:34:32.528+0000] {processor.py:914} INFO - Processing file /opt/airflow/dags/f1_pipeline_dag.py for tasks to queue
[2025-11-26T18:34:32.534+0000] {logging_mixin.py:190} INFO - [2025-11-26T18:34:32.533+0000] {dagbag.py:588} INFO - Filling up the DagBag from /opt/airflow/dags/f1_pipeline_dag.py
[2025-11-26T18:34:32.578+0000] {processor.py:925} INFO - DAG(s) 'f1_polesight_pipeline' retrieved from /opt/airflow/dags/f1_pipeline_dag.py
[2025-11-26T18:34:32.643+0000] {logging_mixin.py:190} INFO - [2025-11-26T18:34:32.643+0000] {dag.py:3239} INFO - Sync 1 DAGs
[2025-11-26T18:34:32.708+0000] {logging_mixin.py:190} INFO - [2025-11-26T18:34:32.707+0000] {dag.py:4180} INFO - Setting next_dagrun for f1_polesight_pipeline to 2025-11-25 00:00:00+00:00, run_after=2025-11-26 00:00:00+00:00
[2025-11-26T18:34:32.762+0000] {processor.py:208} INFO - Processing /opt/airflow/dags/f1_pipeline_dag.py took 0.250 seconds
[2025-11-26T18:35:03.120+0000] {processor.py:186} INFO - Started process (PID=174) to work on /opt/airflow/dags/f1_pipeline_dag.py
[2025-11-26T18:35:03.123+0000] {processor.py:914} INFO - Processing file /opt/airflow/dags/f1_pipeline_dag.py for tasks to queue
[2025-11-26T18:35:03.138+0000] {logging_mixin.py:190} INFO - [2025-11-26T18:35:03.136+0000] {dagbag.py:588} INFO - Filling up the DagBag from /opt/airflow/dags/f1_pipeline_dag.py
[2025-11-26T18:35:03.291+0000] {processor.py:925} INFO - DAG(s) 'f1_polesight_pipeline' retrieved from /opt/airflow/dags/f1_pipeline_dag.py
[2025-11-26T18:35:03.423+0000] {logging_mixin.py:190} INFO - [2025-11-26T18:35:03.422+0000] {dag.py:3239} INFO - Sync 1 DAGs
[2025-11-26T18:35:03.486+0000] {logging_mixin.py:190} INFO - [2025-11-26T18:35:03.486+0000] {dag.py:4180} INFO - Setting next_dagrun for f1_polesight_pipeline to 2025-11-25 00:00:00+00:00, run_after=2025-11-26 00:00:00+00:00
[2025-11-26T18:35:03.528+0000] {processor.py:208} INFO - Processing /opt/airflow/dags/f1_pipeline_dag.py took 0.431 seconds
[2025-11-26T18:35:33.948+0000] {processor.py:186} INFO - Started process (PID=179) to work on /opt/airflow/dags/f1_pipeline_dag.py
[2025-11-26T18:35:33.950+0000] {processor.py:914} INFO - Processing file /opt/airflow/dags/f1_pipeline_dag.py for tasks to queue
[2025-11-26T18:35:33.963+0000] {logging_mixin.py:190} INFO - [2025-11-26T18:35:33.961+0000] {dagbag.py:588} INFO - Filling up the DagBag from /opt/airflow/dags/f1_pipeline_dag.py
[2025-11-26T18:35:34.027+0000] {processor.py:925} INFO - DAG(s) 'f1_polesight_pipeline' retrieved from /opt/airflow/dags/f1_pipeline_dag.py
[2025-11-26T18:35:34.107+0000] {logging_mixin.py:190} INFO - [2025-11-26T18:35:34.106+0000] {dag.py:3239} INFO - Sync 1 DAGs
[2025-11-26T18:35:34.178+0000] {logging_mixin.py:190} INFO - [2025-11-26T18:35:34.177+0000] {dag.py:4180} INFO - Setting next_dagrun for f1_polesight_pipeline to 2025-11-25 00:00:00+00:00, run_after=2025-11-26 00:00:00+00:00
[2025-11-26T18:35:34.226+0000] {processor.py:208} INFO - Processing /opt/airflow/dags/f1_pipeline_dag.py took 0.295 seconds
[2025-11-26T18:36:04.559+0000] {processor.py:186} INFO - Started process (PID=184) to work on /opt/airflow/dags/f1_pipeline_dag.py
[2025-11-26T18:36:04.561+0000] {processor.py:914} INFO - Processing file /opt/airflow/dags/f1_pipeline_dag.py for tasks to queue
[2025-11-26T18:36:04.569+0000] {logging_mixin.py:190} INFO - [2025-11-26T18:36:04.568+0000] {dagbag.py:588} INFO - Filling up the DagBag from /opt/airflow/dags/f1_pipeline_dag.py
[2025-11-26T18:36:04.608+0000] {processor.py:925} INFO - DAG(s) 'f1_polesight_pipeline' retrieved from /opt/airflow/dags/f1_pipeline_dag.py
[2025-11-26T18:36:04.648+0000] {logging_mixin.py:190} INFO - [2025-11-26T18:36:04.647+0000] {dag.py:3239} INFO - Sync 1 DAGs
[2025-11-26T18:36:04.684+0000] {logging_mixin.py:190} INFO - [2025-11-26T18:36:04.683+0000] {dag.py:4180} INFO - Setting next_dagrun for f1_polesight_pipeline to 2025-11-25 00:00:00+00:00, run_after=2025-11-26 00:00:00+00:00
[2025-11-26T18:36:04.710+0000] {processor.py:208} INFO - Processing /opt/airflow/dags/f1_pipeline_dag.py took 0.160 seconds
[2025-11-26T18:36:35.364+0000] {processor.py:186} INFO - Started process (PID=189) to work on /opt/airflow/dags/f1_pipeline_dag.py
[2025-11-26T18:36:35.366+0000] {processor.py:914} INFO - Processing file /opt/airflow/dags/f1_pipeline_dag.py for tasks to queue
[2025-11-26T18:36:35.373+0000] {logging_mixin.py:190} INFO - [2025-11-26T18:36:35.372+0000] {dagbag.py:588} INFO - Filling up the DagBag from /opt/airflow/dags/f1_pipeline_dag.py
[2025-11-26T18:36:35.437+0000] {processor.py:925} INFO - DAG(s) 'f1_polesight_pipeline' retrieved from /opt/airflow/dags/f1_pipeline_dag.py
[2025-11-26T18:36:35.540+0000] {logging_mixin.py:190} INFO - [2025-11-26T18:36:35.539+0000] {dag.py:3239} INFO - Sync 1 DAGs
[2025-11-26T18:36:35.673+0000] {logging_mixin.py:190} INFO - [2025-11-26T18:36:35.673+0000] {dag.py:4180} INFO - Setting next_dagrun for f1_polesight_pipeline to 2025-11-25 00:00:00+00:00, run_after=2025-11-26 00:00:00+00:00
[2025-11-26T18:36:35.748+0000] {processor.py:208} INFO - Processing /opt/airflow/dags/f1_pipeline_dag.py took 0.401 seconds
[2025-11-26T18:37:05.893+0000] {processor.py:186} INFO - Started process (PID=194) to work on /opt/airflow/dags/f1_pipeline_dag.py
[2025-11-26T18:37:05.895+0000] {processor.py:914} INFO - Processing file /opt/airflow/dags/f1_pipeline_dag.py for tasks to queue
[2025-11-26T18:37:05.901+0000] {logging_mixin.py:190} INFO - [2025-11-26T18:37:05.901+0000] {dagbag.py:588} INFO - Filling up the DagBag from /opt/airflow/dags/f1_pipeline_dag.py
[2025-11-26T18:37:05.961+0000] {processor.py:925} INFO - DAG(s) 'f1_polesight_pipeline' retrieved from /opt/airflow/dags/f1_pipeline_dag.py
[2025-11-26T18:37:06.017+0000] {logging_mixin.py:190} INFO - [2025-11-26T18:37:06.016+0000] {dag.py:3239} INFO - Sync 1 DAGs
[2025-11-26T18:37:06.074+0000] {logging_mixin.py:190} INFO - [2025-11-26T18:37:06.074+0000] {dag.py:4180} INFO - Setting next_dagrun for f1_polesight_pipeline to 2025-11-25 00:00:00+00:00, run_after=2025-11-26 00:00:00+00:00
[2025-11-26T18:37:06.114+0000] {processor.py:208} INFO - Processing /opt/airflow/dags/f1_pipeline_dag.py took 0.235 seconds
[2025-11-26T18:37:36.487+0000] {processor.py:186} INFO - Started process (PID=199) to work on /opt/airflow/dags/f1_pipeline_dag.py
[2025-11-26T18:37:36.489+0000] {processor.py:914} INFO - Processing file /opt/airflow/dags/f1_pipeline_dag.py for tasks to queue
[2025-11-26T18:37:36.494+0000] {logging_mixin.py:190} INFO - [2025-11-26T18:37:36.494+0000] {dagbag.py:588} INFO - Filling up the DagBag from /opt/airflow/dags/f1_pipeline_dag.py
[2025-11-26T18:37:36.544+0000] {processor.py:925} INFO - DAG(s) 'f1_polesight_pipeline' retrieved from /opt/airflow/dags/f1_pipeline_dag.py
[2025-11-26T18:37:36.596+0000] {logging_mixin.py:190} INFO - [2025-11-26T18:37:36.595+0000] {dag.py:3239} INFO - Sync 1 DAGs
[2025-11-26T18:37:36.651+0000] {logging_mixin.py:190} INFO - [2025-11-26T18:37:36.651+0000] {dag.py:4180} INFO - Setting next_dagrun for f1_polesight_pipeline to 2025-11-25 00:00:00+00:00, run_after=2025-11-26 00:00:00+00:00
[2025-11-26T18:37:36.688+0000] {processor.py:208} INFO - Processing /opt/airflow/dags/f1_pipeline_dag.py took 0.214 seconds
[2025-11-26T18:38:06.936+0000] {processor.py:186} INFO - Started process (PID=204) to work on /opt/airflow/dags/f1_pipeline_dag.py
[2025-11-26T18:38:06.938+0000] {processor.py:914} INFO - Processing file /opt/airflow/dags/f1_pipeline_dag.py for tasks to queue
[2025-11-26T18:38:06.941+0000] {logging_mixin.py:190} INFO - [2025-11-26T18:38:06.941+0000] {dagbag.py:588} INFO - Filling up the DagBag from /opt/airflow/dags/f1_pipeline_dag.py
[2025-11-26T18:38:06.972+0000] {processor.py:925} INFO - DAG(s) 'f1_polesight_pipeline' retrieved from /opt/airflow/dags/f1_pipeline_dag.py
[2025-11-26T18:38:07.006+0000] {logging_mixin.py:190} INFO - [2025-11-26T18:38:07.006+0000] {dag.py:3239} INFO - Sync 1 DAGs
[2025-11-26T18:38:07.039+0000] {logging_mixin.py:190} INFO - [2025-11-26T18:38:07.039+0000] {dag.py:4180} INFO - Setting next_dagrun for f1_polesight_pipeline to 2025-11-25 00:00:00+00:00, run_after=2025-11-26 00:00:00+00:00
[2025-11-26T18:38:07.078+0000] {processor.py:208} INFO - Processing /opt/airflow/dags/f1_pipeline_dag.py took 0.150 seconds
[2025-11-26T18:38:37.484+0000] {processor.py:186} INFO - Started process (PID=215) to work on /opt/airflow/dags/f1_pipeline_dag.py
[2025-11-26T18:38:37.486+0000] {processor.py:914} INFO - Processing file /opt/airflow/dags/f1_pipeline_dag.py for tasks to queue
[2025-11-26T18:38:37.491+0000] {logging_mixin.py:190} INFO - [2025-11-26T18:38:37.490+0000] {dagbag.py:588} INFO - Filling up the DagBag from /opt/airflow/dags/f1_pipeline_dag.py
[2025-11-26T18:38:37.545+0000] {processor.py:925} INFO - DAG(s) 'f1_polesight_pipeline' retrieved from /opt/airflow/dags/f1_pipeline_dag.py
[2025-11-26T18:38:37.598+0000] {logging_mixin.py:190} INFO - [2025-11-26T18:38:37.598+0000] {dag.py:3239} INFO - Sync 1 DAGs
[2025-11-26T18:38:37.652+0000] {logging_mixin.py:190} INFO - [2025-11-26T18:38:37.652+0000] {dag.py:4180} INFO - Setting next_dagrun for f1_polesight_pipeline to 2025-11-25 00:00:00+00:00, run_after=2025-11-26 00:00:00+00:00
[2025-11-26T18:38:37.690+0000] {processor.py:208} INFO - Processing /opt/airflow/dags/f1_pipeline_dag.py took 0.217 seconds
[2025-11-26T18:39:08.097+0000] {processor.py:186} INFO - Started process (PID=220) to work on /opt/airflow/dags/f1_pipeline_dag.py
[2025-11-26T18:39:08.099+0000] {processor.py:914} INFO - Processing file /opt/airflow/dags/f1_pipeline_dag.py for tasks to queue
[2025-11-26T18:39:08.104+0000] {logging_mixin.py:190} INFO - [2025-11-26T18:39:08.103+0000] {dagbag.py:588} INFO - Filling up the DagBag from /opt/airflow/dags/f1_pipeline_dag.py
[2025-11-26T18:39:08.134+0000] {processor.py:925} INFO - DAG(s) 'f1_polesight_pipeline' retrieved from /opt/airflow/dags/f1_pipeline_dag.py
[2025-11-26T18:39:08.172+0000] {logging_mixin.py:190} INFO - [2025-11-26T18:39:08.172+0000] {dag.py:3239} INFO - Sync 1 DAGs
[2025-11-26T18:39:08.208+0000] {logging_mixin.py:190} INFO - [2025-11-26T18:39:08.208+0000] {dag.py:4180} INFO - Setting next_dagrun for f1_polesight_pipeline to 2025-11-25 00:00:00+00:00, run_after=2025-11-26 00:00:00+00:00
[2025-11-26T18:39:08.238+0000] {processor.py:208} INFO - Processing /opt/airflow/dags/f1_pipeline_dag.py took 0.149 seconds
[2025-11-26T18:39:38.903+0000] {processor.py:186} INFO - Started process (PID=225) to work on /opt/airflow/dags/f1_pipeline_dag.py
[2025-11-26T18:39:38.907+0000] {processor.py:914} INFO - Processing file /opt/airflow/dags/f1_pipeline_dag.py for tasks to queue
[2025-11-26T18:39:38.916+0000] {logging_mixin.py:190} INFO - [2025-11-26T18:39:38.915+0000] {dagbag.py:588} INFO - Filling up the DagBag from /opt/airflow/dags/f1_pipeline_dag.py
[2025-11-26T18:39:38.981+0000] {processor.py:925} INFO - DAG(s) 'f1_polesight_pipeline' retrieved from /opt/airflow/dags/f1_pipeline_dag.py
[2025-11-26T18:39:39.054+0000] {logging_mixin.py:190} INFO - [2025-11-26T18:39:39.053+0000] {dag.py:3239} INFO - Sync 1 DAGs
[2025-11-26T18:39:39.118+0000] {logging_mixin.py:190} INFO - [2025-11-26T18:39:39.117+0000] {dag.py:4180} INFO - Setting next_dagrun for f1_polesight_pipeline to 2025-11-25 00:00:00+00:00, run_after=2025-11-26 00:00:00+00:00
[2025-11-26T18:39:39.165+0000] {processor.py:208} INFO - Processing /opt/airflow/dags/f1_pipeline_dag.py took 0.285 seconds
[2025-11-26T18:40:02.456+0000] {processor.py:186} INFO - Started process (PID=230) to work on /opt/airflow/dags/f1_pipeline_dag.py
[2025-11-26T18:40:02.457+0000] {processor.py:914} INFO - Processing file /opt/airflow/dags/f1_pipeline_dag.py for tasks to queue
[2025-11-26T18:40:02.461+0000] {logging_mixin.py:190} INFO - [2025-11-26T18:40:02.460+0000] {dagbag.py:588} INFO - Filling up the DagBag from /opt/airflow/dags/f1_pipeline_dag.py
[2025-11-26T18:40:02.511+0000] {processor.py:925} INFO - DAG(s) 'f1_polesight_pipeline' retrieved from /opt/airflow/dags/f1_pipeline_dag.py
[2025-11-26T18:40:02.549+0000] {logging_mixin.py:190} INFO - [2025-11-26T18:40:02.549+0000] {dag.py:3239} INFO - Sync 1 DAGs
[2025-11-26T18:40:02.588+0000] {logging_mixin.py:190} INFO - [2025-11-26T18:40:02.588+0000] {dag.py:4180} INFO - Setting next_dagrun for f1_polesight_pipeline to 2025-11-25 00:00:00+00:00, run_after=2025-11-26 00:00:00+00:00
[2025-11-26T18:40:02.622+0000] {processor.py:208} INFO - Processing /opt/airflow/dags/f1_pipeline_dag.py took 0.175 seconds
[2025-11-26T18:40:33.031+0000] {processor.py:186} INFO - Started process (PID=241) to work on /opt/airflow/dags/f1_pipeline_dag.py
[2025-11-26T18:40:33.034+0000] {processor.py:914} INFO - Processing file /opt/airflow/dags/f1_pipeline_dag.py for tasks to queue
[2025-11-26T18:40:33.044+0000] {logging_mixin.py:190} INFO - [2025-11-26T18:40:33.043+0000] {dagbag.py:588} INFO - Filling up the DagBag from /opt/airflow/dags/f1_pipeline_dag.py
[2025-11-26T18:40:33.119+0000] {processor.py:925} INFO - DAG(s) 'f1_polesight_pipeline' retrieved from /opt/airflow/dags/f1_pipeline_dag.py
[2025-11-26T18:40:33.189+0000] {logging_mixin.py:190} INFO - [2025-11-26T18:40:33.188+0000] {dag.py:3239} INFO - Sync 1 DAGs
[2025-11-26T18:40:33.248+0000] {logging_mixin.py:190} INFO - [2025-11-26T18:40:33.247+0000] {dag.py:4180} INFO - Setting next_dagrun for f1_polesight_pipeline to 2025-11-25 00:00:00+00:00, run_after=2025-11-26 00:00:00+00:00
[2025-11-26T18:40:33.285+0000] {processor.py:208} INFO - Processing /opt/airflow/dags/f1_pipeline_dag.py took 0.268 seconds
[2025-11-26T18:41:03.927+0000] {processor.py:186} INFO - Started process (PID=246) to work on /opt/airflow/dags/f1_pipeline_dag.py
[2025-11-26T18:41:03.930+0000] {processor.py:914} INFO - Processing file /opt/airflow/dags/f1_pipeline_dag.py for tasks to queue
[2025-11-26T18:41:03.945+0000] {logging_mixin.py:190} INFO - [2025-11-26T18:41:03.941+0000] {dagbag.py:588} INFO - Filling up the DagBag from /opt/airflow/dags/f1_pipeline_dag.py
[2025-11-26T18:41:04.048+0000] {processor.py:925} INFO - DAG(s) 'f1_polesight_pipeline' retrieved from /opt/airflow/dags/f1_pipeline_dag.py
[2025-11-26T18:41:04.119+0000] {logging_mixin.py:190} INFO - [2025-11-26T18:41:04.118+0000] {dag.py:3239} INFO - Sync 1 DAGs
[2025-11-26T18:41:04.170+0000] {logging_mixin.py:190} INFO - [2025-11-26T18:41:04.170+0000] {dag.py:4180} INFO - Setting next_dagrun for f1_polesight_pipeline to 2025-11-25 00:00:00+00:00, run_after=2025-11-26 00:00:00+00:00
[2025-11-26T18:41:04.208+0000] {processor.py:208} INFO - Processing /opt/airflow/dags/f1_pipeline_dag.py took 0.313 seconds
[2025-11-26T18:41:34.714+0000] {processor.py:186} INFO - Started process (PID=251) to work on /opt/airflow/dags/f1_pipeline_dag.py
[2025-11-26T18:41:34.716+0000] {processor.py:914} INFO - Processing file /opt/airflow/dags/f1_pipeline_dag.py for tasks to queue
[2025-11-26T18:41:34.721+0000] {logging_mixin.py:190} INFO - [2025-11-26T18:41:34.720+0000] {dagbag.py:588} INFO - Filling up the DagBag from /opt/airflow/dags/f1_pipeline_dag.py
[2025-11-26T18:41:34.764+0000] {processor.py:925} INFO - DAG(s) 'f1_polesight_pipeline' retrieved from /opt/airflow/dags/f1_pipeline_dag.py
[2025-11-26T18:41:34.812+0000] {logging_mixin.py:190} INFO - [2025-11-26T18:41:34.811+0000] {dag.py:3239} INFO - Sync 1 DAGs
[2025-11-26T18:41:34.877+0000] {logging_mixin.py:190} INFO - [2025-11-26T18:41:34.876+0000] {dag.py:4180} INFO - Setting next_dagrun for f1_polesight_pipeline to 2025-11-25 00:00:00+00:00, run_after=2025-11-26 00:00:00+00:00
[2025-11-26T18:41:34.924+0000] {processor.py:208} INFO - Processing /opt/airflow/dags/f1_pipeline_dag.py took 0.220 seconds
[2025-11-26T18:42:05.365+0000] {processor.py:186} INFO - Started process (PID=256) to work on /opt/airflow/dags/f1_pipeline_dag.py
[2025-11-26T18:42:05.367+0000] {processor.py:914} INFO - Processing file /opt/airflow/dags/f1_pipeline_dag.py for tasks to queue
[2025-11-26T18:42:05.375+0000] {logging_mixin.py:190} INFO - [2025-11-26T18:42:05.374+0000] {dagbag.py:588} INFO - Filling up the DagBag from /opt/airflow/dags/f1_pipeline_dag.py
[2025-11-26T18:42:05.430+0000] {processor.py:925} INFO - DAG(s) 'f1_polesight_pipeline' retrieved from /opt/airflow/dags/f1_pipeline_dag.py
[2025-11-26T18:42:05.492+0000] {logging_mixin.py:190} INFO - [2025-11-26T18:42:05.492+0000] {dag.py:3239} INFO - Sync 1 DAGs
[2025-11-26T18:42:05.553+0000] {logging_mixin.py:190} INFO - [2025-11-26T18:42:05.553+0000] {dag.py:4180} INFO - Setting next_dagrun for f1_polesight_pipeline to 2025-11-25 00:00:00+00:00, run_after=2025-11-26 00:00:00+00:00
[2025-11-26T18:42:05.602+0000] {processor.py:208} INFO - Processing /opt/airflow/dags/f1_pipeline_dag.py took 0.251 seconds
[2025-11-26T18:42:36.144+0000] {processor.py:186} INFO - Started process (PID=264) to work on /opt/airflow/dags/f1_pipeline_dag.py
[2025-11-26T18:42:36.146+0000] {processor.py:914} INFO - Processing file /opt/airflow/dags/f1_pipeline_dag.py for tasks to queue
[2025-11-26T18:42:36.154+0000] {logging_mixin.py:190} INFO - [2025-11-26T18:42:36.153+0000] {dagbag.py:588} INFO - Filling up the DagBag from /opt/airflow/dags/f1_pipeline_dag.py
[2025-11-26T18:42:36.212+0000] {processor.py:925} INFO - DAG(s) 'f1_polesight_pipeline' retrieved from /opt/airflow/dags/f1_pipeline_dag.py
[2025-11-26T18:42:36.277+0000] {logging_mixin.py:190} INFO - [2025-11-26T18:42:36.276+0000] {dag.py:3239} INFO - Sync 1 DAGs
[2025-11-26T18:42:36.345+0000] {logging_mixin.py:190} INFO - [2025-11-26T18:42:36.345+0000] {dag.py:4180} INFO - Setting next_dagrun for f1_polesight_pipeline to 2025-11-26 00:00:00+00:00, run_after=2025-11-27 00:00:00+00:00
[2025-11-26T18:42:36.388+0000] {processor.py:208} INFO - Processing /opt/airflow/dags/f1_pipeline_dag.py took 0.260 seconds
[2025-11-26T18:43:06.818+0000] {processor.py:186} INFO - Started process (PID=282) to work on /opt/airflow/dags/f1_pipeline_dag.py
[2025-11-26T18:43:06.819+0000] {processor.py:914} INFO - Processing file /opt/airflow/dags/f1_pipeline_dag.py for tasks to queue
[2025-11-26T18:43:06.824+0000] {logging_mixin.py:190} INFO - [2025-11-26T18:43:06.824+0000] {dagbag.py:588} INFO - Filling up the DagBag from /opt/airflow/dags/f1_pipeline_dag.py
[2025-11-26T18:43:06.870+0000] {processor.py:925} INFO - DAG(s) 'f1_polesight_pipeline' retrieved from /opt/airflow/dags/f1_pipeline_dag.py
[2025-11-26T18:43:06.917+0000] {logging_mixin.py:190} INFO - [2025-11-26T18:43:06.917+0000] {dag.py:3239} INFO - Sync 1 DAGs
[2025-11-26T18:43:06.987+0000] {logging_mixin.py:190} INFO - [2025-11-26T18:43:06.985+0000] {dag.py:4180} INFO - Setting next_dagrun for f1_polesight_pipeline to 2025-11-26 00:00:00+00:00, run_after=2025-11-27 00:00:00+00:00
[2025-11-26T18:43:07.089+0000] {processor.py:208} INFO - Processing /opt/airflow/dags/f1_pipeline_dag.py took 0.279 seconds
[2025-11-26T18:43:37.551+0000] {processor.py:186} INFO - Started process (PID=287) to work on /opt/airflow/dags/f1_pipeline_dag.py
[2025-11-26T18:43:37.553+0000] {processor.py:914} INFO - Processing file /opt/airflow/dags/f1_pipeline_dag.py for tasks to queue
[2025-11-26T18:43:37.557+0000] {logging_mixin.py:190} INFO - [2025-11-26T18:43:37.557+0000] {dagbag.py:588} INFO - Filling up the DagBag from /opt/airflow/dags/f1_pipeline_dag.py
[2025-11-26T18:43:37.597+0000] {processor.py:925} INFO - DAG(s) 'f1_polesight_pipeline' retrieved from /opt/airflow/dags/f1_pipeline_dag.py
[2025-11-26T18:43:37.633+0000] {logging_mixin.py:190} INFO - [2025-11-26T18:43:37.633+0000] {dag.py:3239} INFO - Sync 1 DAGs
[2025-11-26T18:43:37.684+0000] {logging_mixin.py:190} INFO - [2025-11-26T18:43:37.684+0000] {dag.py:4180} INFO - Setting next_dagrun for f1_polesight_pipeline to 2025-11-26 00:00:00+00:00, run_after=2025-11-27 00:00:00+00:00
[2025-11-26T18:43:37.716+0000] {processor.py:208} INFO - Processing /opt/airflow/dags/f1_pipeline_dag.py took 0.186 seconds
[2025-11-26T18:44:08.376+0000] {processor.py:186} INFO - Started process (PID=292) to work on /opt/airflow/dags/f1_pipeline_dag.py
[2025-11-26T18:44:08.378+0000] {processor.py:914} INFO - Processing file /opt/airflow/dags/f1_pipeline_dag.py for tasks to queue
[2025-11-26T18:44:08.381+0000] {logging_mixin.py:190} INFO - [2025-11-26T18:44:08.381+0000] {dagbag.py:588} INFO - Filling up the DagBag from /opt/airflow/dags/f1_pipeline_dag.py
[2025-11-26T18:44:08.422+0000] {processor.py:925} INFO - DAG(s) 'f1_polesight_pipeline' retrieved from /opt/airflow/dags/f1_pipeline_dag.py
[2025-11-26T18:44:08.481+0000] {logging_mixin.py:190} INFO - [2025-11-26T18:44:08.480+0000] {dag.py:3239} INFO - Sync 1 DAGs
[2025-11-26T18:44:08.518+0000] {logging_mixin.py:190} INFO - [2025-11-26T18:44:08.517+0000] {dag.py:4180} INFO - Setting next_dagrun for f1_polesight_pipeline to 2025-11-26 00:00:00+00:00, run_after=2025-11-27 00:00:00+00:00
[2025-11-26T18:44:08.544+0000] {processor.py:208} INFO - Processing /opt/airflow/dags/f1_pipeline_dag.py took 0.176 seconds
[2025-11-26T18:44:39.009+0000] {processor.py:186} INFO - Started process (PID=297) to work on /opt/airflow/dags/f1_pipeline_dag.py
[2025-11-26T18:44:39.010+0000] {processor.py:914} INFO - Processing file /opt/airflow/dags/f1_pipeline_dag.py for tasks to queue
[2025-11-26T18:44:39.015+0000] {logging_mixin.py:190} INFO - [2025-11-26T18:44:39.014+0000] {dagbag.py:588} INFO - Filling up the DagBag from /opt/airflow/dags/f1_pipeline_dag.py
[2025-11-26T18:44:39.057+0000] {processor.py:925} INFO - DAG(s) 'f1_polesight_pipeline' retrieved from /opt/airflow/dags/f1_pipeline_dag.py
[2025-11-26T18:44:39.122+0000] {logging_mixin.py:190} INFO - [2025-11-26T18:44:39.121+0000] {dag.py:3239} INFO - Sync 1 DAGs
[2025-11-26T18:44:39.180+0000] {logging_mixin.py:190} INFO - [2025-11-26T18:44:39.180+0000] {dag.py:4180} INFO - Setting next_dagrun for f1_polesight_pipeline to 2025-11-26 00:00:00+00:00, run_after=2025-11-27 00:00:00+00:00
[2025-11-26T18:44:39.218+0000] {processor.py:208} INFO - Processing /opt/airflow/dags/f1_pipeline_dag.py took 0.221 seconds
[2025-11-26T18:45:09.799+0000] {processor.py:186} INFO - Started process (PID=302) to work on /opt/airflow/dags/f1_pipeline_dag.py
[2025-11-26T18:45:09.801+0000] {processor.py:914} INFO - Processing file /opt/airflow/dags/f1_pipeline_dag.py for tasks to queue
[2025-11-26T18:45:09.806+0000] {logging_mixin.py:190} INFO - [2025-11-26T18:45:09.805+0000] {dagbag.py:588} INFO - Filling up the DagBag from /opt/airflow/dags/f1_pipeline_dag.py
[2025-11-26T18:45:09.868+0000] {processor.py:925} INFO - DAG(s) 'f1_polesight_pipeline' retrieved from /opt/airflow/dags/f1_pipeline_dag.py
[2025-11-26T18:45:09.909+0000] {logging_mixin.py:190} INFO - [2025-11-26T18:45:09.909+0000] {dag.py:3239} INFO - Sync 1 DAGs
[2025-11-26T18:45:09.949+0000] {logging_mixin.py:190} INFO - [2025-11-26T18:45:09.948+0000] {dag.py:4180} INFO - Setting next_dagrun for f1_polesight_pipeline to 2025-11-26 00:00:00+00:00, run_after=2025-11-27 00:00:00+00:00
[2025-11-26T18:45:09.984+0000] {processor.py:208} INFO - Processing /opt/airflow/dags/f1_pipeline_dag.py took 0.199 seconds
[2025-11-26T18:45:40.402+0000] {processor.py:186} INFO - Started process (PID=307) to work on /opt/airflow/dags/f1_pipeline_dag.py
[2025-11-26T18:45:40.404+0000] {processor.py:914} INFO - Processing file /opt/airflow/dags/f1_pipeline_dag.py for tasks to queue
[2025-11-26T18:45:40.413+0000] {logging_mixin.py:190} INFO - [2025-11-26T18:45:40.412+0000] {dagbag.py:588} INFO - Filling up the DagBag from /opt/airflow/dags/f1_pipeline_dag.py
[2025-11-26T18:45:40.468+0000] {processor.py:925} INFO - DAG(s) 'f1_polesight_pipeline' retrieved from /opt/airflow/dags/f1_pipeline_dag.py
[2025-11-26T18:45:40.537+0000] {logging_mixin.py:190} INFO - [2025-11-26T18:45:40.536+0000] {dag.py:3239} INFO - Sync 1 DAGs
[2025-11-26T18:45:40.604+0000] {logging_mixin.py:190} INFO - [2025-11-26T18:45:40.604+0000] {dag.py:4180} INFO - Setting next_dagrun for f1_polesight_pipeline to 2025-11-26 00:00:00+00:00, run_after=2025-11-27 00:00:00+00:00
[2025-11-26T18:45:40.647+0000] {processor.py:208} INFO - Processing /opt/airflow/dags/f1_pipeline_dag.py took 0.262 seconds
[2025-11-26T18:46:11.241+0000] {processor.py:186} INFO - Started process (PID=312) to work on /opt/airflow/dags/f1_pipeline_dag.py
[2025-11-26T18:46:11.243+0000] {processor.py:914} INFO - Processing file /opt/airflow/dags/f1_pipeline_dag.py for tasks to queue
[2025-11-26T18:46:11.248+0000] {logging_mixin.py:190} INFO - [2025-11-26T18:46:11.247+0000] {dagbag.py:588} INFO - Filling up the DagBag from /opt/airflow/dags/f1_pipeline_dag.py
[2025-11-26T18:46:11.286+0000] {processor.py:925} INFO - DAG(s) 'f1_polesight_pipeline' retrieved from /opt/airflow/dags/f1_pipeline_dag.py
[2025-11-26T18:46:11.330+0000] {logging_mixin.py:190} INFO - [2025-11-26T18:46:11.330+0000] {dag.py:3239} INFO - Sync 1 DAGs
[2025-11-26T18:46:11.369+0000] {logging_mixin.py:190} INFO - [2025-11-26T18:46:11.369+0000] {dag.py:4180} INFO - Setting next_dagrun for f1_polesight_pipeline to 2025-11-26 00:00:00+00:00, run_after=2025-11-27 00:00:00+00:00
[2025-11-26T18:46:11.400+0000] {processor.py:208} INFO - Processing /opt/airflow/dags/f1_pipeline_dag.py took 0.168 seconds
[2025-11-26T18:58:18.045+0000] {processor.py:186} INFO - Started process (PID=163) to work on /opt/airflow/dags/f1_pipeline_dag.py
[2025-11-26T18:58:18.046+0000] {processor.py:914} INFO - Processing file /opt/airflow/dags/f1_pipeline_dag.py for tasks to queue
[2025-11-26T18:58:18.054+0000] {logging_mixin.py:190} INFO - [2025-11-26T18:58:18.053+0000] {dagbag.py:588} INFO - Filling up the DagBag from /opt/airflow/dags/f1_pipeline_dag.py
[2025-11-26T18:58:18.199+0000] {processor.py:925} INFO - DAG(s) 'f1_polesight_pipeline' retrieved from /opt/airflow/dags/f1_pipeline_dag.py
[2025-11-26T18:58:18.593+0000] {logging_mixin.py:190} INFO - [2025-11-26T18:58:18.591+0000] {dag.py:3239} INFO - Sync 1 DAGs
[2025-11-26T18:58:18.906+0000] {logging_mixin.py:190} INFO - [2025-11-26T18:58:18.905+0000] {dag.py:4180} INFO - Setting next_dagrun for f1_polesight_pipeline to 2025-11-26 00:00:00+00:00, run_after=2025-11-27 00:00:00+00:00
[2025-11-26T18:58:19.035+0000] {processor.py:208} INFO - Processing /opt/airflow/dags/f1_pipeline_dag.py took 0.870 seconds
[2025-11-26T18:58:49.844+0000] {processor.py:186} INFO - Started process (PID=177) to work on /opt/airflow/dags/f1_pipeline_dag.py
[2025-11-26T18:58:49.847+0000] {processor.py:914} INFO - Processing file /opt/airflow/dags/f1_pipeline_dag.py for tasks to queue
[2025-11-26T18:58:49.857+0000] {logging_mixin.py:190} INFO - [2025-11-26T18:58:49.856+0000] {dagbag.py:588} INFO - Filling up the DagBag from /opt/airflow/dags/f1_pipeline_dag.py
[2025-11-26T18:58:49.933+0000] {processor.py:925} INFO - DAG(s) 'f1_polesight_pipeline' retrieved from /opt/airflow/dags/f1_pipeline_dag.py
[2025-11-26T18:58:50.032+0000] {logging_mixin.py:190} INFO - [2025-11-26T18:58:50.032+0000] {dag.py:3239} INFO - Sync 1 DAGs
[2025-11-26T18:58:50.130+0000] {logging_mixin.py:190} INFO - [2025-11-26T18:58:50.129+0000] {dag.py:4180} INFO - Setting next_dagrun for f1_polesight_pipeline to 2025-11-26 00:00:00+00:00, run_after=2025-11-27 00:00:00+00:00
[2025-11-26T18:58:50.219+0000] {processor.py:208} INFO - Processing /opt/airflow/dags/f1_pipeline_dag.py took 0.391 seconds
[2025-11-26T18:59:20.476+0000] {processor.py:186} INFO - Started process (PID=182) to work on /opt/airflow/dags/f1_pipeline_dag.py
[2025-11-26T18:59:20.479+0000] {processor.py:914} INFO - Processing file /opt/airflow/dags/f1_pipeline_dag.py for tasks to queue
[2025-11-26T18:59:20.488+0000] {logging_mixin.py:190} INFO - [2025-11-26T18:59:20.487+0000] {dagbag.py:588} INFO - Filling up the DagBag from /opt/airflow/dags/f1_pipeline_dag.py
[2025-11-26T18:59:20.563+0000] {processor.py:925} INFO - DAG(s) 'f1_polesight_pipeline' retrieved from /opt/airflow/dags/f1_pipeline_dag.py
[2025-11-26T18:59:20.632+0000] {logging_mixin.py:190} INFO - [2025-11-26T18:59:20.632+0000] {dag.py:3239} INFO - Sync 1 DAGs
[2025-11-26T18:59:20.675+0000] {logging_mixin.py:190} INFO - [2025-11-26T18:59:20.675+0000] {dag.py:4180} INFO - Setting next_dagrun for f1_polesight_pipeline to 2025-11-26 00:00:00+00:00, run_after=2025-11-27 00:00:00+00:00
[2025-11-26T18:59:20.711+0000] {processor.py:208} INFO - Processing /opt/airflow/dags/f1_pipeline_dag.py took 0.254 seconds
[2025-11-26T18:59:51.008+0000] {processor.py:186} INFO - Started process (PID=187) to work on /opt/airflow/dags/f1_pipeline_dag.py
[2025-11-26T18:59:51.010+0000] {processor.py:914} INFO - Processing file /opt/airflow/dags/f1_pipeline_dag.py for tasks to queue
[2025-11-26T18:59:51.015+0000] {logging_mixin.py:190} INFO - [2025-11-26T18:59:51.014+0000] {dagbag.py:588} INFO - Filling up the DagBag from /opt/airflow/dags/f1_pipeline_dag.py
[2025-11-26T18:59:51.056+0000] {processor.py:925} INFO - DAG(s) 'f1_polesight_pipeline' retrieved from /opt/airflow/dags/f1_pipeline_dag.py
[2025-11-26T18:59:51.097+0000] {logging_mixin.py:190} INFO - [2025-11-26T18:59:51.097+0000] {dag.py:3239} INFO - Sync 1 DAGs
[2025-11-26T18:59:51.133+0000] {logging_mixin.py:190} INFO - [2025-11-26T18:59:51.133+0000] {dag.py:4180} INFO - Setting next_dagrun for f1_polesight_pipeline to 2025-11-26 00:00:00+00:00, run_after=2025-11-27 00:00:00+00:00
[2025-11-26T18:59:51.164+0000] {processor.py:208} INFO - Processing /opt/airflow/dags/f1_pipeline_dag.py took 0.166 seconds
[2025-11-26T19:00:21.644+0000] {processor.py:186} INFO - Started process (PID=192) to work on /opt/airflow/dags/f1_pipeline_dag.py
[2025-11-26T19:00:21.650+0000] {processor.py:914} INFO - Processing file /opt/airflow/dags/f1_pipeline_dag.py for tasks to queue
[2025-11-26T19:00:21.668+0000] {logging_mixin.py:190} INFO - [2025-11-26T19:00:21.665+0000] {dagbag.py:588} INFO - Filling up the DagBag from /opt/airflow/dags/f1_pipeline_dag.py
[2025-11-26T19:00:21.803+0000] {processor.py:925} INFO - DAG(s) 'f1_polesight_pipeline' retrieved from /opt/airflow/dags/f1_pipeline_dag.py
[2025-11-26T19:00:21.883+0000] {logging_mixin.py:190} INFO - [2025-11-26T19:00:21.882+0000] {dag.py:3239} INFO - Sync 1 DAGs
[2025-11-26T19:00:21.946+0000] {logging_mixin.py:190} INFO - [2025-11-26T19:00:21.946+0000] {dag.py:4180} INFO - Setting next_dagrun for f1_polesight_pipeline to 2025-11-26 00:00:00+00:00, run_after=2025-11-27 00:00:00+00:00
[2025-11-26T19:00:21.985+0000] {processor.py:208} INFO - Processing /opt/airflow/dags/f1_pipeline_dag.py took 0.386 seconds
[2025-11-26T19:00:52.257+0000] {processor.py:186} INFO - Started process (PID=197) to work on /opt/airflow/dags/f1_pipeline_dag.py
[2025-11-26T19:00:52.259+0000] {processor.py:914} INFO - Processing file /opt/airflow/dags/f1_pipeline_dag.py for tasks to queue
[2025-11-26T19:00:52.264+0000] {logging_mixin.py:190} INFO - [2025-11-26T19:00:52.263+0000] {dagbag.py:588} INFO - Filling up the DagBag from /opt/airflow/dags/f1_pipeline_dag.py
[2025-11-26T19:00:52.315+0000] {processor.py:925} INFO - DAG(s) 'f1_polesight_pipeline' retrieved from /opt/airflow/dags/f1_pipeline_dag.py
[2025-11-26T19:00:52.363+0000] {logging_mixin.py:190} INFO - [2025-11-26T19:00:52.363+0000] {dag.py:3239} INFO - Sync 1 DAGs
[2025-11-26T19:00:52.400+0000] {logging_mixin.py:190} INFO - [2025-11-26T19:00:52.400+0000] {dag.py:4180} INFO - Setting next_dagrun for f1_polesight_pipeline to 2025-11-26 00:00:00+00:00, run_after=2025-11-27 00:00:00+00:00
[2025-11-26T19:00:52.426+0000] {processor.py:208} INFO - Processing /opt/airflow/dags/f1_pipeline_dag.py took 0.179 seconds
[2025-11-26T19:01:22.981+0000] {processor.py:186} INFO - Started process (PID=202) to work on /opt/airflow/dags/f1_pipeline_dag.py
[2025-11-26T19:01:22.982+0000] {processor.py:914} INFO - Processing file /opt/airflow/dags/f1_pipeline_dag.py for tasks to queue
[2025-11-26T19:01:22.986+0000] {logging_mixin.py:190} INFO - [2025-11-26T19:01:22.986+0000] {dagbag.py:588} INFO - Filling up the DagBag from /opt/airflow/dags/f1_pipeline_dag.py
[2025-11-26T19:01:23.022+0000] {processor.py:925} INFO - DAG(s) 'f1_polesight_pipeline' retrieved from /opt/airflow/dags/f1_pipeline_dag.py
[2025-11-26T19:01:23.065+0000] {logging_mixin.py:190} INFO - [2025-11-26T19:01:23.065+0000] {dag.py:3239} INFO - Sync 1 DAGs
[2025-11-26T19:01:23.108+0000] {logging_mixin.py:190} INFO - [2025-11-26T19:01:23.107+0000] {dag.py:4180} INFO - Setting next_dagrun for f1_polesight_pipeline to 2025-11-26 00:00:00+00:00, run_after=2025-11-27 00:00:00+00:00
[2025-11-26T19:01:23.143+0000] {processor.py:208} INFO - Processing /opt/airflow/dags/f1_pipeline_dag.py took 0.171 seconds
[2025-11-26T19:01:53.591+0000] {processor.py:186} INFO - Started process (PID=207) to work on /opt/airflow/dags/f1_pipeline_dag.py
[2025-11-26T19:01:53.593+0000] {processor.py:914} INFO - Processing file /opt/airflow/dags/f1_pipeline_dag.py for tasks to queue
[2025-11-26T19:01:53.598+0000] {logging_mixin.py:190} INFO - [2025-11-26T19:01:53.597+0000] {dagbag.py:588} INFO - Filling up the DagBag from /opt/airflow/dags/f1_pipeline_dag.py
[2025-11-26T19:01:53.641+0000] {processor.py:925} INFO - DAG(s) 'f1_polesight_pipeline' retrieved from /opt/airflow/dags/f1_pipeline_dag.py
[2025-11-26T19:01:53.684+0000] {logging_mixin.py:190} INFO - [2025-11-26T19:01:53.684+0000] {dag.py:3239} INFO - Sync 1 DAGs
[2025-11-26T19:01:53.726+0000] {logging_mixin.py:190} INFO - [2025-11-26T19:01:53.725+0000] {dag.py:4180} INFO - Setting next_dagrun for f1_polesight_pipeline to 2025-11-26 00:00:00+00:00, run_after=2025-11-27 00:00:00+00:00
[2025-11-26T19:01:53.762+0000] {processor.py:208} INFO - Processing /opt/airflow/dags/f1_pipeline_dag.py took 0.182 seconds
[2025-11-26T19:02:24.154+0000] {processor.py:186} INFO - Started process (PID=212) to work on /opt/airflow/dags/f1_pipeline_dag.py
[2025-11-26T19:02:24.156+0000] {processor.py:914} INFO - Processing file /opt/airflow/dags/f1_pipeline_dag.py for tasks to queue
[2025-11-26T19:02:24.162+0000] {logging_mixin.py:190} INFO - [2025-11-26T19:02:24.161+0000] {dagbag.py:588} INFO - Filling up the DagBag from /opt/airflow/dags/f1_pipeline_dag.py
[2025-11-26T19:02:24.282+0000] {processor.py:925} INFO - DAG(s) 'f1_polesight_pipeline' retrieved from /opt/airflow/dags/f1_pipeline_dag.py
[2025-11-26T19:02:24.352+0000] {logging_mixin.py:190} INFO - [2025-11-26T19:02:24.351+0000] {dag.py:3239} INFO - Sync 1 DAGs
[2025-11-26T19:02:24.423+0000] {logging_mixin.py:190} INFO - [2025-11-26T19:02:24.423+0000] {dag.py:4180} INFO - Setting next_dagrun for f1_polesight_pipeline to 2025-11-26 00:00:00+00:00, run_after=2025-11-27 00:00:00+00:00
[2025-11-26T19:02:24.468+0000] {processor.py:208} INFO - Processing /opt/airflow/dags/f1_pipeline_dag.py took 0.328 seconds
