2025-12-03 03:33:10,217 - INFO - STARTING LIVE INGESTION CHECK FOR 2025
2025-12-03 03:33:10,261 - INFO - Connected to MongoDB: f1_datalake.telemetry_raw
2025-12-03 03:33:10,402 - INFO - Existing rounds in DB: [1, 2, 3, 4, 5, 6, 7, 8, 9, 10, 11, 12, 13, 14, 15, 16, 17, 18, 19, 20, 21]
2025-12-03 03:33:10,403 - INFO - Fetching F1 schedule for 2025
2025-12-03 03:33:10,431 - WARNING - DEFAULT CACHE ENABLED! (50.22 MB) /home/airflow/.cache/fastf1
2025-12-03 03:33:27,391 - INFO - Found 23 completed races
2025-12-03 03:33:27,410 - INFO - Found 2 NEW races to download:
2025-12-03 03:33:27,412 - INFO -    - Round 22: Las Vegas Grand Prix
2025-12-03 03:33:27,413 - INFO -    - Round 23: Qatar Grand Prix
2025-12-03 03:33:27,415 - INFO - 
======================================================================
2025-12-03 03:33:27,416 - INFO - DOWNLOADING: Round 22 - Las Vegas Grand Prix
2025-12-03 03:33:27,417 - INFO - ======================================================================
2025-12-03 03:33:27,565 - INFO -    Loading telemetry & weather data...
2025-12-03 03:33:27,567 - INFO - Loading data for Las Vegas Grand Prix - Qualifying [v3.6.1]
2025-12-03 03:33:27,570 - INFO - Using cached data for session_info
2025-12-03 03:33:27,574 - INFO - Using cached data for driver_info
2025-12-03 03:33:31,707 - INFO - Using cached data for session_status_data
2025-12-03 03:33:31,713 - INFO - Using cached data for track_status_data
2025-12-03 03:33:31,729 - INFO - Using cached data for _extended_timing_data
2025-12-03 03:33:31,733 - INFO - Using cached data for timing_app_data
2025-12-03 03:33:31,734 - INFO - Processing timing data...
2025-12-03 03:33:36,879 - INFO - Using cached data for car_data
2025-12-03 03:33:37,345 - INFO - Using cached data for position_data
2025-12-03 03:33:42,350 - INFO - Using cached data for weather_data
2025-12-03 03:33:42,544 - INFO - Finished loading data for 20 drivers: ['4', '1', '55', '63', '81', '30', '14', '6', '16', '10', '27', '18', '31', '87', '43', '23', '12', '5', '22', '44']
2025-12-03 03:33:42,546 - INFO -    Raw laps: 375
2025-12-03 03:33:42,556 - INFO -      Dry laps: 0
2025-12-03 03:33:42,557 - INFO -     Valid laps: 0
2025-12-03 03:33:42,558 - WARNING -    No valid laps found for Las Vegas Grand Prix
2025-12-03 03:33:42,559 - INFO - 
======================================================================
2025-12-03 03:33:42,560 - INFO - DOWNLOADING: Round 23 - Qatar Grand Prix
2025-12-03 03:33:42,561 - INFO - ======================================================================
2025-12-03 03:33:42,645 - INFO -    Loading telemetry & weather data...
2025-12-03 03:33:42,647 - INFO - Loading data for Qatar Grand Prix - Qualifying [v3.6.1]
2025-12-03 03:33:42,652 - INFO - No cached data found for session_info. Loading data...
2025-12-03 03:33:42,653 - INFO - Fetching session info data...
2025-12-03 03:33:43,766 - INFO - Data has been written to cache!
2025-12-03 03:33:43,769 - INFO - No cached data found for driver_info. Loading data...
2025-12-03 03:33:43,775 - INFO - Fetching driver list...
2025-12-03 03:33:45,090 - INFO - Data has been written to cache!
2025-12-03 03:33:45,456 - INFO - No cached data found for session_status_data. Loading data...
2025-12-03 03:33:45,467 - INFO - Fetching session status data...
2025-12-03 03:33:46,402 - INFO - Data has been written to cache!
2025-12-03 03:33:46,405 - INFO - No cached data found for track_status_data. Loading data...
2025-12-03 03:33:46,405 - INFO - Fetching track status data...
2025-12-03 03:33:47,412 - INFO - Data has been written to cache!
2025-12-03 03:33:47,416 - INFO - No cached data found for _extended_timing_data. Loading data...
2025-12-03 03:33:47,419 - INFO - Fetching timing data...
2025-12-03 03:33:49,446 - INFO - Parsing timing data...
2025-12-03 03:33:50,234 - INFO - Data has been written to cache!
2025-12-03 03:33:50,234 - INFO - No cached data found for timing_app_data. Loading data...
2025-12-03 03:33:50,235 - INFO - Fetching timing app data...
2025-12-03 03:33:51,421 - INFO - Data has been written to cache!
2025-12-03 03:33:51,422 - INFO - Processing timing data...
2025-12-03 03:33:54,285 - INFO - No cached data found for car_data. Loading data...
2025-12-03 03:33:54,286 - INFO - Fetching car data...
2025-12-03 03:33:57,852 - INFO - Parsing car data...
2025-12-03 03:34:09,663 - INFO - Data has been written to cache!
2025-12-03 03:34:09,664 - INFO - No cached data found for position_data. Loading data...
2025-12-03 03:34:09,665 - INFO - Fetching position data...
2025-12-03 03:34:16,631 - INFO - Parsing position data...
2025-12-03 03:34:23,885 - INFO - Data has been written to cache!
2025-12-03 03:34:25,584 - INFO - No cached data found for weather_data. Loading data...
2025-12-03 03:34:25,585 - INFO - Fetching weather data...
2025-12-03 03:34:26,714 - INFO - Data has been written to cache!
2025-12-03 03:34:26,765 - INFO - Finished loading data for 20 drivers: ['81', '4', '1', '63', '12', '6', '55', '14', '10', '16', '27', '30', '87', '5', '23', '22', '31', '44', '18', '43']
2025-12-03 03:34:26,765 - INFO -    Raw laps: 358
2025-12-03 03:34:26,768 - INFO -      Dry laps: 358
2025-12-03 03:34:26,769 - INFO -     Valid laps: 259
2025-12-03 03:34:26,769 - INFO -    Processing 259 laps
2025-12-03 03:37:10,658 - INFO -    Extracted: 259 laps
2025-12-03 03:37:10,693 - INFO -     Inserted 259 laps to MongoDB!
2025-12-03 03:37:10,694 - INFO -  INGESTION SUMMARY
2025-12-03 03:37:10,695 - INFO -  New races processed: 2
2025-12-03 03:37:10,696 - INFO -  Total laps inserted: 259
2025-12-03 03:37:10,700 - INFO -  Live ingestion completed successfully!
