[2025-11-27T18:44:09.171+0000] {local_task_job_runner.py:123} INFO - ::group::Pre task execution logs
[2025-11-27T18:44:09.232+0000] {taskinstance.py:2612} INFO - Dependencies all met for dep_context=non-requeueable deps ti=<TaskInstance: f1_live_watcher.check_and_ingest_new_races scheduled__2025-11-17T09:00:00+00:00 [queued]>
[2025-11-27T18:44:09.273+0000] {taskinstance.py:2612} INFO - Dependencies all met for dep_context=requeueable deps ti=<TaskInstance: f1_live_watcher.check_and_ingest_new_races scheduled__2025-11-17T09:00:00+00:00 [queued]>
[2025-11-27T18:44:09.275+0000] {taskinstance.py:2865} INFO - Starting attempt 1 of 3
[2025-11-27T18:44:09.335+0000] {taskinstance.py:2888} INFO - Executing <Task(BashOperator): check_and_ingest_new_races> on 2025-11-17 09:00:00+00:00
[2025-11-27T18:44:09.364+0000] {standard_task_runner.py:104} INFO - Running: ['***', 'tasks', 'run', 'f1_live_watcher', 'check_and_ingest_new_races', 'scheduled__2025-11-17T09:00:00+00:00', '--job-id', '11', '--raw', '--subdir', 'DAGS_FOLDER/live_ingestion_dag.py', '--cfg-path', '/tmp/tmpr9ztp38x']
[2025-11-27T18:44:09.378+0000] {standard_task_runner.py:105} INFO - Job 11: Subtask check_and_ingest_new_races
[2025-11-27T18:44:09.407+0000] {logging_mixin.py:190} WARNING - /home/***/.local/lib/python3.12/site-packages/***/task/task_runner/standard_task_runner.py:70 DeprecationWarning: This process (pid=1929) is multi-threaded, use of fork() may lead to deadlocks in the child.
[2025-11-27T18:44:09.411+0000] {standard_task_runner.py:72} INFO - Started process 1937 to run task
[2025-11-27T18:44:09.631+0000] {task_command.py:467} INFO - Running <TaskInstance: f1_live_watcher.check_and_ingest_new_races scheduled__2025-11-17T09:00:00+00:00 [running]> on host a15c69fb06cd
[2025-11-27T18:44:11.710+0000] {taskinstance.py:3131} INFO - Exporting env vars: AIRFLOW_CTX_DAG_OWNER='f1_admin' AIRFLOW_CTX_DAG_ID='f1_live_watcher' AIRFLOW_CTX_TASK_ID='check_and_ingest_new_races' AIRFLOW_CTX_EXECUTION_DATE='2025-11-17T09:00:00+00:00' AIRFLOW_CTX_TRY_NUMBER='1' AIRFLOW_CTX_DAG_RUN_ID='scheduled__2025-11-17T09:00:00+00:00'
[2025-11-27T18:44:11.715+0000] {taskinstance.py:731} INFO - ::endgroup::
[2025-11-27T18:44:11.771+0000] {subprocess.py:63} INFO - Tmp dir root location: /tmp
[2025-11-27T18:44:11.776+0000] {subprocess.py:75} INFO - Running command: ['/usr/bin/bash', '-c', 'python /opt/***/jobs/ingest_live.py']
[2025-11-27T18:44:11.819+0000] {subprocess.py:86} INFO - Output:
[2025-11-27T18:44:21.118+0000] {subprocess.py:93} INFO - 2025-11-27 18:44:21,117 - INFO - STARTING LIVE INGESTION CHECK FOR 2025
[2025-11-27T18:44:21.142+0000] {subprocess.py:93} INFO - 2025-11-27 18:44:21,141 - INFO - Connected to MongoDB: f1_datalake.telemetry_raw
[2025-11-27T18:44:21.276+0000] {subprocess.py:93} INFO - 2025-11-27 18:44:21,275 - INFO - Existing rounds in DB: [1, 2, 3, 4, 5, 6, 7, 8, 9, 10, 11, 12, 13, 14, 15, 16, 17, 18, 19, 20, 21]
[2025-11-27T18:44:21.277+0000] {subprocess.py:93} INFO - 2025-11-27 18:44:21,276 - INFO - Fetching F1 schedule for 2025
[2025-11-27T18:44:21.315+0000] {subprocess.py:93} INFO - req         WARNING 	DEFAULT CACHE ENABLED! (1.26 GB) /home/***/.cache/fastf1
[2025-11-27T18:44:21.317+0000] {subprocess.py:93} INFO - 2025-11-27 18:44:21,315 - WARNING - DEFAULT CACHE ENABLED! (1.26 GB) /home/***/.cache/fastf1
[2025-11-27T18:44:21.862+0000] {subprocess.py:93} INFO - 2025-11-27 18:44:21,858 - INFO - Found 22 completed races
[2025-11-27T18:44:21.872+0000] {subprocess.py:93} INFO - 2025-11-27 18:44:21,871 - INFO - Found 1 NEW races to download:
[2025-11-27T18:44:21.873+0000] {subprocess.py:93} INFO - 2025-11-27 18:44:21,872 - INFO -    - Round 22: Las Vegas Grand Prix
[2025-11-27T18:44:21.874+0000] {subprocess.py:93} INFO - 2025-11-27 18:44:21,872 - INFO -
[2025-11-27T18:44:21.875+0000] {subprocess.py:93} INFO - ======================================================================
[2025-11-27T18:44:21.876+0000] {subprocess.py:93} INFO - 2025-11-27 18:44:21,873 - INFO - DOWNLOADING: Round 22 - Las Vegas Grand Prix
[2025-11-27T18:44:21.877+0000] {subprocess.py:93} INFO - 2025-11-27 18:44:21,874 - INFO - ======================================================================
[2025-11-27T18:44:21.944+0000] {subprocess.py:93} INFO - 2025-11-27 18:44:21,943 - INFO -    Loading telemetry & weather data...
[2025-11-27T18:44:21.946+0000] {subprocess.py:93} INFO - core           INFO 	Loading data for Las Vegas Grand Prix - Qualifying [v3.6.1]
[2025-11-27T18:44:21.947+0000] {subprocess.py:93} INFO - 2025-11-27 18:44:21,944 - INFO - Loading data for Las Vegas Grand Prix - Qualifying [v3.6.1]
[2025-11-27T18:44:21.948+0000] {subprocess.py:93} INFO - req            INFO 	Using cached data for session_info
[2025-11-27T18:44:21.949+0000] {subprocess.py:93} INFO - 2025-11-27 18:44:21,946 - INFO - Using cached data for session_info
[2025-11-27T18:44:21.951+0000] {subprocess.py:93} INFO - req            INFO 	Using cached data for driver_info
[2025-11-27T18:44:21.952+0000] {subprocess.py:93} INFO - 2025-11-27 18:44:21,947 - INFO - Using cached data for driver_info
[2025-11-27T18:44:22.038+0000] {subprocess.py:93} INFO - req            INFO 	Using cached data for session_status_data
[2025-11-27T18:44:22.039+0000] {subprocess.py:93} INFO - 2025-11-27 18:44:22,037 - INFO - Using cached data for session_status_data
[2025-11-27T18:44:22.040+0000] {subprocess.py:93} INFO - req            INFO 	Using cached data for track_status_data
[2025-11-27T18:44:22.041+0000] {subprocess.py:93} INFO - 2025-11-27 18:44:22,040 - INFO - Using cached data for track_status_data
[2025-11-27T18:44:22.046+0000] {subprocess.py:93} INFO - req            INFO 	Using cached data for _extended_timing_data
[2025-11-27T18:44:22.047+0000] {subprocess.py:93} INFO - 2025-11-27 18:44:22,046 - INFO - Using cached data for _extended_timing_data
[2025-11-27T18:44:22.049+0000] {subprocess.py:93} INFO - req            INFO 	Using cached data for timing_app_data
[2025-11-27T18:44:22.049+0000] {subprocess.py:93} INFO - 2025-11-27 18:44:22,048 - INFO - Using cached data for timing_app_data
[2025-11-27T18:44:22.050+0000] {subprocess.py:93} INFO - core           INFO 	Processing timing data...
[2025-11-27T18:44:22.051+0000] {subprocess.py:93} INFO - 2025-11-27 18:44:22,049 - INFO - Processing timing data...
[2025-11-27T18:44:25.220+0000] {subprocess.py:93} INFO - req            INFO 	Using cached data for car_data
[2025-11-27T18:44:25.221+0000] {subprocess.py:93} INFO - 2025-11-27 18:44:25,219 - INFO - Using cached data for car_data
[2025-11-27T18:44:25.534+0000] {subprocess.py:93} INFO - req            INFO 	Using cached data for position_data
[2025-11-27T18:44:25.535+0000] {subprocess.py:93} INFO - 2025-11-27 18:44:25,533 - INFO - Using cached data for position_data
[2025-11-27T18:44:30.748+0000] {subprocess.py:93} INFO - req            INFO 	Using cached data for weather_data
[2025-11-27T18:44:30.749+0000] {subprocess.py:93} INFO - 2025-11-27 18:44:30,747 - INFO - Using cached data for weather_data
[2025-11-27T18:44:30.882+0000] {subprocess.py:93} INFO - core           INFO 	Finished loading data for 20 drivers: ['4', '1', '55', '63', '81', '30', '14', '6', '16', '10', '27', '18', '31', '87', '43', '23', '12', '5', '22', '44']
[2025-11-27T18:44:30.884+0000] {subprocess.py:93} INFO - 2025-11-27 18:44:30,882 - INFO - Finished loading data for 20 drivers: ['4', '1', '55', '63', '81', '30', '14', '6', '16', '10', '27', '18', '31', '87', '43', '23', '12', '5', '22', '44']
[2025-11-27T18:44:30.885+0000] {subprocess.py:93} INFO - 2025-11-27 18:44:30,883 - INFO -    Raw laps: 375
[2025-11-27T18:44:30.891+0000] {subprocess.py:93} INFO - 2025-11-27 18:44:30,890 - INFO -      Dry laps: 0
[2025-11-27T18:44:30.892+0000] {subprocess.py:93} INFO - 2025-11-27 18:44:30,891 - INFO -     Valid laps: 0
[2025-11-27T18:44:30.892+0000] {subprocess.py:93} INFO - 2025-11-27 18:44:30,891 - WARNING -    No valid laps found for Las Vegas Grand Prix
[2025-11-27T18:44:30.893+0000] {subprocess.py:93} INFO - 2025-11-27 18:44:30,892 - INFO -  INGESTION SUMMARY
[2025-11-27T18:44:30.894+0000] {subprocess.py:93} INFO - 2025-11-27 18:44:30,892 - INFO -  New races processed: 1
[2025-11-27T18:44:30.895+0000] {subprocess.py:93} INFO - 2025-11-27 18:44:30,893 - INFO -  Total laps inserted: 0
[2025-11-27T18:44:30.898+0000] {subprocess.py:93} INFO - 2025-11-27 18:44:30,897 - INFO -  Live ingestion completed successfully!
[2025-11-27T18:44:33.309+0000] {subprocess.py:97} INFO - Command exited with return code 0
[2025-11-27T18:44:33.356+0000] {taskinstance.py:340} INFO - ::group::Post task execution logs
[2025-11-27T18:44:33.357+0000] {taskinstance.py:352} INFO - Marking task as SUCCESS. dag_id=f1_live_watcher, task_id=check_and_ingest_new_races, run_id=scheduled__2025-11-17T09:00:00+00:00, execution_date=20251117T090000, start_date=20251127T184409, end_date=20251127T184433
[2025-11-27T18:44:33.426+0000] {local_task_job_runner.py:266} INFO - Task exited with return code 0
[2025-11-27T18:44:33.472+0000] {taskinstance.py:3900} INFO - 1 downstream tasks scheduled from follow-on schedule check
[2025-11-27T18:44:33.475+0000] {local_task_job_runner.py:245} INFO - ::endgroup::
