[2025-11-30T15:40:36.621+0000] {local_task_job_runner.py:123} INFO - ::group::Pre task execution logs
[2025-11-30T15:40:36.640+0000] {taskinstance.py:2612} INFO - Dependencies all met for dep_context=non-requeueable deps ti=<TaskInstance: f1_live_watcher.check_if_new_data_exists manual__2025-11-30T15:39:07.333587+00:00 [queued]>
[2025-11-30T15:40:36.652+0000] {taskinstance.py:2612} INFO - Dependencies all met for dep_context=requeueable deps ti=<TaskInstance: f1_live_watcher.check_if_new_data_exists manual__2025-11-30T15:39:07.333587+00:00 [queued]>
[2025-11-30T15:40:36.653+0000] {taskinstance.py:2865} INFO - Starting attempt 1 of 3
[2025-11-30T15:40:36.671+0000] {taskinstance.py:2888} INFO - Executing <Task(BranchPythonOperator): check_if_new_data_exists> on 2025-11-30 15:39:07.333587+00:00
[2025-11-30T15:40:36.680+0000] {standard_task_runner.py:104} INFO - Running: ['***', 'tasks', 'run', 'f1_live_watcher', 'check_if_new_data_exists', 'manual__2025-11-30T15:39:07.333587+00:00', '--job-id', '39', '--raw', '--subdir', 'DAGS_FOLDER/live_ingestion_dag.py', '--cfg-path', '/tmp/tmp116yhkfv']
[2025-11-30T15:40:36.684+0000] {standard_task_runner.py:105} INFO - Job 39: Subtask check_if_new_data_exists
[2025-11-30T15:40:36.684+0000] {logging_mixin.py:190} WARNING - /home/***/.local/lib/python3.12/site-packages/***/task/task_runner/standard_task_runner.py:70 DeprecationWarning: This process (pid=12860) is multi-threaded, use of fork() may lead to deadlocks in the child.
[2025-11-30T15:40:36.685+0000] {standard_task_runner.py:72} INFO - Started process 12861 to run task
[2025-11-30T15:40:36.762+0000] {task_command.py:467} INFO - Running <TaskInstance: f1_live_watcher.check_if_new_data_exists manual__2025-11-30T15:39:07.333587+00:00 [running]> on host 5f0ca9dcc785
[2025-11-30T15:40:37.101+0000] {taskinstance.py:3131} INFO - Exporting env vars: AIRFLOW_CTX_DAG_OWNER='f1_admin' AIRFLOW_CTX_DAG_ID='f1_live_watcher' AIRFLOW_CTX_TASK_ID='check_if_new_data_exists' AIRFLOW_CTX_EXECUTION_DATE='2025-11-30T15:39:07.333587+00:00' AIRFLOW_CTX_TRY_NUMBER='1' AIRFLOW_CTX_DAG_RUN_ID='manual__2025-11-30T15:39:07.333587+00:00'
[2025-11-30T15:40:37.102+0000] {taskinstance.py:731} INFO - ::endgroup::
[2025-11-30T15:40:37.115+0000] {baseoperator.py:405} WARNING - BranchPythonOperator.execute cannot be called outside TaskInstance!
[2025-11-30T15:40:37.213+0000] {logging_mixin.py:190} INFO -  No new data. Count unchanged: 59987
[2025-11-30T15:40:37.214+0000] {python.py:240} INFO - Done. Returned value was: skip_etl
[2025-11-30T15:40:37.214+0000] {branch.py:38} INFO - Branch into skip_etl
[2025-11-30T15:40:37.215+0000] {skipmixin.py:230} INFO - Following branch ('skip_etl',)
[2025-11-30T15:40:37.226+0000] {skipmixin.py:278} INFO - Skipping tasks [('trigger_etl_pipeline', -1)]
[2025-11-30T15:40:37.262+0000] {taskinstance.py:340} INFO - ::group::Post task execution logs
[2025-11-30T15:40:37.262+0000] {taskinstance.py:352} INFO - Marking task as SUCCESS. dag_id=f1_live_watcher, task_id=check_if_new_data_exists, run_id=manual__2025-11-30T15:39:07.333587+00:00, execution_date=20251130T153907, start_date=20251130T154036, end_date=20251130T154037
[2025-11-30T15:40:37.303+0000] {local_task_job_runner.py:266} INFO - Task exited with return code 0
[2025-11-30T15:40:37.315+0000] {local_task_job_runner.py:245} INFO - ::endgroup::
