[2025-11-27T18:42:52.917+0000] {local_task_job_runner.py:123} INFO - ::group::Pre task execution logs
[2025-11-27T18:42:52.944+0000] {taskinstance.py:2612} INFO - Dependencies all met for dep_context=non-requeueable deps ti=<TaskInstance: f1_polesight_pipeline.run_spark_etl_job manual__2025-11-27T18:42:49.309174+00:00 [queued]>
[2025-11-27T18:42:52.960+0000] {taskinstance.py:2612} INFO - Dependencies all met for dep_context=requeueable deps ti=<TaskInstance: f1_polesight_pipeline.run_spark_etl_job manual__2025-11-27T18:42:49.309174+00:00 [queued]>
[2025-11-27T18:42:52.961+0000] {taskinstance.py:2865} INFO - Starting attempt 1 of 1
[2025-11-27T18:42:52.981+0000] {taskinstance.py:2888} INFO - Executing <Task(BashOperator): run_spark_etl_job> on 2025-11-27 18:42:49.309174+00:00
[2025-11-27T18:42:52.995+0000] {standard_task_runner.py:104} INFO - Running: ['***', 'tasks', 'run', 'f1_polesight_pipeline', 'run_spark_etl_job', 'manual__2025-11-27T18:42:49.309174+00:00', '--job-id', '9', '--raw', '--subdir', 'DAGS_FOLDER/f1_pipeline_dag.py', '--cfg-path', '/tmp/tmpmxa89co8']
[2025-11-27T18:42:53.001+0000] {standard_task_runner.py:105} INFO - Job 9: Subtask run_spark_etl_job
[2025-11-27T18:42:53.003+0000] {logging_mixin.py:190} WARNING - /home/***/.local/lib/python3.12/site-packages/***/task/task_runner/standard_task_runner.py:70 DeprecationWarning: This process (pid=1726) is multi-threaded, use of fork() may lead to deadlocks in the child.
[2025-11-27T18:42:53.004+0000] {standard_task_runner.py:72} INFO - Started process 1727 to run task
[2025-11-27T18:42:53.094+0000] {task_command.py:467} INFO - Running <TaskInstance: f1_polesight_pipeline.run_spark_etl_job manual__2025-11-27T18:42:49.309174+00:00 [running]> on host a15c69fb06cd
[2025-11-27T18:42:53.246+0000] {taskinstance.py:3131} INFO - Exporting env vars: AIRFLOW_CTX_DAG_OWNER='f1_admin' AIRFLOW_CTX_DAG_ID='f1_polesight_pipeline' AIRFLOW_CTX_TASK_ID='run_spark_etl_job' AIRFLOW_CTX_EXECUTION_DATE='2025-11-27T18:42:49.309174+00:00' AIRFLOW_CTX_TRY_NUMBER='1' AIRFLOW_CTX_DAG_RUN_ID='manual__2025-11-27T18:42:49.309174+00:00'
[2025-11-27T18:42:53.248+0000] {taskinstance.py:731} INFO - ::endgroup::
[2025-11-27T18:42:53.276+0000] {subprocess.py:63} INFO - Tmp dir root location: /tmp
[2025-11-27T18:42:53.278+0000] {subprocess.py:75} INFO - Running command: ['/usr/bin/bash', '-c', 'python /opt/***/jobs/etl_process.py']
[2025-11-27T18:42:53.293+0000] {subprocess.py:86} INFO - Output:
[2025-11-27T18:42:54.868+0000] {subprocess.py:93} INFO - /home/***/.local/lib/python3.12/site-packages/pyspark/bin/load-spark-env.sh: line 68: ps: command not found
[2025-11-27T18:43:03.311+0000] {subprocess.py:93} INFO - :: loading settings :: url = jar:file:/home/***/.local/lib/python3.12/site-packages/pyspark/jars/ivy-2.5.1.jar!/org/apache/ivy/core/settings/ivysettings.xml
[2025-11-27T18:43:03.656+0000] {subprocess.py:93} INFO - Ivy Default Cache set to: /home/***/.ivy2/cache
[2025-11-27T18:43:03.658+0000] {subprocess.py:93} INFO - The jars for the packages stored in: /home/***/.ivy2/jars
[2025-11-27T18:43:03.672+0000] {subprocess.py:93} INFO - org.mongodb.spark#mongo-spark-connector_2.12 added as a dependency
[2025-11-27T18:43:03.673+0000] {subprocess.py:93} INFO - org.postgresql#postgresql added as a dependency
[2025-11-27T18:43:03.675+0000] {subprocess.py:93} INFO - :: resolving dependencies :: org.apache.spark#spark-submit-parent-9a9bbc07-c44b-4d15-bef8-bd2a5dc6eba3;1.0
[2025-11-27T18:43:03.676+0000] {subprocess.py:93} INFO - 	confs: [default]
[2025-11-27T18:43:06.906+0000] {subprocess.py:93} INFO - 	found org.mongodb.spark#mongo-spark-connector_2.12;10.4.0 in central
[2025-11-27T18:43:08.569+0000] {subprocess.py:93} INFO - 	found org.mongodb#mongodb-driver-sync;5.1.4 in central
[2025-11-27T18:43:08.597+0000] {subprocess.py:93} INFO - 	[5.1.4] org.mongodb#mongodb-driver-sync;[5.1.1,5.1.99)
[2025-11-27T18:43:08.926+0000] {subprocess.py:93} INFO - 	found org.mongodb#bson;5.1.4 in central
[2025-11-27T18:43:11.383+0000] {subprocess.py:93} INFO - 	found org.mongodb#mongodb-driver-core;5.1.4 in central
[2025-11-27T18:43:11.807+0000] {subprocess.py:93} INFO - 	found org.mongodb#bson-record-codec;5.1.4 in central
[2025-11-27T18:43:12.355+0000] {subprocess.py:93} INFO - 	found org.postgresql#postgresql;42.6.0 in central
[2025-11-27T18:43:12.650+0000] {subprocess.py:93} INFO - 	found org.checkerframework#checker-qual;3.31.0 in central
[2025-11-27T18:43:12.915+0000] {subprocess.py:93} INFO - downloading https://repo1.maven.org/maven2/org/mongodb/spark/mongo-spark-connector_2.12/10.4.0/mongo-spark-connector_2.12-10.4.0.jar ...
[2025-11-27T18:43:13.307+0000] {subprocess.py:93} INFO - 	[SUCCESSFUL ] org.mongodb.spark#mongo-spark-connector_2.12;10.4.0!mongo-spark-connector_2.12.jar (622ms)
[2025-11-27T18:43:13.367+0000] {subprocess.py:93} INFO - downloading https://repo1.maven.org/maven2/org/postgresql/postgresql/42.6.0/postgresql-42.6.0.jar ...
[2025-11-27T18:43:15.398+0000] {subprocess.py:93} INFO - 	[SUCCESSFUL ] org.postgresql#postgresql;42.6.0!postgresql.jar (2087ms)
[2025-11-27T18:43:15.466+0000] {subprocess.py:93} INFO - downloading https://repo1.maven.org/maven2/org/mongodb/mongodb-driver-sync/5.1.4/mongodb-driver-sync-5.1.4.jar ...
[2025-11-27T18:43:15.971+0000] {subprocess.py:93} INFO - 	[SUCCESSFUL ] org.mongodb#mongodb-driver-sync;5.1.4!mongodb-driver-sync.jar (570ms)
[2025-11-27T18:43:16.060+0000] {subprocess.py:93} INFO - downloading https://repo1.maven.org/maven2/org/mongodb/bson/5.1.4/bson-5.1.4.jar ...
[2025-11-27T18:43:17.350+0000] {subprocess.py:93} INFO - 	[SUCCESSFUL ] org.mongodb#bson;5.1.4!bson.jar (1375ms)
[2025-11-27T18:43:17.482+0000] {subprocess.py:93} INFO - downloading https://repo1.maven.org/maven2/org/mongodb/mongodb-driver-core/5.1.4/mongodb-driver-core-5.1.4.jar ...
[2025-11-27T18:43:21.243+0000] {subprocess.py:93} INFO - 	[SUCCESSFUL ] org.mongodb#mongodb-driver-core;5.1.4!mongodb-driver-core.jar (3887ms)
[2025-11-27T18:43:21.307+0000] {subprocess.py:93} INFO - downloading https://repo1.maven.org/maven2/org/mongodb/bson-record-codec/5.1.4/bson-record-codec-5.1.4.jar ...
[2025-11-27T18:43:21.386+0000] {subprocess.py:93} INFO - 	[SUCCESSFUL ] org.mongodb#bson-record-codec;5.1.4!bson-record-codec.jar (141ms)
[2025-11-27T18:43:21.472+0000] {subprocess.py:93} INFO - downloading https://repo1.maven.org/maven2/org/checkerframework/checker-qual/3.31.0/checker-qual-3.31.0.jar ...
[2025-11-27T18:43:21.933+0000] {subprocess.py:93} INFO - 	[SUCCESSFUL ] org.checkerframework#checker-qual;3.31.0!checker-qual.jar (544ms)
[2025-11-27T18:43:21.934+0000] {subprocess.py:93} INFO - :: resolution report :: resolve 9007ms :: artifacts dl 9252ms
[2025-11-27T18:43:21.935+0000] {subprocess.py:93} INFO - 	:: modules in use:
[2025-11-27T18:43:21.937+0000] {subprocess.py:93} INFO - 	org.checkerframework#checker-qual;3.31.0 from central in [default]
[2025-11-27T18:43:21.938+0000] {subprocess.py:93} INFO - 	org.mongodb#bson;5.1.4 from central in [default]
[2025-11-27T18:43:21.939+0000] {subprocess.py:93} INFO - 	org.mongodb#bson-record-codec;5.1.4 from central in [default]
[2025-11-27T18:43:21.940+0000] {subprocess.py:93} INFO - 	org.mongodb#mongodb-driver-core;5.1.4 from central in [default]
[2025-11-27T18:43:21.941+0000] {subprocess.py:93} INFO - 	org.mongodb#mongodb-driver-sync;5.1.4 from central in [default]
[2025-11-27T18:43:21.943+0000] {subprocess.py:93} INFO - 	org.mongodb.spark#mongo-spark-connector_2.12;10.4.0 from central in [default]
[2025-11-27T18:43:21.944+0000] {subprocess.py:93} INFO - 	org.postgresql#postgresql;42.6.0 from central in [default]
[2025-11-27T18:43:21.945+0000] {subprocess.py:93} INFO - 	---------------------------------------------------------------------
[2025-11-27T18:43:21.946+0000] {subprocess.py:93} INFO - 	|                  |            modules            ||   artifacts   |
[2025-11-27T18:43:21.947+0000] {subprocess.py:93} INFO - 	|       conf       | number| search|dwnlded|evicted|| number|dwnlded|
[2025-11-27T18:43:21.948+0000] {subprocess.py:93} INFO - 	---------------------------------------------------------------------
[2025-11-27T18:43:21.950+0000] {subprocess.py:93} INFO - 	|      default     |   7   |   7   |   7   |   0   ||   7   |   7   |
[2025-11-27T18:43:21.952+0000] {subprocess.py:93} INFO - 	---------------------------------------------------------------------
[2025-11-27T18:43:21.953+0000] {subprocess.py:93} INFO - :: retrieving :: org.apache.spark#spark-submit-parent-9a9bbc07-c44b-4d15-bef8-bd2a5dc6eba3
[2025-11-27T18:43:21.954+0000] {subprocess.py:93} INFO - 	confs: [default]
[2025-11-27T18:43:22.036+0000] {subprocess.py:93} INFO - 	7 artifacts copied, 0 already retrieved (3797kB/89ms)
[2025-11-27T18:43:22.608+0000] {subprocess.py:93} INFO - 25/11/27 18:43:22 WARN NativeCodeLoader: Unable to load native-hadoop library for your platform... using builtin-java classes where applicable
[2025-11-27T18:43:23.009+0000] {subprocess.py:93} INFO - Setting default log level to "WARN".
[2025-11-27T18:43:23.011+0000] {subprocess.py:93} INFO - To adjust logging level use sc.setLogLevel(newLevel). For SparkR, use setLogLevel(newLevel).
[2025-11-27T18:43:41.706+0000] {subprocess.py:93} INFO - 25/11/27 18:43:41 WARN SparkStringUtils: Truncated the string representation of a plan since it was too large. This behavior can be adjusted by setting 'spark.sql.debug.maxToStringFields'.
[2025-11-27T18:44:21.031+0000] {subprocess.py:93} INFO - [Stage 0:>                                                          (0 + 1) / 1][Stage 0:===========================================================(1 + 0) / 1][Stage 2:>                                                          (0 + 2) / 2][Stage 2:=============================>                             (1 + 1) / 2]                                                                                Extracting Raw Data
[2025-11-27T18:44:21.033+0000] {subprocess.py:93} INFO - Melakukan Deep Cleaning & Feature Engineering
[2025-11-27T18:44:21.034+0000] {subprocess.py:93} INFO - Analisis mendalam tersimpan otomatis.
[2025-11-27T18:44:21.645+0000] {subprocess.py:97} INFO - Command exited with return code 0
[2025-11-27T18:44:21.713+0000] {taskinstance.py:340} INFO - ::group::Post task execution logs
[2025-11-27T18:44:21.715+0000] {taskinstance.py:352} INFO - Marking task as SUCCESS. dag_id=f1_polesight_pipeline, task_id=run_spark_etl_job, run_id=manual__2025-11-27T18:42:49.309174+00:00, execution_date=20251127T184249, start_date=20251127T184252, end_date=20251127T184421
[2025-11-27T18:44:21.815+0000] {local_task_job_runner.py:266} INFO - Task exited with return code 0
[2025-11-27T18:44:21.881+0000] {taskinstance.py:3900} INFO - 1 downstream tasks scheduled from follow-on schedule check
[2025-11-27T18:44:21.886+0000] {local_task_job_runner.py:245} INFO - ::endgroup::
