[2025-12-01T06:43:08.228+0000] {local_task_job_runner.py:123} INFO - ::group::Pre task execution logs
[2025-12-01T06:43:08.263+0000] {taskinstance.py:2612} INFO - Dependencies all met for dep_context=non-requeueable deps ti=<TaskInstance: f1_polesight_pipeline.run_spark_etl_job scheduled__2025-11-30T00:00:00+00:00 [queued]>
[2025-12-01T06:43:08.288+0000] {taskinstance.py:2612} INFO - Dependencies all met for dep_context=requeueable deps ti=<TaskInstance: f1_polesight_pipeline.run_spark_etl_job scheduled__2025-11-30T00:00:00+00:00 [queued]>
[2025-12-01T06:43:08.290+0000] {taskinstance.py:2865} INFO - Starting attempt 1 of 1
[2025-12-01T06:43:08.355+0000] {taskinstance.py:2888} INFO - Executing <Task(BashOperator): run_spark_etl_job> on 2025-11-30 00:00:00+00:00
[2025-12-01T06:43:08.381+0000] {standard_task_runner.py:104} INFO - Running: ['***', 'tasks', 'run', 'f1_polesight_pipeline', 'run_spark_etl_job', 'scheduled__2025-11-30T00:00:00+00:00', '--job-id', '50', '--raw', '--subdir', 'DAGS_FOLDER/f1_pipeline_dag.py', '--cfg-path', '/tmp/tmpjwyvgr0u']
[2025-12-01T06:43:08.391+0000] {standard_task_runner.py:105} INFO - Job 50: Subtask run_spark_etl_job
[2025-12-01T06:43:08.391+0000] {logging_mixin.py:190} WARNING - /home/***/.local/lib/python3.12/site-packages/***/task/task_runner/standard_task_runner.py:70 DeprecationWarning: This process (pid=17573) is multi-threaded, use of fork() may lead to deadlocks in the child.
[2025-12-01T06:43:08.393+0000] {standard_task_runner.py:72} INFO - Started process 17574 to run task
[2025-12-01T06:43:08.566+0000] {task_command.py:467} INFO - Running <TaskInstance: f1_polesight_pipeline.run_spark_etl_job scheduled__2025-11-30T00:00:00+00:00 [running]> on host 5f0ca9dcc785
[2025-12-01T06:43:08.778+0000] {taskinstance.py:3131} INFO - Exporting env vars: AIRFLOW_CTX_DAG_OWNER='f1_admin' AIRFLOW_CTX_DAG_ID='f1_polesight_pipeline' AIRFLOW_CTX_TASK_ID='run_spark_etl_job' AIRFLOW_CTX_EXECUTION_DATE='2025-11-30T00:00:00+00:00' AIRFLOW_CTX_TRY_NUMBER='1' AIRFLOW_CTX_DAG_RUN_ID='scheduled__2025-11-30T00:00:00+00:00'
[2025-12-01T06:43:08.783+0000] {taskinstance.py:731} INFO - ::endgroup::
[2025-12-01T06:43:08.823+0000] {subprocess.py:63} INFO - Tmp dir root location: /tmp
[2025-12-01T06:43:08.828+0000] {subprocess.py:75} INFO - Running command: ['/usr/bin/bash', '-c', 'python /opt/***/jobs/etl_process.py']
[2025-12-01T06:43:08.852+0000] {subprocess.py:86} INFO - Output:
[2025-12-01T06:43:13.760+0000] {subprocess.py:93} INFO - /home/***/.local/lib/python3.12/site-packages/pyspark/bin/load-spark-env.sh: line 68: ps: command not found
[2025-12-01T06:43:21.896+0000] {subprocess.py:93} INFO - :: loading settings :: url = jar:file:/home/***/.local/lib/python3.12/site-packages/pyspark/jars/ivy-2.5.1.jar!/org/apache/ivy/core/settings/ivysettings.xml
[2025-12-01T06:43:22.111+0000] {subprocess.py:93} INFO - Ivy Default Cache set to: /home/***/.ivy2/cache
[2025-12-01T06:43:22.120+0000] {subprocess.py:93} INFO - The jars for the packages stored in: /home/***/.ivy2/jars
[2025-12-01T06:43:22.124+0000] {subprocess.py:93} INFO - org.mongodb.spark#mongo-spark-connector_2.12 added as a dependency
[2025-12-01T06:43:22.125+0000] {subprocess.py:93} INFO - org.postgresql#postgresql added as a dependency
[2025-12-01T06:43:22.129+0000] {subprocess.py:93} INFO - :: resolving dependencies :: org.apache.spark#spark-submit-parent-8ab88355-153c-48fe-a8d4-a9b0d46d3e07;1.0
[2025-12-01T06:43:22.130+0000] {subprocess.py:93} INFO - 	confs: [default]
[2025-12-01T06:43:22.442+0000] {subprocess.py:93} INFO - 	found org.mongodb.spark#mongo-spark-connector_2.12;10.4.0 in central
[2025-12-01T06:43:25.592+0000] {subprocess.py:93} INFO - 	found org.mongodb#mongodb-driver-sync;5.1.4 in central
[2025-12-01T06:43:25.594+0000] {subprocess.py:93} INFO - 	[5.1.4] org.mongodb#mongodb-driver-sync;[5.1.1,5.1.99)
[2025-12-01T06:43:25.636+0000] {subprocess.py:93} INFO - 	found org.mongodb#bson;5.1.4 in central
[2025-12-01T06:43:25.672+0000] {subprocess.py:93} INFO - 	found org.mongodb#mongodb-driver-core;5.1.4 in central
[2025-12-01T06:43:25.715+0000] {subprocess.py:93} INFO - 	found org.mongodb#bson-record-codec;5.1.4 in central
[2025-12-01T06:43:25.747+0000] {subprocess.py:93} INFO - 	found org.postgresql#postgresql;42.6.0 in central
[2025-12-01T06:43:25.774+0000] {subprocess.py:93} INFO - 	found org.checkerframework#checker-qual;3.31.0 in central
[2025-12-01T06:43:25.821+0000] {subprocess.py:93} INFO - :: resolution report :: resolve 3671ms :: artifacts dl 22ms
[2025-12-01T06:43:25.826+0000] {subprocess.py:93} INFO - 	:: modules in use:
[2025-12-01T06:43:25.828+0000] {subprocess.py:93} INFO - 	org.checkerframework#checker-qual;3.31.0 from central in [default]
[2025-12-01T06:43:25.829+0000] {subprocess.py:93} INFO - 	org.mongodb#bson;5.1.4 from central in [default]
[2025-12-01T06:43:25.830+0000] {subprocess.py:93} INFO - 	org.mongodb#bson-record-codec;5.1.4 from central in [default]
[2025-12-01T06:43:25.832+0000] {subprocess.py:93} INFO - 	org.mongodb#mongodb-driver-core;5.1.4 from central in [default]
[2025-12-01T06:43:25.833+0000] {subprocess.py:93} INFO - 	org.mongodb#mongodb-driver-sync;5.1.4 from central in [default]
[2025-12-01T06:43:25.834+0000] {subprocess.py:93} INFO - 	org.mongodb.spark#mongo-spark-connector_2.12;10.4.0 from central in [default]
[2025-12-01T06:43:25.835+0000] {subprocess.py:93} INFO - 	org.postgresql#postgresql;42.6.0 from central in [default]
[2025-12-01T06:43:25.836+0000] {subprocess.py:93} INFO - 	---------------------------------------------------------------------
[2025-12-01T06:43:25.837+0000] {subprocess.py:93} INFO - 	|                  |            modules            ||   artifacts   |
[2025-12-01T06:43:25.838+0000] {subprocess.py:93} INFO - 	|       conf       | number| search|dwnlded|evicted|| number|dwnlded|
[2025-12-01T06:43:25.839+0000] {subprocess.py:93} INFO - 	---------------------------------------------------------------------
[2025-12-01T06:43:25.840+0000] {subprocess.py:93} INFO - 	|      default     |   7   |   1   |   0   |   0   ||   7   |   0   |
[2025-12-01T06:43:25.841+0000] {subprocess.py:93} INFO - 	---------------------------------------------------------------------
[2025-12-01T06:43:25.842+0000] {subprocess.py:93} INFO - :: retrieving :: org.apache.spark#spark-submit-parent-8ab88355-153c-48fe-a8d4-a9b0d46d3e07
[2025-12-01T06:43:25.843+0000] {subprocess.py:93} INFO - 	confs: [default]
[2025-12-01T06:43:25.850+0000] {subprocess.py:93} INFO - 	0 artifacts copied, 7 already retrieved (0kB/15ms)
[2025-12-01T06:43:26.358+0000] {subprocess.py:93} INFO - 25/12/01 06:43:26 WARN NativeCodeLoader: Unable to load native-hadoop library for your platform... using builtin-java classes where applicable
[2025-12-01T06:43:26.469+0000] {subprocess.py:93} INFO - Setting default log level to "WARN".
[2025-12-01T06:43:26.472+0000] {subprocess.py:93} INFO - To adjust logging level use sc.setLogLevel(newLevel). For SparkR, use setLogLevel(newLevel).
[2025-12-01T06:43:41.264+0000] {subprocess.py:93} INFO - 25/12/01 06:43:41 WARN SparkStringUtils: Truncated the string representation of a plan since it was too large. This behavior can be adjusted by setting 'spark.sql.debug.maxToStringFields'.
[2025-12-01T06:44:13.883+0000] {subprocess.py:93} INFO - [Stage 0:>                                                          (0 + 0) / 1][Stage 0:>                                                          (0 + 1) / 1]                                                                                Spark Session Terhubung!
[2025-12-01T06:44:13.886+0000] {subprocess.py:93} INFO - Extracting Raw Data
[2025-12-01T06:44:13.887+0000] {subprocess.py:93} INFO - Cleaning & Applying COALESCE logic
[2025-12-01T06:44:13.888+0000] {subprocess.py:93} INFO - Menyimpan Data ke PostgreSQL...
[2025-12-01T06:44:13.889+0000] {subprocess.py:93} INFO - Data sudah ditambal dengan COALESCE.
[2025-12-01T06:44:14.542+0000] {subprocess.py:97} INFO - Command exited with return code 0
[2025-12-01T06:44:14.604+0000] {taskinstance.py:340} INFO - ::group::Post task execution logs
[2025-12-01T06:44:14.607+0000] {taskinstance.py:352} INFO - Marking task as SUCCESS. dag_id=f1_polesight_pipeline, task_id=run_spark_etl_job, run_id=scheduled__2025-11-30T00:00:00+00:00, execution_date=20251130T000000, start_date=20251201T064308, end_date=20251201T064414
[2025-12-01T06:44:14.691+0000] {local_task_job_runner.py:266} INFO - Task exited with return code 0
[2025-12-01T06:44:14.746+0000] {taskinstance.py:3900} INFO - 1 downstream tasks scheduled from follow-on schedule check
[2025-12-01T06:44:14.750+0000] {local_task_job_runner.py:245} INFO - ::endgroup::
