[2025-11-27T18:44:54.830+0000] {local_task_job_runner.py:123} INFO - ::group::Pre task execution logs
[2025-11-27T18:44:54.863+0000] {taskinstance.py:2612} INFO - Dependencies all met for dep_context=non-requeueable deps ti=<TaskInstance: f1_live_watcher.check_if_new_data_exists manual__2025-11-27T18:43:55.521175+00:00 [queued]>
[2025-11-27T18:44:54.884+0000] {taskinstance.py:2612} INFO - Dependencies all met for dep_context=requeueable deps ti=<TaskInstance: f1_live_watcher.check_if_new_data_exists manual__2025-11-27T18:43:55.521175+00:00 [queued]>
[2025-11-27T18:44:54.886+0000] {taskinstance.py:2865} INFO - Starting attempt 1 of 3
[2025-11-27T18:44:54.913+0000] {taskinstance.py:2888} INFO - Executing <Task(BranchPythonOperator): check_if_new_data_exists> on 2025-11-27 18:43:55.521175+00:00
[2025-11-27T18:44:54.928+0000] {standard_task_runner.py:104} INFO - Running: ['***', 'tasks', 'run', 'f1_live_watcher', 'check_if_new_data_exists', 'manual__2025-11-27T18:43:55.521175+00:00', '--job-id', '16', '--raw', '--subdir', 'DAGS_FOLDER/live_ingestion_dag.py', '--cfg-path', '/tmp/tmpe7edh8h5']
[2025-11-27T18:44:54.936+0000] {standard_task_runner.py:105} INFO - Job 16: Subtask check_if_new_data_exists
[2025-11-27T18:44:54.936+0000] {logging_mixin.py:190} WARNING - /home/***/.local/lib/python3.12/site-packages/***/task/task_runner/standard_task_runner.py:70 DeprecationWarning: This process (pid=2030) is multi-threaded, use of fork() may lead to deadlocks in the child.
[2025-11-27T18:44:54.939+0000] {standard_task_runner.py:72} INFO - Started process 2031 to run task
[2025-11-27T18:44:55.046+0000] {task_command.py:467} INFO - Running <TaskInstance: f1_live_watcher.check_if_new_data_exists manual__2025-11-27T18:43:55.521175+00:00 [running]> on host a15c69fb06cd
[2025-11-27T18:44:55.509+0000] {taskinstance.py:3131} INFO - Exporting env vars: AIRFLOW_CTX_DAG_OWNER='f1_admin' AIRFLOW_CTX_DAG_ID='f1_live_watcher' AIRFLOW_CTX_TASK_ID='check_if_new_data_exists' AIRFLOW_CTX_EXECUTION_DATE='2025-11-27T18:43:55.521175+00:00' AIRFLOW_CTX_TRY_NUMBER='1' AIRFLOW_CTX_DAG_RUN_ID='manual__2025-11-27T18:43:55.521175+00:00'
[2025-11-27T18:44:55.511+0000] {taskinstance.py:731} INFO - ::endgroup::
[2025-11-27T18:44:55.538+0000] {baseoperator.py:405} WARNING - BranchPythonOperator.execute cannot be called outside TaskInstance!
[2025-11-27T18:44:55.685+0000] {logging_mixin.py:190} INFO -  No new data. Count unchanged: 59987
[2025-11-27T18:44:55.686+0000] {python.py:240} INFO - Done. Returned value was: skip_etl
[2025-11-27T18:44:55.687+0000] {branch.py:38} INFO - Branch into skip_etl
[2025-11-27T18:44:55.689+0000] {skipmixin.py:230} INFO - Following branch ('skip_etl',)
[2025-11-27T18:44:55.706+0000] {skipmixin.py:278} INFO - Skipping tasks [('trigger_etl_pipeline', -1)]
[2025-11-27T18:44:55.763+0000] {taskinstance.py:340} INFO - ::group::Post task execution logs
[2025-11-27T18:44:55.764+0000] {taskinstance.py:352} INFO - Marking task as SUCCESS. dag_id=f1_live_watcher, task_id=check_if_new_data_exists, run_id=manual__2025-11-27T18:43:55.521175+00:00, execution_date=20251127T184355, start_date=20251127T184454, end_date=20251127T184455
[2025-11-27T18:44:55.841+0000] {local_task_job_runner.py:266} INFO - Task exited with return code 0
[2025-11-27T18:44:55.927+0000] {taskinstance.py:3900} INFO - 0 downstream tasks scheduled from follow-on schedule check
[2025-11-27T18:44:55.934+0000] {local_task_job_runner.py:245} INFO - ::endgroup::
