[2025-12-02T08:17:47.778+0000] {local_task_job_runner.py:123} INFO - ::group::Pre task execution logs
[2025-12-02T08:17:47.816+0000] {taskinstance.py:2612} INFO - Dependencies all met for dep_context=non-requeueable deps ti=<TaskInstance: f1_polesight_pipeline.run_spark_etl_job scheduled__2025-12-01T00:00:00+00:00 [queued]>
[2025-12-02T08:17:47.837+0000] {taskinstance.py:2612} INFO - Dependencies all met for dep_context=requeueable deps ti=<TaskInstance: f1_polesight_pipeline.run_spark_etl_job scheduled__2025-12-01T00:00:00+00:00 [queued]>
[2025-12-02T08:17:47.838+0000] {taskinstance.py:2865} INFO - Starting attempt 1 of 1
[2025-12-02T08:17:47.868+0000] {taskinstance.py:2888} INFO - Executing <Task(BashOperator): run_spark_etl_job> on 2025-12-01 00:00:00+00:00
[2025-12-02T08:17:47.884+0000] {standard_task_runner.py:104} INFO - Running: ['***', 'tasks', 'run', 'f1_polesight_pipeline', 'run_spark_etl_job', 'scheduled__2025-12-01T00:00:00+00:00', '--job-id', '58', '--raw', '--subdir', 'DAGS_FOLDER/f1_pipeline_dag.py', '--cfg-path', '/tmp/tmpyqmnnc9l']
[2025-12-02T08:17:47.891+0000] {standard_task_runner.py:105} INFO - Job 58: Subtask run_spark_etl_job
[2025-12-02T08:17:47.900+0000] {logging_mixin.py:190} WARNING - /home/***/.local/lib/python3.12/site-packages/***/task/task_runner/standard_task_runner.py:70 DeprecationWarning: This process (pid=184) is multi-threaded, use of fork() may lead to deadlocks in the child.
[2025-12-02T08:17:47.902+0000] {standard_task_runner.py:72} INFO - Started process 185 to run task
[2025-12-02T08:17:48.018+0000] {task_command.py:467} INFO - Running <TaskInstance: f1_polesight_pipeline.run_spark_etl_job scheduled__2025-12-01T00:00:00+00:00 [running]> on host 5f0ca9dcc785
[2025-12-02T08:17:48.190+0000] {taskinstance.py:3131} INFO - Exporting env vars: AIRFLOW_CTX_DAG_OWNER='f1_admin' AIRFLOW_CTX_DAG_ID='f1_polesight_pipeline' AIRFLOW_CTX_TASK_ID='run_spark_etl_job' AIRFLOW_CTX_EXECUTION_DATE='2025-12-01T00:00:00+00:00' AIRFLOW_CTX_TRY_NUMBER='1' AIRFLOW_CTX_DAG_RUN_ID='scheduled__2025-12-01T00:00:00+00:00'
[2025-12-02T08:17:48.192+0000] {taskinstance.py:731} INFO - ::endgroup::
[2025-12-02T08:17:48.223+0000] {subprocess.py:63} INFO - Tmp dir root location: /tmp
[2025-12-02T08:17:48.225+0000] {subprocess.py:75} INFO - Running command: ['/usr/bin/bash', '-c', 'python /opt/***/jobs/etl_process.py']
[2025-12-02T08:17:48.241+0000] {subprocess.py:86} INFO - Output:
[2025-12-02T08:17:50.014+0000] {subprocess.py:93} INFO - /home/***/.local/lib/python3.12/site-packages/pyspark/bin/load-spark-env.sh: line 68: ps: command not found
[2025-12-02T08:17:56.944+0000] {subprocess.py:93} INFO - :: loading settings :: url = jar:file:/home/***/.local/lib/python3.12/site-packages/pyspark/jars/ivy-2.5.1.jar!/org/apache/ivy/core/settings/ivysettings.xml
[2025-12-02T08:17:57.588+0000] {subprocess.py:93} INFO - Ivy Default Cache set to: /home/***/.ivy2/cache
[2025-12-02T08:17:57.589+0000] {subprocess.py:93} INFO - The jars for the packages stored in: /home/***/.ivy2/jars
[2025-12-02T08:17:57.609+0000] {subprocess.py:93} INFO - org.mongodb.spark#mongo-spark-connector_2.12 added as a dependency
[2025-12-02T08:17:57.611+0000] {subprocess.py:93} INFO - org.postgresql#postgresql added as a dependency
[2025-12-02T08:17:57.613+0000] {subprocess.py:93} INFO - :: resolving dependencies :: org.apache.spark#spark-submit-parent-60aed863-6e0a-4dfd-8fbb-017a8785e779;1.0
[2025-12-02T08:17:57.614+0000] {subprocess.py:93} INFO - 	confs: [default]
[2025-12-02T08:17:58.507+0000] {subprocess.py:93} INFO - 	found org.mongodb.spark#mongo-spark-connector_2.12;10.4.0 in central
[2025-12-02T08:18:01.985+0000] {subprocess.py:93} INFO - 	found org.mongodb#mongodb-driver-sync;5.1.4 in central
[2025-12-02T08:18:01.988+0000] {subprocess.py:93} INFO - 	[5.1.4] org.mongodb#mongodb-driver-sync;[5.1.1,5.1.99)
[2025-12-02T08:18:02.080+0000] {subprocess.py:93} INFO - 	found org.mongodb#bson;5.1.4 in central
[2025-12-02T08:18:02.212+0000] {subprocess.py:93} INFO - 	found org.mongodb#mongodb-driver-core;5.1.4 in central
[2025-12-02T08:18:02.295+0000] {subprocess.py:93} INFO - 	found org.mongodb#bson-record-codec;5.1.4 in central
[2025-12-02T08:18:02.358+0000] {subprocess.py:93} INFO - 	found org.postgresql#postgresql;42.6.0 in central
[2025-12-02T08:18:02.433+0000] {subprocess.py:93} INFO - 	found org.checkerframework#checker-qual;3.31.0 in central
[2025-12-02T08:18:02.628+0000] {subprocess.py:93} INFO - :: resolution report :: resolve 4901ms :: artifacts dl 111ms
[2025-12-02T08:18:02.630+0000] {subprocess.py:93} INFO - 	:: modules in use:
[2025-12-02T08:18:02.632+0000] {subprocess.py:93} INFO - 	org.checkerframework#checker-qual;3.31.0 from central in [default]
[2025-12-02T08:18:02.642+0000] {subprocess.py:93} INFO - 	org.mongodb#bson;5.1.4 from central in [default]
[2025-12-02T08:18:02.651+0000] {subprocess.py:93} INFO - 	org.mongodb#bson-record-codec;5.1.4 from central in [default]
[2025-12-02T08:18:02.653+0000] {subprocess.py:93} INFO - 	org.mongodb#mongodb-driver-core;5.1.4 from central in [default]
[2025-12-02T08:18:02.654+0000] {subprocess.py:93} INFO - 	org.mongodb#mongodb-driver-sync;5.1.4 from central in [default]
[2025-12-02T08:18:02.657+0000] {subprocess.py:93} INFO - 	org.mongodb.spark#mongo-spark-connector_2.12;10.4.0 from central in [default]
[2025-12-02T08:18:02.664+0000] {subprocess.py:93} INFO - 	org.postgresql#postgresql;42.6.0 from central in [default]
[2025-12-02T08:18:02.674+0000] {subprocess.py:93} INFO - 	---------------------------------------------------------------------
[2025-12-02T08:18:02.676+0000] {subprocess.py:93} INFO - 	|                  |            modules            ||   artifacts   |
[2025-12-02T08:18:02.679+0000] {subprocess.py:93} INFO - 	|       conf       | number| search|dwnlded|evicted|| number|dwnlded|
[2025-12-02T08:18:02.680+0000] {subprocess.py:93} INFO - 	---------------------------------------------------------------------
[2025-12-02T08:18:02.682+0000] {subprocess.py:93} INFO - 	|      default     |   7   |   1   |   0   |   0   ||   7   |   0   |
[2025-12-02T08:18:02.685+0000] {subprocess.py:93} INFO - 	---------------------------------------------------------------------
[2025-12-02T08:18:02.687+0000] {subprocess.py:93} INFO - :: retrieving :: org.apache.spark#spark-submit-parent-60aed863-6e0a-4dfd-8fbb-017a8785e779
[2025-12-02T08:18:02.689+0000] {subprocess.py:93} INFO - 	confs: [default]
[2025-12-02T08:18:02.706+0000] {subprocess.py:93} INFO - 	0 artifacts copied, 7 already retrieved (0kB/34ms)
[2025-12-02T08:18:03.741+0000] {subprocess.py:93} INFO - 25/12/02 08:18:03 WARN NativeCodeLoader: Unable to load native-hadoop library for your platform... using builtin-java classes where applicable
[2025-12-02T08:18:04.899+0000] {subprocess.py:93} INFO - Setting default log level to "WARN".
[2025-12-02T08:18:04.902+0000] {subprocess.py:93} INFO - To adjust logging level use sc.setLogLevel(newLevel). For SparkR, use setLogLevel(newLevel).
[2025-12-02T08:18:21.075+0000] {subprocess.py:93} INFO - 25/12/02 08:18:21 WARN SparkStringUtils: Truncated the string representation of a plan since it was too large. This behavior can be adjusted by setting 'spark.sql.debug.maxToStringFields'.
[2025-12-02T08:18:43.032+0000] {subprocess.py:93} INFO - [Stage 0:>                                                          (0 + 1) / 1]                                                                                Spark Session Terhubung!
[2025-12-02T08:18:43.034+0000] {subprocess.py:93} INFO - Extracting Raw Data
[2025-12-02T08:18:43.036+0000] {subprocess.py:93} INFO - Cleaning & Applying COALESCE logic
[2025-12-02T08:18:43.037+0000] {subprocess.py:93} INFO - Menyimpan Data ke PostgreSQL...
[2025-12-02T08:18:43.040+0000] {subprocess.py:93} INFO - Data sudah ditambal dengan COALESCE.
[2025-12-02T08:18:43.576+0000] {subprocess.py:97} INFO - Command exited with return code 0
[2025-12-02T08:18:43.626+0000] {taskinstance.py:340} INFO - ::group::Post task execution logs
[2025-12-02T08:18:43.627+0000] {taskinstance.py:352} INFO - Marking task as SUCCESS. dag_id=f1_polesight_pipeline, task_id=run_spark_etl_job, run_id=scheduled__2025-12-01T00:00:00+00:00, execution_date=20251201T000000, start_date=20251202T081747, end_date=20251202T081843
[2025-12-02T08:18:43.689+0000] {local_task_job_runner.py:266} INFO - Task exited with return code 0
[2025-12-02T08:18:43.730+0000] {taskinstance.py:3900} INFO - 1 downstream tasks scheduled from follow-on schedule check
[2025-12-02T08:18:43.734+0000] {local_task_job_runner.py:245} INFO - ::endgroup::
