[2025-11-30T17:39:00.284+0000] {local_task_job_runner.py:123} INFO - ::group::Pre task execution logs
[2025-11-30T17:39:00.314+0000] {taskinstance.py:2612} INFO - Dependencies all met for dep_context=non-requeueable deps ti=<TaskInstance: f1_polesight_pipeline.run_spark_etl_job manual__2025-11-30T17:38:57.026276+00:00 [queued]>
[2025-11-30T17:39:00.332+0000] {taskinstance.py:2612} INFO - Dependencies all met for dep_context=requeueable deps ti=<TaskInstance: f1_polesight_pipeline.run_spark_etl_job manual__2025-11-30T17:38:57.026276+00:00 [queued]>
[2025-11-30T17:39:00.333+0000] {taskinstance.py:2865} INFO - Starting attempt 1 of 1
[2025-11-30T17:39:00.359+0000] {taskinstance.py:2888} INFO - Executing <Task(BashOperator): run_spark_etl_job> on 2025-11-30 17:38:57.026276+00:00
[2025-11-30T17:39:00.371+0000] {standard_task_runner.py:104} INFO - Running: ['***', 'tasks', 'run', 'f1_polesight_pipeline', 'run_spark_etl_job', 'manual__2025-11-30T17:38:57.026276+00:00', '--job-id', '41', '--raw', '--subdir', 'DAGS_FOLDER/f1_pipeline_dag.py', '--cfg-path', '/tmp/tmp0y5tsc9q']
[2025-11-30T17:39:00.376+0000] {standard_task_runner.py:105} INFO - Job 41: Subtask run_spark_etl_job
[2025-11-30T17:39:00.381+0000] {logging_mixin.py:190} WARNING - /home/***/.local/lib/python3.12/site-packages/***/task/task_runner/standard_task_runner.py:70 DeprecationWarning: This process (pid=15150) is multi-threaded, use of fork() may lead to deadlocks in the child.
[2025-11-30T17:39:00.383+0000] {standard_task_runner.py:72} INFO - Started process 15151 to run task
[2025-11-30T17:39:00.565+0000] {task_command.py:467} INFO - Running <TaskInstance: f1_polesight_pipeline.run_spark_etl_job manual__2025-11-30T17:38:57.026276+00:00 [running]> on host 5f0ca9dcc785
[2025-11-30T17:39:00.739+0000] {taskinstance.py:3131} INFO - Exporting env vars: AIRFLOW_CTX_DAG_OWNER='f1_admin' AIRFLOW_CTX_DAG_ID='f1_polesight_pipeline' AIRFLOW_CTX_TASK_ID='run_spark_etl_job' AIRFLOW_CTX_EXECUTION_DATE='2025-11-30T17:38:57.026276+00:00' AIRFLOW_CTX_TRY_NUMBER='1' AIRFLOW_CTX_DAG_RUN_ID='manual__2025-11-30T17:38:57.026276+00:00'
[2025-11-30T17:39:00.741+0000] {taskinstance.py:731} INFO - ::endgroup::
[2025-11-30T17:39:00.776+0000] {subprocess.py:63} INFO - Tmp dir root location: /tmp
[2025-11-30T17:39:00.778+0000] {subprocess.py:75} INFO - Running command: ['/usr/bin/bash', '-c', 'python /opt/***/jobs/etl_process.py']
[2025-11-30T17:39:00.796+0000] {subprocess.py:86} INFO - Output:
[2025-11-30T17:39:02.219+0000] {subprocess.py:93} INFO - /home/***/.local/lib/python3.12/site-packages/pyspark/bin/load-spark-env.sh: line 68: ps: command not found
[2025-11-30T17:39:06.164+0000] {subprocess.py:93} INFO - :: loading settings :: url = jar:file:/home/***/.local/lib/python3.12/site-packages/pyspark/jars/ivy-2.5.1.jar!/org/apache/ivy/core/settings/ivysettings.xml
[2025-11-30T17:39:06.330+0000] {subprocess.py:93} INFO - Ivy Default Cache set to: /home/***/.ivy2/cache
[2025-11-30T17:39:06.331+0000] {subprocess.py:93} INFO - The jars for the packages stored in: /home/***/.ivy2/jars
[2025-11-30T17:39:06.350+0000] {subprocess.py:93} INFO - org.mongodb.spark#mongo-spark-connector_2.12 added as a dependency
[2025-11-30T17:39:06.351+0000] {subprocess.py:93} INFO - org.postgresql#postgresql added as a dependency
[2025-11-30T17:39:06.352+0000] {subprocess.py:93} INFO - :: resolving dependencies :: org.apache.spark#spark-submit-parent-4cc83fa0-3811-4623-8873-16a2d9c5bc63;1.0
[2025-11-30T17:39:06.353+0000] {subprocess.py:93} INFO - 	confs: [default]
[2025-11-30T17:39:06.701+0000] {subprocess.py:93} INFO - 	found org.mongodb.spark#mongo-spark-connector_2.12;10.4.0 in central
[2025-11-30T17:39:09.686+0000] {subprocess.py:93} INFO - 	found org.mongodb#mongodb-driver-sync;5.1.4 in central
[2025-11-30T17:39:09.691+0000] {subprocess.py:93} INFO - 	[5.1.4] org.mongodb#mongodb-driver-sync;[5.1.1,5.1.99)
[2025-11-30T17:39:09.748+0000] {subprocess.py:93} INFO - 	found org.mongodb#bson;5.1.4 in central
[2025-11-30T17:39:09.830+0000] {subprocess.py:93} INFO - 	found org.mongodb#mongodb-driver-core;5.1.4 in central
[2025-11-30T17:39:09.904+0000] {subprocess.py:93} INFO - 	found org.mongodb#bson-record-codec;5.1.4 in central
[2025-11-30T17:39:09.969+0000] {subprocess.py:93} INFO - 	found org.postgresql#postgresql;42.6.0 in central
[2025-11-30T17:39:10.014+0000] {subprocess.py:93} INFO - 	found org.checkerframework#checker-qual;3.31.0 in central
[2025-11-30T17:39:10.101+0000] {subprocess.py:93} INFO - :: resolution report :: resolve 3703ms :: artifacts dl 48ms
[2025-11-30T17:39:10.104+0000] {subprocess.py:93} INFO - 	:: modules in use:
[2025-11-30T17:39:10.112+0000] {subprocess.py:93} INFO - 	org.checkerframework#checker-qual;3.31.0 from central in [default]
[2025-11-30T17:39:10.115+0000] {subprocess.py:93} INFO - 	org.mongodb#bson;5.1.4 from central in [default]
[2025-11-30T17:39:10.117+0000] {subprocess.py:93} INFO - 	org.mongodb#bson-record-codec;5.1.4 from central in [default]
[2025-11-30T17:39:10.118+0000] {subprocess.py:93} INFO - 	org.mongodb#mongodb-driver-core;5.1.4 from central in [default]
[2025-11-30T17:39:10.123+0000] {subprocess.py:93} INFO - 	org.mongodb#mongodb-driver-sync;5.1.4 from central in [default]
[2025-11-30T17:39:10.124+0000] {subprocess.py:93} INFO - 	org.mongodb.spark#mongo-spark-connector_2.12;10.4.0 from central in [default]
[2025-11-30T17:39:10.127+0000] {subprocess.py:93} INFO - 	org.postgresql#postgresql;42.6.0 from central in [default]
[2025-11-30T17:39:10.142+0000] {subprocess.py:93} INFO - 	---------------------------------------------------------------------
[2025-11-30T17:39:10.143+0000] {subprocess.py:93} INFO - 	|                  |            modules            ||   artifacts   |
[2025-11-30T17:39:10.153+0000] {subprocess.py:93} INFO - 	|       conf       | number| search|dwnlded|evicted|| number|dwnlded|
[2025-11-30T17:39:10.157+0000] {subprocess.py:93} INFO - 	---------------------------------------------------------------------
[2025-11-30T17:39:10.171+0000] {subprocess.py:93} INFO - 	|      default     |   7   |   1   |   0   |   0   ||   7   |   0   |
[2025-11-30T17:39:10.173+0000] {subprocess.py:93} INFO - 	---------------------------------------------------------------------
[2025-11-30T17:39:10.180+0000] {subprocess.py:93} INFO - :: retrieving :: org.apache.spark#spark-submit-parent-4cc83fa0-3811-4623-8873-16a2d9c5bc63
[2025-11-30T17:39:10.195+0000] {subprocess.py:93} INFO - 	confs: [default]
[2025-11-30T17:39:10.204+0000] {subprocess.py:93} INFO - 	0 artifacts copied, 7 already retrieved (0kB/39ms)
[2025-11-30T17:39:10.935+0000] {subprocess.py:93} INFO - 25/11/30 17:39:10 WARN NativeCodeLoader: Unable to load native-hadoop library for your platform... using builtin-java classes where applicable
[2025-11-30T17:39:11.478+0000] {subprocess.py:93} INFO - Setting default log level to "WARN".
[2025-11-30T17:39:11.479+0000] {subprocess.py:93} INFO - To adjust logging level use sc.setLogLevel(newLevel). For SparkR, use setLogLevel(newLevel).
[2025-11-30T17:39:36.598+0000] {subprocess.py:93} INFO - 25/11/30 17:39:36 WARN SparkStringUtils: Truncated the string representation of a plan since it was too large. This behavior can be adjusted by setting 'spark.sql.debug.maxToStringFields'.
[2025-11-30T17:40:05.221+0000] {subprocess.py:93} INFO - [Stage 0:>                                                          (0 + 0) / 1][Stage 0:>                                                          (0 + 1) / 1]                                                                                Spark Session Terhubung!
[2025-11-30T17:40:05.223+0000] {subprocess.py:93} INFO - Extracting Raw Data
[2025-11-30T17:40:05.224+0000] {subprocess.py:93} INFO - Cleaning & Applying COALESCE logic
[2025-11-30T17:40:05.225+0000] {subprocess.py:93} INFO - Menyimpan Data ke PostgreSQL...
[2025-11-30T17:40:05.226+0000] {subprocess.py:93} INFO - Data sudah ditambal dengan COALESCE.
[2025-11-30T17:40:05.802+0000] {subprocess.py:97} INFO - Command exited with return code 0
[2025-11-30T17:40:05.883+0000] {taskinstance.py:340} INFO - ::group::Post task execution logs
[2025-11-30T17:40:05.885+0000] {taskinstance.py:352} INFO - Marking task as SUCCESS. dag_id=f1_polesight_pipeline, task_id=run_spark_etl_job, run_id=manual__2025-11-30T17:38:57.026276+00:00, execution_date=20251130T173857, start_date=20251130T173900, end_date=20251130T174005
[2025-11-30T17:40:05.976+0000] {local_task_job_runner.py:266} INFO - Task exited with return code 0
[2025-11-30T17:40:06.034+0000] {taskinstance.py:3900} INFO - 1 downstream tasks scheduled from follow-on schedule check
[2025-11-30T17:40:06.037+0000] {local_task_job_runner.py:245} INFO - ::endgroup::
