[2025-11-27T18:42:51.660+0000] {local_task_job_runner.py:123} INFO - ::group::Pre task execution logs
[2025-11-27T18:42:51.719+0000] {taskinstance.py:2612} INFO - Dependencies all met for dep_context=non-requeueable deps ti=<TaskInstance: f1_polesight_pipeline.start_pipeline manual__2025-11-27T18:42:49.309174+00:00 [queued]>
[2025-11-27T18:42:51.747+0000] {taskinstance.py:2612} INFO - Dependencies all met for dep_context=requeueable deps ti=<TaskInstance: f1_polesight_pipeline.start_pipeline manual__2025-11-27T18:42:49.309174+00:00 [queued]>
[2025-11-27T18:42:51.749+0000] {taskinstance.py:2865} INFO - Starting attempt 1 of 1
[2025-11-27T18:42:51.784+0000] {taskinstance.py:2888} INFO - Executing <Task(BashOperator): start_pipeline> on 2025-11-27 18:42:49.309174+00:00
[2025-11-27T18:42:51.796+0000] {standard_task_runner.py:104} INFO - Running: ['***', 'tasks', 'run', 'f1_polesight_pipeline', 'start_pipeline', 'manual__2025-11-27T18:42:49.309174+00:00', '--job-id', '8', '--raw', '--subdir', 'DAGS_FOLDER/f1_pipeline_dag.py', '--cfg-path', '/tmp/tmpwv5fkrn8']
[2025-11-27T18:42:51.801+0000] {standard_task_runner.py:105} INFO - Job 8: Subtask start_pipeline
[2025-11-27T18:42:51.805+0000] {logging_mixin.py:190} WARNING - /home/***/.local/lib/python3.12/site-packages/***/task/task_runner/standard_task_runner.py:70 DeprecationWarning: This process (pid=1722) is multi-threaded, use of fork() may lead to deadlocks in the child.
[2025-11-27T18:42:51.807+0000] {standard_task_runner.py:72} INFO - Started process 1723 to run task
[2025-11-27T18:42:51.900+0000] {task_command.py:467} INFO - Running <TaskInstance: f1_polesight_pipeline.start_pipeline manual__2025-11-27T18:42:49.309174+00:00 [running]> on host a15c69fb06cd
[2025-11-27T18:42:52.126+0000] {taskinstance.py:3131} INFO - Exporting env vars: AIRFLOW_CTX_DAG_OWNER='f1_admin' AIRFLOW_CTX_DAG_ID='f1_polesight_pipeline' AIRFLOW_CTX_TASK_ID='start_pipeline' AIRFLOW_CTX_EXECUTION_DATE='2025-11-27T18:42:49.309174+00:00' AIRFLOW_CTX_TRY_NUMBER='1' AIRFLOW_CTX_DAG_RUN_ID='manual__2025-11-27T18:42:49.309174+00:00'
[2025-11-27T18:42:52.128+0000] {taskinstance.py:731} INFO - ::endgroup::
[2025-11-27T18:42:52.247+0000] {subprocess.py:63} INFO - Tmp dir root location: /tmp
[2025-11-27T18:42:52.251+0000] {subprocess.py:75} INFO - Running command: ['/usr/bin/bash', '-c', 'echo "Memulai Pipeline F1 PoleSight."']
[2025-11-27T18:42:52.270+0000] {subprocess.py:86} INFO - Output:
[2025-11-27T18:42:52.290+0000] {subprocess.py:93} INFO - Memulai Pipeline F1 PoleSight.
[2025-11-27T18:42:52.291+0000] {subprocess.py:97} INFO - Command exited with return code 0
[2025-11-27T18:42:52.332+0000] {taskinstance.py:340} INFO - ::group::Post task execution logs
[2025-11-27T18:42:52.333+0000] {taskinstance.py:352} INFO - Marking task as SUCCESS. dag_id=f1_polesight_pipeline, task_id=start_pipeline, run_id=manual__2025-11-27T18:42:49.309174+00:00, execution_date=20251127T184249, start_date=20251127T184251, end_date=20251127T184252
[2025-11-27T18:42:52.392+0000] {local_task_job_runner.py:266} INFO - Task exited with return code 0
[2025-11-27T18:42:52.440+0000] {taskinstance.py:3900} INFO - 1 downstream tasks scheduled from follow-on schedule check
[2025-11-27T18:42:52.443+0000] {local_task_job_runner.py:245} INFO - ::endgroup::
