[2025-12-03T03:37:12.813+0000] {local_task_job_runner.py:123} INFO - ::group::Pre task execution logs
[2025-12-03T03:37:12.841+0000] {taskinstance.py:2612} INFO - Dependencies all met for dep_context=non-requeueable deps ti=<TaskInstance: f1_live_watcher.check_if_new_data_exists manual__2025-12-03T03:32:46.403868+00:00 [queued]>
[2025-12-03T03:37:12.857+0000] {taskinstance.py:2612} INFO - Dependencies all met for dep_context=requeueable deps ti=<TaskInstance: f1_live_watcher.check_if_new_data_exists manual__2025-12-03T03:32:46.403868+00:00 [queued]>
[2025-12-03T03:37:12.859+0000] {taskinstance.py:2865} INFO - Starting attempt 1 of 3
[2025-12-03T03:37:12.883+0000] {taskinstance.py:2888} INFO - Executing <Task(BranchPythonOperator): check_if_new_data_exists> on 2025-12-03 03:32:46.403868+00:00
[2025-12-03T03:37:12.897+0000] {standard_task_runner.py:104} INFO - Running: ['***', 'tasks', 'run', 'f1_live_watcher', 'check_if_new_data_exists', 'manual__2025-12-03T03:32:46.403868+00:00', '--job-id', '68', '--raw', '--subdir', 'DAGS_FOLDER/live_ingestion_dag.py', '--cfg-path', '/tmp/tmplga3fc9h']
[2025-12-03T03:37:12.902+0000] {standard_task_runner.py:105} INFO - Job 68: Subtask check_if_new_data_exists
[2025-12-03T03:37:12.903+0000] {logging_mixin.py:190} WARNING - /home/***/.local/lib/python3.12/site-packages/***/task/task_runner/standard_task_runner.py:70 DeprecationWarning: This process (pid=10173) is multi-threaded, use of fork() may lead to deadlocks in the child.
[2025-12-03T03:37:12.905+0000] {standard_task_runner.py:72} INFO - Started process 10174 to run task
[2025-12-03T03:37:13.000+0000] {task_command.py:467} INFO - Running <TaskInstance: f1_live_watcher.check_if_new_data_exists manual__2025-12-03T03:32:46.403868+00:00 [running]> on host 5f0ca9dcc785
[2025-12-03T03:37:13.364+0000] {taskinstance.py:3131} INFO - Exporting env vars: AIRFLOW_CTX_DAG_OWNER='f1_admin' AIRFLOW_CTX_DAG_ID='f1_live_watcher' AIRFLOW_CTX_TASK_ID='check_if_new_data_exists' AIRFLOW_CTX_EXECUTION_DATE='2025-12-03T03:32:46.403868+00:00' AIRFLOW_CTX_TRY_NUMBER='1' AIRFLOW_CTX_DAG_RUN_ID='manual__2025-12-03T03:32:46.403868+00:00'
[2025-12-03T03:37:13.365+0000] {taskinstance.py:731} INFO - ::endgroup::
[2025-12-03T03:37:13.385+0000] {baseoperator.py:405} WARNING - BranchPythonOperator.execute cannot be called outside TaskInstance!
[2025-12-03T03:37:13.514+0000] {logging_mixin.py:190} INFO -  New data detected! Before: 59987, After: 60246
[2025-12-03T03:37:13.516+0000] {python.py:240} INFO - Done. Returned value was: trigger_etl_pipeline
[2025-12-03T03:37:13.517+0000] {branch.py:38} INFO - Branch into trigger_etl_pipeline
[2025-12-03T03:37:13.518+0000] {skipmixin.py:230} INFO - Following branch ('trigger_etl_pipeline',)
[2025-12-03T03:37:13.531+0000] {skipmixin.py:278} INFO - Skipping tasks [('skip_etl', -1)]
[2025-12-03T03:37:13.578+0000] {taskinstance.py:340} INFO - ::group::Post task execution logs
[2025-12-03T03:37:13.579+0000] {taskinstance.py:352} INFO - Marking task as SUCCESS. dag_id=f1_live_watcher, task_id=check_if_new_data_exists, run_id=manual__2025-12-03T03:32:46.403868+00:00, execution_date=20251203T033246, start_date=20251203T033712, end_date=20251203T033713
[2025-12-03T03:37:13.646+0000] {local_task_job_runner.py:266} INFO - Task exited with return code 0
[2025-12-03T03:37:13.895+0000] {taskinstance.py:3900} INFO - 1 downstream tasks scheduled from follow-on schedule check
[2025-12-03T03:37:13.899+0000] {local_task_job_runner.py:245} INFO - ::endgroup::
